2022-05-10 08:27:39,727 INFO org.springframework.boot.StartupInfoLogger [restartedMain] []: Starting QuizServiceApplication using Java 11.0.11 on LAPTOP-BP05I3UL with PID 17404 (C:\Users\hieu0\OneDrive\Máy tính\quiz-service\quiz-service\target\classes started by hieu0 in C:\Users\hieu0\OneDrive\Máy tính\quiz-service\quiz-service)
2022-05-10 08:27:39,723 INFO org.hibernate.validator.internal.util.Version [background-preinit] []: HV000001: Hibernate Validator 6.2.0.Final
2022-05-10 08:27:39,730 INFO org.springframework.boot.SpringApplication [restartedMain] []: No active profile set, falling back to default profiles: default
2022-05-10 08:27:39,789 INFO org.springframework.boot.logging.DeferredLog [restartedMain] []: Devtools property defaults active! Set 'spring.devtools.add-properties' to 'false' to disable
2022-05-10 08:27:39,790 INFO org.springframework.boot.logging.DeferredLog [restartedMain] []: For additional web related logging consider setting the 'logging.level.web' property to 'DEBUG'
2022-05-10 08:27:40,908 INFO org.springframework.data.repository.config.RepositoryConfigurationDelegate [restartedMain] []: Bootstrapping Spring Data JPA repositories in DEFAULT mode.
2022-05-10 08:27:40,989 INFO org.springframework.data.repository.config.RepositoryConfigurationDelegate [restartedMain] []: Finished Spring Data repository scanning in 70 ms. Found 7 JPA repository interfaces.
2022-05-10 08:27:41,913 INFO org.springframework.boot.web.embedded.tomcat.TomcatWebServer [restartedMain] []: Tomcat initialized with port(s): 8080 (http)
2022-05-10 08:27:41,932 INFO org.apache.juli.logging.DirectJDKLog [restartedMain] []: Initializing ProtocolHandler ["http-nio-8080"]
2022-05-10 08:27:41,934 INFO org.apache.juli.logging.DirectJDKLog [restartedMain] []: Starting service [Tomcat]
2022-05-10 08:27:41,934 INFO org.apache.juli.logging.DirectJDKLog [restartedMain] []: Starting Servlet engine: [Apache Tomcat/9.0.54]
2022-05-10 08:27:42,105 INFO org.apache.juli.logging.DirectJDKLog [restartedMain] []: Initializing Spring embedded WebApplicationContext
2022-05-10 08:27:42,106 INFO org.springframework.boot.web.servlet.context.ServletWebServerApplicationContext [restartedMain] []: Root WebApplicationContext: initialization completed in 2316 ms
2022-05-10 08:27:42,347 INFO org.hibernate.jpa.internal.util.LogHelper [restartedMain] []: HHH000204: Processing PersistenceUnitInfo [name: default]
2022-05-10 08:27:42,417 INFO org.hibernate.Version [restartedMain] []: HHH000412: Hibernate ORM core version 5.4.32.Final
2022-05-10 08:27:42,581 INFO org.hibernate.annotations.common.reflection.java.JavaReflectionManager [restartedMain] []: HCANN000001: Hibernate Commons Annotations {5.1.2.Final}
2022-05-10 08:27:42,718 INFO com.zaxxer.hikari.HikariDataSource [restartedMain] []: HikariPool-1 - Starting...
2022-05-10 08:27:43,002 INFO com.zaxxer.hikari.HikariDataSource [restartedMain] []: HikariPool-1 - Start completed.
2022-05-10 08:27:43,025 INFO org.hibernate.dialect.Dialect [restartedMain] []: HHH000400: Using dialect: org.hibernate.dialect.PostgreSQLDialect
2022-05-10 08:27:44,482 INFO org.hibernate.engine.transaction.jta.platform.internal.JtaPlatformInitiator [restartedMain] []: HHH000490: Using JtaPlatform implementation: [org.hibernate.engine.transaction.jta.platform.internal.NoJtaPlatform]
2022-05-10 08:27:44,490 INFO org.springframework.orm.jpa.AbstractEntityManagerFactoryBean [restartedMain] []: Initialized JPA EntityManagerFactory for persistence unit 'default'
2022-05-10 08:27:45,401 WARN org.springframework.boot.autoconfigure.orm.jpa.JpaBaseConfiguration$JpaWebConfiguration [restartedMain] []: spring.jpa.open-in-view is enabled by default. Therefore, database queries may be performed during view rendering. Explicitly configure spring.jpa.open-in-view to disable this warning
2022-05-10 08:27:45,596 INFO springfox.documentation.spring.web.PropertySourcedRequestMappingHandlerMapping [restartedMain] []: Mapped URL path [/v2/api-docs] onto method [springfox.documentation.swagger2.web.Swagger2Controller#getDocumentation(String, HttpServletRequest)]
2022-05-10 08:27:45,720 INFO org.springframework.boot.devtools.autoconfigure.OptionalLiveReloadServer [restartedMain] []: LiveReload server is running on port 35729
2022-05-10 08:27:45,926 INFO org.apache.juli.logging.DirectJDKLog [restartedMain] []: Starting ProtocolHandler ["http-nio-8080"]
2022-05-10 08:27:45,952 INFO org.springframework.boot.web.embedded.tomcat.TomcatWebServer [restartedMain] []: Tomcat started on port(s): 8080 (http) with context path ''
2022-05-10 08:27:45,953 INFO springfox.documentation.spring.web.plugins.DocumentationPluginsBootstrapper [restartedMain] []: Context refreshed
2022-05-10 08:27:45,977 INFO springfox.documentation.spring.web.plugins.DocumentationPluginsBootstrapper [restartedMain] []: Found 1 custom documentation plugin(s)
2022-05-10 08:27:46,006 INFO springfox.documentation.spring.web.scanners.ApiListingReferenceScanner [restartedMain] []: Scanning for api listing references
2022-05-10 08:27:46,200 INFO springfox.documentation.spring.web.readers.operation.CachingOperationNameGenerator [restartedMain] []: Generating unique operation named: createCategoryUsingPOST_1
2022-05-10 08:27:46,480 INFO org.springframework.boot.StartupInfoLogger [restartedMain] []: Started QuizServiceApplication in 7.19 seconds (JVM running for 8.173)
2022-05-10 08:36:44,941 INFO org.apache.juli.logging.DirectJDKLog [http-nio-8080-exec-1] []: Initializing Spring DispatcherServlet 'dispatcherServlet'
2022-05-10 08:36:44,941 INFO org.springframework.web.servlet.FrameworkServlet [http-nio-8080-exec-1] []: Initializing Servlet 'dispatcherServlet'
2022-05-10 08:36:44,944 INFO org.springframework.web.servlet.FrameworkServlet [http-nio-8080-exec-1] []: Completed initialization in 2 ms
2022-05-10 08:40:35,399 INFO com.quiz.service.NomineeService [http-nio-8080-exec-9] []: get all nominee
2022-05-10 08:40:35,450 INFO com.quiz.service.QuesTionService [http-nio-8080-exec-1] []: Receive info of question 0 to edit
2022-05-10 08:41:38,962 INFO com.quiz.service.NomineeService [http-nio-8080-exec-7] []: get all nominee
2022-05-10 08:41:38,966 INFO com.quiz.service.QuesTionService [http-nio-8080-exec-9] []: Receive info of question 0 to edit
2022-05-10 08:42:33,822 INFO com.quiz.service.NomineeService [http-nio-8080-exec-8] []: get all nominee
2022-05-10 08:42:33,827 INFO com.quiz.service.QuesTionService [http-nio-8080-exec-9] []: Receive info of question 0 to edit
2022-05-10 08:43:06,970 INFO com.quiz.service.NomineeService [http-nio-8080-exec-7] []: get all nominee
2022-05-10 08:43:06,972 INFO com.quiz.service.QuesTionService [http-nio-8080-exec-8] []: Receive info of question 0 to edit
2022-05-10 08:43:44,350 INFO com.quiz.service.NomineeService [http-nio-8080-exec-5] []: get all nominee
2022-05-10 08:43:44,360 INFO com.quiz.service.QuesTionService [http-nio-8080-exec-7] []: Receive info of question 0 to edit
2022-05-10 08:45:33,454 INFO com.quiz.service.NomineeService [http-nio-8080-exec-5] []: get all nominee
2022-05-10 08:45:33,523 INFO com.quiz.service.QuesTionService [http-nio-8080-exec-7] []: Receive info of question 0 to edit
2022-05-10 08:45:43,004 INFO com.quiz.service.NomineeService [http-nio-8080-exec-3] []: get all nominee
2022-05-10 08:45:43,008 INFO com.quiz.service.QuesTionService [http-nio-8080-exec-6] []: Receive info of question 0 to edit
2022-05-10 08:45:54,371 INFO com.quiz.service.QuesTionService [http-nio-8080-exec-2] []: Receive info of question 0 to edit
2022-05-10 08:45:57,078 INFO com.quiz.service.QuesTionService [http-nio-8080-exec-5] []: Receive info of question 0 to edit
2022-05-10 08:45:57,982 INFO com.quiz.service.QuesTionService [http-nio-8080-exec-3] []: Receive info of question 0 to edit
2022-05-10 08:45:58,754 INFO com.quiz.service.QuesTionService [http-nio-8080-exec-10] []: Receive info of question 0 to edit
2022-05-10 08:46:08,059 INFO com.quiz.service.QuesTionService [http-nio-8080-exec-7] []: Receive info of question 2 to edit
2022-05-10 08:46:19,249 INFO com.quiz.service.QuesTionService [http-nio-8080-exec-9] []: Receive info of question 1 to edit
2022-05-10 08:48:01,757 INFO com.quiz.service.QuesTionService [http-nio-8080-exec-4] []: Receive info of question 0 to edit
2022-05-10 08:48:01,758 INFO com.quiz.service.NomineeService [http-nio-8080-exec-5] []: get all nominee
2022-05-10 08:48:20,662 INFO com.quiz.service.NomineeService [http-nio-8080-exec-2] []: get all nominee
2022-05-10 08:48:20,665 INFO com.quiz.service.QuesTionService [http-nio-8080-exec-3] []: Receive info of question 0 to edit
2022-05-10 08:50:28,547 INFO com.quiz.service.NomineeService [http-nio-8080-exec-1] []: get all nominee
2022-05-10 08:50:28,548 INFO com.quiz.service.QuesTionService [http-nio-8080-exec-6] []: Receive info of question 0 to edit
2022-05-10 09:09:37,097 INFO com.quiz.service.NomineeService [http-nio-8080-exec-9] []: get all nominee
2022-05-10 09:09:37,110 INFO com.quiz.service.QuesTionService [http-nio-8080-exec-1] []: Receive info of question 0 to edit
2022-05-10 09:10:09,192 INFO com.quiz.service.NomineeService [http-nio-8080-exec-2] []: get all nominee
2022-05-10 09:10:09,195 INFO com.quiz.service.QuesTionService [http-nio-8080-exec-9] []: Receive info of question 0 to edit
2022-05-10 09:10:38,786 WARN org.springframework.web.servlet.handler.AbstractHandlerExceptionResolver [http-nio-8080-exec-7] []: Resolved [org.springframework.http.converter.HttpMessageNotReadableException: JSON parse error: Cannot coerce empty String ("") to element of `java.util.ArrayList<java.lang.Long>` (but could if coercion was enabled using `CoercionConfig`); nested exception is com.fasterxml.jackson.databind.exc.InvalidFormatException: Cannot coerce empty String ("") to element of `java.util.ArrayList<java.lang.Long>` (but could if coercion was enabled using `CoercionConfig`)<LF> at [Source: (PushbackInputStream); line: 1, column: 125] (through reference chain: com.quiz.Dto.CreateQuizForm["quiz"]->com.quiz.Dto.QuizDto["userId"])]
2022-05-10 09:11:32,797 INFO com.quiz.service.NomineeService [http-nio-8080-exec-9] []: get all nominee
2022-05-10 09:11:32,798 INFO com.quiz.service.QuesTionService [http-nio-8080-exec-1] []: Receive info of question 0 to edit
2022-05-10 09:11:35,801 INFO com.quiz.service.QuesTionService [http-nio-8080-exec-10] []: Receive info of question 0 to edit
2022-05-10 09:11:36,980 INFO com.quiz.service.QuesTionService [http-nio-8080-exec-5] []: Receive info of question 0 to edit
2022-05-10 09:11:38,009 INFO com.quiz.service.QuesTionService [http-nio-8080-exec-3] []: Receive info of question 0 to edit
2022-05-10 09:11:39,327 INFO com.quiz.service.QuesTionService [http-nio-8080-exec-4] []: Receive info of question 0 to edit
2022-05-10 09:11:46,863 INFO com.quiz.service.QuesTionService [http-nio-8080-exec-2] []: Receive info of question 3 to edit
2022-05-10 09:11:59,527 INFO com.quiz.service.QuesTionService [http-nio-8080-exec-10] []: Receive info of question 3 to edit
2022-05-10 09:12:03,806 INFO com.quiz.service.QuesTionService [http-nio-8080-exec-3] []: Receive info of question 3 to edit
2022-05-10 09:12:06,598 INFO com.quiz.service.QuesTionService [http-nio-8080-exec-4] []: Receive info of question 3 to edit
2022-05-10 09:12:23,825 INFO com.quiz.service.QuesTionService [http-nio-8080-exec-6] []: Receive info of question 3 to edit
2022-05-10 09:12:26,372 INFO com.quiz.service.QuesTionService [http-nio-8080-exec-7] []: Receive info of question 3 to edit
2022-05-10 09:28:48,125 WARN com.zaxxer.hikari.pool.HikariPool$HouseKeeper [HikariPool-1 housekeeper] []: HikariPool-1 - Thread starvation or clock leap detected (housekeeper delta=3m34s67ms579µs500ns).
2022-05-10 10:09:46,298 WARN com.zaxxer.hikari.pool.HikariPool$HouseKeeper [HikariPool-1 housekeeper] []: HikariPool-1 - Thread starvation or clock leap detected (housekeeper delta=28m27s382ms270µs200ns).
2022-05-10 11:07:53,809 WARN com.zaxxer.hikari.pool.HikariPool$HouseKeeper [HikariPool-1 housekeeper] []: HikariPool-1 - Thread starvation or clock leap detected (housekeeper delta=48m37s352ms253µs700ns).
2022-05-10 12:39:23,634 WARN com.zaxxer.hikari.pool.HikariPool$HouseKeeper [HikariPool-1 housekeeper] []: HikariPool-1 - Thread starvation or clock leap detected (housekeeper delta=26m28s750ms753µs100ns).
2022-05-10 13:06:50,812 WARN com.zaxxer.hikari.pool.HikariPool$HouseKeeper [HikariPool-1 housekeeper] []: HikariPool-1 - Thread starvation or clock leap detected (housekeeper delta=10m26s951ms425µs600ns).
2022-05-10 13:25:07,071 WARN com.zaxxer.hikari.pool.HikariPool$HouseKeeper [HikariPool-1 housekeeper] []: HikariPool-1 - Thread starvation or clock leap detected (housekeeper delta=4m16s88ms507µs500ns).
2022-05-10 14:05:33,513 INFO com.quiz.service.QuesTionService [http-nio-8080-exec-4] []: Receive info of question 0 to edit
2022-05-10 14:05:33,577 INFO com.quiz.service.NomineeService [http-nio-8080-exec-6] []: get all nominee
2022-05-10 16:31:40,070 INFO org.springframework.orm.jpa.AbstractEntityManagerFactoryBean [SpringApplicationShutdownHook] []: Closing JPA EntityManagerFactory for persistence unit 'default'
2022-05-10 16:31:40,122 INFO com.zaxxer.hikari.HikariDataSource [SpringApplicationShutdownHook] []: HikariPool-1 - Shutdown initiated...
2022-05-10 16:31:40,136 INFO com.zaxxer.hikari.HikariDataSource [SpringApplicationShutdownHook] []: HikariPool-1 - Shutdown completed.
2022-05-10 16:36:40,935 INFO org.hibernate.validator.internal.util.Version [background-preinit] []: HV000001: Hibernate Validator 6.2.0.Final
2022-05-10 16:36:40,935 INFO org.springframework.boot.StartupInfoLogger [restartedMain] []: Starting QuizServiceApplication using Java 11.0.11 on LAPTOP-BP05I3UL with PID 2076 (C:\Users\hieu0\OneDrive\Máy tính\quiz-service\quiz-service\target\classes started by hieu0 in C:\Users\hieu0\OneDrive\Máy tính\quiz-service\quiz-service)
2022-05-10 16:36:40,939 INFO org.springframework.boot.SpringApplication [restartedMain] []: No active profile set, falling back to default profiles: default
2022-05-10 16:36:41,009 INFO org.springframework.boot.logging.DeferredLog [restartedMain] []: Devtools property defaults active! Set 'spring.devtools.add-properties' to 'false' to disable
2022-05-10 16:36:41,012 INFO org.springframework.boot.logging.DeferredLog [restartedMain] []: For additional web related logging consider setting the 'logging.level.web' property to 'DEBUG'
2022-05-10 16:36:42,199 INFO org.springframework.data.repository.config.RepositoryConfigurationDelegate [restartedMain] []: Bootstrapping Spring Data JPA repositories in DEFAULT mode.
2022-05-10 16:36:42,316 INFO org.springframework.data.repository.config.RepositoryConfigurationDelegate [restartedMain] []: Finished Spring Data repository scanning in 102 ms. Found 7 JPA repository interfaces.
2022-05-10 16:36:43,503 INFO org.springframework.boot.web.embedded.tomcat.TomcatWebServer [restartedMain] []: Tomcat initialized with port(s): 8080 (http)
2022-05-10 16:36:43,524 INFO org.apache.juli.logging.DirectJDKLog [restartedMain] []: Initializing ProtocolHandler ["http-nio-8080"]
2022-05-10 16:36:43,525 INFO org.apache.juli.logging.DirectJDKLog [restartedMain] []: Starting service [Tomcat]
2022-05-10 16:36:43,525 INFO org.apache.juli.logging.DirectJDKLog [restartedMain] []: Starting Servlet engine: [Apache Tomcat/9.0.54]
2022-05-10 16:36:43,695 INFO org.apache.juli.logging.DirectJDKLog [restartedMain] []: Initializing Spring embedded WebApplicationContext
2022-05-10 16:36:43,696 INFO org.springframework.boot.web.servlet.context.ServletWebServerApplicationContext [restartedMain] []: Root WebApplicationContext: initialization completed in 2683 ms
2022-05-10 16:36:43,916 INFO org.hibernate.jpa.internal.util.LogHelper [restartedMain] []: HHH000204: Processing PersistenceUnitInfo [name: default]
2022-05-10 16:36:44,008 INFO org.hibernate.Version [restartedMain] []: HHH000412: Hibernate ORM core version 5.4.32.Final
2022-05-10 16:36:44,198 INFO org.hibernate.annotations.common.reflection.java.JavaReflectionManager [restartedMain] []: HCANN000001: Hibernate Commons Annotations {5.1.2.Final}
2022-05-10 16:36:44,330 INFO com.zaxxer.hikari.HikariDataSource [restartedMain] []: HikariPool-1 - Starting...
2022-05-10 16:36:44,614 INFO com.zaxxer.hikari.HikariDataSource [restartedMain] []: HikariPool-1 - Start completed.
2022-05-10 16:36:44,635 INFO org.hibernate.dialect.Dialect [restartedMain] []: HHH000400: Using dialect: org.hibernate.dialect.PostgreSQLDialect
2022-05-10 16:36:46,200 INFO org.hibernate.engine.transaction.jta.platform.internal.JtaPlatformInitiator [restartedMain] []: HHH000490: Using JtaPlatform implementation: [org.hibernate.engine.transaction.jta.platform.internal.NoJtaPlatform]
2022-05-10 16:36:46,211 INFO org.springframework.orm.jpa.AbstractEntityManagerFactoryBean [restartedMain] []: Initialized JPA EntityManagerFactory for persistence unit 'default'
2022-05-10 16:36:47,306 WARN org.springframework.boot.autoconfigure.orm.jpa.JpaBaseConfiguration$JpaWebConfiguration [restartedMain] []: spring.jpa.open-in-view is enabled by default. Therefore, database queries may be performed during view rendering. Explicitly configure spring.jpa.open-in-view to disable this warning
2022-05-10 16:36:47,503 INFO springfox.documentation.spring.web.PropertySourcedRequestMappingHandlerMapping [restartedMain] []: Mapped URL path [/v2/api-docs] onto method [springfox.documentation.swagger2.web.Swagger2Controller#getDocumentation(String, HttpServletRequest)]
2022-05-10 16:36:47,666 INFO org.springframework.boot.devtools.autoconfigure.OptionalLiveReloadServer [restartedMain] []: LiveReload server is running on port 35729
2022-05-10 16:36:47,933 INFO org.apache.juli.logging.DirectJDKLog [restartedMain] []: Starting ProtocolHandler ["http-nio-8080"]
2022-05-10 16:36:47,953 INFO org.springframework.boot.web.embedded.tomcat.TomcatWebServer [restartedMain] []: Tomcat started on port(s): 8080 (http) with context path ''
2022-05-10 16:36:47,955 INFO springfox.documentation.spring.web.plugins.DocumentationPluginsBootstrapper [restartedMain] []: Context refreshed
2022-05-10 16:36:47,973 INFO springfox.documentation.spring.web.plugins.DocumentationPluginsBootstrapper [restartedMain] []: Found 1 custom documentation plugin(s)
2022-05-10 16:36:48,002 INFO springfox.documentation.spring.web.scanners.ApiListingReferenceScanner [restartedMain] []: Scanning for api listing references
2022-05-10 16:36:48,200 INFO springfox.documentation.spring.web.readers.operation.CachingOperationNameGenerator [restartedMain] []: Generating unique operation named: createCategoryUsingPOST_1
2022-05-10 16:36:48,588 INFO org.springframework.boot.StartupInfoLogger [restartedMain] []: Started QuizServiceApplication in 8.119 seconds (JVM running for 9.29)
2022-05-10 17:04:15,965 INFO org.apache.juli.logging.DirectJDKLog [http-nio-8080-exec-1] []: Initializing Spring DispatcherServlet 'dispatcherServlet'
2022-05-10 17:04:15,965 INFO org.springframework.web.servlet.FrameworkServlet [http-nio-8080-exec-1] []: Initializing Servlet 'dispatcherServlet'
2022-05-10 17:04:15,966 INFO org.springframework.web.servlet.FrameworkServlet [http-nio-8080-exec-1] []: Completed initialization in 1 ms
2022-05-10 17:04:15,981 WARN org.springframework.web.servlet.handler.AbstractHandlerExceptionResolver [http-nio-8080-exec-1] []: Resolved [org.springframework.web.HttpRequestMethodNotSupportedException: Request method 'POST' not supported]
2022-05-10 17:04:29,815 INFO com.quiz.service.QuizService [http-nio-8080-exec-2] []: receive info to get All Quiz By User
2022-05-10 18:02:53,490 INFO org.springframework.orm.jpa.AbstractEntityManagerFactoryBean [SpringApplicationShutdownHook] []: Closing JPA EntityManagerFactory for persistence unit 'default'
2022-05-10 18:02:53,505 INFO com.zaxxer.hikari.HikariDataSource [SpringApplicationShutdownHook] []: HikariPool-1 - Shutdown initiated...
2022-05-10 18:02:53,512 INFO com.zaxxer.hikari.HikariDataSource [SpringApplicationShutdownHook] []: HikariPool-1 - Shutdown completed.
