2022-05-27 09:49:30,364 INFO org.springframework.boot.StartupInfoLogger [restartedMain] []: Starting QuizServiceApplication using Java 11.0.11 on LAPTOP-BP05I3UL with PID 13160 (E:\spring-boot-training\AIS-Interview-BE\quiz-service\quiz-service\target\classes started by hieu0 in E:\spring-boot-training\AIS-Interview-BE\quiz-service)
2022-05-27 09:49:30,361 INFO org.hibernate.validator.internal.util.Version [background-preinit] []: HV000001: Hibernate Validator 6.2.0.Final
2022-05-27 09:49:30,420 INFO org.springframework.boot.SpringApplication [restartedMain] []: No active profile set, falling back to default profiles: default
2022-05-27 09:49:30,470 INFO org.springframework.boot.logging.DeferredLog [restartedMain] []: Devtools property defaults active! Set 'spring.devtools.add-properties' to 'false' to disable
2022-05-27 09:49:30,479 INFO org.springframework.boot.logging.DeferredLog [restartedMain] []: For additional web related logging consider setting the 'logging.level.web' property to 'DEBUG'
2022-05-27 09:49:31,556 INFO org.springframework.data.repository.config.RepositoryConfigurationDelegate [restartedMain] []: Bootstrapping Spring Data JPA repositories in DEFAULT mode.
2022-05-27 09:49:31,663 INFO org.springframework.data.repository.config.RepositoryConfigurationDelegate [restartedMain] []: Finished Spring Data repository scanning in 94 ms. Found 7 JPA repository interfaces.
2022-05-27 09:49:32,777 INFO org.springframework.boot.web.embedded.tomcat.TomcatWebServer [restartedMain] []: Tomcat initialized with port(s): 8080 (http)
2022-05-27 09:49:32,789 INFO org.apache.juli.logging.DirectJDKLog [restartedMain] []: Initializing ProtocolHandler ["http-nio-8080"]
2022-05-27 09:49:32,789 INFO org.apache.juli.logging.DirectJDKLog [restartedMain] []: Starting service [Tomcat]
2022-05-27 09:49:32,789 INFO org.apache.juli.logging.DirectJDKLog [restartedMain] []: Starting Servlet engine: [Apache Tomcat/9.0.54]
2022-05-27 09:49:32,925 INFO org.apache.juli.logging.DirectJDKLog [restartedMain] []: Initializing Spring embedded WebApplicationContext
2022-05-27 09:49:32,926 INFO org.springframework.boot.web.servlet.context.ServletWebServerApplicationContext [restartedMain] []: Root WebApplicationContext: initialization completed in 2446 ms
2022-05-27 09:49:33,130 INFO org.hibernate.jpa.internal.util.LogHelper [restartedMain] []: HHH000204: Processing PersistenceUnitInfo [name: default]
2022-05-27 09:49:33,193 INFO org.hibernate.Version [restartedMain] []: HHH000412: Hibernate ORM core version 5.4.32.Final
2022-05-27 09:49:33,347 INFO org.hibernate.annotations.common.reflection.java.JavaReflectionManager [restartedMain] []: HCANN000001: Hibernate Commons Annotations {5.1.2.Final}
2022-05-27 09:49:33,467 INFO com.zaxxer.hikari.HikariDataSource [restartedMain] []: HikariPool-1 - Starting...
2022-05-27 09:49:33,707 INFO com.zaxxer.hikari.HikariDataSource [restartedMain] []: HikariPool-1 - Start completed.
2022-05-27 09:49:33,728 INFO org.hibernate.dialect.Dialect [restartedMain] []: HHH000400: Using dialect: org.hibernate.dialect.PostgreSQLDialect
2022-05-27 09:49:35,201 INFO org.hibernate.engine.transaction.jta.platform.internal.JtaPlatformInitiator [restartedMain] []: HHH000490: Using JtaPlatform implementation: [org.hibernate.engine.transaction.jta.platform.internal.NoJtaPlatform]
2022-05-27 09:49:35,209 INFO org.springframework.orm.jpa.AbstractEntityManagerFactoryBean [restartedMain] []: Initialized JPA EntityManagerFactory for persistence unit 'default'
2022-05-27 09:49:36,030 WARN org.springframework.boot.autoconfigure.orm.jpa.JpaBaseConfiguration$JpaWebConfiguration [restartedMain] []: spring.jpa.open-in-view is enabled by default. Therefore, database queries may be performed during view rendering. Explicitly configure spring.jpa.open-in-view to disable this warning
2022-05-27 09:49:36,177 INFO springfox.documentation.spring.web.PropertySourcedRequestMappingHandlerMapping [restartedMain] []: Mapped URL path [/v2/api-docs] onto method [springfox.documentation.swagger2.web.Swagger2Controller#getDocumentation(String, HttpServletRequest)]
2022-05-27 09:49:36,296 INFO org.springframework.boot.devtools.autoconfigure.OptionalLiveReloadServer [restartedMain] []: LiveReload server is running on port 35729
2022-05-27 09:49:36,452 INFO org.apache.juli.logging.DirectJDKLog [restartedMain] []: Starting ProtocolHandler ["http-nio-8080"]
2022-05-27 09:49:36,472 INFO org.springframework.boot.web.embedded.tomcat.TomcatWebServer [restartedMain] []: Tomcat started on port(s): 8080 (http) with context path ''
2022-05-27 09:49:36,473 INFO springfox.documentation.spring.web.plugins.DocumentationPluginsBootstrapper [restartedMain] []: Context refreshed
2022-05-27 09:49:36,488 INFO springfox.documentation.spring.web.plugins.DocumentationPluginsBootstrapper [restartedMain] []: Found 1 custom documentation plugin(s)
2022-05-27 09:49:36,511 INFO springfox.documentation.spring.web.scanners.ApiListingReferenceScanner [restartedMain] []: Scanning for api listing references
2022-05-27 09:49:36,685 INFO springfox.documentation.spring.web.readers.operation.CachingOperationNameGenerator [restartedMain] []: Generating unique operation named: createCategoryUsingPOST_1
2022-05-27 09:49:36,942 INFO org.springframework.boot.StartupInfoLogger [restartedMain] []: Started QuizServiceApplication in 7.042 seconds (JVM running for 8.428)
2022-05-27 09:52:55,440 INFO org.springframework.orm.jpa.AbstractEntityManagerFactoryBean [SpringApplicationShutdownHook] []: Closing JPA EntityManagerFactory for persistence unit 'default'
2022-05-27 09:52:55,445 INFO com.zaxxer.hikari.HikariDataSource [SpringApplicationShutdownHook] []: HikariPool-1 - Shutdown initiated...
2022-05-27 09:52:55,460 INFO com.zaxxer.hikari.HikariDataSource [SpringApplicationShutdownHook] []: HikariPool-1 - Shutdown completed.
2022-05-27 09:53:01,897 INFO org.springframework.boot.StartupInfoLogger [restartedMain] []: Starting QuizServiceApplication using Java 11.0.11 on LAPTOP-BP05I3UL with PID 16124 (E:\spring-boot-training\AIS-Interview-BE\quiz-service\quiz-service\target\classes started by hieu0 in E:\spring-boot-training\AIS-Interview-BE\quiz-service)
2022-05-27 09:53:01,900 INFO org.springframework.boot.SpringApplication [restartedMain] []: No active profile set, falling back to default profiles: default
2022-05-27 09:53:01,904 INFO org.hibernate.validator.internal.util.Version [background-preinit] []: HV000001: Hibernate Validator 6.2.0.Final
2022-05-27 09:53:01,983 INFO org.springframework.boot.logging.DeferredLog [restartedMain] []: Devtools property defaults active! Set 'spring.devtools.add-properties' to 'false' to disable
2022-05-27 09:53:01,984 INFO org.springframework.boot.logging.DeferredLog [restartedMain] []: For additional web related logging consider setting the 'logging.level.web' property to 'DEBUG'
2022-05-27 09:53:03,393 INFO org.springframework.data.repository.config.RepositoryConfigurationDelegate [restartedMain] []: Bootstrapping Spring Data JPA repositories in DEFAULT mode.
2022-05-27 09:53:03,518 INFO org.springframework.data.repository.config.RepositoryConfigurationDelegate [restartedMain] []: Finished Spring Data repository scanning in 111 ms. Found 7 JPA repository interfaces.
2022-05-27 09:53:05,140 INFO org.springframework.boot.web.embedded.tomcat.TomcatWebServer [restartedMain] []: Tomcat initialized with port(s): 8080 (http)
2022-05-27 09:53:05,161 INFO org.apache.juli.logging.DirectJDKLog [restartedMain] []: Initializing ProtocolHandler ["http-nio-8080"]
2022-05-27 09:53:05,162 INFO org.apache.juli.logging.DirectJDKLog [restartedMain] []: Starting service [Tomcat]
2022-05-27 09:53:05,162 INFO org.apache.juli.logging.DirectJDKLog [restartedMain] []: Starting Servlet engine: [Apache Tomcat/9.0.54]
2022-05-27 09:53:05,371 INFO org.apache.juli.logging.DirectJDKLog [restartedMain] []: Initializing Spring embedded WebApplicationContext
2022-05-27 09:53:05,372 INFO org.springframework.boot.web.servlet.context.ServletWebServerApplicationContext [restartedMain] []: Root WebApplicationContext: initialization completed in 3387 ms
2022-05-27 09:53:05,694 INFO org.hibernate.jpa.internal.util.LogHelper [restartedMain] []: HHH000204: Processing PersistenceUnitInfo [name: default]
2022-05-27 09:53:05,815 INFO org.hibernate.Version [restartedMain] []: HHH000412: Hibernate ORM core version 5.4.32.Final
2022-05-27 09:53:06,119 INFO org.hibernate.annotations.common.reflection.java.JavaReflectionManager [restartedMain] []: HCANN000001: Hibernate Commons Annotations {5.1.2.Final}
2022-05-27 09:53:06,286 INFO com.zaxxer.hikari.HikariDataSource [restartedMain] []: HikariPool-1 - Starting...
2022-05-27 09:53:06,607 INFO com.zaxxer.hikari.HikariDataSource [restartedMain] []: HikariPool-1 - Start completed.
2022-05-27 09:53:06,640 INFO org.hibernate.dialect.Dialect [restartedMain] []: HHH000400: Using dialect: org.hibernate.dialect.PostgreSQLDialect
2022-05-27 09:53:08,458 INFO org.hibernate.engine.transaction.jta.platform.internal.JtaPlatformInitiator [restartedMain] []: HHH000490: Using JtaPlatform implementation: [org.hibernate.engine.transaction.jta.platform.internal.NoJtaPlatform]
2022-05-27 09:53:08,465 INFO org.springframework.orm.jpa.AbstractEntityManagerFactoryBean [restartedMain] []: Initialized JPA EntityManagerFactory for persistence unit 'default'
2022-05-27 09:53:09,605 WARN org.springframework.boot.autoconfigure.orm.jpa.JpaBaseConfiguration$JpaWebConfiguration [restartedMain] []: spring.jpa.open-in-view is enabled by default. Therefore, database queries may be performed during view rendering. Explicitly configure spring.jpa.open-in-view to disable this warning
2022-05-27 09:53:09,870 INFO springfox.documentation.spring.web.PropertySourcedRequestMappingHandlerMapping [restartedMain] []: Mapped URL path [/v2/api-docs] onto method [springfox.documentation.swagger2.web.Swagger2Controller#getDocumentation(String, HttpServletRequest)]
2022-05-27 09:53:10,016 INFO org.springframework.boot.devtools.autoconfigure.OptionalLiveReloadServer [restartedMain] []: LiveReload server is running on port 35729
2022-05-27 09:53:10,229 INFO org.apache.juli.logging.DirectJDKLog [restartedMain] []: Starting ProtocolHandler ["http-nio-8080"]
2022-05-27 09:53:10,253 INFO org.springframework.boot.web.embedded.tomcat.TomcatWebServer [restartedMain] []: Tomcat started on port(s): 8080 (http) with context path ''
2022-05-27 09:53:10,254 INFO springfox.documentation.spring.web.plugins.DocumentationPluginsBootstrapper [restartedMain] []: Context refreshed
2022-05-27 09:53:10,274 INFO springfox.documentation.spring.web.plugins.DocumentationPluginsBootstrapper [restartedMain] []: Found 1 custom documentation plugin(s)
2022-05-27 09:53:10,303 INFO springfox.documentation.spring.web.scanners.ApiListingReferenceScanner [restartedMain] []: Scanning for api listing references
2022-05-27 09:53:10,505 INFO springfox.documentation.spring.web.readers.operation.CachingOperationNameGenerator [restartedMain] []: Generating unique operation named: createCategoryUsingPOST_1
2022-05-27 09:53:11,019 INFO org.springframework.boot.StartupInfoLogger [restartedMain] []: Started QuizServiceApplication in 9.72 seconds (JVM running for 10.723)
2022-05-27 09:53:28,776 INFO org.apache.juli.logging.DirectJDKLog [http-nio-8080-exec-1] []: Initializing Spring DispatcherServlet 'dispatcherServlet'
2022-05-27 09:53:28,777 INFO org.springframework.web.servlet.FrameworkServlet [http-nio-8080-exec-1] []: Initializing Servlet 'dispatcherServlet'
2022-05-27 09:53:28,779 INFO org.springframework.web.servlet.FrameworkServlet [http-nio-8080-exec-1] []: Completed initialization in 2 ms
2022-05-27 09:53:28,976 WARN org.springframework.web.servlet.handler.AbstractHandlerExceptionResolver [http-nio-8080-exec-1] []: Resolved [com.quiz.exception.ResourceForbiddenRequestException: 80913@You can't access ]
2022-05-27 09:56:21,346 INFO org.springframework.orm.jpa.AbstractEntityManagerFactoryBean [SpringApplicationShutdownHook] []: Closing JPA EntityManagerFactory for persistence unit 'default'
2022-05-27 09:56:21,351 INFO com.zaxxer.hikari.HikariDataSource [SpringApplicationShutdownHook] []: HikariPool-1 - Shutdown initiated...
2022-05-27 09:56:21,359 INFO com.zaxxer.hikari.HikariDataSource [SpringApplicationShutdownHook] []: HikariPool-1 - Shutdown completed.
2022-05-27 10:27:49,157 INFO org.springframework.boot.StartupInfoLogger [restartedMain] []: Starting QuizServiceApplication using Java 11.0.11 on LAPTOP-BP05I3UL with PID 22496 (E:\spring-boot-training\AIS-Interview-BE\quiz-service\quiz-service\target\classes started by hieu0 in E:\spring-boot-training\AIS-Interview-BE\quiz-service)
2022-05-27 10:27:49,191 INFO org.springframework.boot.SpringApplication [restartedMain] []: No active profile set, falling back to default profiles: default
2022-05-27 10:27:49,179 INFO org.hibernate.validator.internal.util.Version [background-preinit] []: HV000001: Hibernate Validator 6.2.0.Final
2022-05-27 10:27:49,299 INFO org.springframework.boot.logging.DeferredLog [restartedMain] []: Devtools property defaults active! Set 'spring.devtools.add-properties' to 'false' to disable
2022-05-27 10:27:49,301 INFO org.springframework.boot.logging.DeferredLog [restartedMain] []: For additional web related logging consider setting the 'logging.level.web' property to 'DEBUG'
2022-05-27 10:27:50,937 INFO org.springframework.data.repository.config.RepositoryConfigurationDelegate [restartedMain] []: Bootstrapping Spring Data JPA repositories in DEFAULT mode.
2022-05-27 10:27:51,031 INFO org.springframework.data.repository.config.RepositoryConfigurationDelegate [restartedMain] []: Finished Spring Data repository scanning in 80 ms. Found 7 JPA repository interfaces.
2022-05-27 10:27:52,639 INFO org.springframework.boot.web.embedded.tomcat.TomcatWebServer [restartedMain] []: Tomcat initialized with port(s): 8080 (http)
2022-05-27 10:27:52,657 INFO org.apache.juli.logging.DirectJDKLog [restartedMain] []: Initializing ProtocolHandler ["http-nio-8080"]
2022-05-27 10:27:52,658 INFO org.apache.juli.logging.DirectJDKLog [restartedMain] []: Starting service [Tomcat]
2022-05-27 10:27:52,658 INFO org.apache.juli.logging.DirectJDKLog [restartedMain] []: Starting Servlet engine: [Apache Tomcat/9.0.54]
2022-05-27 10:27:52,976 INFO org.apache.juli.logging.DirectJDKLog [restartedMain] []: Initializing Spring embedded WebApplicationContext
2022-05-27 10:27:52,977 INFO org.springframework.boot.web.servlet.context.ServletWebServerApplicationContext [restartedMain] []: Root WebApplicationContext: initialization completed in 3675 ms
2022-05-27 10:27:53,281 INFO org.hibernate.jpa.internal.util.LogHelper [restartedMain] []: HHH000204: Processing PersistenceUnitInfo [name: default]
2022-05-27 10:27:53,361 INFO org.hibernate.Version [restartedMain] []: HHH000412: Hibernate ORM core version 5.4.32.Final
2022-05-27 10:27:53,642 INFO org.hibernate.annotations.common.reflection.java.JavaReflectionManager [restartedMain] []: HCANN000001: Hibernate Commons Annotations {5.1.2.Final}
2022-05-27 10:27:53,854 INFO com.zaxxer.hikari.HikariDataSource [restartedMain] []: HikariPool-1 - Starting...
2022-05-27 10:27:54,433 INFO com.zaxxer.hikari.HikariDataSource [restartedMain] []: HikariPool-1 - Start completed.
2022-05-27 10:27:54,459 INFO org.hibernate.dialect.Dialect [restartedMain] []: HHH000400: Using dialect: org.hibernate.dialect.PostgreSQLDialect
2022-05-27 10:27:56,919 INFO org.hibernate.engine.transaction.jta.platform.internal.JtaPlatformInitiator [restartedMain] []: HHH000490: Using JtaPlatform implementation: [org.hibernate.engine.transaction.jta.platform.internal.NoJtaPlatform]
2022-05-27 10:27:56,929 INFO org.springframework.orm.jpa.AbstractEntityManagerFactoryBean [restartedMain] []: Initialized JPA EntityManagerFactory for persistence unit 'default'
2022-05-27 10:27:57,916 WARN org.springframework.boot.autoconfigure.orm.jpa.JpaBaseConfiguration$JpaWebConfiguration [restartedMain] []: spring.jpa.open-in-view is enabled by default. Therefore, database queries may be performed during view rendering. Explicitly configure spring.jpa.open-in-view to disable this warning
2022-05-27 10:27:58,076 INFO springfox.documentation.spring.web.PropertySourcedRequestMappingHandlerMapping [restartedMain] []: Mapped URL path [/v2/api-docs] onto method [springfox.documentation.swagger2.web.Swagger2Controller#getDocumentation(String, HttpServletRequest)]
2022-05-27 10:27:58,207 WARN org.springframework.boot.devtools.autoconfigure.OptionalLiveReloadServer [restartedMain] []: Unable to start LiveReload server
2022-05-27 10:27:58,389 INFO org.apache.juli.logging.DirectJDKLog [restartedMain] []: Starting ProtocolHandler ["http-nio-8080"]
2022-05-27 10:27:58,407 INFO org.springframework.boot.web.embedded.tomcat.TomcatWebServer [restartedMain] []: Tomcat started on port(s): 8080 (http) with context path ''
2022-05-27 10:27:58,408 INFO springfox.documentation.spring.web.plugins.DocumentationPluginsBootstrapper [restartedMain] []: Context refreshed
2022-05-27 10:27:58,425 INFO springfox.documentation.spring.web.plugins.DocumentationPluginsBootstrapper [restartedMain] []: Found 1 custom documentation plugin(s)
2022-05-27 10:27:58,448 INFO springfox.documentation.spring.web.scanners.ApiListingReferenceScanner [restartedMain] []: Scanning for api listing references
2022-05-27 10:27:58,617 INFO springfox.documentation.spring.web.readers.operation.CachingOperationNameGenerator [restartedMain] []: Generating unique operation named: createCategoryUsingPOST_1
2022-05-27 10:27:58,891 INFO org.springframework.boot.StartupInfoLogger [restartedMain] []: Started QuizServiceApplication in 10.572 seconds (JVM running for 11.933)
2022-05-27 10:28:26,713 INFO org.apache.juli.logging.DirectJDKLog [http-nio-8080-exec-1] []: Initializing Spring DispatcherServlet 'dispatcherServlet'
2022-05-27 10:28:26,713 INFO org.springframework.web.servlet.FrameworkServlet [http-nio-8080-exec-1] []: Initializing Servlet 'dispatcherServlet'
2022-05-27 10:28:26,714 INFO org.springframework.web.servlet.FrameworkServlet [http-nio-8080-exec-1] []: Completed initialization in 0 ms
2022-05-27 10:28:26,913 WARN org.springframework.web.servlet.handler.AbstractHandlerExceptionResolver [http-nio-8080-exec-1] []: Resolved [com.quiz.exception.ResourceForbiddenRequestException: 80913@You can't access ]
2022-05-27 10:28:29,852 WARN org.springframework.web.servlet.handler.AbstractHandlerExceptionResolver [http-nio-8080-exec-3] []: Resolved [com.quiz.exception.ResourceForbiddenRequestException: 80913@You can't access ]
2022-05-27 10:28:47,042 WARN org.springframework.web.servlet.handler.AbstractHandlerExceptionResolver [http-nio-8080-exec-4] []: Resolved [com.quiz.exception.ResourceForbiddenRequestException: 80913@You can't access ]
2022-05-27 10:29:04,648 INFO org.springframework.orm.jpa.AbstractEntityManagerFactoryBean [SpringApplicationShutdownHook] []: Closing JPA EntityManagerFactory for persistence unit 'default'
2022-05-27 10:29:04,652 INFO com.zaxxer.hikari.HikariDataSource [SpringApplicationShutdownHook] []: HikariPool-1 - Shutdown initiated...
2022-05-27 10:29:04,660 INFO com.zaxxer.hikari.HikariDataSource [SpringApplicationShutdownHook] []: HikariPool-1 - Shutdown completed.
2022-05-27 10:31:09,974 INFO org.hibernate.validator.internal.util.Version [background-preinit] []: HV000001: Hibernate Validator 6.2.0.Final
2022-05-27 10:31:09,982 INFO org.springframework.boot.StartupInfoLogger [restartedMain] []: Starting QuizServiceApplication using Java 11.0.11 on LAPTOP-BP05I3UL with PID 15288 (E:\spring-boot-training\AIS-Interview-BE\quiz-service\quiz-service\target\classes started by hieu0 in E:\spring-boot-training\AIS-Interview-BE\quiz-service)
2022-05-27 10:31:09,984 INFO org.springframework.boot.SpringApplication [restartedMain] []: No active profile set, falling back to default profiles: default
2022-05-27 10:31:10,088 INFO org.springframework.boot.logging.DeferredLog [restartedMain] []: Devtools property defaults active! Set 'spring.devtools.add-properties' to 'false' to disable
2022-05-27 10:31:10,088 INFO org.springframework.boot.logging.DeferredLog [restartedMain] []: For additional web related logging consider setting the 'logging.level.web' property to 'DEBUG'
2022-05-27 10:31:11,156 INFO org.springframework.data.repository.config.RepositoryConfigurationDelegate [restartedMain] []: Bootstrapping Spring Data JPA repositories in DEFAULT mode.
2022-05-27 10:31:11,237 INFO org.springframework.data.repository.config.RepositoryConfigurationDelegate [restartedMain] []: Finished Spring Data repository scanning in 71 ms. Found 7 JPA repository interfaces.
2022-05-27 10:31:12,362 INFO org.springframework.boot.web.embedded.tomcat.TomcatWebServer [restartedMain] []: Tomcat initialized with port(s): 8080 (http)
2022-05-27 10:31:12,386 INFO org.apache.juli.logging.DirectJDKLog [restartedMain] []: Initializing ProtocolHandler ["http-nio-8080"]
2022-05-27 10:31:12,387 INFO org.apache.juli.logging.DirectJDKLog [restartedMain] []: Starting service [Tomcat]
2022-05-27 10:31:12,387 INFO org.apache.juli.logging.DirectJDKLog [restartedMain] []: Starting Servlet engine: [Apache Tomcat/9.0.54]
2022-05-27 10:31:12,547 INFO org.apache.juli.logging.DirectJDKLog [restartedMain] []: Initializing Spring embedded WebApplicationContext
2022-05-27 10:31:12,548 INFO org.springframework.boot.web.servlet.context.ServletWebServerApplicationContext [restartedMain] []: Root WebApplicationContext: initialization completed in 2459 ms
2022-05-27 10:31:12,751 INFO org.hibernate.jpa.internal.util.LogHelper [restartedMain] []: HHH000204: Processing PersistenceUnitInfo [name: default]
2022-05-27 10:31:12,806 INFO org.hibernate.Version [restartedMain] []: HHH000412: Hibernate ORM core version 5.4.32.Final
2022-05-27 10:31:12,955 INFO org.hibernate.annotations.common.reflection.java.JavaReflectionManager [restartedMain] []: HCANN000001: Hibernate Commons Annotations {5.1.2.Final}
2022-05-27 10:31:13,075 INFO com.zaxxer.hikari.HikariDataSource [restartedMain] []: HikariPool-1 - Starting...
2022-05-27 10:31:13,322 INFO com.zaxxer.hikari.HikariDataSource [restartedMain] []: HikariPool-1 - Start completed.
2022-05-27 10:31:13,341 INFO org.hibernate.dialect.Dialect [restartedMain] []: HHH000400: Using dialect: org.hibernate.dialect.PostgreSQLDialect
2022-05-27 10:31:15,102 INFO org.hibernate.engine.transaction.jta.platform.internal.JtaPlatformInitiator [restartedMain] []: HHH000490: Using JtaPlatform implementation: [org.hibernate.engine.transaction.jta.platform.internal.NoJtaPlatform]
2022-05-27 10:31:15,110 INFO org.springframework.orm.jpa.AbstractEntityManagerFactoryBean [restartedMain] []: Initialized JPA EntityManagerFactory for persistence unit 'default'
2022-05-27 10:31:16,523 WARN org.springframework.boot.autoconfigure.orm.jpa.JpaBaseConfiguration$JpaWebConfiguration [restartedMain] []: spring.jpa.open-in-view is enabled by default. Therefore, database queries may be performed during view rendering. Explicitly configure spring.jpa.open-in-view to disable this warning
2022-05-27 10:31:16,773 INFO springfox.documentation.spring.web.PropertySourcedRequestMappingHandlerMapping [restartedMain] []: Mapped URL path [/v2/api-docs] onto method [springfox.documentation.swagger2.web.Swagger2Controller#getDocumentation(String, HttpServletRequest)]
2022-05-27 10:31:16,978 INFO org.springframework.boot.devtools.autoconfigure.OptionalLiveReloadServer [restartedMain] []: LiveReload server is running on port 35729
2022-05-27 10:31:17,284 INFO org.apache.juli.logging.DirectJDKLog [restartedMain] []: Starting ProtocolHandler ["http-nio-8080"]
2022-05-27 10:31:17,317 INFO org.springframework.boot.web.embedded.tomcat.TomcatWebServer [restartedMain] []: Tomcat started on port(s): 8080 (http) with context path ''
2022-05-27 10:31:17,318 INFO springfox.documentation.spring.web.plugins.DocumentationPluginsBootstrapper [restartedMain] []: Context refreshed
2022-05-27 10:31:17,347 INFO springfox.documentation.spring.web.plugins.DocumentationPluginsBootstrapper [restartedMain] []: Found 1 custom documentation plugin(s)
2022-05-27 10:31:17,395 INFO springfox.documentation.spring.web.scanners.ApiListingReferenceScanner [restartedMain] []: Scanning for api listing references
2022-05-27 10:31:17,775 INFO springfox.documentation.spring.web.readers.operation.CachingOperationNameGenerator [restartedMain] []: Generating unique operation named: createCategoryUsingPOST_1
2022-05-27 10:31:18,417 INFO org.springframework.boot.StartupInfoLogger [restartedMain] []: Started QuizServiceApplication in 8.968 seconds (JVM running for 9.899)
2022-05-27 10:32:17,987 INFO org.apache.juli.logging.DirectJDKLog [http-nio-8080-exec-1] []: Initializing Spring DispatcherServlet 'dispatcherServlet'
2022-05-27 10:32:17,987 INFO org.springframework.web.servlet.FrameworkServlet [http-nio-8080-exec-1] []: Initializing Servlet 'dispatcherServlet'
2022-05-27 10:32:17,988 INFO org.springframework.web.servlet.FrameworkServlet [http-nio-8080-exec-1] []: Completed initialization in 1 ms
2022-05-27 10:32:18,196 WARN org.springframework.web.servlet.handler.AbstractHandlerExceptionResolver [http-nio-8080-exec-1] []: Resolved [com.quiz.exception.ResourceForbiddenRequestException: 80913@You can't access ]
2022-05-27 10:32:19,878 WARN org.springframework.web.servlet.handler.AbstractHandlerExceptionResolver [http-nio-8080-exec-3] []: Resolved [com.quiz.exception.ResourceForbiddenRequestException: 80913@You can't access ]
2022-05-27 10:32:22,610 WARN org.springframework.web.servlet.handler.AbstractHandlerExceptionResolver [http-nio-8080-exec-4] []: Resolved [com.quiz.exception.ResourceForbiddenRequestException: 80913@You can't access ]
2022-05-27 10:32:23,465 WARN org.springframework.web.servlet.handler.AbstractHandlerExceptionResolver [http-nio-8080-exec-5] []: Resolved [com.quiz.exception.ResourceForbiddenRequestException: 80913@You can't access ]
2022-05-27 10:32:24,323 WARN org.springframework.web.servlet.handler.AbstractHandlerExceptionResolver [http-nio-8080-exec-6] []: Resolved [com.quiz.exception.ResourceForbiddenRequestException: 80913@You can't access ]
2022-05-27 10:32:24,911 WARN org.springframework.web.servlet.handler.AbstractHandlerExceptionResolver [http-nio-8080-exec-7] []: Resolved [com.quiz.exception.ResourceForbiddenRequestException: 80913@You can't access ]
2022-05-27 10:32:46,660 WARN org.springframework.web.servlet.handler.AbstractHandlerExceptionResolver [http-nio-8080-exec-8] []: Resolved [com.quiz.exception.ResourceForbiddenRequestException: 80913@You can't access ]
2022-05-27 10:32:48,111 WARN org.springframework.web.servlet.handler.AbstractHandlerExceptionResolver [http-nio-8080-exec-9] []: Resolved [com.quiz.exception.ResourceForbiddenRequestException: 80913@You can't access ]
2022-05-27 10:33:03,941 WARN org.springframework.web.servlet.handler.AbstractHandlerExceptionResolver [http-nio-8080-exec-10] []: Resolved [com.quiz.exception.ResourceForbiddenRequestException: 80913@You can't access ]
2022-05-27 10:33:08,831 INFO org.springframework.orm.jpa.AbstractEntityManagerFactoryBean [SpringApplicationShutdownHook] []: Closing JPA EntityManagerFactory for persistence unit 'default'
2022-05-27 10:33:08,836 INFO com.zaxxer.hikari.HikariDataSource [SpringApplicationShutdownHook] []: HikariPool-1 - Shutdown initiated...
2022-05-27 10:33:08,845 INFO com.zaxxer.hikari.HikariDataSource [SpringApplicationShutdownHook] []: HikariPool-1 - Shutdown completed.
2022-05-27 10:43:00,488 INFO org.hibernate.validator.internal.util.Version [background-preinit] []: HV000001: Hibernate Validator 6.2.0.Final
2022-05-27 10:43:00,494 INFO org.springframework.boot.StartupInfoLogger [restartedMain] []: Starting QuizServiceApplication using Java 11.0.11 on LAPTOP-BP05I3UL with PID 16200 (E:\spring-boot-training\AIS-Interview-BE\quiz-service\quiz-service\target\classes started by hieu0 in E:\spring-boot-training\AIS-Interview-BE\quiz-service)
2022-05-27 10:43:00,495 INFO org.springframework.boot.SpringApplication [restartedMain] []: No active profile set, falling back to default profiles: default
2022-05-27 10:43:00,562 INFO org.springframework.boot.logging.DeferredLog [restartedMain] []: Devtools property defaults active! Set 'spring.devtools.add-properties' to 'false' to disable
2022-05-27 10:43:00,563 INFO org.springframework.boot.logging.DeferredLog [restartedMain] []: For additional web related logging consider setting the 'logging.level.web' property to 'DEBUG'
2022-05-27 10:43:01,813 INFO org.springframework.data.repository.config.RepositoryConfigurationDelegate [restartedMain] []: Bootstrapping Spring Data JPA repositories in DEFAULT mode.
2022-05-27 10:43:01,910 INFO org.springframework.data.repository.config.RepositoryConfigurationDelegate [restartedMain] []: Finished Spring Data repository scanning in 84 ms. Found 7 JPA repository interfaces.
2022-05-27 10:43:03,039 INFO org.springframework.boot.web.embedded.tomcat.TomcatWebServer [restartedMain] []: Tomcat initialized with port(s): 8080 (http)
2022-05-27 10:43:03,056 INFO org.apache.juli.logging.DirectJDKLog [restartedMain] []: Initializing ProtocolHandler ["http-nio-8080"]
2022-05-27 10:43:03,057 INFO org.apache.juli.logging.DirectJDKLog [restartedMain] []: Starting service [Tomcat]
2022-05-27 10:43:03,057 INFO org.apache.juli.logging.DirectJDKLog [restartedMain] []: Starting Servlet engine: [Apache Tomcat/9.0.54]
2022-05-27 10:43:03,234 INFO org.apache.juli.logging.DirectJDKLog [restartedMain] []: Initializing Spring embedded WebApplicationContext
2022-05-27 10:43:03,234 INFO org.springframework.boot.web.servlet.context.ServletWebServerApplicationContext [restartedMain] []: Root WebApplicationContext: initialization completed in 2670 ms
2022-05-27 10:43:03,438 INFO org.hibernate.jpa.internal.util.LogHelper [restartedMain] []: HHH000204: Processing PersistenceUnitInfo [name: default]
2022-05-27 10:43:03,498 INFO org.hibernate.Version [restartedMain] []: HHH000412: Hibernate ORM core version 5.4.32.Final
2022-05-27 10:43:03,666 INFO org.hibernate.annotations.common.reflection.java.JavaReflectionManager [restartedMain] []: HCANN000001: Hibernate Commons Annotations {5.1.2.Final}
2022-05-27 10:43:03,786 INFO com.zaxxer.hikari.HikariDataSource [restartedMain] []: HikariPool-1 - Starting...
2022-05-27 10:43:04,081 INFO com.zaxxer.hikari.HikariDataSource [restartedMain] []: HikariPool-1 - Start completed.
2022-05-27 10:43:04,111 INFO org.hibernate.dialect.Dialect [restartedMain] []: HHH000400: Using dialect: org.hibernate.dialect.PostgreSQLDialect
2022-05-27 10:43:05,831 INFO org.hibernate.engine.transaction.jta.platform.internal.JtaPlatformInitiator [restartedMain] []: HHH000490: Using JtaPlatform implementation: [org.hibernate.engine.transaction.jta.platform.internal.NoJtaPlatform]
2022-05-27 10:43:05,840 INFO org.springframework.orm.jpa.AbstractEntityManagerFactoryBean [restartedMain] []: Initialized JPA EntityManagerFactory for persistence unit 'default'
2022-05-27 10:43:06,862 WARN org.springframework.boot.autoconfigure.orm.jpa.JpaBaseConfiguration$JpaWebConfiguration [restartedMain] []: spring.jpa.open-in-view is enabled by default. Therefore, database queries may be performed during view rendering. Explicitly configure spring.jpa.open-in-view to disable this warning
2022-05-27 10:43:07,052 INFO springfox.documentation.spring.web.PropertySourcedRequestMappingHandlerMapping [restartedMain] []: Mapped URL path [/v2/api-docs] onto method [springfox.documentation.swagger2.web.Swagger2Controller#getDocumentation(String, HttpServletRequest)]
2022-05-27 10:43:07,196 INFO org.springframework.boot.devtools.autoconfigure.OptionalLiveReloadServer [restartedMain] []: LiveReload server is running on port 35729
2022-05-27 10:43:07,455 INFO org.apache.juli.logging.DirectJDKLog [restartedMain] []: Starting ProtocolHandler ["http-nio-8080"]
2022-05-27 10:43:07,484 INFO org.springframework.boot.web.embedded.tomcat.TomcatWebServer [restartedMain] []: Tomcat started on port(s): 8080 (http) with context path ''
2022-05-27 10:43:07,485 INFO springfox.documentation.spring.web.plugins.DocumentationPluginsBootstrapper [restartedMain] []: Context refreshed
2022-05-27 10:43:07,505 INFO springfox.documentation.spring.web.plugins.DocumentationPluginsBootstrapper [restartedMain] []: Found 1 custom documentation plugin(s)
2022-05-27 10:43:07,541 INFO springfox.documentation.spring.web.scanners.ApiListingReferenceScanner [restartedMain] []: Scanning for api listing references
2022-05-27 10:43:07,760 INFO springfox.documentation.spring.web.readers.operation.CachingOperationNameGenerator [restartedMain] []: Generating unique operation named: createCategoryUsingPOST_1
2022-05-27 10:43:08,113 INFO org.springframework.boot.StartupInfoLogger [restartedMain] []: Started QuizServiceApplication in 8.14 seconds (JVM running for 9.77)
2022-05-27 10:43:15,180 INFO org.apache.juli.logging.DirectJDKLog [http-nio-8080-exec-2] []: Initializing Spring DispatcherServlet 'dispatcherServlet'
2022-05-27 10:43:15,181 INFO org.springframework.web.servlet.FrameworkServlet [http-nio-8080-exec-2] []: Initializing Servlet 'dispatcherServlet'
2022-05-27 10:43:15,182 INFO org.springframework.web.servlet.FrameworkServlet [http-nio-8080-exec-2] []: Completed initialization in 1 ms
2022-05-27 10:44:26,881 INFO com.quiz.service.QuesTionService [http-nio-8080-exec-2] []: Receive info of question 0 to edit
2022-05-27 10:44:29,614 INFO org.springframework.orm.jpa.AbstractEntityManagerFactoryBean [SpringApplicationShutdownHook] []: Closing JPA EntityManagerFactory for persistence unit 'default'
2022-05-27 10:44:29,620 INFO com.zaxxer.hikari.HikariDataSource [SpringApplicationShutdownHook] []: HikariPool-1 - Shutdown initiated...
2022-05-27 10:44:29,646 INFO com.zaxxer.hikari.HikariDataSource [SpringApplicationShutdownHook] []: HikariPool-1 - Shutdown completed.
2022-05-27 10:44:46,584 INFO org.hibernate.validator.internal.util.Version [background-preinit] []: HV000001: Hibernate Validator 6.2.0.Final
2022-05-27 10:44:46,596 INFO org.springframework.boot.StartupInfoLogger [restartedMain] []: Starting QuizServiceApplication using Java 11.0.11 on LAPTOP-BP05I3UL with PID 21236 (E:\spring-boot-training\AIS-Interview-BE\quiz-service\quiz-service\target\classes started by hieu0 in E:\spring-boot-training\AIS-Interview-BE\quiz-service)
2022-05-27 10:44:46,598 INFO org.springframework.boot.SpringApplication [restartedMain] []: No active profile set, falling back to default profiles: default
2022-05-27 10:44:46,667 INFO org.springframework.boot.logging.DeferredLog [restartedMain] []: Devtools property defaults active! Set 'spring.devtools.add-properties' to 'false' to disable
2022-05-27 10:44:46,667 INFO org.springframework.boot.logging.DeferredLog [restartedMain] []: For additional web related logging consider setting the 'logging.level.web' property to 'DEBUG'
2022-05-27 10:44:47,743 INFO org.springframework.data.repository.config.RepositoryConfigurationDelegate [restartedMain] []: Bootstrapping Spring Data JPA repositories in DEFAULT mode.
2022-05-27 10:44:47,847 INFO org.springframework.data.repository.config.RepositoryConfigurationDelegate [restartedMain] []: Finished Spring Data repository scanning in 89 ms. Found 7 JPA repository interfaces.
2022-05-27 10:44:48,965 INFO org.springframework.boot.web.embedded.tomcat.TomcatWebServer [restartedMain] []: Tomcat initialized with port(s): 8080 (http)
2022-05-27 10:44:48,982 INFO org.apache.juli.logging.DirectJDKLog [restartedMain] []: Initializing ProtocolHandler ["http-nio-8080"]
2022-05-27 10:44:48,983 INFO org.apache.juli.logging.DirectJDKLog [restartedMain] []: Starting service [Tomcat]
2022-05-27 10:44:48,984 INFO org.apache.juli.logging.DirectJDKLog [restartedMain] []: Starting Servlet engine: [Apache Tomcat/9.0.54]
2022-05-27 10:44:49,218 INFO org.apache.juli.logging.DirectJDKLog [restartedMain] []: Initializing Spring embedded WebApplicationContext
2022-05-27 10:44:49,218 INFO org.springframework.boot.web.servlet.context.ServletWebServerApplicationContext [restartedMain] []: Root WebApplicationContext: initialization completed in 2549 ms
2022-05-27 10:44:49,392 INFO org.hibernate.jpa.internal.util.LogHelper [restartedMain] []: HHH000204: Processing PersistenceUnitInfo [name: default]
2022-05-27 10:44:49,441 INFO org.hibernate.Version [restartedMain] []: HHH000412: Hibernate ORM core version 5.4.32.Final
2022-05-27 10:44:49,566 INFO org.hibernate.annotations.common.reflection.java.JavaReflectionManager [restartedMain] []: HCANN000001: Hibernate Commons Annotations {5.1.2.Final}
2022-05-27 10:44:49,692 INFO com.zaxxer.hikari.HikariDataSource [restartedMain] []: HikariPool-1 - Starting...
2022-05-27 10:44:49,891 INFO com.zaxxer.hikari.HikariDataSource [restartedMain] []: HikariPool-1 - Start completed.
2022-05-27 10:44:49,910 INFO org.hibernate.dialect.Dialect [restartedMain] []: HHH000400: Using dialect: org.hibernate.dialect.PostgreSQLDialect
2022-05-27 10:44:51,236 INFO org.hibernate.engine.transaction.jta.platform.internal.JtaPlatformInitiator [restartedMain] []: HHH000490: Using JtaPlatform implementation: [org.hibernate.engine.transaction.jta.platform.internal.NoJtaPlatform]
2022-05-27 10:44:51,244 INFO org.springframework.orm.jpa.AbstractEntityManagerFactoryBean [restartedMain] []: Initialized JPA EntityManagerFactory for persistence unit 'default'
2022-05-27 10:44:52,084 WARN org.springframework.boot.autoconfigure.orm.jpa.JpaBaseConfiguration$JpaWebConfiguration [restartedMain] []: spring.jpa.open-in-view is enabled by default. Therefore, database queries may be performed during view rendering. Explicitly configure spring.jpa.open-in-view to disable this warning
2022-05-27 10:44:52,245 INFO springfox.documentation.spring.web.PropertySourcedRequestMappingHandlerMapping [restartedMain] []: Mapped URL path [/v2/api-docs] onto method [springfox.documentation.swagger2.web.Swagger2Controller#getDocumentation(String, HttpServletRequest)]
2022-05-27 10:44:52,415 INFO org.springframework.boot.devtools.autoconfigure.OptionalLiveReloadServer [restartedMain] []: LiveReload server is running on port 35729
2022-05-27 10:44:52,591 INFO org.apache.juli.logging.DirectJDKLog [restartedMain] []: Starting ProtocolHandler ["http-nio-8080"]
2022-05-27 10:44:52,610 INFO org.springframework.boot.web.embedded.tomcat.TomcatWebServer [restartedMain] []: Tomcat started on port(s): 8080 (http) with context path ''
2022-05-27 10:44:52,611 INFO springfox.documentation.spring.web.plugins.DocumentationPluginsBootstrapper [restartedMain] []: Context refreshed
2022-05-27 10:44:52,636 INFO springfox.documentation.spring.web.plugins.DocumentationPluginsBootstrapper [restartedMain] []: Found 1 custom documentation plugin(s)
2022-05-27 10:44:52,672 INFO springfox.documentation.spring.web.scanners.ApiListingReferenceScanner [restartedMain] []: Scanning for api listing references
2022-05-27 10:44:52,830 INFO springfox.documentation.spring.web.readers.operation.CachingOperationNameGenerator [restartedMain] []: Generating unique operation named: createCategoryUsingPOST_1
2022-05-27 10:44:53,129 INFO org.springframework.boot.StartupInfoLogger [restartedMain] []: Started QuizServiceApplication in 7.101 seconds (JVM running for 8.08)
2022-05-27 10:44:58,805 INFO org.apache.juli.logging.DirectJDKLog [http-nio-8080-exec-1] []: Initializing Spring DispatcherServlet 'dispatcherServlet'
2022-05-27 10:44:58,805 INFO org.springframework.web.servlet.FrameworkServlet [http-nio-8080-exec-1] []: Initializing Servlet 'dispatcherServlet'
2022-05-27 10:44:58,806 INFO org.springframework.web.servlet.FrameworkServlet [http-nio-8080-exec-1] []: Completed initialization in 1 ms
2022-05-27 10:44:58,983 INFO com.quiz.service.QuesTionService [http-nio-8080-exec-1] []: Receive info of question 0 to edit
2022-05-27 10:47:50,096 INFO org.springframework.orm.jpa.AbstractEntityManagerFactoryBean [SpringApplicationShutdownHook] []: Closing JPA EntityManagerFactory for persistence unit 'default'
2022-05-27 10:47:50,100 INFO com.zaxxer.hikari.HikariDataSource [SpringApplicationShutdownHook] []: HikariPool-1 - Shutdown initiated...
2022-05-27 10:47:50,109 INFO com.zaxxer.hikari.HikariDataSource [SpringApplicationShutdownHook] []: HikariPool-1 - Shutdown completed.
2022-05-27 11:08:58,645 INFO org.springframework.boot.StartupInfoLogger [restartedMain] []: Starting QuizServiceApplication using Java 11.0.11 on LAPTOP-BP05I3UL with PID 7400 (E:\spring-boot-training\AIS-Interview-BE\quiz-service\quiz-service\target\classes started by hieu0 in E:\spring-boot-training\AIS-Interview-BE\quiz-service)
2022-05-27 11:08:58,646 INFO org.hibernate.validator.internal.util.Version [background-preinit] []: HV000001: Hibernate Validator 6.2.0.Final
2022-05-27 11:08:58,648 INFO org.springframework.boot.SpringApplication [restartedMain] []: No active profile set, falling back to default profiles: default
2022-05-27 11:08:58,704 INFO org.springframework.boot.logging.DeferredLog [restartedMain] []: Devtools property defaults active! Set 'spring.devtools.add-properties' to 'false' to disable
2022-05-27 11:08:58,705 INFO org.springframework.boot.logging.DeferredLog [restartedMain] []: For additional web related logging consider setting the 'logging.level.web' property to 'DEBUG'
2022-05-27 11:09:00,482 INFO org.springframework.data.repository.config.RepositoryConfigurationDelegate [restartedMain] []: Bootstrapping Spring Data JPA repositories in DEFAULT mode.
2022-05-27 11:09:00,566 INFO org.springframework.data.repository.config.RepositoryConfigurationDelegate [restartedMain] []: Finished Spring Data repository scanning in 75 ms. Found 7 JPA repository interfaces.
2022-05-27 11:09:01,586 INFO org.springframework.boot.web.embedded.tomcat.TomcatWebServer [restartedMain] []: Tomcat initialized with port(s): 8080 (http)
2022-05-27 11:09:01,599 INFO org.apache.juli.logging.DirectJDKLog [restartedMain] []: Initializing ProtocolHandler ["http-nio-8080"]
2022-05-27 11:09:01,599 INFO org.apache.juli.logging.DirectJDKLog [restartedMain] []: Starting service [Tomcat]
2022-05-27 11:09:01,600 INFO org.apache.juli.logging.DirectJDKLog [restartedMain] []: Starting Servlet engine: [Apache Tomcat/9.0.54]
2022-05-27 11:09:01,725 INFO org.apache.juli.logging.DirectJDKLog [restartedMain] []: Initializing Spring embedded WebApplicationContext
2022-05-27 11:09:01,726 INFO org.springframework.boot.web.servlet.context.ServletWebServerApplicationContext [restartedMain] []: Root WebApplicationContext: initialization completed in 3021 ms
2022-05-27 11:09:02,007 INFO org.hibernate.jpa.internal.util.LogHelper [restartedMain] []: HHH000204: Processing PersistenceUnitInfo [name: default]
2022-05-27 11:09:02,069 INFO org.hibernate.Version [restartedMain] []: HHH000412: Hibernate ORM core version 5.4.32.Final
2022-05-27 11:09:02,199 INFO org.hibernate.annotations.common.reflection.java.JavaReflectionManager [restartedMain] []: HCANN000001: Hibernate Commons Annotations {5.1.2.Final}
2022-05-27 11:09:02,324 INFO com.zaxxer.hikari.HikariDataSource [restartedMain] []: HikariPool-1 - Starting...
2022-05-27 11:09:02,582 INFO com.zaxxer.hikari.HikariDataSource [restartedMain] []: HikariPool-1 - Start completed.
2022-05-27 11:09:02,603 INFO org.hibernate.dialect.Dialect [restartedMain] []: HHH000400: Using dialect: org.hibernate.dialect.PostgreSQLDialect
2022-05-27 11:09:04,267 INFO org.hibernate.engine.transaction.jta.platform.internal.JtaPlatformInitiator [restartedMain] []: HHH000490: Using JtaPlatform implementation: [org.hibernate.engine.transaction.jta.platform.internal.NoJtaPlatform]
2022-05-27 11:09:04,274 INFO org.springframework.orm.jpa.AbstractEntityManagerFactoryBean [restartedMain] []: Initialized JPA EntityManagerFactory for persistence unit 'default'
2022-05-27 11:09:05,169 WARN org.springframework.boot.autoconfigure.orm.jpa.JpaBaseConfiguration$JpaWebConfiguration [restartedMain] []: spring.jpa.open-in-view is enabled by default. Therefore, database queries may be performed during view rendering. Explicitly configure spring.jpa.open-in-view to disable this warning
2022-05-27 11:09:05,327 INFO springfox.documentation.spring.web.PropertySourcedRequestMappingHandlerMapping [restartedMain] []: Mapped URL path [/v2/api-docs] onto method [springfox.documentation.swagger2.web.Swagger2Controller#getDocumentation(String, HttpServletRequest)]
2022-05-27 11:09:05,466 INFO org.springframework.boot.devtools.autoconfigure.OptionalLiveReloadServer [restartedMain] []: LiveReload server is running on port 35729
2022-05-27 11:09:05,644 INFO org.apache.juli.logging.DirectJDKLog [restartedMain] []: Starting ProtocolHandler ["http-nio-8080"]
2022-05-27 11:09:05,663 INFO org.springframework.boot.web.embedded.tomcat.TomcatWebServer [restartedMain] []: Tomcat started on port(s): 8080 (http) with context path ''
2022-05-27 11:09:05,664 INFO springfox.documentation.spring.web.plugins.DocumentationPluginsBootstrapper [restartedMain] []: Context refreshed
2022-05-27 11:09:05,685 INFO springfox.documentation.spring.web.plugins.DocumentationPluginsBootstrapper [restartedMain] []: Found 1 custom documentation plugin(s)
2022-05-27 11:09:05,705 INFO springfox.documentation.spring.web.scanners.ApiListingReferenceScanner [restartedMain] []: Scanning for api listing references
2022-05-27 11:09:05,852 INFO springfox.documentation.spring.web.readers.operation.CachingOperationNameGenerator [restartedMain] []: Generating unique operation named: createCategoryUsingPOST_1
2022-05-27 11:09:06,122 INFO org.springframework.boot.StartupInfoLogger [restartedMain] []: Started QuizServiceApplication in 7.958 seconds (JVM running for 8.917)
2022-05-27 11:09:18,241 INFO org.apache.juli.logging.DirectJDKLog [http-nio-8080-exec-1] []: Initializing Spring DispatcherServlet 'dispatcherServlet'
2022-05-27 11:09:18,241 INFO org.springframework.web.servlet.FrameworkServlet [http-nio-8080-exec-1] []: Initializing Servlet 'dispatcherServlet'
2022-05-27 11:09:18,242 INFO org.springframework.web.servlet.FrameworkServlet [http-nio-8080-exec-1] []: Completed initialization in 1 ms
2022-05-27 11:09:19,098 INFO com.quiz.service.QuesTionService [http-nio-8080-exec-1] []: Receive info of question John went red after sitting----------- the sun all day. to create
2022-05-27 11:09:19,248 INFO com.quiz.service.QuesTionService [http-nio-8080-exec-1] []: Receive info of question He didn’t want cash, so I paid the bill----------- credit card to create
2022-05-27 11:09:19,264 INFO com.quiz.service.QuesTionService [http-nio-8080-exec-1] []: Receive info of question Jim doesn’t enjoy-------------- sport. to create
2022-05-27 11:09:19,278 INFO com.quiz.service.QuesTionService [http-nio-8080-exec-1] []: Receive info of question We are trying ----------- money to buy a house to create
2022-05-27 11:09:19,295 INFO com.quiz.service.QuesTionService [http-nio-8080-exec-1] []: Receive info of question Would you like something-----------? to create
2022-05-27 11:09:19,313 INFO com.quiz.service.QuesTionService [http-nio-8080-exec-1] []: Receive info of question Our teacher doesn’t let us -------------- gum in class. to create
2022-05-27 11:09:19,329 INFO com.quiz.service.QuesTionService [http-nio-8080-exec-1] []: Receive info of question It’s hard ------------ my father as a child. to create
2022-05-27 11:09:19,344 INFO com.quiz.service.QuesTionService [http-nio-8080-exec-1] []: Receive info of question My dad made me ------------- my homework everyday to create
2022-05-27 11:09:19,359 INFO com.quiz.service.QuesTionService [http-nio-8080-exec-1] []: Receive info of question I wouldn’t like -------- a marathon. to create
2022-05-27 11:09:19,375 INFO com.quiz.service.QuesTionService [http-nio-8080-exec-1] []: Receive info of question It’s impossible ----------- Chinese in a year. to create
2022-05-27 11:09:19,386 INFO com.quiz.service.QuesTionService [http-nio-8080-exec-1] []: Receive info of question I’m not used to ---------- as early as this. to create
2022-05-27 11:09:19,399 INFO com.quiz.service.QuesTionService [http-nio-8080-exec-1] []: Receive info of question We managed ---------- home before the rain started. to create
2022-05-27 11:09:19,412 INFO com.quiz.service.QuesTionService [http-nio-8080-exec-1] []: Receive info of question £ 300 for shoes! That’s -------------! to create
2022-05-27 11:09:19,426 INFO com.quiz.service.QuesTionService [http-nio-8080-exec-1] []: Receive info of question When my children were little we -------- hours playing in the garden. to create
2022-05-27 11:09:19,437 INFO com.quiz.service.QuesTionService [http-nio-8080-exec-1] []: Receive info of question I really need -------- new jacket. to create
2022-05-27 11:09:19,450 INFO com.quiz.service.QuesTionService [http-nio-8080-exec-1] []: Receive info of question You --------- eat and drink in class to create
2022-05-27 11:09:19,466 INFO com.quiz.service.QuesTionService [http-nio-8080-exec-1] []: Receive info of question -----------is still a major world problem. to create
2022-05-27 11:09:19,478 INFO com.quiz.service.QuesTionService [http-nio-8080-exec-1] []: Receive info of question My sweetheart --------------- smoking next week. to create
2022-05-27 11:09:19,489 INFO com.quiz.service.QuesTionService [http-nio-8080-exec-1] []: Receive info of question 1. Computerization has changed high school education in many ways. The first is the use of the
computer as a teaching aid for teachers. The next is the massive data storage and fast data gain from
computers. In early 1980s only 20% of high school teachers in the US used computers. However, since
then high schools in the US have computerized rapidly. In 1987, school acquired about 1.5 million
computers with 95% of the schools having at least one computer. At school, teachers can use a computer
to bring texts, sound and pictures into a classroom. With a computer, they can more readily attract and
retain students’ attention. Computers can also speed up the teaching process and make difficult- toexplain ideas straights forward. This means that teachers can spend more time answering students’
questions and catering for other needs. Computer software can shorten the learning process by illustrating
real world applications of abstract theories.
1. What is the main idea of the text? to create
2022-05-27 11:09:19,510 INFO com.quiz.service.QuesTionService [http-nio-8080-exec-1] []: Receive info of question 2. According to the passage, which sentence is not true? to create
2022-05-27 11:09:19,518 INFO com.quiz.service.QuesTionService [http-nio-8080-exec-1] []: Receive info of question 3. The word “they” refer to -------- to create
2022-05-27 11:09:19,529 INFO com.quiz.service.QuesTionService [http-nio-8080-exec-1] []: Receive info of question 4. In 1987, ---------- to create
2022-05-27 11:09:19,542 INFO com.quiz.service.QuesTionService [http-nio-8080-exec-1] []: Receive info of question 5. With a computer, --------- to create
2022-05-27 11:09:19,556 INFO com.quiz.service.QuesTionService [http-nio-8080-exec-1] []: Receive info of question  Have you ever wanted something crazily, worked and suffered for it, and then, after getting it you
found out that it did not make you happy? This is the experience that most of the people who sought gold
had got. In 1896, gold was discovered in the Klondike area of the Yukon, a remote part of northern
Canada, and the great “gold rush” was on. Thousands of people came from many other places with one
dream which was to get rich quickly. Some did. Some became millionaires overnight only to lose
everything in a card game the next day. Others died because temperatures often dropped to - 50ºC, or else
were murdered or killed in accidents or fighting. The style of life was rough and hard.
1. This passage is about --------------. to create
2022-05-27 11:09:19,569 INFO com.quiz.service.QuesTionService [http-nio-8080-exec-1] []: Receive info of question 2. According to the writer, -------------. to create
2022-05-27 11:09:19,582 INFO com.quiz.service.QuesTionService [http-nio-8080-exec-1] []: Receive info of question 3. Gold -------------. to create
2022-05-27 11:09:19,592 INFO com.quiz.service.QuesTionService [http-nio-8080-exec-1] []: Receive info of question 4. Gold seekers ------------ to create
2022-05-27 11:09:19,603 INFO com.quiz.service.QuesTionService [http-nio-8080-exec-1] []: Receive info of question 5. The Klondike ------------ to create
2022-05-27 11:18:14,132 INFO org.springframework.orm.jpa.AbstractEntityManagerFactoryBean [SpringApplicationShutdownHook] []: Closing JPA EntityManagerFactory for persistence unit 'default'
2022-05-27 11:18:14,136 INFO com.zaxxer.hikari.HikariDataSource [SpringApplicationShutdownHook] []: HikariPool-1 - Shutdown initiated...
2022-05-27 11:18:14,147 INFO com.zaxxer.hikari.HikariDataSource [SpringApplicationShutdownHook] []: HikariPool-1 - Shutdown completed.
