2022-06-06 09:44:46,593 INFO org.springframework.test.context.support.AbstractTestContextBootstrapper [main] []: Neither @ContextConfiguration nor @ContextHierarchy found for test class [com.quiz.QuizServiceApplicationTests], using SpringBootContextLoader
2022-06-06 09:44:46,599 INFO org.springframework.test.context.support.AbstractContextLoader [main] []: Could not detect default resource locations for test class [com.quiz.QuizServiceApplicationTests]: no resource found for suffixes {-context.xml, Context.groovy}.
2022-06-06 09:44:46,600 INFO org.springframework.test.context.support.AnnotationConfigContextLoaderUtils [main] []: Could not detect default configuration classes for test class [com.quiz.QuizServiceApplicationTests]: QuizServiceApplicationTests does not declare any static, non-private, non-final, nested classes annotated with @Configuration.
2022-06-06 09:44:46,687 INFO org.springframework.boot.test.context.SpringBootTestContextBootstrapper [main] []: Found @SpringBootConfiguration com.quiz.QuizServiceApplication for test class com.quiz.QuizServiceApplicationTests
2022-06-06 09:44:46,784 INFO org.springframework.test.context.support.AbstractTestContextBootstrapper [main] []: Loaded default TestExecutionListener class names from location [META-INF/spring.factories]: [org.springframework.boot.test.mock.mockito.MockitoTestExecutionListener, org.springframework.boot.test.mock.mockito.ResetMocksTestExecutionListener, org.springframework.boot.test.autoconfigure.restdocs.RestDocsTestExecutionListener, org.springframework.boot.test.autoconfigure.web.client.MockRestServiceServerResetTestExecutionListener, org.springframework.boot.test.autoconfigure.web.servlet.MockMvcPrintOnlyOnFailureTestExecutionListener, org.springframework.boot.test.autoconfigure.web.servlet.WebDriverTestExecutionListener, org.springframework.boot.test.autoconfigure.webservices.client.MockWebServiceServerTestExecutionListener, org.springframework.test.context.web.ServletTestExecutionListener, org.springframework.test.context.support.DirtiesContextBeforeModesTestExecutionListener, org.springframework.test.context.event.ApplicationEventsTestExecutionListener, org.springframework.test.context.support.DependencyInjectionTestExecutionListener, org.springframework.test.context.support.DirtiesContextTestExecutionListener, org.springframework.test.context.transaction.TransactionalTestExecutionListener, org.springframework.test.context.jdbc.SqlScriptsTestExecutionListener, org.springframework.test.context.event.EventPublishingTestExecutionListener]
2022-06-06 09:44:46,805 INFO org.springframework.test.context.support.AbstractTestContextBootstrapper [main] []: Using TestExecutionListeners: [org.springframework.test.context.web.ServletTestExecutionListener@388ffbc2, org.springframework.test.context.support.DirtiesContextBeforeModesTestExecutionListener@a50b09c, org.springframework.test.context.event.ApplicationEventsTestExecutionListener@4da855dd, org.springframework.boot.test.mock.mockito.MockitoTestExecutionListener@6691490c, org.springframework.boot.test.autoconfigure.SpringBootDependencyInjectionTestExecutionListener@2187fff7, org.springframework.test.context.support.DirtiesContextTestExecutionListener@2e5c7f0b, org.springframework.test.context.transaction.TransactionalTestExecutionListener@21d5c1a0, org.springframework.test.context.jdbc.SqlScriptsTestExecutionListener@4de025bf, org.springframework.test.context.event.EventPublishingTestExecutionListener@538613b3, org.springframework.boot.test.mock.mockito.ResetMocksTestExecutionListener@1eef9aef, org.springframework.boot.test.autoconfigure.restdocs.RestDocsTestExecutionListener@11389053, org.springframework.boot.test.autoconfigure.web.client.MockRestServiceServerResetTestExecutionListener@5db99216, org.springframework.boot.test.autoconfigure.web.servlet.MockMvcPrintOnlyOnFailureTestExecutionListener@3ec11999, org.springframework.boot.test.autoconfigure.web.servlet.WebDriverTestExecutionListener@5c1bd44c, org.springframework.boot.test.autoconfigure.webservices.client.MockWebServiceServerTestExecutionListener@9f46d94]
2022-06-06 09:44:47,079 INFO org.springframework.boot.StartupInfoLogger [main] []: Starting QuizServiceApplicationTests using Java 11.0.11 on LAPTOP-BP05I3UL with PID 21324 (started by hieu0 in E:\spring-boot-training\AIS-Interview-BE\quiz-service\quiz-service)
2022-06-06 09:44:47,081 INFO org.springframework.boot.SpringApplication [main] []: No active profile set, falling back to default profiles: default
2022-06-06 09:44:47,100 INFO org.hibernate.validator.internal.util.Version [background-preinit] []: HV000001: Hibernate Validator 6.2.0.Final
2022-06-06 09:44:48,047 INFO org.springframework.data.repository.config.RepositoryConfigurationDelegate [main] []: Bootstrapping Spring Data JPA repositories in DEFAULT mode.
2022-06-06 09:44:48,116 INFO org.springframework.data.repository.config.RepositoryConfigurationDelegate [main] []: Finished Spring Data repository scanning in 59 ms. Found 7 JPA repository interfaces.
2022-06-06 09:44:48,740 INFO org.hibernate.jpa.internal.util.LogHelper [main] []: HHH000204: Processing PersistenceUnitInfo [name: default]
2022-06-06 09:44:48,798 INFO org.hibernate.Version [main] []: HHH000412: Hibernate ORM core version 5.4.32.Final
2022-06-06 09:44:48,935 INFO org.hibernate.annotations.common.reflection.java.JavaReflectionManager [main] []: HCANN000001: Hibernate Commons Annotations {5.1.2.Final}
2022-06-06 09:44:49,302 INFO com.zaxxer.hikari.HikariDataSource [main] []: HikariPool-1 - Starting...
2022-06-06 09:44:49,480 INFO com.zaxxer.hikari.HikariDataSource [main] []: HikariPool-1 - Start completed.
2022-06-06 09:44:49,496 INFO org.hibernate.dialect.Dialect [main] []: HHH000400: Using dialect: org.hibernate.dialect.PostgreSQLDialect
2022-06-06 09:44:50,810 INFO org.hibernate.engine.transaction.jta.platform.internal.JtaPlatformInitiator [main] []: HHH000490: Using JtaPlatform implementation: [org.hibernate.engine.transaction.jta.platform.internal.NoJtaPlatform]
2022-06-06 09:44:50,818 INFO org.springframework.orm.jpa.AbstractEntityManagerFactoryBean [main] []: Initialized JPA EntityManagerFactory for persistence unit 'default'
2022-06-06 09:44:51,664 WARN org.springframework.boot.autoconfigure.orm.jpa.JpaBaseConfiguration$JpaWebConfiguration [main] []: spring.jpa.open-in-view is enabled by default. Therefore, database queries may be performed during view rendering. Explicitly configure spring.jpa.open-in-view to disable this warning
2022-06-06 09:44:51,977 INFO springfox.documentation.spring.web.PropertySourcedRequestMappingHandlerMapping [main] []: Mapped URL path [/v2/api-docs] onto method [springfox.documentation.swagger2.web.Swagger2Controller#getDocumentation(String, HttpServletRequest)]
2022-06-06 09:44:52,519 INFO springfox.documentation.spring.web.plugins.DocumentationPluginsBootstrapper [main] []: Context refreshed
2022-06-06 09:44:52,535 INFO springfox.documentation.spring.web.plugins.DocumentationPluginsBootstrapper [main] []: Found 1 custom documentation plugin(s)
2022-06-06 09:44:52,560 INFO springfox.documentation.spring.web.scanners.ApiListingReferenceScanner [main] []: Scanning for api listing references
2022-06-06 09:44:52,693 INFO springfox.documentation.spring.web.readers.operation.CachingOperationNameGenerator [main] []: Generating unique operation named: createCategoryUsingPOST_1
2022-06-06 09:44:52,918 INFO org.springframework.boot.StartupInfoLogger [main] []: Started QuizServiceApplicationTests in 6.063 seconds (JVM running for 7.42)
2022-06-06 09:44:53,064 INFO org.springframework.orm.jpa.AbstractEntityManagerFactoryBean [SpringApplicationShutdownHook] []: Closing JPA EntityManagerFactory for persistence unit 'default'
2022-06-06 09:44:53,068 INFO com.zaxxer.hikari.HikariDataSource [SpringApplicationShutdownHook] []: HikariPool-1 - Shutdown initiated...
2022-06-06 09:44:53,083 INFO com.zaxxer.hikari.HikariDataSource [SpringApplicationShutdownHook] []: HikariPool-1 - Shutdown completed.
2022-06-06 09:49:04,749 INFO org.springframework.test.context.support.AbstractTestContextBootstrapper [main] []: Neither @ContextConfiguration nor @ContextHierarchy found for test class [com.quiz.QuizServiceApplicationTests], using SpringBootContextLoader
2022-06-06 09:49:04,756 INFO org.springframework.test.context.support.AbstractContextLoader [main] []: Could not detect default resource locations for test class [com.quiz.QuizServiceApplicationTests]: no resource found for suffixes {-context.xml, Context.groovy}.
2022-06-06 09:49:04,756 INFO org.springframework.test.context.support.AnnotationConfigContextLoaderUtils [main] []: Could not detect default configuration classes for test class [com.quiz.QuizServiceApplicationTests]: QuizServiceApplicationTests does not declare any static, non-private, non-final, nested classes annotated with @Configuration.
2022-06-06 09:49:04,877 INFO org.springframework.boot.test.context.SpringBootTestContextBootstrapper [main] []: Found @SpringBootConfiguration com.quiz.QuizServiceApplication for test class com.quiz.QuizServiceApplicationTests
2022-06-06 09:49:05,000 INFO org.springframework.test.context.support.AbstractTestContextBootstrapper [main] []: Loaded default TestExecutionListener class names from location [META-INF/spring.factories]: [org.springframework.boot.test.mock.mockito.MockitoTestExecutionListener, org.springframework.boot.test.mock.mockito.ResetMocksTestExecutionListener, org.springframework.boot.test.autoconfigure.restdocs.RestDocsTestExecutionListener, org.springframework.boot.test.autoconfigure.web.client.MockRestServiceServerResetTestExecutionListener, org.springframework.boot.test.autoconfigure.web.servlet.MockMvcPrintOnlyOnFailureTestExecutionListener, org.springframework.boot.test.autoconfigure.web.servlet.WebDriverTestExecutionListener, org.springframework.boot.test.autoconfigure.webservices.client.MockWebServiceServerTestExecutionListener, org.springframework.test.context.web.ServletTestExecutionListener, org.springframework.test.context.support.DirtiesContextBeforeModesTestExecutionListener, org.springframework.test.context.event.ApplicationEventsTestExecutionListener, org.springframework.test.context.support.DependencyInjectionTestExecutionListener, org.springframework.test.context.support.DirtiesContextTestExecutionListener, org.springframework.test.context.transaction.TransactionalTestExecutionListener, org.springframework.test.context.jdbc.SqlScriptsTestExecutionListener, org.springframework.test.context.event.EventPublishingTestExecutionListener]
2022-06-06 09:49:05,018 INFO org.springframework.test.context.support.AbstractTestContextBootstrapper [main] []: Using TestExecutionListeners: [org.springframework.test.context.web.ServletTestExecutionListener@388ffbc2, org.springframework.test.context.support.DirtiesContextBeforeModesTestExecutionListener@a50b09c, org.springframework.test.context.event.ApplicationEventsTestExecutionListener@4da855dd, org.springframework.boot.test.mock.mockito.MockitoTestExecutionListener@6691490c, org.springframework.boot.test.autoconfigure.SpringBootDependencyInjectionTestExecutionListener@2187fff7, org.springframework.test.context.support.DirtiesContextTestExecutionListener@2e5c7f0b, org.springframework.test.context.transaction.TransactionalTestExecutionListener@21d5c1a0, org.springframework.test.context.jdbc.SqlScriptsTestExecutionListener@4de025bf, org.springframework.test.context.event.EventPublishingTestExecutionListener@538613b3, org.springframework.boot.test.mock.mockito.ResetMocksTestExecutionListener@1eef9aef, org.springframework.boot.test.autoconfigure.restdocs.RestDocsTestExecutionListener@11389053, org.springframework.boot.test.autoconfigure.web.client.MockRestServiceServerResetTestExecutionListener@5db99216, org.springframework.boot.test.autoconfigure.web.servlet.MockMvcPrintOnlyOnFailureTestExecutionListener@3ec11999, org.springframework.boot.test.autoconfigure.web.servlet.WebDriverTestExecutionListener@5c1bd44c, org.springframework.boot.test.autoconfigure.webservices.client.MockWebServiceServerTestExecutionListener@9f46d94]
2022-06-06 09:49:05,300 INFO org.springframework.boot.StartupInfoLogger [main] []: Starting QuizServiceApplicationTests using Java 11.0.11 on LAPTOP-BP05I3UL with PID 9632 (started by hieu0 in E:\spring-boot-training\AIS-Interview-BE\quiz-service\quiz-service)
2022-06-06 09:49:05,301 INFO org.springframework.boot.SpringApplication [main] []: No active profile set, falling back to default profiles: default
2022-06-06 09:49:05,305 INFO org.hibernate.validator.internal.util.Version [background-preinit] []: HV000001: Hibernate Validator 6.2.0.Final
2022-06-06 09:49:06,170 INFO org.springframework.data.repository.config.RepositoryConfigurationDelegate [main] []: Bootstrapping Spring Data JPA repositories in DEFAULT mode.
2022-06-06 09:49:06,234 INFO org.springframework.data.repository.config.RepositoryConfigurationDelegate [main] []: Finished Spring Data repository scanning in 55 ms. Found 7 JPA repository interfaces.
2022-06-06 09:49:06,790 INFO org.hibernate.jpa.internal.util.LogHelper [main] []: HHH000204: Processing PersistenceUnitInfo [name: default]
2022-06-06 09:49:06,838 INFO org.hibernate.Version [main] []: HHH000412: Hibernate ORM core version 5.4.32.Final
2022-06-06 09:49:06,969 INFO org.hibernate.annotations.common.reflection.java.JavaReflectionManager [main] []: HCANN000001: Hibernate Commons Annotations {5.1.2.Final}
2022-06-06 09:49:07,329 INFO com.zaxxer.hikari.HikariDataSource [main] []: HikariPool-1 - Starting...
2022-06-06 09:49:07,547 INFO com.zaxxer.hikari.HikariDataSource [main] []: HikariPool-1 - Start completed.
2022-06-06 09:49:07,563 INFO org.hibernate.dialect.Dialect [main] []: HHH000400: Using dialect: org.hibernate.dialect.PostgreSQLDialect
2022-06-06 09:49:08,942 INFO org.hibernate.engine.transaction.jta.platform.internal.JtaPlatformInitiator [main] []: HHH000490: Using JtaPlatform implementation: [org.hibernate.engine.transaction.jta.platform.internal.NoJtaPlatform]
2022-06-06 09:49:08,949 INFO org.springframework.orm.jpa.AbstractEntityManagerFactoryBean [main] []: Initialized JPA EntityManagerFactory for persistence unit 'default'
2022-06-06 09:49:09,838 WARN org.springframework.boot.autoconfigure.orm.jpa.JpaBaseConfiguration$JpaWebConfiguration [main] []: spring.jpa.open-in-view is enabled by default. Therefore, database queries may be performed during view rendering. Explicitly configure spring.jpa.open-in-view to disable this warning
2022-06-06 09:49:10,122 INFO springfox.documentation.spring.web.PropertySourcedRequestMappingHandlerMapping [main] []: Mapped URL path [/v2/api-docs] onto method [springfox.documentation.swagger2.web.Swagger2Controller#getDocumentation(String, HttpServletRequest)]
2022-06-06 09:49:10,664 INFO springfox.documentation.spring.web.plugins.DocumentationPluginsBootstrapper [main] []: Context refreshed
2022-06-06 09:49:10,680 INFO springfox.documentation.spring.web.plugins.DocumentationPluginsBootstrapper [main] []: Found 1 custom documentation plugin(s)
2022-06-06 09:49:10,701 INFO springfox.documentation.spring.web.scanners.ApiListingReferenceScanner [main] []: Scanning for api listing references
2022-06-06 09:49:10,829 INFO springfox.documentation.spring.web.readers.operation.CachingOperationNameGenerator [main] []: Generating unique operation named: createCategoryUsingPOST_1
2022-06-06 09:49:11,083 INFO org.springframework.boot.StartupInfoLogger [main] []: Started QuizServiceApplicationTests in 6.024 seconds (JVM running for 7.409)
2022-06-06 09:49:11,206 INFO org.springframework.orm.jpa.AbstractEntityManagerFactoryBean [SpringApplicationShutdownHook] []: Closing JPA EntityManagerFactory for persistence unit 'default'
2022-06-06 09:49:11,209 INFO com.zaxxer.hikari.HikariDataSource [SpringApplicationShutdownHook] []: HikariPool-1 - Shutdown initiated...
2022-06-06 09:49:11,218 INFO com.zaxxer.hikari.HikariDataSource [SpringApplicationShutdownHook] []: HikariPool-1 - Shutdown completed.
2022-06-06 09:52:40,463 INFO org.springframework.test.context.support.AbstractTestContextBootstrapper [main] []: Neither @ContextConfiguration nor @ContextHierarchy found for test class [com.quiz.QuizServiceApplicationTests], using SpringBootContextLoader
2022-06-06 09:52:40,470 INFO org.springframework.test.context.support.AbstractContextLoader [main] []: Could not detect default resource locations for test class [com.quiz.QuizServiceApplicationTests]: no resource found for suffixes {-context.xml, Context.groovy}.
2022-06-06 09:52:40,471 INFO org.springframework.test.context.support.AnnotationConfigContextLoaderUtils [main] []: Could not detect default configuration classes for test class [com.quiz.QuizServiceApplicationTests]: QuizServiceApplicationTests does not declare any static, non-private, non-final, nested classes annotated with @Configuration.
2022-06-06 09:52:40,587 INFO org.springframework.boot.test.context.SpringBootTestContextBootstrapper [main] []: Found @SpringBootConfiguration com.quiz.QuizServiceApplication for test class com.quiz.QuizServiceApplicationTests
2022-06-06 09:52:40,716 INFO org.springframework.test.context.support.AbstractTestContextBootstrapper [main] []: Loaded default TestExecutionListener class names from location [META-INF/spring.factories]: [org.springframework.boot.test.mock.mockito.MockitoTestExecutionListener, org.springframework.boot.test.mock.mockito.ResetMocksTestExecutionListener, org.springframework.boot.test.autoconfigure.restdocs.RestDocsTestExecutionListener, org.springframework.boot.test.autoconfigure.web.client.MockRestServiceServerResetTestExecutionListener, org.springframework.boot.test.autoconfigure.web.servlet.MockMvcPrintOnlyOnFailureTestExecutionListener, org.springframework.boot.test.autoconfigure.web.servlet.WebDriverTestExecutionListener, org.springframework.boot.test.autoconfigure.webservices.client.MockWebServiceServerTestExecutionListener, org.springframework.test.context.web.ServletTestExecutionListener, org.springframework.test.context.support.DirtiesContextBeforeModesTestExecutionListener, org.springframework.test.context.event.ApplicationEventsTestExecutionListener, org.springframework.test.context.support.DependencyInjectionTestExecutionListener, org.springframework.test.context.support.DirtiesContextTestExecutionListener, org.springframework.test.context.transaction.TransactionalTestExecutionListener, org.springframework.test.context.jdbc.SqlScriptsTestExecutionListener, org.springframework.test.context.event.EventPublishingTestExecutionListener]
2022-06-06 09:52:40,734 INFO org.springframework.test.context.support.AbstractTestContextBootstrapper [main] []: Using TestExecutionListeners: [org.springframework.test.context.web.ServletTestExecutionListener@388ffbc2, org.springframework.test.context.support.DirtiesContextBeforeModesTestExecutionListener@a50b09c, org.springframework.test.context.event.ApplicationEventsTestExecutionListener@4da855dd, org.springframework.boot.test.mock.mockito.MockitoTestExecutionListener@6691490c, org.springframework.boot.test.autoconfigure.SpringBootDependencyInjectionTestExecutionListener@2187fff7, org.springframework.test.context.support.DirtiesContextTestExecutionListener@2e5c7f0b, org.springframework.test.context.transaction.TransactionalTestExecutionListener@21d5c1a0, org.springframework.test.context.jdbc.SqlScriptsTestExecutionListener@4de025bf, org.springframework.test.context.event.EventPublishingTestExecutionListener@538613b3, org.springframework.boot.test.mock.mockito.ResetMocksTestExecutionListener@1eef9aef, org.springframework.boot.test.autoconfigure.restdocs.RestDocsTestExecutionListener@11389053, org.springframework.boot.test.autoconfigure.web.client.MockRestServiceServerResetTestExecutionListener@5db99216, org.springframework.boot.test.autoconfigure.web.servlet.MockMvcPrintOnlyOnFailureTestExecutionListener@3ec11999, org.springframework.boot.test.autoconfigure.web.servlet.WebDriverTestExecutionListener@5c1bd44c, org.springframework.boot.test.autoconfigure.webservices.client.MockWebServiceServerTestExecutionListener@9f46d94]
2022-06-06 09:52:41,002 INFO org.springframework.boot.StartupInfoLogger [main] []: Starting QuizServiceApplicationTests using Java 11.0.11 on LAPTOP-BP05I3UL with PID 20988 (started by hieu0 in E:\spring-boot-training\AIS-Interview-BE\quiz-service\quiz-service)
2022-06-06 09:52:41,004 INFO org.springframework.boot.SpringApplication [main] []: No active profile set, falling back to default profiles: default
2022-06-06 09:52:41,016 INFO org.hibernate.validator.internal.util.Version [background-preinit] []: HV000001: Hibernate Validator 6.2.0.Final
2022-06-06 09:52:41,972 INFO org.springframework.data.repository.config.RepositoryConfigurationDelegate [main] []: Bootstrapping Spring Data JPA repositories in DEFAULT mode.
2022-06-06 09:52:42,065 INFO org.springframework.data.repository.config.RepositoryConfigurationDelegate [main] []: Finished Spring Data repository scanning in 69 ms. Found 7 JPA repository interfaces.
2022-06-06 09:52:42,640 INFO org.hibernate.jpa.internal.util.LogHelper [main] []: HHH000204: Processing PersistenceUnitInfo [name: default]
2022-06-06 09:52:42,691 INFO org.hibernate.Version [main] []: HHH000412: Hibernate ORM core version 5.4.32.Final
2022-06-06 09:52:42,811 INFO org.hibernate.annotations.common.reflection.java.JavaReflectionManager [main] []: HCANN000001: Hibernate Commons Annotations {5.1.2.Final}
2022-06-06 09:52:43,153 INFO com.zaxxer.hikari.HikariDataSource [main] []: HikariPool-1 - Starting...
2022-06-06 09:52:43,409 INFO com.zaxxer.hikari.HikariDataSource [main] []: HikariPool-1 - Start completed.
2022-06-06 09:52:43,429 INFO org.hibernate.dialect.Dialect [main] []: HHH000400: Using dialect: org.hibernate.dialect.PostgreSQLDialect
2022-06-06 09:52:44,854 INFO org.hibernate.engine.transaction.jta.platform.internal.JtaPlatformInitiator [main] []: HHH000490: Using JtaPlatform implementation: [org.hibernate.engine.transaction.jta.platform.internal.NoJtaPlatform]
2022-06-06 09:52:44,868 INFO org.springframework.orm.jpa.AbstractEntityManagerFactoryBean [main] []: Initialized JPA EntityManagerFactory for persistence unit 'default'
2022-06-06 09:52:45,828 WARN org.springframework.boot.autoconfigure.orm.jpa.JpaBaseConfiguration$JpaWebConfiguration [main] []: spring.jpa.open-in-view is enabled by default. Therefore, database queries may be performed during view rendering. Explicitly configure spring.jpa.open-in-view to disable this warning
2022-06-06 09:52:46,105 INFO springfox.documentation.spring.web.PropertySourcedRequestMappingHandlerMapping [main] []: Mapped URL path [/v2/api-docs] onto method [springfox.documentation.swagger2.web.Swagger2Controller#getDocumentation(String, HttpServletRequest)]
2022-06-06 09:52:46,631 INFO springfox.documentation.spring.web.plugins.DocumentationPluginsBootstrapper [main] []: Context refreshed
2022-06-06 09:52:46,647 INFO springfox.documentation.spring.web.plugins.DocumentationPluginsBootstrapper [main] []: Found 1 custom documentation plugin(s)
2022-06-06 09:52:46,667 INFO springfox.documentation.spring.web.scanners.ApiListingReferenceScanner [main] []: Scanning for api listing references
2022-06-06 09:52:46,826 INFO springfox.documentation.spring.web.readers.operation.CachingOperationNameGenerator [main] []: Generating unique operation named: createCategoryUsingPOST_1
2022-06-06 09:52:47,075 INFO org.springframework.boot.StartupInfoLogger [main] []: Started QuizServiceApplicationTests in 6.304 seconds (JVM running for 7.657)
2022-06-06 09:52:47,187 INFO org.springframework.orm.jpa.AbstractEntityManagerFactoryBean [SpringApplicationShutdownHook] []: Closing JPA EntityManagerFactory for persistence unit 'default'
2022-06-06 09:52:47,190 INFO com.zaxxer.hikari.HikariDataSource [SpringApplicationShutdownHook] []: HikariPool-1 - Shutdown initiated...
2022-06-06 09:52:47,201 INFO com.zaxxer.hikari.HikariDataSource [SpringApplicationShutdownHook] []: HikariPool-1 - Shutdown completed.
2022-06-06 09:53:52,288 INFO org.springframework.test.context.support.AbstractTestContextBootstrapper [main] []: Neither @ContextConfiguration nor @ContextHierarchy found for test class [com.quiz.QuizServiceApplicationTests], using SpringBootContextLoader
2022-06-06 09:53:52,297 INFO org.springframework.test.context.support.AbstractContextLoader [main] []: Could not detect default resource locations for test class [com.quiz.QuizServiceApplicationTests]: no resource found for suffixes {-context.xml, Context.groovy}.
2022-06-06 09:53:52,298 INFO org.springframework.test.context.support.AnnotationConfigContextLoaderUtils [main] []: Could not detect default configuration classes for test class [com.quiz.QuizServiceApplicationTests]: QuizServiceApplicationTests does not declare any static, non-private, non-final, nested classes annotated with @Configuration.
2022-06-06 09:53:52,405 INFO org.springframework.boot.test.context.SpringBootTestContextBootstrapper [main] []: Found @SpringBootConfiguration com.quiz.QuizServiceApplication for test class com.quiz.QuizServiceApplicationTests
2022-06-06 09:53:52,519 INFO org.springframework.test.context.support.AbstractTestContextBootstrapper [main] []: Loaded default TestExecutionListener class names from location [META-INF/spring.factories]: [org.springframework.boot.test.mock.mockito.MockitoTestExecutionListener, org.springframework.boot.test.mock.mockito.ResetMocksTestExecutionListener, org.springframework.boot.test.autoconfigure.restdocs.RestDocsTestExecutionListener, org.springframework.boot.test.autoconfigure.web.client.MockRestServiceServerResetTestExecutionListener, org.springframework.boot.test.autoconfigure.web.servlet.MockMvcPrintOnlyOnFailureTestExecutionListener, org.springframework.boot.test.autoconfigure.web.servlet.WebDriverTestExecutionListener, org.springframework.boot.test.autoconfigure.webservices.client.MockWebServiceServerTestExecutionListener, org.springframework.test.context.web.ServletTestExecutionListener, org.springframework.test.context.support.DirtiesContextBeforeModesTestExecutionListener, org.springframework.test.context.event.ApplicationEventsTestExecutionListener, org.springframework.test.context.support.DependencyInjectionTestExecutionListener, org.springframework.test.context.support.DirtiesContextTestExecutionListener, org.springframework.test.context.transaction.TransactionalTestExecutionListener, org.springframework.test.context.jdbc.SqlScriptsTestExecutionListener, org.springframework.test.context.event.EventPublishingTestExecutionListener]
2022-06-06 09:53:52,538 INFO org.springframework.test.context.support.AbstractTestContextBootstrapper [main] []: Using TestExecutionListeners: [org.springframework.test.context.web.ServletTestExecutionListener@7a56812e, org.springframework.test.context.support.DirtiesContextBeforeModesTestExecutionListener@2a76b80a, org.springframework.test.context.event.ApplicationEventsTestExecutionListener@7eb01b12, org.springframework.boot.test.mock.mockito.MockitoTestExecutionListener@2f4854d6, org.springframework.boot.test.autoconfigure.SpringBootDependencyInjectionTestExecutionListener@61d9efe0, org.springframework.test.context.support.DirtiesContextTestExecutionListener@7e70bd39, org.springframework.test.context.transaction.TransactionalTestExecutionListener@e6516e, org.springframework.test.context.jdbc.SqlScriptsTestExecutionListener@6de54b40, org.springframework.test.context.event.EventPublishingTestExecutionListener@43ed0ff3, org.springframework.boot.test.mock.mockito.ResetMocksTestExecutionListener@388ffbc2, org.springframework.boot.test.autoconfigure.restdocs.RestDocsTestExecutionListener@a50b09c, org.springframework.boot.test.autoconfigure.web.client.MockRestServiceServerResetTestExecutionListener@4da855dd, org.springframework.boot.test.autoconfigure.web.servlet.MockMvcPrintOnlyOnFailureTestExecutionListener@6691490c, org.springframework.boot.test.autoconfigure.web.servlet.WebDriverTestExecutionListener@2187fff7, org.springframework.boot.test.autoconfigure.webservices.client.MockWebServiceServerTestExecutionListener@2e5c7f0b]
2022-06-06 09:53:52,821 INFO org.springframework.boot.StartupInfoLogger [main] []: Starting QuizServiceApplicationTests using Java 11.0.11 on LAPTOP-BP05I3UL with PID 16164 (started by hieu0 in E:\spring-boot-training\AIS-Interview-BE\quiz-service\quiz-service)
2022-06-06 09:53:52,823 INFO org.springframework.boot.SpringApplication [main] []: No active profile set, falling back to default profiles: default
2022-06-06 09:53:52,838 INFO org.hibernate.validator.internal.util.Version [background-preinit] []: HV000001: Hibernate Validator 6.2.0.Final
2022-06-06 09:53:53,732 INFO org.springframework.data.repository.config.RepositoryConfigurationDelegate [main] []: Bootstrapping Spring Data JPA repositories in DEFAULT mode.
2022-06-06 09:53:53,799 INFO org.springframework.data.repository.config.RepositoryConfigurationDelegate [main] []: Finished Spring Data repository scanning in 59 ms. Found 7 JPA repository interfaces.
2022-06-06 09:53:54,342 INFO org.hibernate.jpa.internal.util.LogHelper [main] []: HHH000204: Processing PersistenceUnitInfo [name: default]
2022-06-06 09:53:54,404 INFO org.hibernate.Version [main] []: HHH000412: Hibernate ORM core version 5.4.32.Final
2022-06-06 09:53:54,548 INFO org.hibernate.annotations.common.reflection.java.JavaReflectionManager [main] []: HCANN000001: Hibernate Commons Annotations {5.1.2.Final}
2022-06-06 09:53:54,887 INFO com.zaxxer.hikari.HikariDataSource [main] []: HikariPool-1 - Starting...
2022-06-06 09:53:55,074 INFO com.zaxxer.hikari.HikariDataSource [main] []: HikariPool-1 - Start completed.
2022-06-06 09:53:55,093 INFO org.hibernate.dialect.Dialect [main] []: HHH000400: Using dialect: org.hibernate.dialect.PostgreSQLDialect
2022-06-06 09:53:56,373 INFO org.hibernate.engine.transaction.jta.platform.internal.JtaPlatformInitiator [main] []: HHH000490: Using JtaPlatform implementation: [org.hibernate.engine.transaction.jta.platform.internal.NoJtaPlatform]
2022-06-06 09:53:56,380 INFO org.springframework.orm.jpa.AbstractEntityManagerFactoryBean [main] []: Initialized JPA EntityManagerFactory for persistence unit 'default'
2022-06-06 09:53:57,198 WARN org.springframework.boot.autoconfigure.orm.jpa.JpaBaseConfiguration$JpaWebConfiguration [main] []: spring.jpa.open-in-view is enabled by default. Therefore, database queries may be performed during view rendering. Explicitly configure spring.jpa.open-in-view to disable this warning
2022-06-06 09:53:57,477 INFO springfox.documentation.spring.web.PropertySourcedRequestMappingHandlerMapping [main] []: Mapped URL path [/v2/api-docs] onto method [springfox.documentation.swagger2.web.Swagger2Controller#getDocumentation(String, HttpServletRequest)]
2022-06-06 09:53:58,005 INFO springfox.documentation.spring.web.plugins.DocumentationPluginsBootstrapper [main] []: Context refreshed
2022-06-06 09:53:58,021 INFO springfox.documentation.spring.web.plugins.DocumentationPluginsBootstrapper [main] []: Found 1 custom documentation plugin(s)
2022-06-06 09:53:58,046 INFO springfox.documentation.spring.web.scanners.ApiListingReferenceScanner [main] []: Scanning for api listing references
2022-06-06 09:53:58,184 INFO springfox.documentation.spring.web.readers.operation.CachingOperationNameGenerator [main] []: Generating unique operation named: createCategoryUsingPOST_1
2022-06-06 09:53:58,408 INFO org.springframework.boot.StartupInfoLogger [main] []: Started QuizServiceApplicationTests in 5.83 seconds (JVM running for 7.26)
2022-06-06 09:53:58,526 INFO org.springframework.orm.jpa.AbstractEntityManagerFactoryBean [SpringApplicationShutdownHook] []: Closing JPA EntityManagerFactory for persistence unit 'default'
2022-06-06 09:53:58,528 INFO com.zaxxer.hikari.HikariDataSource [SpringApplicationShutdownHook] []: HikariPool-1 - Shutdown initiated...
2022-06-06 09:53:58,535 INFO com.zaxxer.hikari.HikariDataSource [SpringApplicationShutdownHook] []: HikariPool-1 - Shutdown completed.
2022-06-06 10:01:05,873 INFO org.springframework.test.context.support.AbstractTestContextBootstrapper [main] []: Neither @ContextConfiguration nor @ContextHierarchy found for test class [com.quiz.QuizServiceApplicationTests], using SpringBootContextLoader
2022-06-06 10:01:05,880 INFO org.springframework.test.context.support.AbstractContextLoader [main] []: Could not detect default resource locations for test class [com.quiz.QuizServiceApplicationTests]: no resource found for suffixes {-context.xml, Context.groovy}.
2022-06-06 10:01:05,882 INFO org.springframework.test.context.support.AnnotationConfigContextLoaderUtils [main] []: Could not detect default configuration classes for test class [com.quiz.QuizServiceApplicationTests]: QuizServiceApplicationTests does not declare any static, non-private, non-final, nested classes annotated with @Configuration.
2022-06-06 10:01:06,011 INFO org.springframework.boot.test.context.SpringBootTestContextBootstrapper [main] []: Found @SpringBootConfiguration com.quiz.QuizServiceApplication for test class com.quiz.QuizServiceApplicationTests
2022-06-06 10:01:06,140 INFO org.springframework.test.context.support.AbstractTestContextBootstrapper [main] []: Loaded default TestExecutionListener class names from location [META-INF/spring.factories]: [org.springframework.boot.test.mock.mockito.MockitoTestExecutionListener, org.springframework.boot.test.mock.mockito.ResetMocksTestExecutionListener, org.springframework.boot.test.autoconfigure.restdocs.RestDocsTestExecutionListener, org.springframework.boot.test.autoconfigure.web.client.MockRestServiceServerResetTestExecutionListener, org.springframework.boot.test.autoconfigure.web.servlet.MockMvcPrintOnlyOnFailureTestExecutionListener, org.springframework.boot.test.autoconfigure.web.servlet.WebDriverTestExecutionListener, org.springframework.boot.test.autoconfigure.webservices.client.MockWebServiceServerTestExecutionListener, org.springframework.test.context.web.ServletTestExecutionListener, org.springframework.test.context.support.DirtiesContextBeforeModesTestExecutionListener, org.springframework.test.context.event.ApplicationEventsTestExecutionListener, org.springframework.test.context.support.DependencyInjectionTestExecutionListener, org.springframework.test.context.support.DirtiesContextTestExecutionListener, org.springframework.test.context.transaction.TransactionalTestExecutionListener, org.springframework.test.context.jdbc.SqlScriptsTestExecutionListener, org.springframework.test.context.event.EventPublishingTestExecutionListener]
2022-06-06 10:01:06,163 INFO org.springframework.test.context.support.AbstractTestContextBootstrapper [main] []: Using TestExecutionListeners: [org.springframework.test.context.web.ServletTestExecutionListener@4de025bf, org.springframework.test.context.support.DirtiesContextBeforeModesTestExecutionListener@538613b3, org.springframework.test.context.event.ApplicationEventsTestExecutionListener@1eef9aef, org.springframework.boot.test.mock.mockito.MockitoTestExecutionListener@11389053, org.springframework.boot.test.autoconfigure.SpringBootDependencyInjectionTestExecutionListener@5db99216, org.springframework.test.context.support.DirtiesContextTestExecutionListener@3ec11999, org.springframework.test.context.transaction.TransactionalTestExecutionListener@5c1bd44c, org.springframework.test.context.jdbc.SqlScriptsTestExecutionListener@9f46d94, org.springframework.test.context.event.EventPublishingTestExecutionListener@18cc679e, org.springframework.boot.test.mock.mockito.ResetMocksTestExecutionListener@2e77b8cf, org.springframework.boot.test.autoconfigure.restdocs.RestDocsTestExecutionListener@2c4ca0f9, org.springframework.boot.test.autoconfigure.web.client.MockRestServiceServerResetTestExecutionListener@67ef029, org.springframework.boot.test.autoconfigure.web.servlet.MockMvcPrintOnlyOnFailureTestExecutionListener@7df587ef, org.springframework.boot.test.autoconfigure.web.servlet.WebDriverTestExecutionListener@6e57e95e, org.springframework.boot.test.autoconfigure.webservices.client.MockWebServiceServerTestExecutionListener@2755d705]
2022-06-06 10:01:06,446 INFO org.springframework.boot.StartupInfoLogger [main] []: Starting QuizServiceApplicationTests using Java 11.0.11 on LAPTOP-BP05I3UL with PID 18296 (started by hieu0 in E:\spring-boot-training\AIS-Interview-BE\quiz-service\quiz-service)
2022-06-06 10:01:06,448 INFO org.springframework.boot.SpringApplication [main] []: No active profile set, falling back to default profiles: default
2022-06-06 10:01:06,463 INFO org.hibernate.validator.internal.util.Version [background-preinit] []: HV000001: Hibernate Validator 6.2.0.Final
2022-06-06 10:01:07,362 INFO org.springframework.data.repository.config.RepositoryConfigurationDelegate [main] []: Bootstrapping Spring Data JPA repositories in DEFAULT mode.
2022-06-06 10:01:07,421 INFO org.springframework.data.repository.config.RepositoryConfigurationDelegate [main] []: Finished Spring Data repository scanning in 52 ms. Found 7 JPA repository interfaces.
2022-06-06 10:01:07,970 INFO org.hibernate.jpa.internal.util.LogHelper [main] []: HHH000204: Processing PersistenceUnitInfo [name: default]
2022-06-06 10:01:08,016 INFO org.hibernate.Version [main] []: HHH000412: Hibernate ORM core version 5.4.32.Final
2022-06-06 10:01:08,142 INFO org.hibernate.annotations.common.reflection.java.JavaReflectionManager [main] []: HCANN000001: Hibernate Commons Annotations {5.1.2.Final}
2022-06-06 10:01:08,522 INFO com.zaxxer.hikari.HikariDataSource [main] []: HikariPool-1 - Starting...
2022-06-06 10:01:08,717 INFO com.zaxxer.hikari.HikariDataSource [main] []: HikariPool-1 - Start completed.
2022-06-06 10:01:08,735 INFO org.hibernate.dialect.Dialect [main] []: HHH000400: Using dialect: org.hibernate.dialect.PostgreSQLDialect
2022-06-06 10:01:10,114 INFO org.hibernate.engine.transaction.jta.platform.internal.JtaPlatformInitiator [main] []: HHH000490: Using JtaPlatform implementation: [org.hibernate.engine.transaction.jta.platform.internal.NoJtaPlatform]
2022-06-06 10:01:10,122 INFO org.springframework.orm.jpa.AbstractEntityManagerFactoryBean [main] []: Initialized JPA EntityManagerFactory for persistence unit 'default'
2022-06-06 10:01:10,972 WARN org.springframework.boot.autoconfigure.orm.jpa.JpaBaseConfiguration$JpaWebConfiguration [main] []: spring.jpa.open-in-view is enabled by default. Therefore, database queries may be performed during view rendering. Explicitly configure spring.jpa.open-in-view to disable this warning
2022-06-06 10:01:11,234 INFO springfox.documentation.spring.web.PropertySourcedRequestMappingHandlerMapping [main] []: Mapped URL path [/v2/api-docs] onto method [springfox.documentation.swagger2.web.Swagger2Controller#getDocumentation(String, HttpServletRequest)]
2022-06-06 10:01:11,782 INFO springfox.documentation.spring.web.plugins.DocumentationPluginsBootstrapper [main] []: Context refreshed
2022-06-06 10:01:11,799 INFO springfox.documentation.spring.web.plugins.DocumentationPluginsBootstrapper [main] []: Found 1 custom documentation plugin(s)
2022-06-06 10:01:11,819 INFO springfox.documentation.spring.web.scanners.ApiListingReferenceScanner [main] []: Scanning for api listing references
2022-06-06 10:01:11,934 INFO springfox.documentation.spring.web.readers.operation.CachingOperationNameGenerator [main] []: Generating unique operation named: createCategoryUsingPOST_1
2022-06-06 10:01:12,168 INFO org.springframework.boot.StartupInfoLogger [main] []: Started QuizServiceApplicationTests in 5.949 seconds (JVM running for 7.348)
2022-06-06 10:01:12,287 INFO org.springframework.orm.jpa.AbstractEntityManagerFactoryBean [SpringApplicationShutdownHook] []: Closing JPA EntityManagerFactory for persistence unit 'default'
2022-06-06 10:01:12,289 INFO com.zaxxer.hikari.HikariDataSource [SpringApplicationShutdownHook] []: HikariPool-1 - Shutdown initiated...
2022-06-06 10:01:12,296 INFO com.zaxxer.hikari.HikariDataSource [SpringApplicationShutdownHook] []: HikariPool-1 - Shutdown completed.
