2022-05-06 12:42:19,199 INFO org.hibernate.validator.internal.util.Version [background-preinit] []: HV000001: Hibernate Validator 6.2.0.Final
2022-05-06 12:42:19,213 INFO org.springframework.boot.StartupInfoLogger [restartedMain] []: Starting QuizServiceApplication using Java 11.0.11 on LAPTOP-BP05I3UL with PID 1916 (C:\Users\hieu0\OneDrive\Máy tính\quiz-service\quiz-service\target\classes started by hieu0 in C:\Users\hieu0\OneDrive\Máy tính\quiz-service\quiz-service)
2022-05-06 12:42:19,216 INFO org.springframework.boot.SpringApplication [restartedMain] []: No active profile set, falling back to default profiles: default
2022-05-06 12:42:19,292 INFO org.springframework.boot.logging.DeferredLog [restartedMain] []: Devtools property defaults active! Set 'spring.devtools.add-properties' to 'false' to disable
2022-05-06 12:42:19,293 INFO org.springframework.boot.logging.DeferredLog [restartedMain] []: For additional web related logging consider setting the 'logging.level.web' property to 'DEBUG'
2022-05-06 12:42:21,114 INFO org.springframework.data.repository.config.RepositoryConfigurationDelegate [restartedMain] []: Bootstrapping Spring Data JPA repositories in DEFAULT mode.
2022-05-06 12:42:21,263 INFO org.springframework.data.repository.config.RepositoryConfigurationDelegate [restartedMain] []: Finished Spring Data repository scanning in 125 ms. Found 7 JPA repository interfaces.
2022-05-06 12:42:25,665 INFO org.springframework.boot.web.embedded.tomcat.TomcatWebServer [restartedMain] []: Tomcat initialized with port(s): 8080 (http)
2022-05-06 12:42:25,698 INFO org.apache.juli.logging.DirectJDKLog [restartedMain] []: Initializing ProtocolHandler ["http-nio-8080"]
2022-05-06 12:42:25,699 INFO org.apache.juli.logging.DirectJDKLog [restartedMain] []: Starting service [Tomcat]
2022-05-06 12:42:25,699 INFO org.apache.juli.logging.DirectJDKLog [restartedMain] []: Starting Servlet engine: [Apache Tomcat/9.0.54]
2022-05-06 12:42:25,921 INFO org.apache.juli.logging.DirectJDKLog [restartedMain] []: Initializing Spring embedded WebApplicationContext
2022-05-06 12:42:25,922 INFO org.springframework.boot.web.servlet.context.ServletWebServerApplicationContext [restartedMain] []: Root WebApplicationContext: initialization completed in 6627 ms
2022-05-06 12:42:26,606 INFO org.hibernate.jpa.internal.util.LogHelper [restartedMain] []: HHH000204: Processing PersistenceUnitInfo [name: default]
2022-05-06 12:42:26,822 INFO org.hibernate.Version [restartedMain] []: HHH000412: Hibernate ORM core version 5.4.32.Final
2022-05-06 12:42:27,494 INFO org.hibernate.annotations.common.reflection.java.JavaReflectionManager [restartedMain] []: HCANN000001: Hibernate Commons Annotations {5.1.2.Final}
2022-05-06 12:42:27,781 INFO com.zaxxer.hikari.HikariDataSource [restartedMain] []: HikariPool-1 - Starting...
2022-05-06 12:42:28,175 INFO com.zaxxer.hikari.HikariDataSource [restartedMain] []: HikariPool-1 - Start completed.
2022-05-06 12:42:28,213 INFO org.hibernate.dialect.Dialect [restartedMain] []: HHH000400: Using dialect: org.hibernate.dialect.PostgreSQLDialect
2022-05-06 12:42:33,074 INFO org.hibernate.engine.transaction.jta.platform.internal.JtaPlatformInitiator [restartedMain] []: HHH000490: Using JtaPlatform implementation: [org.hibernate.engine.transaction.jta.platform.internal.NoJtaPlatform]
2022-05-06 12:42:33,097 INFO org.springframework.orm.jpa.AbstractEntityManagerFactoryBean [restartedMain] []: Initialized JPA EntityManagerFactory for persistence unit 'default'
2022-05-06 12:42:35,875 WARN org.springframework.boot.autoconfigure.orm.jpa.JpaBaseConfiguration$JpaWebConfiguration [restartedMain] []: spring.jpa.open-in-view is enabled by default. Therefore, database queries may be performed during view rendering. Explicitly configure spring.jpa.open-in-view to disable this warning
2022-05-06 12:42:36,494 INFO springfox.documentation.spring.web.PropertySourcedRequestMappingHandlerMapping [restartedMain] []: Mapped URL path [/v2/api-docs] onto method [springfox.documentation.swagger2.web.Swagger2Controller#getDocumentation(String, HttpServletRequest)]
2022-05-06 12:42:37,352 INFO org.springframework.boot.devtools.autoconfigure.OptionalLiveReloadServer [restartedMain] []: LiveReload server is running on port 35729
2022-05-06 12:42:37,843 INFO org.apache.juli.logging.DirectJDKLog [restartedMain] []: Starting ProtocolHandler ["http-nio-8080"]
2022-05-06 12:42:37,918 INFO org.springframework.boot.web.embedded.tomcat.TomcatWebServer [restartedMain] []: Tomcat started on port(s): 8080 (http) with context path ''
2022-05-06 12:42:37,920 INFO springfox.documentation.spring.web.plugins.DocumentationPluginsBootstrapper [restartedMain] []: Context refreshed
2022-05-06 12:42:37,980 INFO springfox.documentation.spring.web.plugins.DocumentationPluginsBootstrapper [restartedMain] []: Found 1 custom documentation plugin(s)
2022-05-06 12:42:38,035 INFO springfox.documentation.spring.web.scanners.ApiListingReferenceScanner [restartedMain] []: Scanning for api listing references
2022-05-06 12:42:38,433 INFO springfox.documentation.spring.web.readers.operation.CachingOperationNameGenerator [restartedMain] []: Generating unique operation named: createCategoryUsingPOST_1
2022-05-06 12:42:39,293 INFO org.springframework.boot.StartupInfoLogger [restartedMain] []: Started QuizServiceApplication in 20.744 seconds (JVM running for 22.644)
2022-05-06 12:43:52,253 INFO org.apache.juli.logging.DirectJDKLog [http-nio-8080-exec-3] []: Initializing Spring DispatcherServlet 'dispatcherServlet'
2022-05-06 12:43:52,254 INFO org.springframework.web.servlet.FrameworkServlet [http-nio-8080-exec-3] []: Initializing Servlet 'dispatcherServlet'
2022-05-06 12:43:52,256 INFO org.springframework.web.servlet.FrameworkServlet [http-nio-8080-exec-3] []: Completed initialization in 1 ms
2022-05-06 12:43:52,299 INFO com.quiz.service.NomineeService [http-nio-8080-exec-4] []: get all nominee
2022-05-06 12:43:54,267 WARN org.springframework.web.servlet.handler.AbstractHandlerExceptionResolver [http-nio-8080-exec-8] []: Resolved [org.springframework.web.HttpRequestMethodNotSupportedException: Request method 'POST' not supported]
2022-05-06 12:43:55,003 WARN org.springframework.web.servlet.handler.AbstractHandlerExceptionResolver [http-nio-8080-exec-9] []: Resolved [org.springframework.web.HttpRequestMethodNotSupportedException: Request method 'POST' not supported]
2022-05-06 12:43:55,475 WARN org.springframework.web.servlet.handler.AbstractHandlerExceptionResolver [http-nio-8080-exec-10] []: Resolved [org.springframework.web.HttpRequestMethodNotSupportedException: Request method 'POST' not supported]
2022-05-06 12:43:55,841 WARN org.springframework.web.servlet.handler.AbstractHandlerExceptionResolver [http-nio-8080-exec-1] []: Resolved [org.springframework.web.HttpRequestMethodNotSupportedException: Request method 'POST' not supported]
2022-05-06 12:44:21,974 INFO com.quiz.service.NomineeService [http-nio-8080-exec-6] []: get all nominee
2022-05-06 12:44:27,949 INFO com.quiz.service.NomineeService [http-nio-8080-exec-8] []: get all nominee
2022-05-06 12:44:28,473 INFO com.quiz.service.NomineeService [http-nio-8080-exec-3] []: get all nominee
2022-05-06 12:44:32,395 INFO com.quiz.service.NomineeService [http-nio-8080-exec-5] []: get all nominee
2022-05-06 12:44:33,472 INFO com.quiz.service.NomineeService [http-nio-8080-exec-10] []: get all nominee
2022-05-06 12:44:34,356 INFO com.quiz.service.NomineeService [http-nio-8080-exec-2] []: get all nominee
2022-05-06 12:44:35,826 INFO com.quiz.service.NomineeService [http-nio-8080-exec-6] []: get all nominee
2022-05-06 12:44:38,669 INFO com.quiz.service.NomineeService [http-nio-8080-exec-7] []: get all nominee
2022-05-06 12:44:39,758 INFO com.quiz.service.NomineeService [http-nio-8080-exec-1] []: get all nominee
2022-05-06 12:44:41,239 INFO com.quiz.service.NomineeService [http-nio-8080-exec-4] []: get all nominee
2022-05-06 12:44:42,033 INFO com.quiz.service.NomineeService [http-nio-8080-exec-10] []: get all nominee
2022-05-06 12:44:43,870 INFO com.quiz.service.NomineeService [http-nio-8080-exec-2] []: get all nominee
2022-05-06 12:44:45,220 INFO com.quiz.service.NomineeService [http-nio-8080-exec-5] []: get all nominee
2022-05-06 12:48:19,911 INFO com.quiz.service.NomineeService [http-nio-8080-exec-2] []: get all nominee
2022-05-06 12:48:21,047 INFO com.quiz.service.NomineeService [http-nio-8080-exec-5] []: get all nominee
2022-05-06 12:48:22,334 INFO com.quiz.service.NomineeService [http-nio-8080-exec-7] []: get all nominee
2022-05-06 12:48:23,246 INFO com.quiz.service.NomineeService [http-nio-8080-exec-4] []: get all nominee
2022-05-06 12:48:24,893 INFO com.quiz.service.NomineeService [http-nio-8080-exec-10] []: get all nominee
2022-05-06 12:48:37,852 INFO com.quiz.service.NomineeService [http-nio-8080-exec-2] []: get all nominee
2022-05-06 12:48:44,574 INFO com.quiz.service.NomineeService [http-nio-8080-exec-9] []: get all nominee
2022-05-06 12:48:49,187 INFO com.quiz.service.NomineeService [http-nio-8080-exec-5] []: get all nominee
2022-05-06 12:48:51,837 INFO com.quiz.service.NomineeService [http-nio-8080-exec-2] []: get all nominee
2022-05-06 12:48:57,282 INFO com.quiz.service.NomineeService [http-nio-8080-exec-4] []: get all nominee
2022-05-06 12:49:02,117 INFO com.quiz.service.NomineeService [http-nio-8080-exec-5] []: get all nominee
2022-05-06 12:49:07,849 INFO com.quiz.service.NomineeService [http-nio-8080-exec-6] []: get all nominee
2022-05-06 12:49:09,062 INFO com.quiz.service.NomineeService [http-nio-8080-exec-9] []: get all nominee
2022-05-06 12:50:31,389 INFO com.quiz.service.NomineeService [http-nio-8080-exec-3] []: get all nominee
2022-05-06 12:50:34,383 INFO com.quiz.service.NomineeService [http-nio-8080-exec-9] []: get all nominee
2022-05-06 13:01:29,532 INFO org.springframework.orm.jpa.AbstractEntityManagerFactoryBean [SpringApplicationShutdownHook] []: Closing JPA EntityManagerFactory for persistence unit 'default'
2022-05-06 13:01:29,536 INFO com.zaxxer.hikari.HikariDataSource [SpringApplicationShutdownHook] []: HikariPool-1 - Shutdown initiated...
2022-05-06 13:01:29,542 INFO com.zaxxer.hikari.HikariDataSource [SpringApplicationShutdownHook] []: HikariPool-1 - Shutdown completed.
