2022-05-06 12:42:38,928 INFO org.springframework.boot.StartupInfoLogger [restartedMain] []: Starting AccountServiceApplication using Java 11.0.11 on LAPTOP-BP05I3UL with PID 8564 (E:\spring-boot-training\StudentSystem-Microservice\account-service\target\classes started by hieu0 in E:\spring-boot-training\StudentSystem-Microservice\account-service)
2022-05-06 12:42:38,945 INFO org.springframework.boot.SpringApplication [restartedMain] []: No active profile set, falling back to default profiles: default
2022-05-06 12:42:39,089 INFO org.hibernate.validator.internal.util.Version [background-preinit] []: HV000001: Hibernate Validator 6.2.0.Final
2022-05-06 12:42:39,200 INFO org.springframework.boot.logging.DeferredLog [restartedMain] []: Devtools property defaults active! Set 'spring.devtools.add-properties' to 'false' to disable
2022-05-06 12:42:39,202 INFO org.springframework.boot.logging.DeferredLog [restartedMain] []: For additional web related logging consider setting the 'logging.level.web' property to 'DEBUG'
2022-05-06 12:42:40,471 INFO org.springframework.data.repository.config.RepositoryConfigurationDelegate [restartedMain] []: Bootstrapping Spring Data JPA repositories in DEFAULT mode.
2022-05-06 12:42:40,551 INFO org.springframework.data.repository.config.RepositoryConfigurationDelegate [restartedMain] []: Finished Spring Data repository scanning in 70 ms. Found 6 JPA repository interfaces.
2022-05-06 12:42:41,029 INFO org.springframework.context.support.PostProcessorRegistrationDelegate$BeanPostProcessorChecker [restartedMain] []: Bean 'org.springframework.ws.config.annotation.DelegatingWsConfiguration' of type [org.springframework.ws.config.annotation.DelegatingWsConfiguration$$EnhancerBySpringCGLIB$$dade93a8] is not eligible for getting processed by all BeanPostProcessors (for example: not eligible for auto-proxying)
2022-05-06 12:42:41,085 INFO org.springframework.ws.soap.addressing.server.AbstractAddressingEndpointMapping [restartedMain] []: Supporting [WS-Addressing August 2004, WS-Addressing 1.0]
2022-05-06 12:42:41,797 INFO org.springframework.boot.web.embedded.tomcat.TomcatWebServer [restartedMain] []: Tomcat initialized with port(s): 8091 (http)
2022-05-06 12:42:41,812 INFO org.apache.juli.logging.DirectJDKLog [restartedMain] []: Initializing ProtocolHandler ["http-nio-8091"]
2022-05-06 12:42:41,813 INFO org.apache.juli.logging.DirectJDKLog [restartedMain] []: Starting service [Tomcat]
2022-05-06 12:42:41,814 INFO org.apache.juli.logging.DirectJDKLog [restartedMain] []: Starting Servlet engine: [Apache Tomcat/9.0.54]
2022-05-06 12:42:42,007 INFO org.apache.juli.logging.DirectJDKLog [restartedMain] []: Initializing Spring embedded WebApplicationContext
2022-05-06 12:42:42,007 INFO org.springframework.boot.web.servlet.context.ServletWebServerApplicationContext [restartedMain] []: Root WebApplicationContext: initialization completed in 2803 ms
2022-05-06 12:42:42,185 INFO com.zaxxer.hikari.HikariDataSource [restartedMain] []: HikariPool-1 - Starting...
2022-05-06 12:42:42,484 INFO com.zaxxer.hikari.HikariDataSource [restartedMain] []: HikariPool-1 - Start completed.
2022-05-06 12:42:42,635 INFO org.hibernate.jpa.internal.util.LogHelper [restartedMain] []: HHH000204: Processing PersistenceUnitInfo [name: default]
2022-05-06 12:42:42,746 INFO org.hibernate.Version [restartedMain] []: HHH000412: Hibernate ORM core version 5.4.32.Final
2022-05-06 12:42:42,924 INFO org.hibernate.annotations.common.reflection.java.JavaReflectionManager [restartedMain] []: HCANN000001: Hibernate Commons Annotations {5.1.2.Final}
2022-05-06 12:42:43,117 INFO org.hibernate.dialect.Dialect [restartedMain] []: HHH000400: Using dialect: org.hibernate.dialect.PostgreSQLDialect
2022-05-06 12:42:44,565 WARN org.hibernate.tool.schema.internal.ExceptionHandlerLoggedImpl [restartedMain] []: GenerationTarget encountered exception accepting command : Error executing DDL "alter table accounts add constraint FKqgnsd0v3la0gyituldqo2mca6 foreign key (company_id) references company" via JDBC Statement
org.hibernate.tool.schema.spi.CommandAcceptanceException: Error executing DDL "alter table accounts add constraint FKqgnsd0v3la0gyituldqo2mca6 foreign key (company_id) references company" via JDBC Statement
	at org.hibernate.tool.schema.internal.exec.GenerationTargetToDatabase.accept(GenerationTargetToDatabase.java:67)
	at org.hibernate.tool.schema.internal.AbstractSchemaMigrator.applySqlString(AbstractSchemaMigrator.java:562)
	at org.hibernate.tool.schema.internal.AbstractSchemaMigrator.applySqlStrings(AbstractSchemaMigrator.java:507)
	at org.hibernate.tool.schema.internal.AbstractSchemaMigrator.applyForeignKeys(AbstractSchemaMigrator.java:433)
	at org.hibernate.tool.schema.internal.AbstractSchemaMigrator.performMigration(AbstractSchemaMigrator.java:249)
	at org.hibernate.tool.schema.internal.AbstractSchemaMigrator.doMigration(AbstractSchemaMigrator.java:114)
	at org.hibernate.tool.schema.spi.SchemaManagementToolCoordinator.performDatabaseAction(SchemaManagementToolCoordinator.java:184)
	at org.hibernate.tool.schema.spi.SchemaManagementToolCoordinator.process(SchemaManagementToolCoordinator.java:73)
	at org.hibernate.internal.SessionFactoryImpl.<init>(SessionFactoryImpl.java:318)
	at org.hibernate.boot.internal.SessionFactoryBuilderImpl.build(SessionFactoryBuilderImpl.java:468)
	at org.hibernate.jpa.boot.internal.EntityManagerFactoryBuilderImpl.build(EntityManagerFactoryBuilderImpl.java:1259)
	at org.springframework.orm.jpa.vendor.SpringHibernateJpaPersistenceProvider.createContainerEntityManagerFactory(SpringHibernateJpaPersistenceProvider.java:58)
	at org.springframework.orm.jpa.LocalContainerEntityManagerFactoryBean.createNativeEntityManagerFactory(LocalContainerEntityManagerFactoryBean.java:365)
	at org.springframework.orm.jpa.AbstractEntityManagerFactoryBean.buildNativeEntityManagerFactory(AbstractEntityManagerFactoryBean.java:409)
	at org.springframework.orm.jpa.AbstractEntityManagerFactoryBean.afterPropertiesSet(AbstractEntityManagerFactoryBean.java:396)
	at org.springframework.orm.jpa.LocalContainerEntityManagerFactoryBean.afterPropertiesSet(LocalContainerEntityManagerFactoryBean.java:341)
	at org.springframework.beans.factory.support.AbstractAutowireCapableBeanFactory.invokeInitMethods(AbstractAutowireCapableBeanFactory.java:1863)
	at org.springframework.beans.factory.support.AbstractAutowireCapableBeanFactory.initializeBean(AbstractAutowireCapableBeanFactory.java:1800)
	at org.springframework.beans.factory.support.AbstractAutowireCapableBeanFactory.doCreateBean(AbstractAutowireCapableBeanFactory.java:620)
	at org.springframework.beans.factory.support.AbstractAutowireCapableBeanFactory.createBean(AbstractAutowireCapableBeanFactory.java:542)
	at org.springframework.beans.factory.support.AbstractBeanFactory.lambda$doGetBean$0(AbstractBeanFactory.java:335)
	at org.springframework.beans.factory.support.DefaultSingletonBeanRegistry.getSingleton(DefaultSingletonBeanRegistry.java:234)
	at org.springframework.beans.factory.support.AbstractBeanFactory.doGetBean(AbstractBeanFactory.java:333)
	at org.springframework.beans.factory.support.AbstractBeanFactory.getBean(AbstractBeanFactory.java:233)
	at org.springframework.beans.factory.support.DefaultListableBeanFactory.resolveNamedBean(DefaultListableBeanFactory.java:1273)
	at org.springframework.beans.factory.support.DefaultListableBeanFactory.resolveNamedBean(DefaultListableBeanFactory.java:1234)
	at org.springframework.beans.factory.support.DefaultListableBeanFactory.resolveBean(DefaultListableBeanFactory.java:494)
	at org.springframework.beans.factory.support.DefaultListableBeanFactory.getBean(DefaultListableBeanFactory.java:349)
	at org.springframework.beans.factory.support.DefaultListableBeanFactory.getBean(DefaultListableBeanFactory.java:342)
	at org.springframework.orm.jpa.EntityManagerFactoryUtils.findEntityManagerFactory(EntityManagerFactoryUtils.java:121)
	at org.springframework.orm.jpa.JpaTransactionManager.setBeanFactory(JpaTransactionManager.java:333)
	at org.springframework.beans.factory.support.AbstractAutowireCapableBeanFactory.invokeAwareMethods(AbstractAutowireCapableBeanFactory.java:1826)
	at org.springframework.beans.factory.support.AbstractAutowireCapableBeanFactory.initializeBean(AbstractAutowireCapableBeanFactory.java:1791)
	at org.springframework.beans.factory.support.AbstractAutowireCapableBeanFactory.doCreateBean(AbstractAutowireCapableBeanFactory.java:620)
	at org.springframework.beans.factory.support.AbstractAutowireCapableBeanFactory.createBean(AbstractAutowireCapableBeanFactory.java:542)
	at org.springframework.beans.factory.support.AbstractBeanFactory.lambda$doGetBean$0(AbstractBeanFactory.java:335)
	at org.springframework.beans.factory.support.DefaultSingletonBeanRegistry.getSingleton(DefaultSingletonBeanRegistry.java:234)
	at org.springframework.beans.factory.support.AbstractBeanFactory.doGetBean(AbstractBeanFactory.java:333)
	at org.springframework.beans.factory.support.AbstractBeanFactory.getBean(AbstractBeanFactory.java:208)
	at org.springframework.beans.factory.config.DependencyDescriptor.resolveCandidate(DependencyDescriptor.java:276)
	at org.springframework.beans.factory.support.DefaultListableBeanFactory.doResolveDependency(DefaultListableBeanFactory.java:1380)
	at org.springframework.beans.factory.support.DefaultListableBeanFactory.resolveDependency(DefaultListableBeanFactory.java:1300)
	at org.springframework.beans.factory.annotation.AutowiredAnnotationBeanPostProcessor$AutowiredMethodElement.resolveMethodArguments(AutowiredAnnotationBeanPostProcessor.java:759)
	at org.springframework.beans.factory.annotation.AutowiredAnnotationBeanPostProcessor$AutowiredMethodElement.inject(AutowiredAnnotationBeanPostProcessor.java:719)
	at org.springframework.beans.factory.annotation.InjectionMetadata.inject(InjectionMetadata.java:119)
	at org.springframework.beans.factory.annotation.AutowiredAnnotationBeanPostProcessor.postProcessProperties(AutowiredAnnotationBeanPostProcessor.java:399)
	at org.springframework.beans.factory.support.AbstractAutowireCapableBeanFactory.populateBean(AbstractAutowireCapableBeanFactory.java:1431)
	at org.springframework.beans.factory.support.AbstractAutowireCapableBeanFactory.doCreateBean(AbstractAutowireCapableBeanFactory.java:619)
	at org.springframework.beans.factory.support.AbstractAutowireCapableBeanFactory.createBean(AbstractAutowireCapableBeanFactory.java:542)
	at org.springframework.beans.factory.support.AbstractBeanFactory.lambda$doGetBean$0(AbstractBeanFactory.java:335)
	at org.springframework.beans.factory.support.DefaultSingletonBeanRegistry.getSingleton(DefaultSingletonBeanRegistry.java:234)
	at org.springframework.beans.factory.support.AbstractBeanFactory.doGetBean(AbstractBeanFactory.java:333)
	at org.springframework.beans.factory.support.AbstractBeanFactory.getBean(AbstractBeanFactory.java:208)
	at org.springframework.beans.factory.support.ConstructorResolver.instantiateUsingFactoryMethod(ConstructorResolver.java:410)
	at org.springframework.beans.factory.support.AbstractAutowireCapableBeanFactory.instantiateUsingFactoryMethod(AbstractAutowireCapableBeanFactory.java:1352)
	at org.springframework.beans.factory.support.AbstractAutowireCapableBeanFactory.createBeanInstance(AbstractAutowireCapableBeanFactory.java:1195)
	at org.springframework.beans.factory.support.AbstractAutowireCapableBeanFactory.doCreateBean(AbstractAutowireCapableBeanFactory.java:582)
	at org.springframework.beans.factory.support.AbstractAutowireCapableBeanFactory.createBean(AbstractAutowireCapableBeanFactory.java:542)
	at org.springframework.beans.factory.support.AbstractBeanFactory.lambda$doGetBean$0(AbstractBeanFactory.java:335)
	at org.springframework.beans.factory.support.DefaultSingletonBeanRegistry.getSingleton(DefaultSingletonBeanRegistry.java:234)
	at org.springframework.beans.factory.support.AbstractBeanFactory.doGetBean(AbstractBeanFactory.java:333)
	at org.springframework.beans.factory.support.AbstractBeanFactory.getBean(AbstractBeanFactory.java:208)
	at org.springframework.beans.factory.config.DependencyDescriptor.resolveCandidate(DependencyDescriptor.java:276)
	at org.springframework.beans.factory.support.DefaultListableBeanFactory.doResolveDependency(DefaultListableBeanFactory.java:1380)
	at org.springframework.beans.factory.support.DefaultListableBeanFactory.resolveDependency(DefaultListableBeanFactory.java:1300)
	at org.springframework.beans.factory.support.ConstructorResolver.resolveAutowiredArgument(ConstructorResolver.java:887)
	at org.springframework.beans.factory.support.ConstructorResolver.createArgumentArray(ConstructorResolver.java:791)
	at org.springframework.beans.factory.support.ConstructorResolver.instantiateUsingFactoryMethod(ConstructorResolver.java:541)
	at org.springframework.beans.factory.support.AbstractAutowireCapableBeanFactory.instantiateUsingFactoryMethod(AbstractAutowireCapableBeanFactory.java:1352)
	at org.springframework.beans.factory.support.AbstractAutowireCapableBeanFactory.createBeanInstance(AbstractAutowireCapableBeanFactory.java:1195)
	at org.springframework.beans.factory.support.AbstractAutowireCapableBeanFactory.doCreateBean(AbstractAutowireCapableBeanFactory.java:582)
	at org.springframework.beans.factory.support.AbstractAutowireCapableBeanFactory.createBean(AbstractAutowireCapableBeanFactory.java:542)
	at org.springframework.beans.factory.support.AbstractBeanFactory.lambda$doGetBean$0(AbstractBeanFactory.java:335)
	at org.springframework.beans.factory.support.DefaultSingletonBeanRegistry.getSingleton(DefaultSingletonBeanRegistry.java:234)
	at org.springframework.beans.factory.support.AbstractBeanFactory.doGetBean(AbstractBeanFactory.java:333)
	at org.springframework.beans.factory.support.AbstractBeanFactory.getBean(AbstractBeanFactory.java:213)
	at org.springframework.boot.web.servlet.ServletContextInitializerBeans.getOrderedBeansOfType(ServletContextInitializerBeans.java:212)
	at org.springframework.boot.web.servlet.ServletContextInitializerBeans.getOrderedBeansOfType(ServletContextInitializerBeans.java:203)
	at org.springframework.boot.web.servlet.ServletContextInitializerBeans.addServletContextInitializerBeans(ServletContextInitializerBeans.java:97)
	at org.springframework.boot.web.servlet.ServletContextInitializerBeans.<init>(ServletContextInitializerBeans.java:86)
	at org.springframework.boot.web.servlet.context.ServletWebServerApplicationContext.getServletContextInitializerBeans(ServletWebServerApplicationContext.java:260)
	at org.springframework.boot.web.servlet.context.ServletWebServerApplicationContext.selfInitialize(ServletWebServerApplicationContext.java:234)
	at org.springframework.boot.web.embedded.tomcat.TomcatStarter.onStartup(TomcatStarter.java:53)
	at org.apache.catalina.core.StandardContext.startInternal(StandardContext.java:5219)
	at org.apache.catalina.util.LifecycleBase.start(LifecycleBase.java:183)
	at org.apache.catalina.core.ContainerBase$StartChild.call(ContainerBase.java:1396)
	at org.apache.catalina.core.ContainerBase$StartChild.call(ContainerBase.java:1386)
	at java.base/java.util.concurrent.FutureTask.run(FutureTask.java:264)
	at org.apache.tomcat.util.threads.InlineExecutorService.execute(InlineExecutorService.java:75)
	at java.base/java.util.concurrent.AbstractExecutorService.submit(AbstractExecutorService.java:140)
	at org.apache.catalina.core.ContainerBase.startInternal(ContainerBase.java:919)
	at org.apache.catalina.core.StandardHost.startInternal(StandardHost.java:835)
	at org.apache.catalina.util.LifecycleBase.start(LifecycleBase.java:183)
	at org.apache.catalina.core.ContainerBase$StartChild.call(ContainerBase.java:1396)
	at org.apache.catalina.core.ContainerBase$StartChild.call(ContainerBase.java:1386)
	at java.base/java.util.concurrent.FutureTask.run(FutureTask.java:264)
	at org.apache.tomcat.util.threads.InlineExecutorService.execute(InlineExecutorService.java:75)
	at java.base/java.util.concurrent.AbstractExecutorService.submit(AbstractExecutorService.java:140)
	at org.apache.catalina.core.ContainerBase.startInternal(ContainerBase.java:919)
	at org.apache.catalina.core.StandardEngine.startInternal(StandardEngine.java:263)
	at org.apache.catalina.util.LifecycleBase.start(LifecycleBase.java:183)
	at org.apache.catalina.core.StandardService.startInternal(StandardService.java:432)
	at org.apache.catalina.util.LifecycleBase.start(LifecycleBase.java:183)
	at org.apache.catalina.core.StandardServer.startInternal(StandardServer.java:927)
	at org.apache.catalina.util.LifecycleBase.start(LifecycleBase.java:183)
	at org.apache.catalina.startup.Tomcat.start(Tomcat.java:486)
	at org.springframework.boot.web.embedded.tomcat.TomcatWebServer.initialize(TomcatWebServer.java:123)
	at org.springframework.boot.web.embedded.tomcat.TomcatWebServer.<init>(TomcatWebServer.java:104)
	at org.springframework.boot.web.embedded.tomcat.TomcatServletWebServerFactory.getTomcatWebServer(TomcatServletWebServerFactory.java:450)
	at org.springframework.boot.web.embedded.tomcat.TomcatServletWebServerFactory.getWebServer(TomcatServletWebServerFactory.java:199)
	at org.springframework.boot.web.servlet.context.ServletWebServerApplicationContext.createWebServer(ServletWebServerApplicationContext.java:182)
	at org.springframework.boot.web.servlet.context.ServletWebServerApplicationContext.onRefresh(ServletWebServerApplicationContext.java:160)
	at org.springframework.context.support.AbstractApplicationContext.refresh(AbstractApplicationContext.java:577)
	at org.springframework.boot.web.servlet.context.ServletWebServerApplicationContext.refresh(ServletWebServerApplicationContext.java:145)
	at org.springframework.boot.SpringApplication.refresh(SpringApplication.java:754)
	at org.springframework.boot.SpringApplication.refreshContext(SpringApplication.java:434)
	at org.springframework.boot.SpringApplication.run(SpringApplication.java:338)
	at org.springframework.boot.SpringApplication.run(SpringApplication.java:1343)
	at org.springframework.boot.SpringApplication.run(SpringApplication.java:1332)
	at com.account.AccountServiceApplication.main(AccountServiceApplication.java:26)
	at java.base/jdk.internal.reflect.NativeMethodAccessorImpl.invoke0(Native Method)
	at java.base/jdk.internal.reflect.NativeMethodAccessorImpl.invoke(NativeMethodAccessorImpl.java:62)
	at java.base/jdk.internal.reflect.DelegatingMethodAccessorImpl.invoke(DelegatingMethodAccessorImpl.java:43)
	at java.base/java.lang.reflect.Method.invoke(Method.java:566)
	at org.springframework.boot.devtools.restart.RestartLauncher.run(RestartLauncher.java:49)
Caused by: org.postgresql.util.PSQLException: ERROR: foreign key constraint "fkqgnsd0v3la0gyituldqo2mca6" cannot be implemented
  Detail: Key columns "company_id" and "id" are of incompatible types: character varying and bigint.
	at org.postgresql.core.v3.QueryExecutorImpl.receiveErrorResponse(QueryExecutorImpl.java:2565)
	at org.postgresql.core.v3.QueryExecutorImpl.processResults(QueryExecutorImpl.java:2297)
	at org.postgresql.core.v3.QueryExecutorImpl.execute(QueryExecutorImpl.java:322)
	at org.postgresql.jdbc.PgStatement.executeInternal(PgStatement.java:481)
	at org.postgresql.jdbc.PgStatement.execute(PgStatement.java:401)
	at org.postgresql.jdbc.PgStatement.executeWithFlags(PgStatement.java:322)
	at org.postgresql.jdbc.PgStatement.executeCachedSql(PgStatement.java:308)
	at org.postgresql.jdbc.PgStatement.executeWithFlags(PgStatement.java:284)
	at org.postgresql.jdbc.PgStatement.execute(PgStatement.java:279)
	at com.zaxxer.hikari.pool.ProxyStatement.execute(ProxyStatement.java:94)
	at com.zaxxer.hikari.pool.HikariProxyStatement.execute(HikariProxyStatement.java)
	at org.hibernate.tool.schema.internal.exec.GenerationTargetToDatabase.accept(GenerationTargetToDatabase.java:54)
	... 124 common frames omitted
2022-05-06 12:42:44,624 INFO org.hibernate.engine.transaction.jta.platform.internal.JtaPlatformInitiator [restartedMain] []: HHH000490: Using JtaPlatform implementation: [org.hibernate.engine.transaction.jta.platform.internal.NoJtaPlatform]
2022-05-06 12:42:44,631 INFO org.springframework.orm.jpa.AbstractEntityManagerFactoryBean [restartedMain] []: Initialized JPA EntityManagerFactory for persistence unit 'default'
2022-05-06 12:42:45,312 WARN org.springframework.boot.autoconfigure.orm.jpa.JpaBaseConfiguration$JpaWebConfiguration [restartedMain] []: spring.jpa.open-in-view is enabled by default. Therefore, database queries may be performed during view rendering. Explicitly configure spring.jpa.open-in-view to disable this warning
2022-05-06 12:42:45,874 INFO springfox.documentation.spring.web.PropertySourcedRequestMappingHandlerMapping [restartedMain] []: Mapped URL path [/v2/api-docs] onto method [springfox.documentation.swagger2.web.Swagger2Controller#getDocumentation(String, HttpServletRequest)]
2022-05-06 12:42:45,982 INFO org.springframework.security.web.DefaultSecurityFilterChain [restartedMain] []: Will secure Ant [pattern='/v2/api-docs'] with []
2022-05-06 12:42:45,983 INFO org.springframework.security.web.DefaultSecurityFilterChain [restartedMain] []: Will secure Ant [pattern='/configuration/ui'] with []
2022-05-06 12:42:45,983 INFO org.springframework.security.web.DefaultSecurityFilterChain [restartedMain] []: Will secure Ant [pattern='/swagger-resources/**'] with []
2022-05-06 12:42:45,983 INFO org.springframework.security.web.DefaultSecurityFilterChain [restartedMain] []: Will secure Ant [pattern='/configuration/**'] with []
2022-05-06 12:42:45,983 INFO org.springframework.security.web.DefaultSecurityFilterChain [restartedMain] []: Will secure Ant [pattern='/swagger-ui.html'] with []
2022-05-06 12:42:45,984 INFO org.springframework.security.web.DefaultSecurityFilterChain [restartedMain] []: Will secure Ant [pattern='/webjars/**'] with []
2022-05-06 12:42:46,015 INFO org.springframework.security.web.DefaultSecurityFilterChain [restartedMain] []: Will secure any request with [org.springframework.security.web.context.request.async.WebAsyncManagerIntegrationFilter@1cf87a53, org.springframework.security.web.context.SecurityContextPersistenceFilter@711a36a4, org.springframework.security.web.header.HeaderWriterFilter@511a96fd, org.springframework.security.web.authentication.logout.LogoutFilter@2ff38ab1, com.account.filter.AuthorizationFilter@6de1631b, org.springframework.security.web.savedrequest.RequestCacheAwareFilter@548f74f, org.springframework.security.web.servletapi.SecurityContextHolderAwareRequestFilter@56254baa, org.springframework.security.web.authentication.AnonymousAuthenticationFilter@691d6a6a, org.springframework.security.web.session.SessionManagementFilter@36d3c02, org.springframework.security.web.access.ExceptionTranslationFilter@5ba39c6a, org.springframework.security.web.access.intercept.FilterSecurityInterceptor@574a4684]
2022-05-06 12:42:46,138 WARN org.springframework.boot.devtools.autoconfigure.OptionalLiveReloadServer [restartedMain] []: Unable to start LiveReload server
2022-05-06 12:42:46,349 INFO org.apache.juli.logging.DirectJDKLog [restartedMain] []: Starting ProtocolHandler ["http-nio-8091"]
2022-05-06 12:42:46,371 INFO org.springframework.boot.web.embedded.tomcat.TomcatWebServer [restartedMain] []: Tomcat started on port(s): 8091 (http) with context path ''
2022-05-06 12:42:46,372 INFO springfox.documentation.spring.web.plugins.DocumentationPluginsBootstrapper [restartedMain] []: Context refreshed
2022-05-06 12:42:46,389 INFO springfox.documentation.spring.web.plugins.DocumentationPluginsBootstrapper [restartedMain] []: Found 1 custom documentation plugin(s)
2022-05-06 12:42:46,442 INFO springfox.documentation.spring.web.scanners.ApiListingReferenceScanner [restartedMain] []: Scanning for api listing references
2022-05-06 12:42:46,964 INFO org.springframework.scheduling.annotation.ScheduledAnnotationBeanPostProcessor [restartedMain] []: No TaskScheduler/ScheduledExecutorService bean found for scheduled processing
2022-05-06 12:42:46,973 INFO org.springframework.boot.StartupInfoLogger [restartedMain] []: Started AccountServiceApplication in 9.076 seconds (JVM running for 14.18)
2022-05-06 12:43:26,072 INFO org.apache.juli.logging.DirectJDKLog [http-nio-8091-exec-1] []: Initializing Spring DispatcherServlet 'dispatcherServlet'
2022-05-06 12:43:26,073 INFO org.springframework.web.servlet.FrameworkServlet [http-nio-8091-exec-1] []: Initializing Servlet 'dispatcherServlet'
2022-05-06 12:43:26,074 INFO org.springframework.web.servlet.FrameworkServlet [http-nio-8091-exec-1] []: Completed initialization in 1 ms
2022-05-06 12:43:26,567 INFO com.account.service.AccountService [http-nio-8091-exec-2] []: get Account By Username admin
2022-05-06 12:43:27,034 INFO com.account.service.AccountService [http-nio-8091-exec-4] []: update user abc
2022-05-06 12:43:27,045 INFO com.account.service.AccountService [http-nio-8091-exec-4] []: update user abc
2022-05-06 12:43:27,049 INFO com.account.service.AccountService [http-nio-8091-exec-4] []: update user abc
2022-05-06 12:43:27,054 INFO com.account.service.AccountService [http-nio-8091-exec-4] []: update user Nguyễn Văn A
2022-05-06 12:43:27,059 INFO com.account.service.AccountService [http-nio-8091-exec-4] []: update user abcdee
2022-05-06 12:43:27,065 INFO com.account.service.AccountService [http-nio-8091-exec-4] []: update user xyz
2022-05-06 12:43:27,070 INFO com.account.service.AccountService [http-nio-8091-exec-4] []: update user xyz
2022-05-06 12:43:27,073 INFO com.account.service.AccountService [http-nio-8091-exec-4] []: update user xyz
2022-05-06 12:43:27,092 INFO com.account.service.AccountService [http-nio-8091-exec-4] []: update user abc
2022-05-06 12:43:27,096 INFO com.account.service.AccountService [http-nio-8091-exec-4] []: update user xyz
2022-05-06 12:43:35,081 INFO com.account.service.AccountService [http-nio-8091-exec-6] []: get account by id
2022-05-06 12:43:35,087 INFO com.account.service.AccountService [http-nio-8091-exec-6] []: get Account By Id 
2022-05-06 12:43:36,846 INFO com.account.service.CompanyService [http-nio-8091-exec-8] []: get all company
2022-05-06 12:43:44,219 INFO com.account.service.AccountService [http-nio-8091-exec-2] []: get all role
2022-05-06 12:43:44,226 INFO com.account.service.AccountService [http-nio-8091-exec-4] []: get Permission In Role 
2022-05-06 12:43:44,226 INFO com.account.service.AccountService [http-nio-8091-exec-4] []: get Role Have Permission
2022-05-06 12:43:44,229 INFO com.account.service.AccountService [http-nio-8091-exec-4] []: get Detail Permission In Role
2022-05-06 12:43:44,230 INFO com.account.service.AccountService [http-nio-8091-exec-3] []: get all Permission
2022-05-06 12:43:44,232 INFO com.account.service.AccountService [http-nio-8091-exec-4] []: get Detail Permission In Role
2022-05-06 12:43:44,235 INFO com.account.service.AccountService [http-nio-8091-exec-4] []: get Detail Permission In Role
2022-05-06 12:43:44,237 INFO com.account.service.AccountService [http-nio-8091-exec-4] []: get Detail Permission In Role
2022-05-06 12:43:44,239 INFO com.account.service.AccountService [http-nio-8091-exec-4] []: get Detail Permission In Role
2022-05-06 12:43:44,241 INFO com.account.service.AccountService [http-nio-8091-exec-4] []: get Detail Permission In Role
2022-05-06 12:43:48,070 INFO com.account.service.AccountService [http-nio-8091-exec-6] []: update Permission In Role
2022-05-06 12:43:49,766 INFO com.account.service.AccountService [http-nio-8091-exec-1] []: update user abc
2022-05-06 12:43:49,768 INFO com.account.service.AccountService [http-nio-8091-exec-1] []: update user abc
2022-05-06 12:43:49,770 INFO com.account.service.AccountService [http-nio-8091-exec-1] []: update user abc
2022-05-06 12:43:49,773 INFO com.account.service.AccountService [http-nio-8091-exec-1] []: update user Nguyễn Văn A
2022-05-06 12:43:49,777 INFO com.account.service.AccountService [http-nio-8091-exec-1] []: update user abcdee
2022-05-06 12:43:49,779 INFO com.account.service.AccountService [http-nio-8091-exec-1] []: update user xyz
2022-05-06 12:43:49,780 INFO com.account.service.AccountService [http-nio-8091-exec-1] []: update user xyz
2022-05-06 12:43:49,782 INFO com.account.service.AccountService [http-nio-8091-exec-1] []: update user xyz
2022-05-06 12:43:49,783 INFO com.account.service.AccountService [http-nio-8091-exec-1] []: update user abc
2022-05-06 12:43:49,784 INFO com.account.service.AccountService [http-nio-8091-exec-1] []: update user xyz
2022-05-06 12:44:21,346 INFO com.account.service.CompanyService [http-nio-8091-exec-4] []: get all company
2022-05-06 12:44:21,681 INFO com.account.service.AccountService [http-nio-8091-exec-5] []: get all role
2022-05-06 12:44:21,683 INFO com.account.service.AccountService [http-nio-8091-exec-6] []: get all Permission
2022-05-06 12:44:21,683 INFO com.account.service.AccountService [http-nio-8091-exec-7] []: get Permission In Role 
2022-05-06 12:44:21,683 INFO com.account.service.AccountService [http-nio-8091-exec-7] []: get Role Have Permission
2022-05-06 12:44:21,685 INFO com.account.service.AccountService [http-nio-8091-exec-7] []: get Detail Permission In Role
2022-05-06 12:44:21,687 INFO com.account.service.AccountService [http-nio-8091-exec-7] []: get Detail Permission In Role
2022-05-06 12:44:21,689 INFO com.account.service.AccountService [http-nio-8091-exec-7] []: get Detail Permission In Role
2022-05-06 12:44:21,691 INFO com.account.service.AccountService [http-nio-8091-exec-7] []: get Detail Permission In Role
2022-05-06 12:44:21,693 INFO com.account.service.AccountService [http-nio-8091-exec-7] []: get Detail Permission In Role
2022-05-06 12:44:21,695 INFO com.account.service.AccountService [http-nio-8091-exec-7] []: get Detail Permission In Role
2022-05-06 12:44:28,766 INFO com.account.service.AccountService [http-nio-8091-exec-10] []: update user abc
2022-05-06 12:44:28,768 INFO com.account.service.AccountService [http-nio-8091-exec-10] []: update user abc
2022-05-06 12:44:28,770 INFO com.account.service.AccountService [http-nio-8091-exec-10] []: update user abc
2022-05-06 12:44:28,771 INFO com.account.service.AccountService [http-nio-8091-exec-10] []: update user Nguyễn Văn A
2022-05-06 12:44:28,773 INFO com.account.service.AccountService [http-nio-8091-exec-10] []: update user abcdee
2022-05-06 12:44:28,774 INFO com.account.service.AccountService [http-nio-8091-exec-10] []: update user xyz
2022-05-06 12:44:28,775 INFO com.account.service.AccountService [http-nio-8091-exec-10] []: update user xyz
2022-05-06 12:44:28,777 INFO com.account.service.AccountService [http-nio-8091-exec-10] []: update user xyz
2022-05-06 12:44:28,778 INFO com.account.service.AccountService [http-nio-8091-exec-10] []: update user abc
2022-05-06 12:44:28,780 INFO com.account.service.AccountService [http-nio-8091-exec-10] []: update user xyz
2022-05-06 12:44:29,014 INFO com.account.service.AccountService [http-nio-8091-exec-1] []: get all role
2022-05-06 12:44:29,014 INFO com.account.service.AccountService [http-nio-8091-exec-2] []: get Permission In Role 
2022-05-06 12:44:29,014 INFO com.account.service.AccountService [http-nio-8091-exec-2] []: get Role Have Permission
2022-05-06 12:44:29,015 INFO com.account.service.AccountService [http-nio-8091-exec-3] []: get all Permission
2022-05-06 12:44:29,015 INFO com.account.service.AccountService [http-nio-8091-exec-2] []: get Detail Permission In Role
2022-05-06 12:44:29,016 INFO com.account.service.AccountService [http-nio-8091-exec-2] []: get Detail Permission In Role
2022-05-06 12:44:29,018 INFO com.account.service.AccountService [http-nio-8091-exec-2] []: get Detail Permission In Role
2022-05-06 12:44:29,037 INFO com.account.service.AccountService [http-nio-8091-exec-2] []: get Detail Permission In Role
2022-05-06 12:44:29,040 INFO com.account.service.AccountService [http-nio-8091-exec-2] []: get Detail Permission In Role
2022-05-06 12:44:29,042 INFO com.account.service.AccountService [http-nio-8091-exec-2] []: get Detail Permission In Role
2022-05-06 12:44:29,267 INFO com.account.service.CompanyService [http-nio-8091-exec-4] []: get all company
2022-05-06 12:44:29,733 INFO com.account.service.AccountService [http-nio-8091-exec-6] []: update user abc
2022-05-06 12:44:29,735 INFO com.account.service.AccountService [http-nio-8091-exec-6] []: update user abc
2022-05-06 12:44:29,736 INFO com.account.service.AccountService [http-nio-8091-exec-6] []: update user abc
2022-05-06 12:44:29,739 INFO com.account.service.AccountService [http-nio-8091-exec-6] []: update user Nguyễn Văn A
2022-05-06 12:44:29,741 INFO com.account.service.AccountService [http-nio-8091-exec-6] []: update user abcdee
2022-05-06 12:44:29,742 INFO com.account.service.AccountService [http-nio-8091-exec-6] []: update user xyz
2022-05-06 12:44:29,743 INFO com.account.service.AccountService [http-nio-8091-exec-6] []: update user xyz
2022-05-06 12:44:29,744 INFO com.account.service.AccountService [http-nio-8091-exec-6] []: update user xyz
2022-05-06 12:44:29,745 INFO com.account.service.AccountService [http-nio-8091-exec-6] []: update user abc
2022-05-06 12:44:29,746 INFO com.account.service.AccountService [http-nio-8091-exec-6] []: update user xyz
2022-05-06 12:44:34,672 INFO com.account.service.AccountService [http-nio-8091-exec-8] []: update user abc
2022-05-06 12:44:34,673 INFO com.account.service.AccountService [http-nio-8091-exec-8] []: update user abc
2022-05-06 12:44:34,674 INFO com.account.service.AccountService [http-nio-8091-exec-8] []: update user abc
2022-05-06 12:44:34,675 INFO com.account.service.AccountService [http-nio-8091-exec-8] []: update user Nguyễn Văn A
2022-05-06 12:44:34,676 INFO com.account.service.AccountService [http-nio-8091-exec-8] []: update user abcdee
2022-05-06 12:44:34,677 INFO com.account.service.AccountService [http-nio-8091-exec-8] []: update user xyz
2022-05-06 12:44:34,678 INFO com.account.service.AccountService [http-nio-8091-exec-8] []: update user xyz
2022-05-06 12:44:34,679 INFO com.account.service.AccountService [http-nio-8091-exec-8] []: update user xyz
2022-05-06 12:44:34,680 INFO com.account.service.AccountService [http-nio-8091-exec-8] []: update user abc
2022-05-06 12:44:34,682 INFO com.account.service.AccountService [http-nio-8091-exec-8] []: update user xyz
2022-05-06 12:44:35,034 INFO com.account.service.AccountService [http-nio-8091-exec-3] []: get all Permission
2022-05-06 12:44:35,034 INFO com.account.service.AccountService [http-nio-8091-exec-10] []: get all role
2022-05-06 12:44:35,034 INFO com.account.service.AccountService [http-nio-8091-exec-1] []: get Permission In Role 
2022-05-06 12:44:35,034 INFO com.account.service.AccountService [http-nio-8091-exec-1] []: get Role Have Permission
2022-05-06 12:44:35,036 INFO com.account.service.AccountService [http-nio-8091-exec-1] []: get Detail Permission In Role
2022-05-06 12:44:35,038 INFO com.account.service.AccountService [http-nio-8091-exec-1] []: get Detail Permission In Role
2022-05-06 12:44:35,040 INFO com.account.service.AccountService [http-nio-8091-exec-1] []: get Detail Permission In Role
2022-05-06 12:44:35,042 INFO com.account.service.AccountService [http-nio-8091-exec-1] []: get Detail Permission In Role
2022-05-06 12:44:35,044 INFO com.account.service.AccountService [http-nio-8091-exec-1] []: get Detail Permission In Role
2022-05-06 12:44:35,045 INFO com.account.service.AccountService [http-nio-8091-exec-1] []: get Detail Permission In Role
2022-05-06 12:44:35,277 INFO com.account.service.CompanyService [http-nio-8091-exec-2] []: get all company
2022-05-06 12:44:38,985 INFO com.account.service.AccountService [http-nio-8091-exec-6] []: update user abc
2022-05-06 12:44:38,986 INFO com.account.service.AccountService [http-nio-8091-exec-6] []: update user abc
2022-05-06 12:44:38,987 INFO com.account.service.AccountService [http-nio-8091-exec-6] []: update user abc
2022-05-06 12:44:38,989 INFO com.account.service.AccountService [http-nio-8091-exec-6] []: update user Nguyễn Văn A
2022-05-06 12:44:38,991 INFO com.account.service.AccountService [http-nio-8091-exec-6] []: update user abcdee
2022-05-06 12:44:38,992 INFO com.account.service.AccountService [http-nio-8091-exec-6] []: update user xyz
2022-05-06 12:44:38,993 INFO com.account.service.AccountService [http-nio-8091-exec-6] []: update user xyz
2022-05-06 12:44:38,994 INFO com.account.service.AccountService [http-nio-8091-exec-6] []: update user xyz
2022-05-06 12:44:38,995 INFO com.account.service.AccountService [http-nio-8091-exec-6] []: update user abc
2022-05-06 12:44:38,995 INFO com.account.service.AccountService [http-nio-8091-exec-6] []: update user xyz
2022-05-06 12:44:40,199 INFO com.account.service.AccountService [http-nio-8091-exec-7] []: update user abc
2022-05-06 12:44:40,200 INFO com.account.service.AccountService [http-nio-8091-exec-7] []: update user abc
2022-05-06 12:44:40,201 INFO com.account.service.AccountService [http-nio-8091-exec-7] []: update user abc
2022-05-06 12:44:40,203 INFO com.account.service.AccountService [http-nio-8091-exec-7] []: update user Nguyễn Văn A
2022-05-06 12:44:40,204 INFO com.account.service.AccountService [http-nio-8091-exec-7] []: update user abcdee
2022-05-06 12:44:40,204 INFO com.account.service.AccountService [http-nio-8091-exec-7] []: update user xyz
2022-05-06 12:44:40,206 INFO com.account.service.AccountService [http-nio-8091-exec-7] []: update user xyz
2022-05-06 12:44:40,208 INFO com.account.service.AccountService [http-nio-8091-exec-7] []: update user xyz
2022-05-06 12:44:40,211 INFO com.account.service.AccountService [http-nio-8091-exec-7] []: update user abc
2022-05-06 12:44:40,213 INFO com.account.service.AccountService [http-nio-8091-exec-7] []: update user xyz
2022-05-06 12:44:40,435 INFO com.account.service.AccountService [http-nio-8091-exec-3] []: get Permission In Role 
2022-05-06 12:44:40,435 INFO com.account.service.AccountService [http-nio-8091-exec-8] []: get all Permission
2022-05-06 12:44:40,435 INFO com.account.service.AccountService [http-nio-8091-exec-9] []: get all role
2022-05-06 12:44:40,435 INFO com.account.service.AccountService [http-nio-8091-exec-3] []: get Role Have Permission
2022-05-06 12:44:40,436 INFO com.account.service.AccountService [http-nio-8091-exec-3] []: get Detail Permission In Role
2022-05-06 12:44:40,438 INFO com.account.service.AccountService [http-nio-8091-exec-3] []: get Detail Permission In Role
2022-05-06 12:44:40,441 INFO com.account.service.AccountService [http-nio-8091-exec-3] []: get Detail Permission In Role
2022-05-06 12:44:40,443 INFO com.account.service.AccountService [http-nio-8091-exec-3] []: get Detail Permission In Role
2022-05-06 12:44:40,445 INFO com.account.service.AccountService [http-nio-8091-exec-3] []: get Detail Permission In Role
2022-05-06 12:44:40,446 INFO com.account.service.AccountService [http-nio-8091-exec-3] []: get Detail Permission In Role
2022-05-06 12:44:40,665 INFO com.account.service.CompanyService [http-nio-8091-exec-10] []: get all company
2022-05-06 12:44:40,980 INFO com.account.service.AccountService [http-nio-8091-exec-1] []: update user abc
2022-05-06 12:44:40,981 INFO com.account.service.AccountService [http-nio-8091-exec-1] []: update user abc
2022-05-06 12:44:40,982 INFO com.account.service.AccountService [http-nio-8091-exec-1] []: update user abc
2022-05-06 12:44:40,984 INFO com.account.service.AccountService [http-nio-8091-exec-1] []: update user Nguyễn Văn A
2022-05-06 12:44:40,985 INFO com.account.service.AccountService [http-nio-8091-exec-1] []: update user abcdee
2022-05-06 12:44:40,985 INFO com.account.service.AccountService [http-nio-8091-exec-1] []: update user xyz
2022-05-06 12:44:40,986 INFO com.account.service.AccountService [http-nio-8091-exec-1] []: update user xyz
2022-05-06 12:44:40,987 INFO com.account.service.AccountService [http-nio-8091-exec-1] []: update user xyz
2022-05-06 12:44:40,988 INFO com.account.service.AccountService [http-nio-8091-exec-1] []: update user abc
2022-05-06 12:44:40,990 INFO com.account.service.AccountService [http-nio-8091-exec-1] []: update user xyz
2022-05-06 12:44:51,238 INFO com.account.service.AccountService [http-nio-8091-exec-5] []: update user abc
2022-05-06 12:44:51,240 INFO com.account.service.AccountService [http-nio-8091-exec-5] []: update user abc
2022-05-06 12:44:51,241 INFO com.account.service.AccountService [http-nio-8091-exec-5] []: update user abc
2022-05-06 12:44:51,242 INFO com.account.service.AccountService [http-nio-8091-exec-5] []: update user Nguyễn Văn A
2022-05-06 12:44:51,244 INFO com.account.service.AccountService [http-nio-8091-exec-5] []: update user abcdee
2022-05-06 12:44:51,246 INFO com.account.service.AccountService [http-nio-8091-exec-5] []: update user xyz
2022-05-06 12:44:51,246 INFO com.account.service.AccountService [http-nio-8091-exec-5] []: update user xyz
2022-05-06 12:44:51,249 INFO com.account.service.AccountService [http-nio-8091-exec-5] []: update user xyz
2022-05-06 12:44:51,249 INFO com.account.service.AccountService [http-nio-8091-exec-5] []: update user abc
2022-05-06 12:44:51,251 INFO com.account.service.AccountService [http-nio-8091-exec-5] []: update user xyz
2022-05-06 12:44:51,499 INFO com.account.service.AccountService [http-nio-8091-exec-9] []: get Permission In Role 
2022-05-06 12:44:51,499 INFO com.account.service.AccountService [http-nio-8091-exec-8] []: get all Permission
2022-05-06 12:44:51,499 INFO com.account.service.AccountService [http-nio-8091-exec-7] []: get all role
2022-05-06 12:44:51,499 INFO com.account.service.AccountService [http-nio-8091-exec-9] []: get Role Have Permission
2022-05-06 12:44:51,500 INFO com.account.service.AccountService [http-nio-8091-exec-9] []: get Detail Permission In Role
2022-05-06 12:44:51,501 INFO com.account.service.AccountService [http-nio-8091-exec-9] []: get Detail Permission In Role
2022-05-06 12:44:51,502 INFO com.account.service.AccountService [http-nio-8091-exec-9] []: get Detail Permission In Role
2022-05-06 12:44:51,503 INFO com.account.service.AccountService [http-nio-8091-exec-9] []: get Detail Permission In Role
2022-05-06 12:44:51,505 INFO com.account.service.AccountService [http-nio-8091-exec-9] []: get Detail Permission In Role
2022-05-06 12:44:51,506 INFO com.account.service.AccountService [http-nio-8091-exec-9] []: get Detail Permission In Role
2022-05-06 12:44:51,851 INFO com.account.service.CompanyService [http-nio-8091-exec-3] []: get all company
2022-05-06 12:44:52,336 INFO com.account.service.AccountService [http-nio-8091-exec-1] []: get all Permission
2022-05-06 12:44:52,336 INFO com.account.service.AccountService [http-nio-8091-exec-10] []: get all role
2022-05-06 12:44:52,336 INFO com.account.service.AccountService [http-nio-8091-exec-2] []: get Permission In Role 
2022-05-06 12:44:52,336 INFO com.account.service.AccountService [http-nio-8091-exec-2] []: get Role Have Permission
2022-05-06 12:44:52,337 INFO com.account.service.AccountService [http-nio-8091-exec-2] []: get Detail Permission In Role
2022-05-06 12:44:52,339 INFO com.account.service.AccountService [http-nio-8091-exec-2] []: get Detail Permission In Role
2022-05-06 12:44:52,341 INFO com.account.service.AccountService [http-nio-8091-exec-2] []: get Detail Permission In Role
2022-05-06 12:44:52,342 INFO com.account.service.AccountService [http-nio-8091-exec-2] []: get Detail Permission In Role
2022-05-06 12:44:52,343 INFO com.account.service.AccountService [http-nio-8091-exec-2] []: get Detail Permission In Role
2022-05-06 12:44:52,345 INFO com.account.service.AccountService [http-nio-8091-exec-2] []: get Detail Permission In Role
2022-05-06 12:44:52,682 INFO com.account.service.CompanyService [http-nio-8091-exec-4] []: get all company
2022-05-06 12:44:53,108 INFO com.account.service.AccountService [http-nio-8091-exec-6] []: get all role
2022-05-06 12:44:53,108 INFO com.account.service.AccountService [http-nio-8091-exec-8] []: get Permission In Role 
2022-05-06 12:44:53,108 INFO com.account.service.AccountService [http-nio-8091-exec-5] []: get all Permission
2022-05-06 12:44:53,108 INFO com.account.service.AccountService [http-nio-8091-exec-8] []: get Role Have Permission
2022-05-06 12:44:53,110 INFO com.account.service.AccountService [http-nio-8091-exec-8] []: get Detail Permission In Role
2022-05-06 12:44:53,112 INFO com.account.service.AccountService [http-nio-8091-exec-8] []: get Detail Permission In Role
2022-05-06 12:44:53,113 INFO com.account.service.AccountService [http-nio-8091-exec-8] []: get Detail Permission In Role
2022-05-06 12:44:53,114 INFO com.account.service.AccountService [http-nio-8091-exec-8] []: get Detail Permission In Role
2022-05-06 12:44:53,115 INFO com.account.service.AccountService [http-nio-8091-exec-8] []: get Detail Permission In Role
2022-05-06 12:44:53,116 INFO com.account.service.AccountService [http-nio-8091-exec-8] []: get Detail Permission In Role
2022-05-06 12:44:53,433 INFO com.account.service.CompanyService [http-nio-8091-exec-7] []: get all company
2022-05-06 12:44:54,280 INFO com.account.service.AccountService [http-nio-8091-exec-3] []: get all Permission
2022-05-06 12:44:54,280 INFO com.account.service.AccountService [http-nio-8091-exec-9] []: get all role
2022-05-06 12:44:54,280 INFO com.account.service.AccountService [http-nio-8091-exec-1] []: get Permission In Role 
2022-05-06 12:44:54,281 INFO com.account.service.AccountService [http-nio-8091-exec-1] []: get Role Have Permission
2022-05-06 12:44:54,282 INFO com.account.service.AccountService [http-nio-8091-exec-1] []: get Detail Permission In Role
2022-05-06 12:44:54,283 INFO com.account.service.AccountService [http-nio-8091-exec-1] []: get Detail Permission In Role
2022-05-06 12:44:54,284 INFO com.account.service.AccountService [http-nio-8091-exec-1] []: get Detail Permission In Role
2022-05-06 12:44:54,286 INFO com.account.service.AccountService [http-nio-8091-exec-1] []: get Detail Permission In Role
2022-05-06 12:44:54,287 INFO com.account.service.AccountService [http-nio-8091-exec-1] []: get Detail Permission In Role
2022-05-06 12:44:54,288 INFO com.account.service.AccountService [http-nio-8091-exec-1] []: get Detail Permission In Role
2022-05-06 12:44:54,571 INFO com.account.service.CompanyService [http-nio-8091-exec-10] []: get all company
2022-05-06 12:44:55,074 INFO com.account.service.AccountService [http-nio-8091-exec-5] []: get Permission In Role 
2022-05-06 12:44:55,074 INFO com.account.service.AccountService [http-nio-8091-exec-2] []: get all role
2022-05-06 12:44:55,074 INFO com.account.service.AccountService [http-nio-8091-exec-4] []: get all Permission
2022-05-06 12:44:55,074 INFO com.account.service.AccountService [http-nio-8091-exec-5] []: get Role Have Permission
2022-05-06 12:44:55,075 INFO com.account.service.AccountService [http-nio-8091-exec-5] []: get Detail Permission In Role
2022-05-06 12:44:55,077 INFO com.account.service.AccountService [http-nio-8091-exec-5] []: get Detail Permission In Role
2022-05-06 12:44:55,079 INFO com.account.service.AccountService [http-nio-8091-exec-5] []: get Detail Permission In Role
2022-05-06 12:44:55,080 INFO com.account.service.AccountService [http-nio-8091-exec-5] []: get Detail Permission In Role
2022-05-06 12:44:55,081 INFO com.account.service.AccountService [http-nio-8091-exec-5] []: get Detail Permission In Role
2022-05-06 12:44:55,082 INFO com.account.service.AccountService [http-nio-8091-exec-5] []: get Detail Permission In Role
2022-05-06 12:44:56,054 INFO com.account.service.AccountService [http-nio-8091-exec-6] []: update user abc
2022-05-06 12:44:56,055 INFO com.account.service.AccountService [http-nio-8091-exec-6] []: update user abc
2022-05-06 12:44:56,056 INFO com.account.service.AccountService [http-nio-8091-exec-6] []: update user abc
2022-05-06 12:44:56,057 INFO com.account.service.AccountService [http-nio-8091-exec-6] []: update user Nguyễn Văn A
2022-05-06 12:44:56,058 INFO com.account.service.AccountService [http-nio-8091-exec-6] []: update user abcdee
2022-05-06 12:44:56,059 INFO com.account.service.AccountService [http-nio-8091-exec-6] []: update user xyz
2022-05-06 12:44:56,060 INFO com.account.service.AccountService [http-nio-8091-exec-6] []: update user xyz
2022-05-06 12:44:56,061 INFO com.account.service.AccountService [http-nio-8091-exec-6] []: update user xyz
2022-05-06 12:44:56,063 INFO com.account.service.AccountService [http-nio-8091-exec-6] []: update user abc
2022-05-06 12:44:56,064 INFO com.account.service.AccountService [http-nio-8091-exec-6] []: update user xyz
2022-05-06 12:47:15,274 INFO com.account.service.AccountService [http-nio-8091-exec-9] []: update user xyz
2022-05-06 12:47:17,352 INFO com.account.service.AccountService [http-nio-8091-exec-1] []: update user abc
2022-05-06 12:47:17,353 INFO com.account.service.AccountService [http-nio-8091-exec-1] []: update user abc
2022-05-06 12:47:17,354 INFO com.account.service.AccountService [http-nio-8091-exec-1] []: update user abc
2022-05-06 12:47:17,354 INFO com.account.service.AccountService [http-nio-8091-exec-1] []: update user Nguyễn Văn A
2022-05-06 12:47:17,355 INFO com.account.service.AccountService [http-nio-8091-exec-1] []: update user abcdee
2022-05-06 12:47:17,356 INFO com.account.service.AccountService [http-nio-8091-exec-1] []: update user xyz
2022-05-06 12:47:17,357 INFO com.account.service.AccountService [http-nio-8091-exec-1] []: update user xyz
2022-05-06 12:47:17,358 INFO com.account.service.AccountService [http-nio-8091-exec-1] []: update user xyz
2022-05-06 12:47:17,359 INFO com.account.service.AccountService [http-nio-8091-exec-1] []: update user abc
2022-05-06 12:47:17,359 INFO com.account.service.AccountService [http-nio-8091-exec-1] []: update user xyz
2022-05-06 12:47:18,810 INFO com.account.service.AccountService [http-nio-8091-exec-10] []: update user xyz
2022-05-06 12:48:17,511 INFO com.account.service.CompanyService [http-nio-8091-exec-4] []: get all company
2022-05-06 12:48:18,260 INFO com.account.service.AccountService [http-nio-8091-exec-5] []: get all Permission
2022-05-06 12:48:18,260 INFO com.account.service.AccountService [http-nio-8091-exec-2] []: get all role
2022-05-06 12:48:18,261 INFO com.account.service.AccountService [http-nio-8091-exec-6] []: get Permission In Role 
2022-05-06 12:48:18,261 INFO com.account.service.AccountService [http-nio-8091-exec-6] []: get Role Have Permission
2022-05-06 12:48:18,262 INFO com.account.service.AccountService [http-nio-8091-exec-6] []: get Detail Permission In Role
2022-05-06 12:48:18,263 INFO com.account.service.AccountService [http-nio-8091-exec-6] []: get Detail Permission In Role
2022-05-06 12:48:18,265 INFO com.account.service.AccountService [http-nio-8091-exec-6] []: get Detail Permission In Role
2022-05-06 12:48:18,266 INFO com.account.service.AccountService [http-nio-8091-exec-6] []: get Detail Permission In Role
2022-05-06 12:48:18,267 INFO com.account.service.AccountService [http-nio-8091-exec-6] []: get Detail Permission In Role
2022-05-06 12:48:18,268 INFO com.account.service.AccountService [http-nio-8091-exec-6] []: get Detail Permission In Role
2022-05-06 12:48:18,883 INFO com.account.service.AccountService [http-nio-8091-exec-8] []: update user abc
2022-05-06 12:48:18,885 INFO com.account.service.AccountService [http-nio-8091-exec-8] []: update user abc
2022-05-06 12:48:18,886 INFO com.account.service.AccountService [http-nio-8091-exec-8] []: update user abc
2022-05-06 12:48:18,887 INFO com.account.service.AccountService [http-nio-8091-exec-8] []: update user Nguyễn Văn A
2022-05-06 12:48:18,888 INFO com.account.service.AccountService [http-nio-8091-exec-8] []: update user abcdee
2022-05-06 12:48:18,889 INFO com.account.service.AccountService [http-nio-8091-exec-8] []: update user xyz
2022-05-06 12:48:18,891 INFO com.account.service.AccountService [http-nio-8091-exec-8] []: update user xyz
2022-05-06 12:48:18,892 INFO com.account.service.AccountService [http-nio-8091-exec-8] []: update user xyz
2022-05-06 12:48:18,893 INFO com.account.service.AccountService [http-nio-8091-exec-8] []: update user abc
2022-05-06 12:48:18,894 INFO com.account.service.AccountService [http-nio-8091-exec-8] []: update user xyz
2022-05-06 12:48:22,004 INFO com.account.service.AccountService [http-nio-8091-exec-9] []: update user abc
2022-05-06 12:48:22,005 INFO com.account.service.AccountService [http-nio-8091-exec-9] []: update user abc
2022-05-06 12:48:22,007 INFO com.account.service.AccountService [http-nio-8091-exec-9] []: update user abc
2022-05-06 12:48:22,008 INFO com.account.service.AccountService [http-nio-8091-exec-9] []: update user Nguyễn Văn A
2022-05-06 12:48:22,010 INFO com.account.service.AccountService [http-nio-8091-exec-9] []: update user abcdee
2022-05-06 12:48:22,012 INFO com.account.service.AccountService [http-nio-8091-exec-9] []: update user xyz
2022-05-06 12:48:22,013 INFO com.account.service.AccountService [http-nio-8091-exec-9] []: update user xyz
2022-05-06 12:48:22,013 INFO com.account.service.AccountService [http-nio-8091-exec-9] []: update user xyz
2022-05-06 12:48:22,014 INFO com.account.service.AccountService [http-nio-8091-exec-9] []: update user abc
2022-05-06 12:48:22,015 INFO com.account.service.AccountService [http-nio-8091-exec-9] []: update user xyz
2022-05-06 12:48:38,741 INFO com.account.service.AccountService [http-nio-8091-exec-5] []: update user abc
2022-05-06 12:48:38,743 INFO com.account.service.AccountService [http-nio-8091-exec-5] []: update user abc
2022-05-06 12:48:38,744 INFO com.account.service.AccountService [http-nio-8091-exec-5] []: update user abc
2022-05-06 12:48:38,745 INFO com.account.service.AccountService [http-nio-8091-exec-5] []: update user Nguyễn Văn A
2022-05-06 12:48:38,746 INFO com.account.service.AccountService [http-nio-8091-exec-5] []: update user abcdee
2022-05-06 12:48:38,748 INFO com.account.service.AccountService [http-nio-8091-exec-5] []: update user xyz
2022-05-06 12:48:38,750 INFO com.account.service.AccountService [http-nio-8091-exec-5] []: update user xyz
2022-05-06 12:48:38,752 INFO com.account.service.AccountService [http-nio-8091-exec-5] []: update user xyz
2022-05-06 12:48:38,753 INFO com.account.service.AccountService [http-nio-8091-exec-5] []: update user abc
2022-05-06 12:48:38,754 INFO com.account.service.AccountService [http-nio-8091-exec-5] []: update user xyz
2022-05-06 12:48:39,051 INFO com.account.service.AccountService [http-nio-8091-exec-6] []: get all Permission
2022-05-06 12:48:39,051 INFO com.account.service.AccountService [http-nio-8091-exec-2] []: get all role
2022-05-06 12:48:39,052 INFO com.account.service.AccountService [http-nio-8091-exec-8] []: get Permission In Role 
2022-05-06 12:48:39,052 INFO com.account.service.AccountService [http-nio-8091-exec-8] []: get Role Have Permission
2022-05-06 12:48:39,053 INFO com.account.service.AccountService [http-nio-8091-exec-8] []: get Detail Permission In Role
2022-05-06 12:48:39,054 INFO com.account.service.AccountService [http-nio-8091-exec-8] []: get Detail Permission In Role
2022-05-06 12:48:39,055 INFO com.account.service.AccountService [http-nio-8091-exec-8] []: get Detail Permission In Role
2022-05-06 12:48:39,057 INFO com.account.service.AccountService [http-nio-8091-exec-8] []: get Detail Permission In Role
2022-05-06 12:48:39,058 INFO com.account.service.AccountService [http-nio-8091-exec-8] []: get Detail Permission In Role
2022-05-06 12:48:39,059 INFO com.account.service.AccountService [http-nio-8091-exec-8] []: get Detail Permission In Role
2022-05-06 12:48:49,649 INFO com.account.service.AccountService [http-nio-8091-exec-3] []: update user abc
2022-05-06 12:48:49,652 INFO com.account.service.AccountService [http-nio-8091-exec-3] []: update user abc
2022-05-06 12:48:49,653 INFO com.account.service.AccountService [http-nio-8091-exec-3] []: update user abc
2022-05-06 12:48:49,654 INFO com.account.service.AccountService [http-nio-8091-exec-3] []: update user Nguyễn Văn A
2022-05-06 12:48:49,655 INFO com.account.service.AccountService [http-nio-8091-exec-3] []: update user abcdee
2022-05-06 12:48:49,657 INFO com.account.service.AccountService [http-nio-8091-exec-3] []: update user xyz
2022-05-06 12:48:49,658 INFO com.account.service.AccountService [http-nio-8091-exec-3] []: update user xyz
2022-05-06 12:48:49,659 INFO com.account.service.AccountService [http-nio-8091-exec-3] []: update user xyz
2022-05-06 12:48:49,660 INFO com.account.service.AccountService [http-nio-8091-exec-3] []: update user abc
2022-05-06 12:48:49,661 INFO com.account.service.AccountService [http-nio-8091-exec-3] []: update user xyz
2022-05-06 12:48:50,283 INFO com.account.service.AccountService [http-nio-8091-exec-1] []: get all Permission
2022-05-06 12:48:50,283 INFO com.account.service.AccountService [http-nio-8091-exec-9] []: get all role
2022-05-06 12:48:50,283 INFO com.account.service.AccountService [http-nio-8091-exec-10] []: get Permission In Role 
2022-05-06 12:48:50,283 INFO com.account.service.AccountService [http-nio-8091-exec-10] []: get Role Have Permission
2022-05-06 12:48:50,285 INFO com.account.service.AccountService [http-nio-8091-exec-10] []: get Detail Permission In Role
2022-05-06 12:48:50,286 INFO com.account.service.AccountService [http-nio-8091-exec-10] []: get Detail Permission In Role
2022-05-06 12:48:50,288 INFO com.account.service.AccountService [http-nio-8091-exec-10] []: get Detail Permission In Role
2022-05-06 12:48:50,289 INFO com.account.service.AccountService [http-nio-8091-exec-10] []: get Detail Permission In Role
2022-05-06 12:48:50,290 INFO com.account.service.AccountService [http-nio-8091-exec-10] []: get Detail Permission In Role
2022-05-06 12:48:50,291 INFO com.account.service.AccountService [http-nio-8091-exec-10] []: get Detail Permission In Role
2022-05-06 12:48:51,089 INFO com.account.service.CompanyService [http-nio-8091-exec-4] []: get all company
2022-05-06 12:48:51,476 INFO com.account.service.AccountService [http-nio-8091-exec-5] []: get all role
2022-05-06 12:48:51,476 INFO com.account.service.AccountService [http-nio-8091-exec-6] []: get all Permission
2022-05-06 12:48:51,476 INFO com.account.service.AccountService [http-nio-8091-exec-2] []: get Permission In Role 
2022-05-06 12:48:51,476 INFO com.account.service.AccountService [http-nio-8091-exec-2] []: get Role Have Permission
2022-05-06 12:48:51,477 INFO com.account.service.AccountService [http-nio-8091-exec-2] []: get Detail Permission In Role
2022-05-06 12:48:51,478 INFO com.account.service.AccountService [http-nio-8091-exec-2] []: get Detail Permission In Role
2022-05-06 12:48:51,479 INFO com.account.service.AccountService [http-nio-8091-exec-2] []: get Detail Permission In Role
2022-05-06 12:48:51,480 INFO com.account.service.AccountService [http-nio-8091-exec-2] []: get Detail Permission In Role
2022-05-06 12:48:51,481 INFO com.account.service.AccountService [http-nio-8091-exec-2] []: get Detail Permission In Role
2022-05-06 12:48:51,482 INFO com.account.service.AccountService [http-nio-8091-exec-2] []: get Detail Permission In Role
2022-05-06 12:48:57,967 INFO com.account.service.AccountService [http-nio-8091-exec-7] []: update user abc
2022-05-06 12:48:57,968 INFO com.account.service.AccountService [http-nio-8091-exec-7] []: update user abc
2022-05-06 12:48:57,970 INFO com.account.service.AccountService [http-nio-8091-exec-7] []: update user abc
2022-05-06 12:48:57,972 INFO com.account.service.AccountService [http-nio-8091-exec-7] []: update user Nguyễn Văn A
2022-05-06 12:48:57,973 INFO com.account.service.AccountService [http-nio-8091-exec-7] []: update user abcdee
2022-05-06 12:48:57,975 INFO com.account.service.AccountService [http-nio-8091-exec-7] []: update user xyz
2022-05-06 12:48:57,976 INFO com.account.service.AccountService [http-nio-8091-exec-7] []: update user xyz
2022-05-06 12:48:57,977 INFO com.account.service.AccountService [http-nio-8091-exec-7] []: update user xyz
2022-05-06 12:48:57,978 INFO com.account.service.AccountService [http-nio-8091-exec-7] []: update user abc
2022-05-06 12:48:57,978 INFO com.account.service.AccountService [http-nio-8091-exec-7] []: update user xyz
2022-05-06 12:48:59,162 INFO com.account.service.AccountService [http-nio-8091-exec-1] []: get all Permission
2022-05-06 12:48:59,162 INFO com.account.service.AccountService [http-nio-8091-exec-3] []: get all role
2022-05-06 12:48:59,162 INFO com.account.service.AccountService [http-nio-8091-exec-9] []: get Permission In Role 
2022-05-06 12:48:59,162 INFO com.account.service.AccountService [http-nio-8091-exec-9] []: get Role Have Permission
2022-05-06 12:48:59,163 INFO com.account.service.AccountService [http-nio-8091-exec-9] []: get Detail Permission In Role
2022-05-06 12:48:59,164 INFO com.account.service.AccountService [http-nio-8091-exec-9] []: get Detail Permission In Role
2022-05-06 12:48:59,165 INFO com.account.service.AccountService [http-nio-8091-exec-9] []: get Detail Permission In Role
2022-05-06 12:48:59,167 INFO com.account.service.AccountService [http-nio-8091-exec-9] []: get Detail Permission In Role
2022-05-06 12:48:59,168 INFO com.account.service.AccountService [http-nio-8091-exec-9] []: get Detail Permission In Role
2022-05-06 12:48:59,169 INFO com.account.service.AccountService [http-nio-8091-exec-9] []: get Detail Permission In Role
2022-05-06 12:48:59,484 INFO com.account.service.CompanyService [http-nio-8091-exec-10] []: get all company
2022-05-06 12:49:00,693 INFO com.account.service.AccountService [http-nio-8091-exec-5] []: get Permission In Role 
2022-05-06 12:49:00,693 INFO com.account.service.AccountService [http-nio-8091-exec-6] []: get all Permission
2022-05-06 12:49:00,693 INFO com.account.service.AccountService [http-nio-8091-exec-4] []: get all role
2022-05-06 12:49:00,694 INFO com.account.service.AccountService [http-nio-8091-exec-5] []: get Role Have Permission
2022-05-06 12:49:00,695 INFO com.account.service.AccountService [http-nio-8091-exec-5] []: get Detail Permission In Role
2022-05-06 12:49:00,696 INFO com.account.service.AccountService [http-nio-8091-exec-5] []: get Detail Permission In Role
2022-05-06 12:49:00,697 INFO com.account.service.AccountService [http-nio-8091-exec-5] []: get Detail Permission In Role
2022-05-06 12:49:00,699 INFO com.account.service.AccountService [http-nio-8091-exec-5] []: get Detail Permission In Role
2022-05-06 12:49:00,700 INFO com.account.service.AccountService [http-nio-8091-exec-5] []: get Detail Permission In Role
2022-05-06 12:49:00,700 INFO com.account.service.AccountService [http-nio-8091-exec-5] []: get Detail Permission In Role
2022-05-06 12:49:01,165 INFO com.account.service.AccountService [http-nio-8091-exec-2] []: update user abc
2022-05-06 12:49:01,167 INFO com.account.service.AccountService [http-nio-8091-exec-2] []: update user abc
2022-05-06 12:49:01,169 INFO com.account.service.AccountService [http-nio-8091-exec-2] []: update user abc
2022-05-06 12:49:01,170 INFO com.account.service.AccountService [http-nio-8091-exec-2] []: update user Nguyễn Văn A
2022-05-06 12:49:01,171 INFO com.account.service.AccountService [http-nio-8091-exec-2] []: update user abcdee
2022-05-06 12:49:01,173 INFO com.account.service.AccountService [http-nio-8091-exec-2] []: update user xyz
2022-05-06 12:49:01,174 INFO com.account.service.AccountService [http-nio-8091-exec-2] []: update user xyz
2022-05-06 12:49:01,175 INFO com.account.service.AccountService [http-nio-8091-exec-2] []: update user xyz
2022-05-06 12:49:01,176 INFO com.account.service.AccountService [http-nio-8091-exec-2] []: update user abc
2022-05-06 12:49:01,177 INFO com.account.service.AccountService [http-nio-8091-exec-2] []: update user xyz
2022-05-06 12:49:10,134 INFO com.account.service.AccountService [http-nio-8091-exec-1] []: update user abc
2022-05-06 12:49:10,135 INFO com.account.service.AccountService [http-nio-8091-exec-1] []: update user abc
2022-05-06 12:49:10,136 INFO com.account.service.AccountService [http-nio-8091-exec-1] []: update user abc
2022-05-06 12:49:10,137 INFO com.account.service.AccountService [http-nio-8091-exec-1] []: update user Nguyễn Văn A
2022-05-06 12:49:10,138 INFO com.account.service.AccountService [http-nio-8091-exec-1] []: update user abcdee
2022-05-06 12:49:10,139 INFO com.account.service.AccountService [http-nio-8091-exec-1] []: update user xyz
2022-05-06 12:49:10,140 INFO com.account.service.AccountService [http-nio-8091-exec-1] []: update user xyz
2022-05-06 12:49:10,141 INFO com.account.service.AccountService [http-nio-8091-exec-1] []: update user xyz
2022-05-06 12:49:10,142 INFO com.account.service.AccountService [http-nio-8091-exec-1] []: update user abc
2022-05-06 12:49:10,143 INFO com.account.service.AccountService [http-nio-8091-exec-1] []: update user xyz
2022-05-06 13:01:24,800 INFO org.springframework.orm.jpa.AbstractEntityManagerFactoryBean [SpringApplicationShutdownHook] []: Closing JPA EntityManagerFactory for persistence unit 'default'
2022-05-06 13:01:24,804 INFO com.zaxxer.hikari.HikariDataSource [SpringApplicationShutdownHook] []: HikariPool-1 - Shutdown initiated...
2022-05-06 13:01:24,811 INFO com.zaxxer.hikari.HikariDataSource [SpringApplicationShutdownHook] []: HikariPool-1 - Shutdown completed.
