2022-05-11 08:27:24,110 INFO org.springframework.boot.StartupInfoLogger [restartedMain] []: Starting AccountServiceApplication using Java 11.0.11 on LAPTOP-BP05I3UL with PID 12404 (E:\spring-boot-training\StudentSystem-Microservice\account-service\target\classes started by hieu0 in E:\spring-boot-training\StudentSystem-Microservice\account-service)
2022-05-11 08:27:24,115 INFO org.springframework.boot.SpringApplication [restartedMain] []: No active profile set, falling back to default profiles: default
2022-05-11 08:27:24,119 INFO org.hibernate.validator.internal.util.Version [background-preinit] []: HV000001: Hibernate Validator 6.2.0.Final
2022-05-11 08:27:24,195 INFO org.springframework.boot.logging.DeferredLog [restartedMain] []: Devtools property defaults active! Set 'spring.devtools.add-properties' to 'false' to disable
2022-05-11 08:27:24,236 INFO org.springframework.boot.logging.DeferredLog [restartedMain] []: For additional web related logging consider setting the 'logging.level.web' property to 'DEBUG'
2022-05-11 08:27:25,697 INFO org.springframework.data.repository.config.RepositoryConfigurationDelegate [restartedMain] []: Bootstrapping Spring Data JPA repositories in DEFAULT mode.
2022-05-11 08:27:25,792 INFO org.springframework.data.repository.config.RepositoryConfigurationDelegate [restartedMain] []: Finished Spring Data repository scanning in 84 ms. Found 6 JPA repository interfaces.
2022-05-11 08:27:26,347 INFO org.springframework.context.support.PostProcessorRegistrationDelegate$BeanPostProcessorChecker [restartedMain] []: Bean 'org.springframework.ws.config.annotation.DelegatingWsConfiguration' of type [org.springframework.ws.config.annotation.DelegatingWsConfiguration$$EnhancerBySpringCGLIB$$c99b68d4] is not eligible for getting processed by all BeanPostProcessors (for example: not eligible for auto-proxying)
2022-05-11 08:27:26,408 INFO org.springframework.ws.soap.addressing.server.AbstractAddressingEndpointMapping [restartedMain] []: Supporting [WS-Addressing August 2004, WS-Addressing 1.0]
2022-05-11 08:27:27,083 INFO org.springframework.boot.web.embedded.tomcat.TomcatWebServer [restartedMain] []: Tomcat initialized with port(s): 8091 (http)
2022-05-11 08:27:27,097 INFO org.apache.juli.logging.DirectJDKLog [restartedMain] []: Initializing ProtocolHandler ["http-nio-8091"]
2022-05-11 08:27:27,097 INFO org.apache.juli.logging.DirectJDKLog [restartedMain] []: Starting service [Tomcat]
2022-05-11 08:27:27,097 INFO org.apache.juli.logging.DirectJDKLog [restartedMain] []: Starting Servlet engine: [Apache Tomcat/9.0.54]
2022-05-11 08:27:27,237 INFO org.apache.juli.logging.DirectJDKLog [restartedMain] []: Initializing Spring embedded WebApplicationContext
2022-05-11 08:27:27,238 INFO org.springframework.boot.web.servlet.context.ServletWebServerApplicationContext [restartedMain] []: Root WebApplicationContext: initialization completed in 3001 ms
2022-05-11 08:27:27,366 INFO com.zaxxer.hikari.HikariDataSource [restartedMain] []: HikariPool-1 - Starting...
2022-05-11 08:27:27,632 INFO com.zaxxer.hikari.HikariDataSource [restartedMain] []: HikariPool-1 - Start completed.
2022-05-11 08:27:27,749 INFO org.hibernate.jpa.internal.util.LogHelper [restartedMain] []: HHH000204: Processing PersistenceUnitInfo [name: default]
2022-05-11 08:27:27,818 INFO org.hibernate.Version [restartedMain] []: HHH000412: Hibernate ORM core version 5.4.32.Final
2022-05-11 08:27:28,003 INFO org.hibernate.annotations.common.reflection.java.JavaReflectionManager [restartedMain] []: HCANN000001: Hibernate Commons Annotations {5.1.2.Final}
2022-05-11 08:27:28,155 INFO org.hibernate.dialect.Dialect [restartedMain] []: HHH000400: Using dialect: org.hibernate.dialect.PostgreSQLDialect
2022-05-11 08:27:29,631 WARN org.hibernate.tool.schema.internal.ExceptionHandlerLoggedImpl [restartedMain] []: GenerationTarget encountered exception accepting command : Error executing DDL "alter table accounts add constraint FKqgnsd0v3la0gyituldqo2mca6 foreign key (company_id) references company" via JDBC Statement
org.hibernate.tool.schema.spi.CommandAcceptanceException: Error executing DDL "alter table accounts add constraint FKqgnsd0v3la0gyituldqo2mca6 foreign key (company_id) references company" via JDBC Statement
	at org.hibernate.tool.schema.internal.exec.GenerationTargetToDatabase.accept(GenerationTargetToDatabase.java:67)
	at org.hibernate.tool.schema.internal.AbstractSchemaMigrator.applySqlString(AbstractSchemaMigrator.java:562)
	at org.hibernate.tool.schema.internal.AbstractSchemaMigrator.applySqlStrings(AbstractSchemaMigrator.java:507)
	at org.hibernate.tool.schema.internal.AbstractSchemaMigrator.applyForeignKeys(AbstractSchemaMigrator.java:433)
	at org.hibernate.tool.schema.internal.AbstractSchemaMigrator.performMigration(AbstractSchemaMigrator.java:249)
	at org.hibernate.tool.schema.internal.AbstractSchemaMigrator.doMigration(AbstractSchemaMigrator.java:114)
	at org.hibernate.tool.schema.spi.SchemaManagementToolCoordinator.performDatabaseAction(SchemaManagementToolCoordinator.java:184)
	at org.hibernate.tool.schema.spi.SchemaManagementToolCoordinator.process(SchemaManagementToolCoordinator.java:73)
	at org.hibernate.internal.SessionFactoryImpl.<init>(SessionFactoryImpl.java:318)
	at org.hibernate.boot.internal.SessionFactoryBuilderImpl.build(SessionFactoryBuilderImpl.java:468)
	at org.hibernate.jpa.boot.internal.EntityManagerFactoryBuilderImpl.build(EntityManagerFactoryBuilderImpl.java:1259)
	at org.springframework.orm.jpa.vendor.SpringHibernateJpaPersistenceProvider.createContainerEntityManagerFactory(SpringHibernateJpaPersistenceProvider.java:58)
	at org.springframework.orm.jpa.LocalContainerEntityManagerFactoryBean.createNativeEntityManagerFactory(LocalContainerEntityManagerFactoryBean.java:365)
	at org.springframework.orm.jpa.AbstractEntityManagerFactoryBean.buildNativeEntityManagerFactory(AbstractEntityManagerFactoryBean.java:409)
	at org.springframework.orm.jpa.AbstractEntityManagerFactoryBean.afterPropertiesSet(AbstractEntityManagerFactoryBean.java:396)
	at org.springframework.orm.jpa.LocalContainerEntityManagerFactoryBean.afterPropertiesSet(LocalContainerEntityManagerFactoryBean.java:341)
	at org.springframework.beans.factory.support.AbstractAutowireCapableBeanFactory.invokeInitMethods(AbstractAutowireCapableBeanFactory.java:1863)
	at org.springframework.beans.factory.support.AbstractAutowireCapableBeanFactory.initializeBean(AbstractAutowireCapableBeanFactory.java:1800)
	at org.springframework.beans.factory.support.AbstractAutowireCapableBeanFactory.doCreateBean(AbstractAutowireCapableBeanFactory.java:620)
	at org.springframework.beans.factory.support.AbstractAutowireCapableBeanFactory.createBean(AbstractAutowireCapableBeanFactory.java:542)
	at org.springframework.beans.factory.support.AbstractBeanFactory.lambda$doGetBean$0(AbstractBeanFactory.java:335)
	at org.springframework.beans.factory.support.DefaultSingletonBeanRegistry.getSingleton(DefaultSingletonBeanRegistry.java:234)
	at org.springframework.beans.factory.support.AbstractBeanFactory.doGetBean(AbstractBeanFactory.java:333)
	at org.springframework.beans.factory.support.AbstractBeanFactory.getBean(AbstractBeanFactory.java:233)
	at org.springframework.beans.factory.support.DefaultListableBeanFactory.resolveNamedBean(DefaultListableBeanFactory.java:1273)
	at org.springframework.beans.factory.support.DefaultListableBeanFactory.resolveNamedBean(DefaultListableBeanFactory.java:1234)
	at org.springframework.beans.factory.support.DefaultListableBeanFactory.resolveBean(DefaultListableBeanFactory.java:494)
	at org.springframework.beans.factory.support.DefaultListableBeanFactory.getBean(DefaultListableBeanFactory.java:349)
	at org.springframework.beans.factory.support.DefaultListableBeanFactory.getBean(DefaultListableBeanFactory.java:342)
	at org.springframework.orm.jpa.EntityManagerFactoryUtils.findEntityManagerFactory(EntityManagerFactoryUtils.java:121)
	at org.springframework.orm.jpa.JpaTransactionManager.setBeanFactory(JpaTransactionManager.java:333)
	at org.springframework.beans.factory.support.AbstractAutowireCapableBeanFactory.invokeAwareMethods(AbstractAutowireCapableBeanFactory.java:1826)
	at org.springframework.beans.factory.support.AbstractAutowireCapableBeanFactory.initializeBean(AbstractAutowireCapableBeanFactory.java:1791)
	at org.springframework.beans.factory.support.AbstractAutowireCapableBeanFactory.doCreateBean(AbstractAutowireCapableBeanFactory.java:620)
	at org.springframework.beans.factory.support.AbstractAutowireCapableBeanFactory.createBean(AbstractAutowireCapableBeanFactory.java:542)
	at org.springframework.beans.factory.support.AbstractBeanFactory.lambda$doGetBean$0(AbstractBeanFactory.java:335)
	at org.springframework.beans.factory.support.DefaultSingletonBeanRegistry.getSingleton(DefaultSingletonBeanRegistry.java:234)
	at org.springframework.beans.factory.support.AbstractBeanFactory.doGetBean(AbstractBeanFactory.java:333)
	at org.springframework.beans.factory.support.AbstractBeanFactory.getBean(AbstractBeanFactory.java:208)
	at org.springframework.beans.factory.config.DependencyDescriptor.resolveCandidate(DependencyDescriptor.java:276)
	at org.springframework.beans.factory.support.DefaultListableBeanFactory.doResolveDependency(DefaultListableBeanFactory.java:1380)
	at org.springframework.beans.factory.support.DefaultListableBeanFactory.resolveDependency(DefaultListableBeanFactory.java:1300)
	at org.springframework.beans.factory.annotation.AutowiredAnnotationBeanPostProcessor$AutowiredMethodElement.resolveMethodArguments(AutowiredAnnotationBeanPostProcessor.java:759)
	at org.springframework.beans.factory.annotation.AutowiredAnnotationBeanPostProcessor$AutowiredMethodElement.inject(AutowiredAnnotationBeanPostProcessor.java:719)
	at org.springframework.beans.factory.annotation.InjectionMetadata.inject(InjectionMetadata.java:119)
	at org.springframework.beans.factory.annotation.AutowiredAnnotationBeanPostProcessor.postProcessProperties(AutowiredAnnotationBeanPostProcessor.java:399)
	at org.springframework.beans.factory.support.AbstractAutowireCapableBeanFactory.populateBean(AbstractAutowireCapableBeanFactory.java:1431)
	at org.springframework.beans.factory.support.AbstractAutowireCapableBeanFactory.doCreateBean(AbstractAutowireCapableBeanFactory.java:619)
	at org.springframework.beans.factory.support.AbstractAutowireCapableBeanFactory.createBean(AbstractAutowireCapableBeanFactory.java:542)
	at org.springframework.beans.factory.support.AbstractBeanFactory.lambda$doGetBean$0(AbstractBeanFactory.java:335)
	at org.springframework.beans.factory.support.DefaultSingletonBeanRegistry.getSingleton(DefaultSingletonBeanRegistry.java:234)
	at org.springframework.beans.factory.support.AbstractBeanFactory.doGetBean(AbstractBeanFactory.java:333)
	at org.springframework.beans.factory.support.AbstractBeanFactory.getBean(AbstractBeanFactory.java:208)
	at org.springframework.beans.factory.support.ConstructorResolver.instantiateUsingFactoryMethod(ConstructorResolver.java:410)
	at org.springframework.beans.factory.support.AbstractAutowireCapableBeanFactory.instantiateUsingFactoryMethod(AbstractAutowireCapableBeanFactory.java:1352)
	at org.springframework.beans.factory.support.AbstractAutowireCapableBeanFactory.createBeanInstance(AbstractAutowireCapableBeanFactory.java:1195)
	at org.springframework.beans.factory.support.AbstractAutowireCapableBeanFactory.doCreateBean(AbstractAutowireCapableBeanFactory.java:582)
	at org.springframework.beans.factory.support.AbstractAutowireCapableBeanFactory.createBean(AbstractAutowireCapableBeanFactory.java:542)
	at org.springframework.beans.factory.support.AbstractBeanFactory.lambda$doGetBean$0(AbstractBeanFactory.java:335)
	at org.springframework.beans.factory.support.DefaultSingletonBeanRegistry.getSingleton(DefaultSingletonBeanRegistry.java:234)
	at org.springframework.beans.factory.support.AbstractBeanFactory.doGetBean(AbstractBeanFactory.java:333)
	at org.springframework.beans.factory.support.AbstractBeanFactory.getBean(AbstractBeanFactory.java:208)
	at org.springframework.beans.factory.config.DependencyDescriptor.resolveCandidate(DependencyDescriptor.java:276)
	at org.springframework.beans.factory.support.DefaultListableBeanFactory.doResolveDependency(DefaultListableBeanFactory.java:1380)
	at org.springframework.beans.factory.support.DefaultListableBeanFactory.resolveDependency(DefaultListableBeanFactory.java:1300)
	at org.springframework.beans.factory.support.ConstructorResolver.resolveAutowiredArgument(ConstructorResolver.java:887)
	at org.springframework.beans.factory.support.ConstructorResolver.createArgumentArray(ConstructorResolver.java:791)
	at org.springframework.beans.factory.support.ConstructorResolver.instantiateUsingFactoryMethod(ConstructorResolver.java:541)
	at org.springframework.beans.factory.support.AbstractAutowireCapableBeanFactory.instantiateUsingFactoryMethod(AbstractAutowireCapableBeanFactory.java:1352)
	at org.springframework.beans.factory.support.AbstractAutowireCapableBeanFactory.createBeanInstance(AbstractAutowireCapableBeanFactory.java:1195)
	at org.springframework.beans.factory.support.AbstractAutowireCapableBeanFactory.doCreateBean(AbstractAutowireCapableBeanFactory.java:582)
	at org.springframework.beans.factory.support.AbstractAutowireCapableBeanFactory.createBean(AbstractAutowireCapableBeanFactory.java:542)
	at org.springframework.beans.factory.support.AbstractBeanFactory.lambda$doGetBean$0(AbstractBeanFactory.java:335)
	at org.springframework.beans.factory.support.DefaultSingletonBeanRegistry.getSingleton(DefaultSingletonBeanRegistry.java:234)
	at org.springframework.beans.factory.support.AbstractBeanFactory.doGetBean(AbstractBeanFactory.java:333)
	at org.springframework.beans.factory.support.AbstractBeanFactory.getBean(AbstractBeanFactory.java:213)
	at org.springframework.boot.web.servlet.ServletContextInitializerBeans.getOrderedBeansOfType(ServletContextInitializerBeans.java:212)
	at org.springframework.boot.web.servlet.ServletContextInitializerBeans.getOrderedBeansOfType(ServletContextInitializerBeans.java:203)
	at org.springframework.boot.web.servlet.ServletContextInitializerBeans.addServletContextInitializerBeans(ServletContextInitializerBeans.java:97)
	at org.springframework.boot.web.servlet.ServletContextInitializerBeans.<init>(ServletContextInitializerBeans.java:86)
	at org.springframework.boot.web.servlet.context.ServletWebServerApplicationContext.getServletContextInitializerBeans(ServletWebServerApplicationContext.java:260)
	at org.springframework.boot.web.servlet.context.ServletWebServerApplicationContext.selfInitialize(ServletWebServerApplicationContext.java:234)
	at org.springframework.boot.web.embedded.tomcat.TomcatStarter.onStartup(TomcatStarter.java:53)
	at org.apache.catalina.core.StandardContext.startInternal(StandardContext.java:5219)
	at org.apache.catalina.util.LifecycleBase.start(LifecycleBase.java:183)
	at org.apache.catalina.core.ContainerBase$StartChild.call(ContainerBase.java:1396)
	at org.apache.catalina.core.ContainerBase$StartChild.call(ContainerBase.java:1386)
	at java.base/java.util.concurrent.FutureTask.run(FutureTask.java:264)
	at org.apache.tomcat.util.threads.InlineExecutorService.execute(InlineExecutorService.java:75)
	at java.base/java.util.concurrent.AbstractExecutorService.submit(AbstractExecutorService.java:140)
	at org.apache.catalina.core.ContainerBase.startInternal(ContainerBase.java:919)
	at org.apache.catalina.core.StandardHost.startInternal(StandardHost.java:835)
	at org.apache.catalina.util.LifecycleBase.start(LifecycleBase.java:183)
	at org.apache.catalina.core.ContainerBase$StartChild.call(ContainerBase.java:1396)
	at org.apache.catalina.core.ContainerBase$StartChild.call(ContainerBase.java:1386)
	at java.base/java.util.concurrent.FutureTask.run(FutureTask.java:264)
	at org.apache.tomcat.util.threads.InlineExecutorService.execute(InlineExecutorService.java:75)
	at java.base/java.util.concurrent.AbstractExecutorService.submit(AbstractExecutorService.java:140)
	at org.apache.catalina.core.ContainerBase.startInternal(ContainerBase.java:919)
	at org.apache.catalina.core.StandardEngine.startInternal(StandardEngine.java:263)
	at org.apache.catalina.util.LifecycleBase.start(LifecycleBase.java:183)
	at org.apache.catalina.core.StandardService.startInternal(StandardService.java:432)
	at org.apache.catalina.util.LifecycleBase.start(LifecycleBase.java:183)
	at org.apache.catalina.core.StandardServer.startInternal(StandardServer.java:927)
	at org.apache.catalina.util.LifecycleBase.start(LifecycleBase.java:183)
	at org.apache.catalina.startup.Tomcat.start(Tomcat.java:486)
	at org.springframework.boot.web.embedded.tomcat.TomcatWebServer.initialize(TomcatWebServer.java:123)
	at org.springframework.boot.web.embedded.tomcat.TomcatWebServer.<init>(TomcatWebServer.java:104)
	at org.springframework.boot.web.embedded.tomcat.TomcatServletWebServerFactory.getTomcatWebServer(TomcatServletWebServerFactory.java:450)
	at org.springframework.boot.web.embedded.tomcat.TomcatServletWebServerFactory.getWebServer(TomcatServletWebServerFactory.java:199)
	at org.springframework.boot.web.servlet.context.ServletWebServerApplicationContext.createWebServer(ServletWebServerApplicationContext.java:182)
	at org.springframework.boot.web.servlet.context.ServletWebServerApplicationContext.onRefresh(ServletWebServerApplicationContext.java:160)
	at org.springframework.context.support.AbstractApplicationContext.refresh(AbstractApplicationContext.java:577)
	at org.springframework.boot.web.servlet.context.ServletWebServerApplicationContext.refresh(ServletWebServerApplicationContext.java:145)
	at org.springframework.boot.SpringApplication.refresh(SpringApplication.java:754)
	at org.springframework.boot.SpringApplication.refreshContext(SpringApplication.java:434)
	at org.springframework.boot.SpringApplication.run(SpringApplication.java:338)
	at org.springframework.boot.SpringApplication.run(SpringApplication.java:1343)
	at org.springframework.boot.SpringApplication.run(SpringApplication.java:1332)
	at com.account.AccountServiceApplication.main(AccountServiceApplication.java:26)
	at java.base/jdk.internal.reflect.NativeMethodAccessorImpl.invoke0(Native Method)
	at java.base/jdk.internal.reflect.NativeMethodAccessorImpl.invoke(NativeMethodAccessorImpl.java:62)
	at java.base/jdk.internal.reflect.DelegatingMethodAccessorImpl.invoke(DelegatingMethodAccessorImpl.java:43)
	at java.base/java.lang.reflect.Method.invoke(Method.java:566)
	at org.springframework.boot.devtools.restart.RestartLauncher.run(RestartLauncher.java:49)
Caused by: org.postgresql.util.PSQLException: ERROR: foreign key constraint "fkqgnsd0v3la0gyituldqo2mca6" cannot be implemented
  Detail: Key columns "company_id" and "id" are of incompatible types: character varying and bigint.
	at org.postgresql.core.v3.QueryExecutorImpl.receiveErrorResponse(QueryExecutorImpl.java:2565)
	at org.postgresql.core.v3.QueryExecutorImpl.processResults(QueryExecutorImpl.java:2297)
	at org.postgresql.core.v3.QueryExecutorImpl.execute(QueryExecutorImpl.java:322)
	at org.postgresql.jdbc.PgStatement.executeInternal(PgStatement.java:481)
	at org.postgresql.jdbc.PgStatement.execute(PgStatement.java:401)
	at org.postgresql.jdbc.PgStatement.executeWithFlags(PgStatement.java:322)
	at org.postgresql.jdbc.PgStatement.executeCachedSql(PgStatement.java:308)
	at org.postgresql.jdbc.PgStatement.executeWithFlags(PgStatement.java:284)
	at org.postgresql.jdbc.PgStatement.execute(PgStatement.java:279)
	at com.zaxxer.hikari.pool.ProxyStatement.execute(ProxyStatement.java:94)
	at com.zaxxer.hikari.pool.HikariProxyStatement.execute(HikariProxyStatement.java)
	at org.hibernate.tool.schema.internal.exec.GenerationTargetToDatabase.accept(GenerationTargetToDatabase.java:54)
	... 124 common frames omitted
2022-05-11 08:27:29,693 INFO org.hibernate.engine.transaction.jta.platform.internal.JtaPlatformInitiator [restartedMain] []: HHH000490: Using JtaPlatform implementation: [org.hibernate.engine.transaction.jta.platform.internal.NoJtaPlatform]
2022-05-11 08:27:29,700 INFO org.springframework.orm.jpa.AbstractEntityManagerFactoryBean [restartedMain] []: Initialized JPA EntityManagerFactory for persistence unit 'default'
2022-05-11 08:27:30,533 WARN org.springframework.boot.autoconfigure.orm.jpa.JpaBaseConfiguration$JpaWebConfiguration [restartedMain] []: spring.jpa.open-in-view is enabled by default. Therefore, database queries may be performed during view rendering. Explicitly configure spring.jpa.open-in-view to disable this warning
2022-05-11 08:27:31,110 INFO springfox.documentation.spring.web.PropertySourcedRequestMappingHandlerMapping [restartedMain] []: Mapped URL path [/v2/api-docs] onto method [springfox.documentation.swagger2.web.Swagger2Controller#getDocumentation(String, HttpServletRequest)]
2022-05-11 08:27:31,239 INFO org.springframework.security.web.DefaultSecurityFilterChain [restartedMain] []: Will secure Ant [pattern='/v2/api-docs'] with []
2022-05-11 08:27:31,240 INFO org.springframework.security.web.DefaultSecurityFilterChain [restartedMain] []: Will secure Ant [pattern='/configuration/ui'] with []
2022-05-11 08:27:31,240 INFO org.springframework.security.web.DefaultSecurityFilterChain [restartedMain] []: Will secure Ant [pattern='/swagger-resources/**'] with []
2022-05-11 08:27:31,240 INFO org.springframework.security.web.DefaultSecurityFilterChain [restartedMain] []: Will secure Ant [pattern='/configuration/**'] with []
2022-05-11 08:27:31,240 INFO org.springframework.security.web.DefaultSecurityFilterChain [restartedMain] []: Will secure Ant [pattern='/swagger-ui.html'] with []
2022-05-11 08:27:31,240 INFO org.springframework.security.web.DefaultSecurityFilterChain [restartedMain] []: Will secure Ant [pattern='/webjars/**'] with []
2022-05-11 08:27:31,273 INFO org.springframework.security.web.DefaultSecurityFilterChain [restartedMain] []: Will secure any request with [org.springframework.security.web.context.request.async.WebAsyncManagerIntegrationFilter@73800546, org.springframework.security.web.context.SecurityContextPersistenceFilter@1c25c6f6, org.springframework.security.web.header.HeaderWriterFilter@223211eb, org.springframework.security.web.authentication.logout.LogoutFilter@4201169d, com.account.filter.AuthorizationFilter@49502d7b, org.springframework.security.web.savedrequest.RequestCacheAwareFilter@721d063a, org.springframework.security.web.servletapi.SecurityContextHolderAwareRequestFilter@398f94b6, org.springframework.security.web.authentication.AnonymousAuthenticationFilter@733afb6a, org.springframework.security.web.session.SessionManagementFilter@60b7d1e0, org.springframework.security.web.access.ExceptionTranslationFilter@2b74c86e, org.springframework.security.web.access.intercept.FilterSecurityInterceptor@2b0f1f36]
2022-05-11 08:27:31,427 WARN org.springframework.boot.devtools.autoconfigure.OptionalLiveReloadServer [restartedMain] []: Unable to start LiveReload server
2022-05-11 08:27:31,642 INFO org.apache.juli.logging.DirectJDKLog [restartedMain] []: Starting ProtocolHandler ["http-nio-8091"]
2022-05-11 08:27:31,664 INFO org.springframework.boot.web.embedded.tomcat.TomcatWebServer [restartedMain] []: Tomcat started on port(s): 8091 (http) with context path ''
2022-05-11 08:27:31,665 INFO springfox.documentation.spring.web.plugins.DocumentationPluginsBootstrapper [restartedMain] []: Context refreshed
2022-05-11 08:27:31,698 INFO springfox.documentation.spring.web.plugins.DocumentationPluginsBootstrapper [restartedMain] []: Found 1 custom documentation plugin(s)
2022-05-11 08:27:31,758 INFO springfox.documentation.spring.web.scanners.ApiListingReferenceScanner [restartedMain] []: Scanning for api listing references
2022-05-11 08:27:32,380 INFO org.springframework.scheduling.annotation.ScheduledAnnotationBeanPostProcessor [restartedMain] []: No TaskScheduler/ScheduledExecutorService bean found for scheduled processing
2022-05-11 08:27:32,392 INFO org.springframework.boot.StartupInfoLogger [restartedMain] []: Started AccountServiceApplication in 8.968 seconds (JVM running for 10.364)
2022-05-11 08:30:01,212 INFO org.apache.juli.logging.DirectJDKLog [http-nio-8091-exec-1] []: Initializing Spring DispatcherServlet 'dispatcherServlet'
2022-05-11 08:30:01,213 INFO org.springframework.web.servlet.FrameworkServlet [http-nio-8091-exec-1] []: Initializing Servlet 'dispatcherServlet'
2022-05-11 08:30:01,214 INFO org.springframework.web.servlet.FrameworkServlet [http-nio-8091-exec-1] []: Completed initialization in 1 ms
2022-05-11 08:30:01,545 INFO com.account.service.AccountService [http-nio-8091-exec-2] []: get Account By Username admin123
2022-05-11 08:30:02,038 INFO com.account.service.AccountService [http-nio-8091-exec-4] []: update user abc
2022-05-11 08:30:02,043 INFO com.account.service.AccountService [http-nio-8091-exec-4] []: update user abc
2022-05-11 08:30:02,047 INFO com.account.service.AccountService [http-nio-8091-exec-4] []: update user abc
2022-05-11 08:30:02,050 INFO com.account.service.AccountService [http-nio-8091-exec-4] []: update user Nguyễn Văn A
2022-05-11 08:30:02,053 INFO com.account.service.AccountService [http-nio-8091-exec-4] []: update user abcdee
2022-05-11 08:30:02,055 INFO com.account.service.AccountService [http-nio-8091-exec-4] []: update user xyz
2022-05-11 08:30:02,057 INFO com.account.service.AccountService [http-nio-8091-exec-4] []: update user xyz
2022-05-11 08:30:02,058 INFO com.account.service.AccountService [http-nio-8091-exec-4] []: update user xyz
2022-05-11 08:30:02,061 INFO com.account.service.AccountService [http-nio-8091-exec-4] []: update user abc
2022-05-11 08:30:02,063 INFO com.account.service.AccountService [http-nio-8091-exec-4] []: update user xyz
2022-05-11 08:30:07,936 INFO com.account.service.AccountService [http-nio-8091-exec-9] []: get account by id
2022-05-11 08:30:07,941 INFO com.account.service.AccountService [http-nio-8091-exec-1] []: get User Have Role
2022-05-11 08:30:07,946 INFO com.account.service.AccountService [http-nio-8091-exec-2] []: get Permission In User
2022-05-11 08:30:07,946 INFO com.account.service.AccountService [http-nio-8091-exec-2] []: get User Have Permission
2022-05-11 08:30:07,950 INFO com.account.service.AccountService [http-nio-8091-exec-9] []: get Account By Id 
2022-05-11 08:30:07,952 INFO com.account.service.AccountService [http-nio-8091-exec-10] []: get all role
2022-05-11 08:35:50,681 INFO com.account.service.CompanyService [http-nio-8091-exec-8] []: get all company
2022-05-11 08:35:53,607 INFO com.account.service.AccountService [http-nio-8091-exec-2] []: get all role
2022-05-11 08:35:53,630 INFO com.account.service.AccountService [http-nio-8091-exec-3] []: get all Permission
2022-05-11 08:35:53,631 INFO com.account.service.AccountService [http-nio-8091-exec-5] []: get Permission In Role 
2022-05-11 08:35:53,631 INFO com.account.service.AccountService [http-nio-8091-exec-5] []: get Role Have Permission
2022-05-11 08:35:58,715 INFO com.account.service.AccountService [http-nio-8091-exec-4] []: update user abc
2022-05-11 08:35:58,719 INFO com.account.service.AccountService [http-nio-8091-exec-4] []: update user abc
2022-05-11 08:35:58,723 INFO com.account.service.AccountService [http-nio-8091-exec-4] []: update user abc
2022-05-11 08:35:58,726 INFO com.account.service.AccountService [http-nio-8091-exec-4] []: update user Nguyễn Văn A
2022-05-11 08:35:58,732 INFO com.account.service.AccountService [http-nio-8091-exec-4] []: update user abcdee
2022-05-11 08:35:58,734 INFO com.account.service.AccountService [http-nio-8091-exec-4] []: update user xyz
2022-05-11 08:35:58,737 INFO com.account.service.AccountService [http-nio-8091-exec-4] []: update user xyz
2022-05-11 08:35:58,739 INFO com.account.service.AccountService [http-nio-8091-exec-4] []: update user xyz
2022-05-11 08:35:58,742 INFO com.account.service.AccountService [http-nio-8091-exec-4] []: update user abc
2022-05-11 08:35:58,745 INFO com.account.service.AccountService [http-nio-8091-exec-4] []: update user xyz
2022-05-11 08:36:03,794 INFO com.account.service.AccountService [http-nio-8091-exec-1] []: update user xyz
2022-05-11 08:42:49,112 INFO com.account.service.AccountService [http-nio-8091-exec-4] []: update user abc
2022-05-11 08:42:49,114 INFO com.account.service.AccountService [http-nio-8091-exec-4] []: update user abc
2022-05-11 08:42:49,117 INFO com.account.service.AccountService [http-nio-8091-exec-4] []: update user abc
2022-05-11 08:42:49,119 INFO com.account.service.AccountService [http-nio-8091-exec-4] []: update user Nguyễn Văn A
2022-05-11 08:42:49,121 INFO com.account.service.AccountService [http-nio-8091-exec-4] []: update user abcdee
2022-05-11 08:42:49,123 INFO com.account.service.AccountService [http-nio-8091-exec-4] []: update user xyz
2022-05-11 08:42:49,124 INFO com.account.service.AccountService [http-nio-8091-exec-4] []: update user xyz
2022-05-11 08:42:49,125 INFO com.account.service.AccountService [http-nio-8091-exec-4] []: update user xyz
2022-05-11 08:42:49,127 INFO com.account.service.AccountService [http-nio-8091-exec-4] []: update user abc
2022-05-11 08:42:49,128 INFO com.account.service.AccountService [http-nio-8091-exec-4] []: update user xyz
2022-05-11 08:42:51,270 INFO com.account.service.AccountService [http-nio-8091-exec-6] []: get account by id
2022-05-11 08:42:51,274 INFO com.account.service.AccountService [http-nio-8091-exec-6] []: get Account By Id 
2022-05-11 08:42:51,292 INFO com.account.service.AccountService [http-nio-8091-exec-8] []: get all role
2022-05-11 08:42:51,300 INFO com.account.service.AccountService [http-nio-8091-exec-7] []: get User Have Role
2022-05-11 08:42:51,302 INFO com.account.service.AccountService [http-nio-8091-exec-1] []: get Permission In User
2022-05-11 08:42:51,302 INFO com.account.service.AccountService [http-nio-8091-exec-1] []: get User Have Permission
2022-05-11 08:44:34,241 INFO com.account.service.CompanyService [http-nio-8091-exec-3] []: get all company
2022-05-11 08:44:35,483 INFO com.account.service.AccountService [http-nio-8091-exec-4] []: get all role
2022-05-11 08:44:35,491 INFO com.account.service.AccountService [http-nio-8091-exec-6] []: get all Permission
2022-05-11 08:44:35,492 INFO com.account.service.AccountService [http-nio-8091-exec-8] []: get Permission In Role 
2022-05-11 08:44:35,492 INFO com.account.service.AccountService [http-nio-8091-exec-8] []: get Role Have Permission
2022-05-11 08:44:37,405 INFO com.account.service.AccountService [http-nio-8091-exec-7] []: update user abc
2022-05-11 08:44:37,407 INFO com.account.service.AccountService [http-nio-8091-exec-7] []: update user abc
2022-05-11 08:44:37,408 INFO com.account.service.AccountService [http-nio-8091-exec-7] []: update user abc
2022-05-11 08:44:37,409 INFO com.account.service.AccountService [http-nio-8091-exec-7] []: update user Nguyễn Văn A
2022-05-11 08:44:37,410 INFO com.account.service.AccountService [http-nio-8091-exec-7] []: update user abcdee
2022-05-11 08:44:37,411 INFO com.account.service.AccountService [http-nio-8091-exec-7] []: update user xyz
2022-05-11 08:44:37,411 INFO com.account.service.AccountService [http-nio-8091-exec-7] []: update user xyz
2022-05-11 08:44:37,413 INFO com.account.service.AccountService [http-nio-8091-exec-7] []: update user xyz
2022-05-11 08:44:37,415 INFO com.account.service.AccountService [http-nio-8091-exec-7] []: update user abc
2022-05-11 08:44:37,418 INFO com.account.service.AccountService [http-nio-8091-exec-7] []: update user xyz
2022-05-11 08:44:46,977 INFO com.account.service.AccountService [http-nio-8091-exec-5] []: update user abc
2022-05-11 08:44:46,979 INFO com.account.service.AccountService [http-nio-8091-exec-5] []: update user abc
2022-05-11 08:44:46,980 INFO com.account.service.AccountService [http-nio-8091-exec-5] []: update user abc
2022-05-11 08:44:46,981 INFO com.account.service.AccountService [http-nio-8091-exec-5] []: update user Nguyễn Văn A
2022-05-11 08:44:46,983 INFO com.account.service.AccountService [http-nio-8091-exec-5] []: update user abcdee
2022-05-11 08:44:46,984 INFO com.account.service.AccountService [http-nio-8091-exec-5] []: update user xyz
2022-05-11 08:44:46,986 INFO com.account.service.AccountService [http-nio-8091-exec-5] []: update user xyz
2022-05-11 08:44:46,987 INFO com.account.service.AccountService [http-nio-8091-exec-5] []: update user xyz
2022-05-11 08:44:46,988 INFO com.account.service.AccountService [http-nio-8091-exec-5] []: update user abc
2022-05-11 08:44:46,989 INFO com.account.service.AccountService [http-nio-8091-exec-5] []: update user xyz
2022-05-11 08:44:51,209 INFO com.account.service.AccountService [http-nio-8091-exec-3] []: get account by id
2022-05-11 08:44:51,211 INFO com.account.service.AccountService [http-nio-8091-exec-4] []: get all role
2022-05-11 08:44:51,212 INFO com.account.service.AccountService [http-nio-8091-exec-3] []: get Account By Id 
2022-05-11 08:44:51,214 INFO com.account.service.AccountService [http-nio-8091-exec-6] []: get User Have Role
2022-05-11 08:44:51,216 INFO com.account.service.AccountService [http-nio-8091-exec-8] []: get Permission In User
2022-05-11 08:44:51,216 INFO com.account.service.AccountService [http-nio-8091-exec-8] []: get User Have Permission
2022-05-11 09:38:07,272 WARN com.zaxxer.hikari.pool.HikariPool$HouseKeeper [HikariPool-1 housekeeper] []: HikariPool-1 - Thread starvation or clock leap detected (housekeeper delta=7m8s606ms863µs700ns).
2022-05-11 10:01:18,354 INFO com.account.service.AccountService [http-nio-8091-exec-7] []: get User Have Role
2022-05-11 10:01:18,354 INFO com.account.service.AccountService [http-nio-8091-exec-4] []: get account by id
2022-05-11 10:01:18,354 INFO com.account.service.AccountService [http-nio-8091-exec-8] []: get all role
2022-05-11 10:01:18,358 INFO com.account.service.AccountService [http-nio-8091-exec-4] []: get Account By Id 
2022-05-11 10:01:18,369 INFO com.account.service.AccountService [http-nio-8091-exec-1] []: get Permission In User
2022-05-11 10:01:18,369 INFO com.account.service.AccountService [http-nio-8091-exec-1] []: get User Have Permission
2022-05-11 10:02:56,692 INFO com.account.service.AccountService [http-nio-8091-exec-7] []: get account by id
2022-05-11 10:02:56,696 INFO com.account.service.AccountService [http-nio-8091-exec-7] []: get Account By Id 
2022-05-11 10:02:56,709 INFO com.account.service.AccountService [http-nio-8091-exec-8] []: get all role
2022-05-11 10:02:56,726 INFO com.account.service.AccountService [http-nio-8091-exec-4] []: get User Have Role
2022-05-11 10:02:56,743 INFO com.account.service.AccountService [http-nio-8091-exec-1] []: get Permission In User
2022-05-11 10:02:56,743 INFO com.account.service.AccountService [http-nio-8091-exec-1] []: get User Have Permission
2022-05-11 10:03:42,084 INFO com.account.service.AccountService [http-nio-8091-exec-6] []: get all role
2022-05-11 10:03:42,206 INFO com.account.service.AccountService [http-nio-8091-exec-8] []: get all Permission
2022-05-11 10:03:42,216 INFO com.account.service.AccountService [http-nio-8091-exec-4] []: get Permission In Role 
2022-05-11 10:03:42,216 INFO com.account.service.AccountService [http-nio-8091-exec-4] []: get Role Have Permission
2022-05-11 10:03:46,103 INFO com.account.service.AccountService [http-nio-8091-exec-2] []: update user abc
2022-05-11 10:03:46,105 INFO com.account.service.AccountService [http-nio-8091-exec-2] []: update user abc
2022-05-11 10:03:46,106 INFO com.account.service.AccountService [http-nio-8091-exec-2] []: update user abc
2022-05-11 10:03:46,107 INFO com.account.service.AccountService [http-nio-8091-exec-2] []: update user Nguyễn Văn A
2022-05-11 10:03:46,109 INFO com.account.service.AccountService [http-nio-8091-exec-2] []: update user abcdee
2022-05-11 10:03:46,110 INFO com.account.service.AccountService [http-nio-8091-exec-2] []: update user xyz
2022-05-11 10:03:46,111 INFO com.account.service.AccountService [http-nio-8091-exec-2] []: update user xyz
2022-05-11 10:03:46,112 INFO com.account.service.AccountService [http-nio-8091-exec-2] []: update user xyz
2022-05-11 10:03:46,113 INFO com.account.service.AccountService [http-nio-8091-exec-2] []: update user abc
2022-05-11 10:03:46,114 INFO com.account.service.AccountService [http-nio-8091-exec-2] []: update user xyz
2022-05-11 10:03:57,526 INFO com.account.service.AccountService [http-nio-8091-exec-8] []: update user abc
2022-05-11 10:03:57,528 INFO com.account.service.AccountService [http-nio-8091-exec-8] []: update user abc
2022-05-11 10:03:57,530 INFO com.account.service.AccountService [http-nio-8091-exec-8] []: update user abc
2022-05-11 10:03:57,532 INFO com.account.service.AccountService [http-nio-8091-exec-8] []: update user Nguyễn Văn A
2022-05-11 10:03:57,535 INFO com.account.service.AccountService [http-nio-8091-exec-8] []: update user abcdee
2022-05-11 10:03:57,537 INFO com.account.service.AccountService [http-nio-8091-exec-8] []: update user xyz
2022-05-11 10:03:57,538 INFO com.account.service.AccountService [http-nio-8091-exec-8] []: update user xyz
2022-05-11 10:03:57,541 INFO com.account.service.AccountService [http-nio-8091-exec-8] []: update user xyz
2022-05-11 10:03:57,543 INFO com.account.service.AccountService [http-nio-8091-exec-8] []: update user abc
2022-05-11 10:03:57,545 INFO com.account.service.AccountService [http-nio-8091-exec-8] []: update user xyz
2022-05-11 10:03:59,407 INFO com.account.service.CompanyService [http-nio-8091-exec-1] []: get all company
2022-05-11 10:04:00,792 INFO com.account.service.AccountService [http-nio-8091-exec-9] []: get all role
2022-05-11 10:04:00,800 INFO com.account.service.AccountService [http-nio-8091-exec-5] []: get all Permission
2022-05-11 10:04:00,801 INFO com.account.service.AccountService [http-nio-8091-exec-10] []: get Permission In Role 
2022-05-11 10:04:00,801 INFO com.account.service.AccountService [http-nio-8091-exec-10] []: get Role Have Permission
2022-05-11 10:04:10,616 INFO com.account.service.CompanyService [http-nio-8091-exec-8] []: get all company
2022-05-11 10:04:13,361 INFO com.account.service.AccountService [http-nio-8091-exec-4] []: get all role
2022-05-11 10:04:13,366 INFO com.account.service.AccountService [http-nio-8091-exec-1] []: get all Permission
2022-05-11 10:04:13,367 INFO com.account.service.AccountService [http-nio-8091-exec-9] []: get Permission In Role 
2022-05-11 10:04:13,367 INFO com.account.service.AccountService [http-nio-8091-exec-9] []: get Role Have Permission
2022-05-11 10:04:14,629 INFO com.account.service.AccountService [http-nio-8091-exec-2] []: update user abc
2022-05-11 10:04:14,631 INFO com.account.service.AccountService [http-nio-8091-exec-2] []: update user abc
2022-05-11 10:04:14,633 INFO com.account.service.AccountService [http-nio-8091-exec-2] []: update user abc
2022-05-11 10:04:14,635 INFO com.account.service.AccountService [http-nio-8091-exec-2] []: update user Nguyễn Văn A
2022-05-11 10:04:14,637 INFO com.account.service.AccountService [http-nio-8091-exec-2] []: update user abcdee
2022-05-11 10:04:14,638 INFO com.account.service.AccountService [http-nio-8091-exec-2] []: update user xyz
2022-05-11 10:04:14,638 INFO com.account.service.AccountService [http-nio-8091-exec-2] []: update user xyz
2022-05-11 10:04:14,639 INFO com.account.service.AccountService [http-nio-8091-exec-2] []: update user xyz
2022-05-11 10:04:14,640 INFO com.account.service.AccountService [http-nio-8091-exec-2] []: update user abc
2022-05-11 10:04:14,641 INFO com.account.service.AccountService [http-nio-8091-exec-2] []: update user xyz
2022-05-11 10:04:17,866 INFO com.account.service.AccountService [http-nio-8091-exec-7] []: get all role
2022-05-11 10:04:17,897 INFO com.account.service.AccountService [http-nio-8091-exec-1] []: get account by id
2022-05-11 10:04:17,899 INFO com.account.service.AccountService [http-nio-8091-exec-1] []: get Account By Id 
2022-05-11 10:04:17,903 INFO com.account.service.AccountService [http-nio-8091-exec-9] []: get User Have Role
2022-05-11 10:04:17,904 INFO com.account.service.AccountService [http-nio-8091-exec-5] []: get Permission In User
2022-05-11 10:04:17,905 INFO com.account.service.AccountService [http-nio-8091-exec-5] []: get User Have Permission
2022-05-11 10:04:30,402 INFO com.account.service.CompanyService [http-nio-8091-exec-3] []: get all company
2022-05-11 10:04:31,871 INFO com.account.service.AccountService [http-nio-8091-exec-7] []: get all role
2022-05-11 10:04:31,873 INFO com.account.service.AccountService [http-nio-8091-exec-4] []: get Permission In Role 
2022-05-11 10:04:31,873 INFO com.account.service.AccountService [http-nio-8091-exec-8] []: get all Permission
2022-05-11 10:04:31,873 INFO com.account.service.AccountService [http-nio-8091-exec-4] []: get Role Have Permission
2022-05-11 10:04:33,910 INFO com.account.service.AccountService [http-nio-8091-exec-1] []: update user abc
2022-05-11 10:04:33,911 INFO com.account.service.AccountService [http-nio-8091-exec-1] []: update user abc
2022-05-11 10:04:33,912 INFO com.account.service.AccountService [http-nio-8091-exec-1] []: update user abc
2022-05-11 10:04:33,913 INFO com.account.service.AccountService [http-nio-8091-exec-1] []: update user Nguyễn Văn A
2022-05-11 10:04:33,913 INFO com.account.service.AccountService [http-nio-8091-exec-1] []: update user abcdee
2022-05-11 10:04:33,914 INFO com.account.service.AccountService [http-nio-8091-exec-1] []: update user xyz
2022-05-11 10:04:33,915 INFO com.account.service.AccountService [http-nio-8091-exec-1] []: update user xyz
2022-05-11 10:04:33,916 INFO com.account.service.AccountService [http-nio-8091-exec-1] []: update user xyz
2022-05-11 10:04:33,917 INFO com.account.service.AccountService [http-nio-8091-exec-1] []: update user abc
2022-05-11 10:04:33,918 INFO com.account.service.AccountService [http-nio-8091-exec-1] []: update user xyz
2022-05-11 10:10:11,298 INFO com.account.service.AccountService [http-nio-8091-exec-3] []: update user abc
2022-05-11 10:10:11,300 INFO com.account.service.AccountService [http-nio-8091-exec-3] []: update user abc
2022-05-11 10:10:11,301 INFO com.account.service.AccountService [http-nio-8091-exec-3] []: update user abc
2022-05-11 10:10:11,302 INFO com.account.service.AccountService [http-nio-8091-exec-3] []: update user Nguyễn Văn A
2022-05-11 10:10:11,303 INFO com.account.service.AccountService [http-nio-8091-exec-3] []: update user abcdee
2022-05-11 10:10:11,305 INFO com.account.service.AccountService [http-nio-8091-exec-3] []: update user xyz
2022-05-11 10:10:11,306 INFO com.account.service.AccountService [http-nio-8091-exec-3] []: update user xyz
2022-05-11 10:10:11,307 INFO com.account.service.AccountService [http-nio-8091-exec-3] []: update user xyz
2022-05-11 10:10:11,308 INFO com.account.service.AccountService [http-nio-8091-exec-3] []: update user abc
2022-05-11 10:10:11,309 INFO com.account.service.AccountService [http-nio-8091-exec-3] []: update user xyz
2022-05-11 10:10:19,501 INFO com.account.service.AccountService [http-nio-8091-exec-7] []: get account by id
2022-05-11 10:10:19,502 INFO com.account.service.AccountService [http-nio-8091-exec-4] []: get all role
2022-05-11 10:10:19,502 INFO com.account.service.AccountService [http-nio-8091-exec-1] []: get User Have Role
2022-05-11 10:10:19,507 INFO com.account.service.AccountService [http-nio-8091-exec-9] []: get Permission In User
2022-05-11 10:10:19,507 INFO com.account.service.AccountService [http-nio-8091-exec-7] []: get Account By Id 
2022-05-11 10:10:19,507 INFO com.account.service.AccountService [http-nio-8091-exec-9] []: get User Have Permission
2022-05-11 10:10:58,625 INFO com.account.service.AccountService [http-nio-8091-exec-3] []: update user abc
2022-05-11 10:10:58,627 INFO com.account.service.AccountService [http-nio-8091-exec-3] []: update user abc
2022-05-11 10:10:58,628 INFO com.account.service.AccountService [http-nio-8091-exec-3] []: update user abc
2022-05-11 10:10:58,629 INFO com.account.service.AccountService [http-nio-8091-exec-3] []: update user Nguyễn Văn A
2022-05-11 10:10:58,630 INFO com.account.service.AccountService [http-nio-8091-exec-3] []: update user abcdee
2022-05-11 10:10:58,632 INFO com.account.service.AccountService [http-nio-8091-exec-3] []: update user xyz
2022-05-11 10:10:58,633 INFO com.account.service.AccountService [http-nio-8091-exec-3] []: update user xyz
2022-05-11 10:10:58,634 INFO com.account.service.AccountService [http-nio-8091-exec-3] []: update user xyz
2022-05-11 10:10:58,635 INFO com.account.service.AccountService [http-nio-8091-exec-3] []: update user abc
2022-05-11 10:10:58,636 INFO com.account.service.AccountService [http-nio-8091-exec-3] []: update user xyz
2022-05-11 10:11:06,156 INFO com.account.service.AccountService [http-nio-8091-exec-1] []: get account by id
2022-05-11 10:11:06,158 INFO com.account.service.AccountService [http-nio-8091-exec-1] []: get Account By Id 
2022-05-11 10:11:06,159 INFO com.account.service.AccountService [http-nio-8091-exec-4] []: get all role
2022-05-11 10:11:06,159 INFO com.account.service.AccountService [http-nio-8091-exec-7] []: get User Have Role
2022-05-11 10:11:06,166 INFO com.account.service.AccountService [http-nio-8091-exec-9] []: get Permission In User
2022-05-11 10:11:06,167 INFO com.account.service.AccountService [http-nio-8091-exec-9] []: get User Have Permission
2022-05-11 10:17:13,247 INFO com.account.service.AccountService [http-nio-8091-exec-8] []: get Account By Username admin123
2022-05-11 10:17:13,585 INFO com.account.service.AccountService [http-nio-8091-exec-1] []: update user abc
2022-05-11 10:17:13,586 INFO com.account.service.AccountService [http-nio-8091-exec-1] []: update user abc
2022-05-11 10:17:13,587 INFO com.account.service.AccountService [http-nio-8091-exec-1] []: update user abc
2022-05-11 10:17:13,588 INFO com.account.service.AccountService [http-nio-8091-exec-1] []: update user Nguyễn Văn A
2022-05-11 10:17:13,591 INFO com.account.service.AccountService [http-nio-8091-exec-1] []: update user abcdee
2022-05-11 10:17:13,593 INFO com.account.service.AccountService [http-nio-8091-exec-1] []: update user xyz
2022-05-11 10:17:13,595 INFO com.account.service.AccountService [http-nio-8091-exec-1] []: update user xyz
2022-05-11 10:17:13,598 INFO com.account.service.AccountService [http-nio-8091-exec-1] []: update user xyz
2022-05-11 10:17:13,598 INFO com.account.service.AccountService [http-nio-8091-exec-1] []: update user abc
2022-05-11 10:17:13,599 INFO com.account.service.AccountService [http-nio-8091-exec-1] []: update user xyz
2022-05-11 10:17:35,085 INFO com.account.service.CompanyService [http-nio-8091-exec-4] []: get all company
2022-05-11 10:17:42,058 INFO com.account.service.AccountService [http-nio-8091-exec-2] []: get all role
2022-05-11 10:17:42,058 INFO com.account.service.AccountService [http-nio-8091-exec-5] []: get all Permission
2022-05-11 10:17:42,063 INFO com.account.service.AccountService [http-nio-8091-exec-10] []: get Permission In Role 
2022-05-11 10:17:42,063 INFO com.account.service.AccountService [http-nio-8091-exec-10] []: get Role Have Permission
2022-05-11 10:17:51,263 INFO com.account.service.AccountService [http-nio-8091-exec-1] []: update user abc
2022-05-11 10:17:51,264 INFO com.account.service.AccountService [http-nio-8091-exec-1] []: update user abc
2022-05-11 10:17:51,265 INFO com.account.service.AccountService [http-nio-8091-exec-1] []: update user abc
2022-05-11 10:17:51,266 INFO com.account.service.AccountService [http-nio-8091-exec-1] []: update user Nguyễn Văn A
2022-05-11 10:17:51,267 INFO com.account.service.AccountService [http-nio-8091-exec-1] []: update user abcdee
2022-05-11 10:17:51,268 INFO com.account.service.AccountService [http-nio-8091-exec-1] []: update user xyz
2022-05-11 10:17:51,269 INFO com.account.service.AccountService [http-nio-8091-exec-1] []: update user xyz
2022-05-11 10:17:51,270 INFO com.account.service.AccountService [http-nio-8091-exec-1] []: update user xyz
2022-05-11 10:17:51,270 INFO com.account.service.AccountService [http-nio-8091-exec-1] []: update user abc
2022-05-11 10:17:51,271 INFO com.account.service.AccountService [http-nio-8091-exec-1] []: update user xyz
2022-05-11 10:18:01,444 INFO com.account.service.AccountService [http-nio-8091-exec-4] []: get account by id
2022-05-11 10:18:01,446 INFO com.account.service.AccountService [http-nio-8091-exec-4] []: get Account By Id 
2022-05-11 10:18:01,450 INFO com.account.service.AccountService [http-nio-8091-exec-9] []: get all role
2022-05-11 10:18:01,449 INFO com.account.service.AccountService [http-nio-8091-exec-5] []: get User Have Role
2022-05-11 10:18:01,454 INFO com.account.service.AccountService [http-nio-8091-exec-2] []: get Permission In User
2022-05-11 10:18:01,455 INFO com.account.service.AccountService [http-nio-8091-exec-2] []: get User Have Permission
2022-05-11 10:20:57,694 INFO com.account.service.AccountService [http-nio-8091-exec-9] []: get Account By Username admin123
2022-05-11 10:20:58,088 INFO com.account.service.AccountService [http-nio-8091-exec-2] []: update user abc
2022-05-11 10:20:58,089 INFO com.account.service.AccountService [http-nio-8091-exec-2] []: update user abc
2022-05-11 10:20:58,090 INFO com.account.service.AccountService [http-nio-8091-exec-2] []: update user abc
2022-05-11 10:20:58,091 INFO com.account.service.AccountService [http-nio-8091-exec-2] []: update user Nguyễn Văn A
2022-05-11 10:20:58,092 INFO com.account.service.AccountService [http-nio-8091-exec-2] []: update user abcdee
2022-05-11 10:20:58,094 INFO com.account.service.AccountService [http-nio-8091-exec-2] []: update user xyz
2022-05-11 10:20:58,095 INFO com.account.service.AccountService [http-nio-8091-exec-2] []: update user xyz
2022-05-11 10:20:58,096 INFO com.account.service.AccountService [http-nio-8091-exec-2] []: update user xyz
2022-05-11 10:20:58,097 INFO com.account.service.AccountService [http-nio-8091-exec-2] []: update user abc
2022-05-11 10:20:58,098 INFO com.account.service.AccountService [http-nio-8091-exec-2] []: update user xyz
2022-05-11 10:21:04,217 INFO com.account.service.CompanyService [http-nio-8091-exec-3] []: get all company
2022-05-11 10:21:08,364 INFO com.account.service.AccountService [http-nio-8091-exec-6] []: get all role
2022-05-11 10:21:08,378 INFO com.account.service.AccountService [http-nio-8091-exec-8] []: get all Permission
2022-05-11 10:21:08,385 INFO com.account.service.AccountService [http-nio-8091-exec-1] []: get Permission In Role 
2022-05-11 10:21:08,386 INFO com.account.service.AccountService [http-nio-8091-exec-1] []: get Role Have Permission
2022-05-11 10:21:14,908 INFO com.account.service.AccountService [http-nio-8091-exec-2] []: get Permission In Role 
2022-05-11 10:21:14,908 INFO com.account.service.AccountService [http-nio-8091-exec-2] []: get Role Have Permission
2022-05-11 10:21:14,909 INFO com.account.service.AccountService [http-nio-8091-exec-2] []: get Detail Permission In Role
2022-05-11 10:21:14,913 INFO com.account.service.AccountService [http-nio-8091-exec-2] []: get Detail Permission In Role
2022-05-11 10:21:14,914 INFO com.account.service.AccountService [http-nio-8091-exec-2] []: get Detail Permission In Role
2022-05-11 10:21:14,914 INFO com.account.service.AccountService [http-nio-8091-exec-2] []: get Detail Permission In Role
2022-05-11 10:21:14,915 INFO com.account.service.AccountService [http-nio-8091-exec-2] []: get Detail Permission In Role
2022-05-11 10:21:14,916 INFO com.account.service.AccountService [http-nio-8091-exec-2] []: get Detail Permission In Role
2022-05-11 10:21:16,621 INFO com.account.service.AccountService [http-nio-8091-exec-10] []: get Permission In Role 
2022-05-11 10:21:16,621 INFO com.account.service.AccountService [http-nio-8091-exec-10] []: get Role Have Permission
2022-05-11 10:21:22,728 INFO com.account.service.AccountService [http-nio-8091-exec-6] []: update user abc
2022-05-11 10:21:22,729 INFO com.account.service.AccountService [http-nio-8091-exec-6] []: update user abc
2022-05-11 10:21:22,730 INFO com.account.service.AccountService [http-nio-8091-exec-6] []: update user abc
2022-05-11 10:21:22,731 INFO com.account.service.AccountService [http-nio-8091-exec-6] []: update user Nguyễn Văn A
2022-05-11 10:21:22,732 INFO com.account.service.AccountService [http-nio-8091-exec-6] []: update user abcdee
2022-05-11 10:21:22,732 INFO com.account.service.AccountService [http-nio-8091-exec-6] []: update user xyz
2022-05-11 10:21:22,733 INFO com.account.service.AccountService [http-nio-8091-exec-6] []: update user xyz
2022-05-11 10:21:22,734 INFO com.account.service.AccountService [http-nio-8091-exec-6] []: update user xyz
2022-05-11 10:21:22,735 INFO com.account.service.AccountService [http-nio-8091-exec-6] []: update user abc
2022-05-11 10:21:22,736 INFO com.account.service.AccountService [http-nio-8091-exec-6] []: update user xyz
2022-05-11 10:21:27,830 INFO com.account.service.AccountService [http-nio-8091-exec-8] []: get account by id
2022-05-11 10:21:27,832 INFO com.account.service.AccountService [http-nio-8091-exec-8] []: get Account By Id 
2022-05-11 10:21:27,857 INFO com.account.service.AccountService [http-nio-8091-exec-1] []: get all role
2022-05-11 10:21:27,875 INFO com.account.service.AccountService [http-nio-8091-exec-4] []: get User Have Role
2022-05-11 10:21:27,877 INFO com.account.service.AccountService [http-nio-8091-exec-7] []: get Permission In User
2022-05-11 10:21:27,877 INFO com.account.service.AccountService [http-nio-8091-exec-7] []: get User Have Permission
2022-05-11 10:22:58,762 WARN com.zaxxer.hikari.pool.HikariPool$HouseKeeper [HikariPool-1 housekeeper] []: HikariPool-1 - Thread starvation or clock leap detected (housekeeper delta=1m20s759ms514µs100ns).
2022-05-11 10:25:40,510 INFO com.account.service.AccountService [http-nio-8091-exec-3] []: get Account By Username admin123
2022-05-11 10:25:40,855 INFO com.account.service.AccountService [http-nio-8091-exec-6] []: update user abc
2022-05-11 10:25:40,856 INFO com.account.service.AccountService [http-nio-8091-exec-6] []: update user abc
2022-05-11 10:25:40,857 INFO com.account.service.AccountService [http-nio-8091-exec-6] []: update user abc
2022-05-11 10:25:40,858 INFO com.account.service.AccountService [http-nio-8091-exec-6] []: update user Nguyễn Văn A
2022-05-11 10:25:40,858 INFO com.account.service.AccountService [http-nio-8091-exec-6] []: update user abcdee
2022-05-11 10:25:40,859 INFO com.account.service.AccountService [http-nio-8091-exec-6] []: update user xyz
2022-05-11 10:25:40,860 INFO com.account.service.AccountService [http-nio-8091-exec-6] []: update user xyz
2022-05-11 10:25:40,861 INFO com.account.service.AccountService [http-nio-8091-exec-6] []: update user xyz
2022-05-11 10:25:40,862 INFO com.account.service.AccountService [http-nio-8091-exec-6] []: update user abc
2022-05-11 10:25:40,863 INFO com.account.service.AccountService [http-nio-8091-exec-6] []: update user xyz
2022-05-11 10:27:38,503 INFO com.account.service.AccountService [http-nio-8091-exec-4] []: get Account By Username admin123
2022-05-11 10:27:38,843 INFO com.account.service.AccountService [http-nio-8091-exec-7] []: update user abc
2022-05-11 10:27:38,844 INFO com.account.service.AccountService [http-nio-8091-exec-7] []: update user abc
2022-05-11 10:27:38,846 INFO com.account.service.AccountService [http-nio-8091-exec-7] []: update user abc
2022-05-11 10:27:38,847 INFO com.account.service.AccountService [http-nio-8091-exec-7] []: update user Nguyễn Văn A
2022-05-11 10:27:38,848 INFO com.account.service.AccountService [http-nio-8091-exec-7] []: update user abcdee
2022-05-11 10:27:38,849 INFO com.account.service.AccountService [http-nio-8091-exec-7] []: update user xyz
2022-05-11 10:27:38,850 INFO com.account.service.AccountService [http-nio-8091-exec-7] []: update user xyz
2022-05-11 10:27:38,852 INFO com.account.service.AccountService [http-nio-8091-exec-7] []: update user xyz
2022-05-11 10:27:38,853 INFO com.account.service.AccountService [http-nio-8091-exec-7] []: update user abc
2022-05-11 10:27:38,854 INFO com.account.service.AccountService [http-nio-8091-exec-7] []: update user xyz
2022-05-11 10:27:48,897 INFO com.account.service.CompanyService [http-nio-8091-exec-5] []: get all company
2022-05-11 10:27:52,734 INFO com.account.service.AccountService [http-nio-8091-exec-10] []: get all role
2022-05-11 10:27:52,737 INFO com.account.service.AccountService [http-nio-8091-exec-6] []: get Permission In Role 
2022-05-11 10:27:52,738 INFO com.account.service.AccountService [http-nio-8091-exec-6] []: get Role Have Permission
2022-05-11 10:27:52,748 INFO com.account.service.AccountService [http-nio-8091-exec-3] []: get all Permission
2022-05-11 10:28:04,339 INFO com.account.service.AccountService [http-nio-8091-exec-7] []: get Permission In Role 
2022-05-11 10:28:04,339 INFO com.account.service.AccountService [http-nio-8091-exec-7] []: get Role Have Permission
2022-05-11 10:28:04,341 INFO com.account.service.AccountService [http-nio-8091-exec-7] []: get Detail Permission In Role
2022-05-11 10:28:04,343 INFO com.account.service.AccountService [http-nio-8091-exec-7] []: get Detail Permission In Role
2022-05-11 10:28:04,345 INFO com.account.service.AccountService [http-nio-8091-exec-7] []: get Detail Permission In Role
2022-05-11 10:28:04,347 INFO com.account.service.AccountService [http-nio-8091-exec-7] []: get Detail Permission In Role
2022-05-11 10:28:04,349 INFO com.account.service.AccountService [http-nio-8091-exec-7] []: get Detail Permission In Role
2022-05-11 10:28:04,350 INFO com.account.service.AccountService [http-nio-8091-exec-7] []: get Detail Permission In Role
2022-05-11 10:28:18,014 INFO com.account.service.AccountService [http-nio-8091-exec-5] []: update user abc
2022-05-11 10:28:18,015 INFO com.account.service.AccountService [http-nio-8091-exec-5] []: update user abc
2022-05-11 10:28:18,016 INFO com.account.service.AccountService [http-nio-8091-exec-5] []: update user abc
2022-05-11 10:28:18,017 INFO com.account.service.AccountService [http-nio-8091-exec-5] []: update user Nguyễn Văn A
2022-05-11 10:28:18,017 INFO com.account.service.AccountService [http-nio-8091-exec-5] []: update user abcdee
2022-05-11 10:28:18,018 INFO com.account.service.AccountService [http-nio-8091-exec-5] []: update user xyz
2022-05-11 10:28:18,019 INFO com.account.service.AccountService [http-nio-8091-exec-5] []: update user xyz
2022-05-11 10:28:18,020 INFO com.account.service.AccountService [http-nio-8091-exec-5] []: update user xyz
2022-05-11 10:28:18,021 INFO com.account.service.AccountService [http-nio-8091-exec-5] []: update user abc
2022-05-11 10:28:18,022 INFO com.account.service.AccountService [http-nio-8091-exec-5] []: update user xyz
2022-05-11 10:28:26,289 INFO com.account.service.AccountService [http-nio-8091-exec-6] []: get account by id
2022-05-11 10:28:26,293 INFO com.account.service.AccountService [http-nio-8091-exec-6] []: get Account By Id 
2022-05-11 10:28:26,304 INFO com.account.service.AccountService [http-nio-8091-exec-10] []: get all role
2022-05-11 10:28:26,305 INFO com.account.service.AccountService [http-nio-8091-exec-3] []: get User Have Role
2022-05-11 10:28:26,315 INFO com.account.service.AccountService [http-nio-8091-exec-1] []: get Permission In User
2022-05-11 10:28:26,315 INFO com.account.service.AccountService [http-nio-8091-exec-1] []: get User Have Permission
2022-05-11 10:30:47,216 INFO com.account.service.AccountService [http-nio-8091-exec-1] []: update user abc
2022-05-11 10:30:47,217 INFO com.account.service.AccountService [http-nio-8091-exec-1] []: update user abc
2022-05-11 10:30:47,218 INFO com.account.service.AccountService [http-nio-8091-exec-1] []: update user abc
2022-05-11 10:30:47,219 INFO com.account.service.AccountService [http-nio-8091-exec-1] []: update user Nguyễn Văn A
2022-05-11 10:30:47,220 INFO com.account.service.AccountService [http-nio-8091-exec-1] []: update user abcdee
2022-05-11 10:30:47,221 INFO com.account.service.AccountService [http-nio-8091-exec-1] []: update user xyz
2022-05-11 10:30:47,222 INFO com.account.service.AccountService [http-nio-8091-exec-1] []: update user xyz
2022-05-11 10:30:47,223 INFO com.account.service.AccountService [http-nio-8091-exec-1] []: update user xyz
2022-05-11 10:30:47,223 INFO com.account.service.AccountService [http-nio-8091-exec-1] []: update user abc
2022-05-11 10:30:47,224 INFO com.account.service.AccountService [http-nio-8091-exec-1] []: update user xyz
2022-05-11 10:32:45,205 INFO com.account.service.AccountService [http-nio-8091-exec-4] []: get all role
2022-05-11 10:32:45,227 INFO com.account.service.AccountService [http-nio-8091-exec-7] []: get all Permission
2022-05-11 10:32:45,240 INFO com.account.service.AccountService [http-nio-8091-exec-9] []: get Permission In Role 
2022-05-11 10:32:45,240 INFO com.account.service.AccountService [http-nio-8091-exec-9] []: get Role Have Permission
2022-05-11 10:32:46,834 INFO com.account.service.AccountService [http-nio-8091-exec-5] []: update user abc
2022-05-11 10:32:46,837 INFO com.account.service.AccountService [http-nio-8091-exec-5] []: update user abc
2022-05-11 10:32:46,839 INFO com.account.service.AccountService [http-nio-8091-exec-5] []: update user abc
2022-05-11 10:32:46,841 INFO com.account.service.AccountService [http-nio-8091-exec-5] []: update user Nguyễn Văn A
2022-05-11 10:32:46,842 INFO com.account.service.AccountService [http-nio-8091-exec-5] []: update user abcdee
2022-05-11 10:32:46,843 INFO com.account.service.AccountService [http-nio-8091-exec-5] []: update user xyz
2022-05-11 10:32:46,844 INFO com.account.service.AccountService [http-nio-8091-exec-5] []: update user xyz
2022-05-11 10:32:46,845 INFO com.account.service.AccountService [http-nio-8091-exec-5] []: update user xyz
2022-05-11 10:32:46,846 INFO com.account.service.AccountService [http-nio-8091-exec-5] []: update user abc
2022-05-11 10:32:46,847 INFO com.account.service.AccountService [http-nio-8091-exec-5] []: update user xyz
2022-05-11 10:37:41,739 INFO com.account.service.AccountService [http-nio-8091-exec-10] []: update user abc
2022-05-11 10:37:41,741 INFO com.account.service.AccountService [http-nio-8091-exec-10] []: update user abc
2022-05-11 10:37:41,742 INFO com.account.service.AccountService [http-nio-8091-exec-10] []: update user abc
2022-05-11 10:37:41,743 INFO com.account.service.AccountService [http-nio-8091-exec-10] []: update user Nguyễn Văn A
2022-05-11 10:37:41,744 INFO com.account.service.AccountService [http-nio-8091-exec-10] []: update user abcdee
2022-05-11 10:37:41,745 INFO com.account.service.AccountService [http-nio-8091-exec-10] []: update user xyz
2022-05-11 10:37:41,746 INFO com.account.service.AccountService [http-nio-8091-exec-10] []: update user xyz
2022-05-11 10:37:41,747 INFO com.account.service.AccountService [http-nio-8091-exec-10] []: update user xyz
2022-05-11 10:37:41,748 INFO com.account.service.AccountService [http-nio-8091-exec-10] []: update user abc
2022-05-11 10:37:41,749 INFO com.account.service.AccountService [http-nio-8091-exec-10] []: update user xyz
2022-05-11 10:39:39,319 INFO com.account.service.AccountService [http-nio-8091-exec-9] []: update user abc
2022-05-11 10:39:39,321 INFO com.account.service.AccountService [http-nio-8091-exec-9] []: update user abc
2022-05-11 10:39:39,322 INFO com.account.service.AccountService [http-nio-8091-exec-9] []: update user abc
2022-05-11 10:39:39,324 INFO com.account.service.AccountService [http-nio-8091-exec-9] []: update user Nguyễn Văn A
2022-05-11 10:39:39,326 INFO com.account.service.AccountService [http-nio-8091-exec-9] []: update user abcdee
2022-05-11 10:39:39,327 INFO com.account.service.AccountService [http-nio-8091-exec-9] []: update user xyz
2022-05-11 10:39:39,329 INFO com.account.service.AccountService [http-nio-8091-exec-9] []: update user xyz
2022-05-11 10:39:39,330 INFO com.account.service.AccountService [http-nio-8091-exec-9] []: update user xyz
2022-05-11 10:39:39,331 INFO com.account.service.AccountService [http-nio-8091-exec-9] []: update user abc
2022-05-11 10:39:39,332 INFO com.account.service.AccountService [http-nio-8091-exec-9] []: update user xyz
2022-05-11 10:40:52,904 INFO com.account.service.AccountService [http-nio-8091-exec-10] []: get Account By Username admin
2022-05-11 10:40:53,034 INFO com.account.service.AccountService [http-nio-8091-exec-8] []: update user abc
2022-05-11 10:40:53,037 INFO com.account.service.AccountService [http-nio-8091-exec-8] []: update user abc
2022-05-11 10:40:53,038 INFO com.account.service.AccountService [http-nio-8091-exec-8] []: update user abc
2022-05-11 10:40:53,039 INFO com.account.service.AccountService [http-nio-8091-exec-8] []: update user Nguyễn Văn A
2022-05-11 10:40:53,040 INFO com.account.service.AccountService [http-nio-8091-exec-8] []: update user abcdee
2022-05-11 10:40:53,042 INFO com.account.service.AccountService [http-nio-8091-exec-8] []: update user xyz
2022-05-11 10:40:53,043 INFO com.account.service.AccountService [http-nio-8091-exec-8] []: update user xyz
2022-05-11 10:40:53,045 INFO com.account.service.AccountService [http-nio-8091-exec-8] []: update user xyz
2022-05-11 10:40:53,047 INFO com.account.service.AccountService [http-nio-8091-exec-8] []: update user abc
2022-05-11 10:40:53,048 INFO com.account.service.AccountService [http-nio-8091-exec-8] []: update user xyz
2022-05-11 10:41:00,066 INFO com.account.service.AccountService [http-nio-8091-exec-5] []: update user abc
2022-05-11 10:41:00,067 INFO com.account.service.AccountService [http-nio-8091-exec-5] []: update user abc
2022-05-11 10:41:00,069 INFO com.account.service.AccountService [http-nio-8091-exec-5] []: update user abc
2022-05-11 10:41:00,071 INFO com.account.service.AccountService [http-nio-8091-exec-5] []: update user Nguyễn Văn A
2022-05-11 10:41:00,074 INFO com.account.service.AccountService [http-nio-8091-exec-5] []: update user abcdee
2022-05-11 10:41:00,076 INFO com.account.service.AccountService [http-nio-8091-exec-5] []: update user xyz
2022-05-11 10:41:00,078 INFO com.account.service.AccountService [http-nio-8091-exec-5] []: update user xyz
2022-05-11 10:41:00,080 INFO com.account.service.AccountService [http-nio-8091-exec-5] []: update user xyz
2022-05-11 10:41:00,082 INFO com.account.service.AccountService [http-nio-8091-exec-5] []: update user abc
2022-05-11 10:41:00,085 INFO com.account.service.AccountService [http-nio-8091-exec-5] []: update user xyz
2022-05-11 10:41:04,809 INFO com.account.service.AccountService [http-nio-8091-exec-10] []: get all role
2022-05-11 10:41:04,809 INFO com.account.service.AccountService [http-nio-8091-exec-8] []: get all Permission
2022-05-11 10:41:04,811 INFO com.account.service.AccountService [http-nio-8091-exec-4] []: get Permission In Role 
2022-05-11 10:41:04,811 INFO com.account.service.AccountService [http-nio-8091-exec-4] []: get Role Have Permission
2022-05-11 10:41:04,813 INFO com.account.service.AccountService [http-nio-8091-exec-4] []: get Detail Permission In Role
2022-05-11 10:41:04,814 INFO com.account.service.AccountService [http-nio-8091-exec-4] []: get Detail Permission In Role
2022-05-11 10:41:04,816 INFO com.account.service.AccountService [http-nio-8091-exec-4] []: get Detail Permission In Role
2022-05-11 10:41:04,817 INFO com.account.service.AccountService [http-nio-8091-exec-4] []: get Detail Permission In Role
2022-05-11 10:41:04,818 INFO com.account.service.AccountService [http-nio-8091-exec-4] []: get Detail Permission In Role
2022-05-11 10:41:04,820 INFO com.account.service.AccountService [http-nio-8091-exec-4] []: get Detail Permission In Role
2022-05-11 10:41:05,157 INFO com.account.service.AccountService [http-nio-8091-exec-7] []: update user abc
2022-05-11 10:41:05,159 INFO com.account.service.AccountService [http-nio-8091-exec-7] []: update user abc
2022-05-11 10:41:05,161 INFO com.account.service.AccountService [http-nio-8091-exec-7] []: update user abc
2022-05-11 10:41:05,163 INFO com.account.service.AccountService [http-nio-8091-exec-7] []: update user Nguyễn Văn A
2022-05-11 10:41:05,165 INFO com.account.service.AccountService [http-nio-8091-exec-7] []: update user abcdee
2022-05-11 10:41:05,166 INFO com.account.service.AccountService [http-nio-8091-exec-7] []: update user xyz
2022-05-11 10:41:05,167 INFO com.account.service.AccountService [http-nio-8091-exec-7] []: update user xyz
2022-05-11 10:41:05,169 INFO com.account.service.AccountService [http-nio-8091-exec-7] []: update user xyz
2022-05-11 10:41:05,170 INFO com.account.service.AccountService [http-nio-8091-exec-7] []: update user abc
2022-05-11 10:41:05,171 INFO com.account.service.AccountService [http-nio-8091-exec-7] []: update user xyz
2022-05-11 12:03:30,823 INFO org.springframework.orm.jpa.AbstractEntityManagerFactoryBean [SpringApplicationShutdownHook] []: Closing JPA EntityManagerFactory for persistence unit 'default'
2022-05-11 12:03:30,832 INFO com.zaxxer.hikari.HikariDataSource [SpringApplicationShutdownHook] []: HikariPool-1 - Shutdown initiated...
2022-05-11 12:03:30,838 INFO com.zaxxer.hikari.HikariDataSource [SpringApplicationShutdownHook] []: HikariPool-1 - Shutdown completed.
