2022-03-15 09:55:05,581 INFO org.hibernate.validator.internal.util.Version [background-preinit] []: HV000001: Hibernate Validator 6.2.0.Final
2022-03-15 09:55:05,543 INFO org.springframework.boot.StartupInfoLogger [restartedMain] []: Starting AccountServiceApplication using Java 11.0.11 on LAPTOP-BP05I3UL with PID 11308 (E:\spring-boot-training\StudentSystem-Microservice\account-service\target\classes started by hieu0 in E:\spring-boot-training\StudentSystem-Microservice\account-service)
2022-03-15 09:55:05,607 INFO org.springframework.boot.SpringApplication [restartedMain] []: No active profile set, falling back to default profiles: default
2022-03-15 09:55:05,679 INFO org.springframework.boot.logging.DeferredLog [restartedMain] []: Devtools property defaults active! Set 'spring.devtools.add-properties' to 'false' to disable
2022-03-15 09:55:05,689 INFO org.springframework.boot.logging.DeferredLog [restartedMain] []: For additional web related logging consider setting the 'logging.level.web' property to 'DEBUG'
2022-03-15 09:55:07,172 INFO org.springframework.data.repository.config.RepositoryConfigurationDelegate [restartedMain] []: Bootstrapping Spring Data JPA repositories in DEFAULT mode.
2022-03-15 09:55:07,256 INFO org.springframework.data.repository.config.RepositoryConfigurationDelegate [restartedMain] []: Finished Spring Data repository scanning in 72 ms. Found 6 JPA repository interfaces.
2022-03-15 09:55:07,833 INFO org.springframework.context.support.PostProcessorRegistrationDelegate$BeanPostProcessorChecker [restartedMain] []: Bean 'org.springframework.ws.config.annotation.DelegatingWsConfiguration' of type [org.springframework.ws.config.annotation.DelegatingWsConfiguration$$EnhancerBySpringCGLIB$$5cc19c94] is not eligible for getting processed by all BeanPostProcessors (for example: not eligible for auto-proxying)
2022-03-15 09:55:07,902 INFO org.springframework.ws.soap.addressing.server.AbstractAddressingEndpointMapping [restartedMain] []: Supporting [WS-Addressing August 2004, WS-Addressing 1.0]
2022-03-15 09:55:08,613 INFO org.springframework.boot.web.embedded.tomcat.TomcatWebServer [restartedMain] []: Tomcat initialized with port(s): 8091 (http)
2022-03-15 09:55:08,625 INFO org.apache.juli.logging.DirectJDKLog [restartedMain] []: Initializing ProtocolHandler ["http-nio-8091"]
2022-03-15 09:55:08,625 INFO org.apache.juli.logging.DirectJDKLog [restartedMain] []: Starting service [Tomcat]
2022-03-15 09:55:08,626 INFO org.apache.juli.logging.DirectJDKLog [restartedMain] []: Starting Servlet engine: [Apache Tomcat/9.0.54]
2022-03-15 09:55:08,742 INFO org.apache.juli.logging.DirectJDKLog [restartedMain] []: Initializing Spring embedded WebApplicationContext
2022-03-15 09:55:08,743 INFO org.springframework.boot.web.servlet.context.ServletWebServerApplicationContext [restartedMain] []: Root WebApplicationContext: initialization completed in 3052 ms
2022-03-15 09:55:08,857 INFO com.zaxxer.hikari.HikariDataSource [restartedMain] []: HikariPool-1 - Starting...
2022-03-15 09:55:09,105 INFO com.zaxxer.hikari.HikariDataSource [restartedMain] []: HikariPool-1 - Start completed.
2022-03-15 09:55:09,227 INFO org.hibernate.jpa.internal.util.LogHelper [restartedMain] []: HHH000204: Processing PersistenceUnitInfo [name: default]
2022-03-15 09:55:09,299 INFO org.hibernate.Version [restartedMain] []: HHH000412: Hibernate ORM core version 5.4.32.Final
2022-03-15 09:55:09,483 INFO org.hibernate.annotations.common.reflection.java.JavaReflectionManager [restartedMain] []: HCANN000001: Hibernate Commons Annotations {5.1.2.Final}
2022-03-15 09:55:09,710 INFO org.hibernate.dialect.Dialect [restartedMain] []: HHH000400: Using dialect: org.hibernate.dialect.PostgreSQLDialect
2022-03-15 09:55:11,119 WARN org.hibernate.tool.schema.internal.ExceptionHandlerLoggedImpl [restartedMain] []: GenerationTarget encountered exception accepting command : Error executing DDL "alter table accounts add constraint FKqgnsd0v3la0gyituldqo2mca6 foreign key (company_id) references company" via JDBC Statement
org.hibernate.tool.schema.spi.CommandAcceptanceException: Error executing DDL "alter table accounts add constraint FKqgnsd0v3la0gyituldqo2mca6 foreign key (company_id) references company" via JDBC Statement
	at org.hibernate.tool.schema.internal.exec.GenerationTargetToDatabase.accept(GenerationTargetToDatabase.java:67)
	at org.hibernate.tool.schema.internal.AbstractSchemaMigrator.applySqlString(AbstractSchemaMigrator.java:562)
	at org.hibernate.tool.schema.internal.AbstractSchemaMigrator.applySqlStrings(AbstractSchemaMigrator.java:507)
	at org.hibernate.tool.schema.internal.AbstractSchemaMigrator.applyForeignKeys(AbstractSchemaMigrator.java:433)
	at org.hibernate.tool.schema.internal.AbstractSchemaMigrator.performMigration(AbstractSchemaMigrator.java:249)
	at org.hibernate.tool.schema.internal.AbstractSchemaMigrator.doMigration(AbstractSchemaMigrator.java:114)
	at org.hibernate.tool.schema.spi.SchemaManagementToolCoordinator.performDatabaseAction(SchemaManagementToolCoordinator.java:184)
	at org.hibernate.tool.schema.spi.SchemaManagementToolCoordinator.process(SchemaManagementToolCoordinator.java:73)
	at org.hibernate.internal.SessionFactoryImpl.<init>(SessionFactoryImpl.java:318)
	at org.hibernate.boot.internal.SessionFactoryBuilderImpl.build(SessionFactoryBuilderImpl.java:468)
	at org.hibernate.jpa.boot.internal.EntityManagerFactoryBuilderImpl.build(EntityManagerFactoryBuilderImpl.java:1259)
	at org.springframework.orm.jpa.vendor.SpringHibernateJpaPersistenceProvider.createContainerEntityManagerFactory(SpringHibernateJpaPersistenceProvider.java:58)
	at org.springframework.orm.jpa.LocalContainerEntityManagerFactoryBean.createNativeEntityManagerFactory(LocalContainerEntityManagerFactoryBean.java:365)
	at org.springframework.orm.jpa.AbstractEntityManagerFactoryBean.buildNativeEntityManagerFactory(AbstractEntityManagerFactoryBean.java:409)
	at org.springframework.orm.jpa.AbstractEntityManagerFactoryBean.afterPropertiesSet(AbstractEntityManagerFactoryBean.java:396)
	at org.springframework.orm.jpa.LocalContainerEntityManagerFactoryBean.afterPropertiesSet(LocalContainerEntityManagerFactoryBean.java:341)
	at org.springframework.beans.factory.support.AbstractAutowireCapableBeanFactory.invokeInitMethods(AbstractAutowireCapableBeanFactory.java:1863)
	at org.springframework.beans.factory.support.AbstractAutowireCapableBeanFactory.initializeBean(AbstractAutowireCapableBeanFactory.java:1800)
	at org.springframework.beans.factory.support.AbstractAutowireCapableBeanFactory.doCreateBean(AbstractAutowireCapableBeanFactory.java:620)
	at org.springframework.beans.factory.support.AbstractAutowireCapableBeanFactory.createBean(AbstractAutowireCapableBeanFactory.java:542)
	at org.springframework.beans.factory.support.AbstractBeanFactory.lambda$doGetBean$0(AbstractBeanFactory.java:335)
	at org.springframework.beans.factory.support.DefaultSingletonBeanRegistry.getSingleton(DefaultSingletonBeanRegistry.java:234)
	at org.springframework.beans.factory.support.AbstractBeanFactory.doGetBean(AbstractBeanFactory.java:333)
	at org.springframework.beans.factory.support.AbstractBeanFactory.getBean(AbstractBeanFactory.java:233)
	at org.springframework.beans.factory.support.DefaultListableBeanFactory.resolveNamedBean(DefaultListableBeanFactory.java:1273)
	at org.springframework.beans.factory.support.DefaultListableBeanFactory.resolveNamedBean(DefaultListableBeanFactory.java:1234)
	at org.springframework.beans.factory.support.DefaultListableBeanFactory.resolveBean(DefaultListableBeanFactory.java:494)
	at org.springframework.beans.factory.support.DefaultListableBeanFactory.getBean(DefaultListableBeanFactory.java:349)
	at org.springframework.beans.factory.support.DefaultListableBeanFactory.getBean(DefaultListableBeanFactory.java:342)
	at org.springframework.orm.jpa.EntityManagerFactoryUtils.findEntityManagerFactory(EntityManagerFactoryUtils.java:121)
	at org.springframework.orm.jpa.JpaTransactionManager.setBeanFactory(JpaTransactionManager.java:333)
	at org.springframework.beans.factory.support.AbstractAutowireCapableBeanFactory.invokeAwareMethods(AbstractAutowireCapableBeanFactory.java:1826)
	at org.springframework.beans.factory.support.AbstractAutowireCapableBeanFactory.initializeBean(AbstractAutowireCapableBeanFactory.java:1791)
	at org.springframework.beans.factory.support.AbstractAutowireCapableBeanFactory.doCreateBean(AbstractAutowireCapableBeanFactory.java:620)
	at org.springframework.beans.factory.support.AbstractAutowireCapableBeanFactory.createBean(AbstractAutowireCapableBeanFactory.java:542)
	at org.springframework.beans.factory.support.AbstractBeanFactory.lambda$doGetBean$0(AbstractBeanFactory.java:335)
	at org.springframework.beans.factory.support.DefaultSingletonBeanRegistry.getSingleton(DefaultSingletonBeanRegistry.java:234)
	at org.springframework.beans.factory.support.AbstractBeanFactory.doGetBean(AbstractBeanFactory.java:333)
	at org.springframework.beans.factory.support.AbstractBeanFactory.getBean(AbstractBeanFactory.java:208)
	at org.springframework.beans.factory.config.DependencyDescriptor.resolveCandidate(DependencyDescriptor.java:276)
	at org.springframework.beans.factory.support.DefaultListableBeanFactory.doResolveDependency(DefaultListableBeanFactory.java:1380)
	at org.springframework.beans.factory.support.DefaultListableBeanFactory.resolveDependency(DefaultListableBeanFactory.java:1300)
	at org.springframework.beans.factory.annotation.AutowiredAnnotationBeanPostProcessor$AutowiredMethodElement.resolveMethodArguments(AutowiredAnnotationBeanPostProcessor.java:759)
	at org.springframework.beans.factory.annotation.AutowiredAnnotationBeanPostProcessor$AutowiredMethodElement.inject(AutowiredAnnotationBeanPostProcessor.java:719)
	at org.springframework.beans.factory.annotation.InjectionMetadata.inject(InjectionMetadata.java:119)
	at org.springframework.beans.factory.annotation.AutowiredAnnotationBeanPostProcessor.postProcessProperties(AutowiredAnnotationBeanPostProcessor.java:399)
	at org.springframework.beans.factory.support.AbstractAutowireCapableBeanFactory.populateBean(AbstractAutowireCapableBeanFactory.java:1431)
	at org.springframework.beans.factory.support.AbstractAutowireCapableBeanFactory.doCreateBean(AbstractAutowireCapableBeanFactory.java:619)
	at org.springframework.beans.factory.support.AbstractAutowireCapableBeanFactory.createBean(AbstractAutowireCapableBeanFactory.java:542)
	at org.springframework.beans.factory.support.AbstractBeanFactory.lambda$doGetBean$0(AbstractBeanFactory.java:335)
	at org.springframework.beans.factory.support.DefaultSingletonBeanRegistry.getSingleton(DefaultSingletonBeanRegistry.java:234)
	at org.springframework.beans.factory.support.AbstractBeanFactory.doGetBean(AbstractBeanFactory.java:333)
	at org.springframework.beans.factory.support.AbstractBeanFactory.getBean(AbstractBeanFactory.java:208)
	at org.springframework.beans.factory.support.ConstructorResolver.instantiateUsingFactoryMethod(ConstructorResolver.java:410)
	at org.springframework.beans.factory.support.AbstractAutowireCapableBeanFactory.instantiateUsingFactoryMethod(AbstractAutowireCapableBeanFactory.java:1352)
	at org.springframework.beans.factory.support.AbstractAutowireCapableBeanFactory.createBeanInstance(AbstractAutowireCapableBeanFactory.java:1195)
	at org.springframework.beans.factory.support.AbstractAutowireCapableBeanFactory.doCreateBean(AbstractAutowireCapableBeanFactory.java:582)
	at org.springframework.beans.factory.support.AbstractAutowireCapableBeanFactory.createBean(AbstractAutowireCapableBeanFactory.java:542)
	at org.springframework.beans.factory.support.AbstractBeanFactory.lambda$doGetBean$0(AbstractBeanFactory.java:335)
	at org.springframework.beans.factory.support.DefaultSingletonBeanRegistry.getSingleton(DefaultSingletonBeanRegistry.java:234)
	at org.springframework.beans.factory.support.AbstractBeanFactory.doGetBean(AbstractBeanFactory.java:333)
	at org.springframework.beans.factory.support.AbstractBeanFactory.getBean(AbstractBeanFactory.java:208)
	at org.springframework.beans.factory.config.DependencyDescriptor.resolveCandidate(DependencyDescriptor.java:276)
	at org.springframework.beans.factory.support.DefaultListableBeanFactory.doResolveDependency(DefaultListableBeanFactory.java:1380)
	at org.springframework.beans.factory.support.DefaultListableBeanFactory.resolveDependency(DefaultListableBeanFactory.java:1300)
	at org.springframework.beans.factory.support.ConstructorResolver.resolveAutowiredArgument(ConstructorResolver.java:887)
	at org.springframework.beans.factory.support.ConstructorResolver.createArgumentArray(ConstructorResolver.java:791)
	at org.springframework.beans.factory.support.ConstructorResolver.instantiateUsingFactoryMethod(ConstructorResolver.java:541)
	at org.springframework.beans.factory.support.AbstractAutowireCapableBeanFactory.instantiateUsingFactoryMethod(AbstractAutowireCapableBeanFactory.java:1352)
	at org.springframework.beans.factory.support.AbstractAutowireCapableBeanFactory.createBeanInstance(AbstractAutowireCapableBeanFactory.java:1195)
	at org.springframework.beans.factory.support.AbstractAutowireCapableBeanFactory.doCreateBean(AbstractAutowireCapableBeanFactory.java:582)
	at org.springframework.beans.factory.support.AbstractAutowireCapableBeanFactory.createBean(AbstractAutowireCapableBeanFactory.java:542)
	at org.springframework.beans.factory.support.AbstractBeanFactory.lambda$doGetBean$0(AbstractBeanFactory.java:335)
	at org.springframework.beans.factory.support.DefaultSingletonBeanRegistry.getSingleton(DefaultSingletonBeanRegistry.java:234)
	at org.springframework.beans.factory.support.AbstractBeanFactory.doGetBean(AbstractBeanFactory.java:333)
	at org.springframework.beans.factory.support.AbstractBeanFactory.getBean(AbstractBeanFactory.java:213)
	at org.springframework.boot.web.servlet.ServletContextInitializerBeans.getOrderedBeansOfType(ServletContextInitializerBeans.java:212)
	at org.springframework.boot.web.servlet.ServletContextInitializerBeans.getOrderedBeansOfType(ServletContextInitializerBeans.java:203)
	at org.springframework.boot.web.servlet.ServletContextInitializerBeans.addServletContextInitializerBeans(ServletContextInitializerBeans.java:97)
	at org.springframework.boot.web.servlet.ServletContextInitializerBeans.<init>(ServletContextInitializerBeans.java:86)
	at org.springframework.boot.web.servlet.context.ServletWebServerApplicationContext.getServletContextInitializerBeans(ServletWebServerApplicationContext.java:260)
	at org.springframework.boot.web.servlet.context.ServletWebServerApplicationContext.selfInitialize(ServletWebServerApplicationContext.java:234)
	at org.springframework.boot.web.embedded.tomcat.TomcatStarter.onStartup(TomcatStarter.java:53)
	at org.apache.catalina.core.StandardContext.startInternal(StandardContext.java:5219)
	at org.apache.catalina.util.LifecycleBase.start(LifecycleBase.java:183)
	at org.apache.catalina.core.ContainerBase$StartChild.call(ContainerBase.java:1396)
	at org.apache.catalina.core.ContainerBase$StartChild.call(ContainerBase.java:1386)
	at java.base/java.util.concurrent.FutureTask.run(FutureTask.java:264)
	at org.apache.tomcat.util.threads.InlineExecutorService.execute(InlineExecutorService.java:75)
	at java.base/java.util.concurrent.AbstractExecutorService.submit(AbstractExecutorService.java:140)
	at org.apache.catalina.core.ContainerBase.startInternal(ContainerBase.java:919)
	at org.apache.catalina.core.StandardHost.startInternal(StandardHost.java:835)
	at org.apache.catalina.util.LifecycleBase.start(LifecycleBase.java:183)
	at org.apache.catalina.core.ContainerBase$StartChild.call(ContainerBase.java:1396)
	at org.apache.catalina.core.ContainerBase$StartChild.call(ContainerBase.java:1386)
	at java.base/java.util.concurrent.FutureTask.run(FutureTask.java:264)
	at org.apache.tomcat.util.threads.InlineExecutorService.execute(InlineExecutorService.java:75)
	at java.base/java.util.concurrent.AbstractExecutorService.submit(AbstractExecutorService.java:140)
	at org.apache.catalina.core.ContainerBase.startInternal(ContainerBase.java:919)
	at org.apache.catalina.core.StandardEngine.startInternal(StandardEngine.java:263)
	at org.apache.catalina.util.LifecycleBase.start(LifecycleBase.java:183)
	at org.apache.catalina.core.StandardService.startInternal(StandardService.java:432)
	at org.apache.catalina.util.LifecycleBase.start(LifecycleBase.java:183)
	at org.apache.catalina.core.StandardServer.startInternal(StandardServer.java:927)
	at org.apache.catalina.util.LifecycleBase.start(LifecycleBase.java:183)
	at org.apache.catalina.startup.Tomcat.start(Tomcat.java:486)
	at org.springframework.boot.web.embedded.tomcat.TomcatWebServer.initialize(TomcatWebServer.java:123)
	at org.springframework.boot.web.embedded.tomcat.TomcatWebServer.<init>(TomcatWebServer.java:104)
	at org.springframework.boot.web.embedded.tomcat.TomcatServletWebServerFactory.getTomcatWebServer(TomcatServletWebServerFactory.java:450)
	at org.springframework.boot.web.embedded.tomcat.TomcatServletWebServerFactory.getWebServer(TomcatServletWebServerFactory.java:199)
	at org.springframework.boot.web.servlet.context.ServletWebServerApplicationContext.createWebServer(ServletWebServerApplicationContext.java:182)
	at org.springframework.boot.web.servlet.context.ServletWebServerApplicationContext.onRefresh(ServletWebServerApplicationContext.java:160)
	at org.springframework.context.support.AbstractApplicationContext.refresh(AbstractApplicationContext.java:577)
	at org.springframework.boot.web.servlet.context.ServletWebServerApplicationContext.refresh(ServletWebServerApplicationContext.java:145)
	at org.springframework.boot.SpringApplication.refresh(SpringApplication.java:754)
	at org.springframework.boot.SpringApplication.refreshContext(SpringApplication.java:434)
	at org.springframework.boot.SpringApplication.run(SpringApplication.java:338)
	at org.springframework.boot.SpringApplication.run(SpringApplication.java:1343)
	at org.springframework.boot.SpringApplication.run(SpringApplication.java:1332)
	at com.account.AccountServiceApplication.main(AccountServiceApplication.java:20)
	at java.base/jdk.internal.reflect.NativeMethodAccessorImpl.invoke0(Native Method)
	at java.base/jdk.internal.reflect.NativeMethodAccessorImpl.invoke(NativeMethodAccessorImpl.java:62)
	at java.base/jdk.internal.reflect.DelegatingMethodAccessorImpl.invoke(DelegatingMethodAccessorImpl.java:43)
	at java.base/java.lang.reflect.Method.invoke(Method.java:566)
	at org.springframework.boot.devtools.restart.RestartLauncher.run(RestartLauncher.java:49)
Caused by: org.postgresql.util.PSQLException: ERROR: foreign key constraint "fkqgnsd0v3la0gyituldqo2mca6" cannot be implemented
  Detail: Key columns "company_id" and "id" are of incompatible types: character varying and bigint.
	at org.postgresql.core.v3.QueryExecutorImpl.receiveErrorResponse(QueryExecutorImpl.java:2565)
	at org.postgresql.core.v3.QueryExecutorImpl.processResults(QueryExecutorImpl.java:2297)
	at org.postgresql.core.v3.QueryExecutorImpl.execute(QueryExecutorImpl.java:322)
	at org.postgresql.jdbc.PgStatement.executeInternal(PgStatement.java:481)
	at org.postgresql.jdbc.PgStatement.execute(PgStatement.java:401)
	at org.postgresql.jdbc.PgStatement.executeWithFlags(PgStatement.java:322)
	at org.postgresql.jdbc.PgStatement.executeCachedSql(PgStatement.java:308)
	at org.postgresql.jdbc.PgStatement.executeWithFlags(PgStatement.java:284)
	at org.postgresql.jdbc.PgStatement.execute(PgStatement.java:279)
	at com.zaxxer.hikari.pool.ProxyStatement.execute(ProxyStatement.java:94)
	at com.zaxxer.hikari.pool.HikariProxyStatement.execute(HikariProxyStatement.java)
	at org.hibernate.tool.schema.internal.exec.GenerationTargetToDatabase.accept(GenerationTargetToDatabase.java:54)
	... 124 common frames omitted
2022-03-15 09:55:11,169 INFO org.hibernate.engine.transaction.jta.platform.internal.JtaPlatformInitiator [restartedMain] []: HHH000490: Using JtaPlatform implementation: [org.hibernate.engine.transaction.jta.platform.internal.NoJtaPlatform]
2022-03-15 09:55:11,175 INFO org.springframework.orm.jpa.AbstractEntityManagerFactoryBean [restartedMain] []: Initialized JPA EntityManagerFactory for persistence unit 'default'
2022-03-15 09:55:11,810 WARN org.springframework.boot.autoconfigure.orm.jpa.JpaBaseConfiguration$JpaWebConfiguration [restartedMain] []: spring.jpa.open-in-view is enabled by default. Therefore, database queries may be performed during view rendering. Explicitly configure spring.jpa.open-in-view to disable this warning
2022-03-15 09:55:12,420 INFO springfox.documentation.spring.web.PropertySourcedRequestMappingHandlerMapping [restartedMain] []: Mapped URL path [/v2/api-docs] onto method [springfox.documentation.swagger2.web.Swagger2Controller#getDocumentation(String, HttpServletRequest)]
2022-03-15 09:55:12,536 INFO org.springframework.security.web.DefaultSecurityFilterChain [restartedMain] []: Will secure Ant [pattern='/v2/api-docs'] with []
2022-03-15 09:55:12,537 INFO org.springframework.security.web.DefaultSecurityFilterChain [restartedMain] []: Will secure Ant [pattern='/configuration/ui'] with []
2022-03-15 09:55:12,537 INFO org.springframework.security.web.DefaultSecurityFilterChain [restartedMain] []: Will secure Ant [pattern='/swagger-resources/**'] with []
2022-03-15 09:55:12,537 INFO org.springframework.security.web.DefaultSecurityFilterChain [restartedMain] []: Will secure Ant [pattern='/configuration/**'] with []
2022-03-15 09:55:12,537 INFO org.springframework.security.web.DefaultSecurityFilterChain [restartedMain] []: Will secure Ant [pattern='/swagger-ui.html'] with []
2022-03-15 09:55:12,537 INFO org.springframework.security.web.DefaultSecurityFilterChain [restartedMain] []: Will secure Ant [pattern='/webjars/**'] with []
2022-03-15 09:55:12,570 INFO org.springframework.security.web.DefaultSecurityFilterChain [restartedMain] []: Will secure any request with [org.springframework.security.web.context.request.async.WebAsyncManagerIntegrationFilter@2d1100a3, org.springframework.security.web.context.SecurityContextPersistenceFilter@699c5c7f, org.springframework.security.web.header.HeaderWriterFilter@748fa6bb, org.springframework.security.web.authentication.logout.LogoutFilter@e489c5, com.account.filter.AuthorizationFilter@48107dbc, org.springframework.security.web.savedrequest.RequestCacheAwareFilter@32693f3c, org.springframework.security.web.servletapi.SecurityContextHolderAwareRequestFilter@508f69d8, org.springframework.security.web.authentication.AnonymousAuthenticationFilter@527278f9, org.springframework.security.web.session.SessionManagementFilter@240fd535, org.springframework.security.web.access.ExceptionTranslationFilter@1e47459d, org.springframework.security.web.access.intercept.FilterSecurityInterceptor@9650ec2]
2022-03-15 09:55:12,747 WARN org.springframework.boot.devtools.autoconfigure.OptionalLiveReloadServer [restartedMain] []: Unable to start LiveReload server
2022-03-15 09:55:12,948 INFO org.apache.juli.logging.DirectJDKLog [restartedMain] []: Starting ProtocolHandler ["http-nio-8091"]
2022-03-15 09:55:12,973 INFO org.springframework.boot.web.embedded.tomcat.TomcatWebServer [restartedMain] []: Tomcat started on port(s): 8091 (http) with context path ''
2022-03-15 09:55:12,974 INFO springfox.documentation.spring.web.plugins.DocumentationPluginsBootstrapper [restartedMain] []: Context refreshed
2022-03-15 09:55:12,998 INFO springfox.documentation.spring.web.plugins.DocumentationPluginsBootstrapper [restartedMain] []: Found 1 custom documentation plugin(s)
2022-03-15 09:55:13,062 INFO springfox.documentation.spring.web.scanners.ApiListingReferenceScanner [restartedMain] []: Scanning for api listing references
2022-03-15 09:55:13,646 INFO org.springframework.scheduling.annotation.ScheduledAnnotationBeanPostProcessor [restartedMain] []: No TaskScheduler/ScheduledExecutorService bean found for scheduled processing
2022-03-15 09:55:13,659 INFO org.springframework.boot.StartupInfoLogger [restartedMain] []: Started AccountServiceApplication in 8.825 seconds (JVM running for 11.448)
2022-03-15 09:55:37,515 INFO org.apache.juli.logging.DirectJDKLog [http-nio-8091-exec-2] []: Initializing Spring DispatcherServlet 'dispatcherServlet'
2022-03-15 09:55:37,515 INFO org.springframework.web.servlet.FrameworkServlet [http-nio-8091-exec-2] []: Initializing Servlet 'dispatcherServlet'
2022-03-15 09:55:37,517 INFO org.springframework.web.servlet.FrameworkServlet [http-nio-8091-exec-2] []: Completed initialization in 2 ms
2022-03-15 09:55:37,928 INFO com.account.service.AccountService [http-nio-8091-exec-2] []: get Account By Username admin
2022-03-15 09:55:53,321 INFO com.account.service.AccountService [http-nio-8091-exec-3] []: get Account By Username admin
2022-03-15 09:55:53,326 INFO com.account.service.AccountService [http-nio-8091-exec-3] []: get Detail Permission In User
2022-03-15 09:57:26,450 INFO com.account.service.AccountService [http-nio-8091-exec-6] []: get Account By Username admin
2022-03-15 09:57:26,454 INFO com.account.service.AccountService [http-nio-8091-exec-6] []: get Detail Permission In User
2022-03-15 09:57:51,438 INFO org.springframework.orm.jpa.AbstractEntityManagerFactoryBean [SpringApplicationShutdownHook] []: Closing JPA EntityManagerFactory for persistence unit 'default'
2022-03-15 09:57:51,441 INFO com.zaxxer.hikari.HikariDataSource [SpringApplicationShutdownHook] []: HikariPool-1 - Shutdown initiated...
2022-03-15 09:57:51,449 INFO com.zaxxer.hikari.HikariDataSource [SpringApplicationShutdownHook] []: HikariPool-1 - Shutdown completed.
2022-03-15 10:14:08,085 INFO org.springframework.boot.StartupInfoLogger [restartedMain] []: Starting AccountServiceApplication using Java 11.0.11 on LAPTOP-BP05I3UL with PID 9672 (E:\spring-boot-training\StudentSystem-Microservice\account-service\target\classes started by hieu0 in E:\spring-boot-training\StudentSystem-Microservice\account-service)
2022-03-15 10:14:08,082 INFO org.hibernate.validator.internal.util.Version [background-preinit] []: HV000001: Hibernate Validator 6.2.0.Final
2022-03-15 10:14:08,088 INFO org.springframework.boot.SpringApplication [restartedMain] []: No active profile set, falling back to default profiles: default
2022-03-15 10:14:08,130 INFO org.springframework.boot.logging.DeferredLog [restartedMain] []: Devtools property defaults active! Set 'spring.devtools.add-properties' to 'false' to disable
2022-03-15 10:14:08,130 INFO org.springframework.boot.logging.DeferredLog [restartedMain] []: For additional web related logging consider setting the 'logging.level.web' property to 'DEBUG'
2022-03-15 10:14:09,072 INFO org.springframework.data.repository.config.RepositoryConfigurationDelegate [restartedMain] []: Bootstrapping Spring Data JPA repositories in DEFAULT mode.
2022-03-15 10:14:09,157 INFO org.springframework.data.repository.config.RepositoryConfigurationDelegate [restartedMain] []: Finished Spring Data repository scanning in 59 ms. Found 6 JPA repository interfaces.
2022-03-15 10:14:09,549 INFO org.springframework.context.support.PostProcessorRegistrationDelegate$BeanPostProcessorChecker [restartedMain] []: Bean 'org.springframework.ws.config.annotation.DelegatingWsConfiguration' of type [org.springframework.ws.config.annotation.DelegatingWsConfiguration$$EnhancerBySpringCGLIB$$f9805e32] is not eligible for getting processed by all BeanPostProcessors (for example: not eligible for auto-proxying)
2022-03-15 10:14:09,578 INFO org.springframework.ws.soap.addressing.server.AbstractAddressingEndpointMapping [restartedMain] []: Supporting [WS-Addressing August 2004, WS-Addressing 1.0]
2022-03-15 10:14:10,063 INFO org.springframework.boot.web.embedded.tomcat.TomcatWebServer [restartedMain] []: Tomcat initialized with port(s): 8091 (http)
2022-03-15 10:14:10,074 INFO org.apache.juli.logging.DirectJDKLog [restartedMain] []: Initializing ProtocolHandler ["http-nio-8091"]
2022-03-15 10:14:10,074 INFO org.apache.juli.logging.DirectJDKLog [restartedMain] []: Starting service [Tomcat]
2022-03-15 10:14:10,074 INFO org.apache.juli.logging.DirectJDKLog [restartedMain] []: Starting Servlet engine: [Apache Tomcat/9.0.54]
2022-03-15 10:14:10,184 INFO org.apache.juli.logging.DirectJDKLog [restartedMain] []: Initializing Spring embedded WebApplicationContext
2022-03-15 10:14:10,184 INFO org.springframework.boot.web.servlet.context.ServletWebServerApplicationContext [restartedMain] []: Root WebApplicationContext: initialization completed in 2053 ms
2022-03-15 10:14:10,290 INFO com.zaxxer.hikari.HikariDataSource [restartedMain] []: HikariPool-1 - Starting...
2022-03-15 10:14:10,494 INFO com.zaxxer.hikari.HikariDataSource [restartedMain] []: HikariPool-1 - Start completed.
2022-03-15 10:14:10,582 INFO org.hibernate.jpa.internal.util.LogHelper [restartedMain] []: HHH000204: Processing PersistenceUnitInfo [name: default]
2022-03-15 10:14:10,650 INFO org.hibernate.Version [restartedMain] []: HHH000412: Hibernate ORM core version 5.4.32.Final
2022-03-15 10:14:10,797 INFO org.hibernate.annotations.common.reflection.java.JavaReflectionManager [restartedMain] []: HCANN000001: Hibernate Commons Annotations {5.1.2.Final}
2022-03-15 10:14:10,934 INFO org.hibernate.dialect.Dialect [restartedMain] []: HHH000400: Using dialect: org.hibernate.dialect.PostgreSQLDialect
2022-03-15 10:14:12,142 WARN org.hibernate.tool.schema.internal.ExceptionHandlerLoggedImpl [restartedMain] []: GenerationTarget encountered exception accepting command : Error executing DDL "alter table accounts add constraint FKqgnsd0v3la0gyituldqo2mca6 foreign key (company_id) references company" via JDBC Statement
org.hibernate.tool.schema.spi.CommandAcceptanceException: Error executing DDL "alter table accounts add constraint FKqgnsd0v3la0gyituldqo2mca6 foreign key (company_id) references company" via JDBC Statement
	at org.hibernate.tool.schema.internal.exec.GenerationTargetToDatabase.accept(GenerationTargetToDatabase.java:67)
	at org.hibernate.tool.schema.internal.AbstractSchemaMigrator.applySqlString(AbstractSchemaMigrator.java:562)
	at org.hibernate.tool.schema.internal.AbstractSchemaMigrator.applySqlStrings(AbstractSchemaMigrator.java:507)
	at org.hibernate.tool.schema.internal.AbstractSchemaMigrator.applyForeignKeys(AbstractSchemaMigrator.java:433)
	at org.hibernate.tool.schema.internal.AbstractSchemaMigrator.performMigration(AbstractSchemaMigrator.java:249)
	at org.hibernate.tool.schema.internal.AbstractSchemaMigrator.doMigration(AbstractSchemaMigrator.java:114)
	at org.hibernate.tool.schema.spi.SchemaManagementToolCoordinator.performDatabaseAction(SchemaManagementToolCoordinator.java:184)
	at org.hibernate.tool.schema.spi.SchemaManagementToolCoordinator.process(SchemaManagementToolCoordinator.java:73)
	at org.hibernate.internal.SessionFactoryImpl.<init>(SessionFactoryImpl.java:318)
	at org.hibernate.boot.internal.SessionFactoryBuilderImpl.build(SessionFactoryBuilderImpl.java:468)
	at org.hibernate.jpa.boot.internal.EntityManagerFactoryBuilderImpl.build(EntityManagerFactoryBuilderImpl.java:1259)
	at org.springframework.orm.jpa.vendor.SpringHibernateJpaPersistenceProvider.createContainerEntityManagerFactory(SpringHibernateJpaPersistenceProvider.java:58)
	at org.springframework.orm.jpa.LocalContainerEntityManagerFactoryBean.createNativeEntityManagerFactory(LocalContainerEntityManagerFactoryBean.java:365)
	at org.springframework.orm.jpa.AbstractEntityManagerFactoryBean.buildNativeEntityManagerFactory(AbstractEntityManagerFactoryBean.java:409)
	at org.springframework.orm.jpa.AbstractEntityManagerFactoryBean.afterPropertiesSet(AbstractEntityManagerFactoryBean.java:396)
	at org.springframework.orm.jpa.LocalContainerEntityManagerFactoryBean.afterPropertiesSet(LocalContainerEntityManagerFactoryBean.java:341)
	at org.springframework.beans.factory.support.AbstractAutowireCapableBeanFactory.invokeInitMethods(AbstractAutowireCapableBeanFactory.java:1863)
	at org.springframework.beans.factory.support.AbstractAutowireCapableBeanFactory.initializeBean(AbstractAutowireCapableBeanFactory.java:1800)
	at org.springframework.beans.factory.support.AbstractAutowireCapableBeanFactory.doCreateBean(AbstractAutowireCapableBeanFactory.java:620)
	at org.springframework.beans.factory.support.AbstractAutowireCapableBeanFactory.createBean(AbstractAutowireCapableBeanFactory.java:542)
	at org.springframework.beans.factory.support.AbstractBeanFactory.lambda$doGetBean$0(AbstractBeanFactory.java:335)
	at org.springframework.beans.factory.support.DefaultSingletonBeanRegistry.getSingleton(DefaultSingletonBeanRegistry.java:234)
	at org.springframework.beans.factory.support.AbstractBeanFactory.doGetBean(AbstractBeanFactory.java:333)
	at org.springframework.beans.factory.support.AbstractBeanFactory.getBean(AbstractBeanFactory.java:233)
	at org.springframework.beans.factory.support.DefaultListableBeanFactory.resolveNamedBean(DefaultListableBeanFactory.java:1273)
	at org.springframework.beans.factory.support.DefaultListableBeanFactory.resolveNamedBean(DefaultListableBeanFactory.java:1234)
	at org.springframework.beans.factory.support.DefaultListableBeanFactory.resolveBean(DefaultListableBeanFactory.java:494)
	at org.springframework.beans.factory.support.DefaultListableBeanFactory.getBean(DefaultListableBeanFactory.java:349)
	at org.springframework.beans.factory.support.DefaultListableBeanFactory.getBean(DefaultListableBeanFactory.java:342)
	at org.springframework.orm.jpa.EntityManagerFactoryUtils.findEntityManagerFactory(EntityManagerFactoryUtils.java:121)
	at org.springframework.orm.jpa.JpaTransactionManager.setBeanFactory(JpaTransactionManager.java:333)
	at org.springframework.beans.factory.support.AbstractAutowireCapableBeanFactory.invokeAwareMethods(AbstractAutowireCapableBeanFactory.java:1826)
	at org.springframework.beans.factory.support.AbstractAutowireCapableBeanFactory.initializeBean(AbstractAutowireCapableBeanFactory.java:1791)
	at org.springframework.beans.factory.support.AbstractAutowireCapableBeanFactory.doCreateBean(AbstractAutowireCapableBeanFactory.java:620)
	at org.springframework.beans.factory.support.AbstractAutowireCapableBeanFactory.createBean(AbstractAutowireCapableBeanFactory.java:542)
	at org.springframework.beans.factory.support.AbstractBeanFactory.lambda$doGetBean$0(AbstractBeanFactory.java:335)
	at org.springframework.beans.factory.support.DefaultSingletonBeanRegistry.getSingleton(DefaultSingletonBeanRegistry.java:234)
	at org.springframework.beans.factory.support.AbstractBeanFactory.doGetBean(AbstractBeanFactory.java:333)
	at org.springframework.beans.factory.support.AbstractBeanFactory.getBean(AbstractBeanFactory.java:208)
	at org.springframework.beans.factory.config.DependencyDescriptor.resolveCandidate(DependencyDescriptor.java:276)
	at org.springframework.beans.factory.support.DefaultListableBeanFactory.doResolveDependency(DefaultListableBeanFactory.java:1380)
	at org.springframework.beans.factory.support.DefaultListableBeanFactory.resolveDependency(DefaultListableBeanFactory.java:1300)
	at org.springframework.beans.factory.annotation.AutowiredAnnotationBeanPostProcessor$AutowiredMethodElement.resolveMethodArguments(AutowiredAnnotationBeanPostProcessor.java:759)
	at org.springframework.beans.factory.annotation.AutowiredAnnotationBeanPostProcessor$AutowiredMethodElement.inject(AutowiredAnnotationBeanPostProcessor.java:719)
	at org.springframework.beans.factory.annotation.InjectionMetadata.inject(InjectionMetadata.java:119)
	at org.springframework.beans.factory.annotation.AutowiredAnnotationBeanPostProcessor.postProcessProperties(AutowiredAnnotationBeanPostProcessor.java:399)
	at org.springframework.beans.factory.support.AbstractAutowireCapableBeanFactory.populateBean(AbstractAutowireCapableBeanFactory.java:1431)
	at org.springframework.beans.factory.support.AbstractAutowireCapableBeanFactory.doCreateBean(AbstractAutowireCapableBeanFactory.java:619)
	at org.springframework.beans.factory.support.AbstractAutowireCapableBeanFactory.createBean(AbstractAutowireCapableBeanFactory.java:542)
	at org.springframework.beans.factory.support.AbstractBeanFactory.lambda$doGetBean$0(AbstractBeanFactory.java:335)
	at org.springframework.beans.factory.support.DefaultSingletonBeanRegistry.getSingleton(DefaultSingletonBeanRegistry.java:234)
	at org.springframework.beans.factory.support.AbstractBeanFactory.doGetBean(AbstractBeanFactory.java:333)
	at org.springframework.beans.factory.support.AbstractBeanFactory.getBean(AbstractBeanFactory.java:208)
	at org.springframework.beans.factory.support.ConstructorResolver.instantiateUsingFactoryMethod(ConstructorResolver.java:410)
	at org.springframework.beans.factory.support.AbstractAutowireCapableBeanFactory.instantiateUsingFactoryMethod(AbstractAutowireCapableBeanFactory.java:1352)
	at org.springframework.beans.factory.support.AbstractAutowireCapableBeanFactory.createBeanInstance(AbstractAutowireCapableBeanFactory.java:1195)
	at org.springframework.beans.factory.support.AbstractAutowireCapableBeanFactory.doCreateBean(AbstractAutowireCapableBeanFactory.java:582)
	at org.springframework.beans.factory.support.AbstractAutowireCapableBeanFactory.createBean(AbstractAutowireCapableBeanFactory.java:542)
	at org.springframework.beans.factory.support.AbstractBeanFactory.lambda$doGetBean$0(AbstractBeanFactory.java:335)
	at org.springframework.beans.factory.support.DefaultSingletonBeanRegistry.getSingleton(DefaultSingletonBeanRegistry.java:234)
	at org.springframework.beans.factory.support.AbstractBeanFactory.doGetBean(AbstractBeanFactory.java:333)
	at org.springframework.beans.factory.support.AbstractBeanFactory.getBean(AbstractBeanFactory.java:208)
	at org.springframework.beans.factory.config.DependencyDescriptor.resolveCandidate(DependencyDescriptor.java:276)
	at org.springframework.beans.factory.support.DefaultListableBeanFactory.doResolveDependency(DefaultListableBeanFactory.java:1380)
	at org.springframework.beans.factory.support.DefaultListableBeanFactory.resolveDependency(DefaultListableBeanFactory.java:1300)
	at org.springframework.beans.factory.support.ConstructorResolver.resolveAutowiredArgument(ConstructorResolver.java:887)
	at org.springframework.beans.factory.support.ConstructorResolver.createArgumentArray(ConstructorResolver.java:791)
	at org.springframework.beans.factory.support.ConstructorResolver.instantiateUsingFactoryMethod(ConstructorResolver.java:541)
	at org.springframework.beans.factory.support.AbstractAutowireCapableBeanFactory.instantiateUsingFactoryMethod(AbstractAutowireCapableBeanFactory.java:1352)
	at org.springframework.beans.factory.support.AbstractAutowireCapableBeanFactory.createBeanInstance(AbstractAutowireCapableBeanFactory.java:1195)
	at org.springframework.beans.factory.support.AbstractAutowireCapableBeanFactory.doCreateBean(AbstractAutowireCapableBeanFactory.java:582)
	at org.springframework.beans.factory.support.AbstractAutowireCapableBeanFactory.createBean(AbstractAutowireCapableBeanFactory.java:542)
	at org.springframework.beans.factory.support.AbstractBeanFactory.lambda$doGetBean$0(AbstractBeanFactory.java:335)
	at org.springframework.beans.factory.support.DefaultSingletonBeanRegistry.getSingleton(DefaultSingletonBeanRegistry.java:234)
	at org.springframework.beans.factory.support.AbstractBeanFactory.doGetBean(AbstractBeanFactory.java:333)
	at org.springframework.beans.factory.support.AbstractBeanFactory.getBean(AbstractBeanFactory.java:213)
	at org.springframework.boot.web.servlet.ServletContextInitializerBeans.getOrderedBeansOfType(ServletContextInitializerBeans.java:212)
	at org.springframework.boot.web.servlet.ServletContextInitializerBeans.getOrderedBeansOfType(ServletContextInitializerBeans.java:203)
	at org.springframework.boot.web.servlet.ServletContextInitializerBeans.addServletContextInitializerBeans(ServletContextInitializerBeans.java:97)
	at org.springframework.boot.web.servlet.ServletContextInitializerBeans.<init>(ServletContextInitializerBeans.java:86)
	at org.springframework.boot.web.servlet.context.ServletWebServerApplicationContext.getServletContextInitializerBeans(ServletWebServerApplicationContext.java:260)
	at org.springframework.boot.web.servlet.context.ServletWebServerApplicationContext.selfInitialize(ServletWebServerApplicationContext.java:234)
	at org.springframework.boot.web.embedded.tomcat.TomcatStarter.onStartup(TomcatStarter.java:53)
	at org.apache.catalina.core.StandardContext.startInternal(StandardContext.java:5219)
	at org.apache.catalina.util.LifecycleBase.start(LifecycleBase.java:183)
	at org.apache.catalina.core.ContainerBase$StartChild.call(ContainerBase.java:1396)
	at org.apache.catalina.core.ContainerBase$StartChild.call(ContainerBase.java:1386)
	at java.base/java.util.concurrent.FutureTask.run(FutureTask.java:264)
	at org.apache.tomcat.util.threads.InlineExecutorService.execute(InlineExecutorService.java:75)
	at java.base/java.util.concurrent.AbstractExecutorService.submit(AbstractExecutorService.java:140)
	at org.apache.catalina.core.ContainerBase.startInternal(ContainerBase.java:919)
	at org.apache.catalina.core.StandardHost.startInternal(StandardHost.java:835)
	at org.apache.catalina.util.LifecycleBase.start(LifecycleBase.java:183)
	at org.apache.catalina.core.ContainerBase$StartChild.call(ContainerBase.java:1396)
	at org.apache.catalina.core.ContainerBase$StartChild.call(ContainerBase.java:1386)
	at java.base/java.util.concurrent.FutureTask.run(FutureTask.java:264)
	at org.apache.tomcat.util.threads.InlineExecutorService.execute(InlineExecutorService.java:75)
	at java.base/java.util.concurrent.AbstractExecutorService.submit(AbstractExecutorService.java:140)
	at org.apache.catalina.core.ContainerBase.startInternal(ContainerBase.java:919)
	at org.apache.catalina.core.StandardEngine.startInternal(StandardEngine.java:263)
	at org.apache.catalina.util.LifecycleBase.start(LifecycleBase.java:183)
	at org.apache.catalina.core.StandardService.startInternal(StandardService.java:432)
	at org.apache.catalina.util.LifecycleBase.start(LifecycleBase.java:183)
	at org.apache.catalina.core.StandardServer.startInternal(StandardServer.java:927)
	at org.apache.catalina.util.LifecycleBase.start(LifecycleBase.java:183)
	at org.apache.catalina.startup.Tomcat.start(Tomcat.java:486)
	at org.springframework.boot.web.embedded.tomcat.TomcatWebServer.initialize(TomcatWebServer.java:123)
	at org.springframework.boot.web.embedded.tomcat.TomcatWebServer.<init>(TomcatWebServer.java:104)
	at org.springframework.boot.web.embedded.tomcat.TomcatServletWebServerFactory.getTomcatWebServer(TomcatServletWebServerFactory.java:450)
	at org.springframework.boot.web.embedded.tomcat.TomcatServletWebServerFactory.getWebServer(TomcatServletWebServerFactory.java:199)
	at org.springframework.boot.web.servlet.context.ServletWebServerApplicationContext.createWebServer(ServletWebServerApplicationContext.java:182)
	at org.springframework.boot.web.servlet.context.ServletWebServerApplicationContext.onRefresh(ServletWebServerApplicationContext.java:160)
	at org.springframework.context.support.AbstractApplicationContext.refresh(AbstractApplicationContext.java:577)
	at org.springframework.boot.web.servlet.context.ServletWebServerApplicationContext.refresh(ServletWebServerApplicationContext.java:145)
	at org.springframework.boot.SpringApplication.refresh(SpringApplication.java:754)
	at org.springframework.boot.SpringApplication.refreshContext(SpringApplication.java:434)
	at org.springframework.boot.SpringApplication.run(SpringApplication.java:338)
	at org.springframework.boot.SpringApplication.run(SpringApplication.java:1343)
	at org.springframework.boot.SpringApplication.run(SpringApplication.java:1332)
	at com.account.AccountServiceApplication.main(AccountServiceApplication.java:20)
	at java.base/jdk.internal.reflect.NativeMethodAccessorImpl.invoke0(Native Method)
	at java.base/jdk.internal.reflect.NativeMethodAccessorImpl.invoke(NativeMethodAccessorImpl.java:62)
	at java.base/jdk.internal.reflect.DelegatingMethodAccessorImpl.invoke(DelegatingMethodAccessorImpl.java:43)
	at java.base/java.lang.reflect.Method.invoke(Method.java:566)
	at org.springframework.boot.devtools.restart.RestartLauncher.run(RestartLauncher.java:49)
Caused by: org.postgresql.util.PSQLException: ERROR: foreign key constraint "fkqgnsd0v3la0gyituldqo2mca6" cannot be implemented
  Detail: Key columns "company_id" and "id" are of incompatible types: character varying and bigint.
	at org.postgresql.core.v3.QueryExecutorImpl.receiveErrorResponse(QueryExecutorImpl.java:2565)
	at org.postgresql.core.v3.QueryExecutorImpl.processResults(QueryExecutorImpl.java:2297)
	at org.postgresql.core.v3.QueryExecutorImpl.execute(QueryExecutorImpl.java:322)
	at org.postgresql.jdbc.PgStatement.executeInternal(PgStatement.java:481)
	at org.postgresql.jdbc.PgStatement.execute(PgStatement.java:401)
	at org.postgresql.jdbc.PgStatement.executeWithFlags(PgStatement.java:322)
	at org.postgresql.jdbc.PgStatement.executeCachedSql(PgStatement.java:308)
	at org.postgresql.jdbc.PgStatement.executeWithFlags(PgStatement.java:284)
	at org.postgresql.jdbc.PgStatement.execute(PgStatement.java:279)
	at com.zaxxer.hikari.pool.ProxyStatement.execute(ProxyStatement.java:94)
	at com.zaxxer.hikari.pool.HikariProxyStatement.execute(HikariProxyStatement.java)
	at org.hibernate.tool.schema.internal.exec.GenerationTargetToDatabase.accept(GenerationTargetToDatabase.java:54)
	... 124 common frames omitted
2022-03-15 10:14:12,188 INFO org.hibernate.engine.transaction.jta.platform.internal.JtaPlatformInitiator [restartedMain] []: HHH000490: Using JtaPlatform implementation: [org.hibernate.engine.transaction.jta.platform.internal.NoJtaPlatform]
2022-03-15 10:14:12,194 INFO org.springframework.orm.jpa.AbstractEntityManagerFactoryBean [restartedMain] []: Initialized JPA EntityManagerFactory for persistence unit 'default'
2022-03-15 10:14:12,731 WARN org.springframework.boot.autoconfigure.orm.jpa.JpaBaseConfiguration$JpaWebConfiguration [restartedMain] []: spring.jpa.open-in-view is enabled by default. Therefore, database queries may be performed during view rendering. Explicitly configure spring.jpa.open-in-view to disable this warning
2022-03-15 10:14:13,214 INFO springfox.documentation.spring.web.PropertySourcedRequestMappingHandlerMapping [restartedMain] []: Mapped URL path [/v2/api-docs] onto method [springfox.documentation.swagger2.web.Swagger2Controller#getDocumentation(String, HttpServletRequest)]
2022-03-15 10:14:13,308 INFO org.springframework.security.web.DefaultSecurityFilterChain [restartedMain] []: Will secure Ant [pattern='/v2/api-docs'] with []
2022-03-15 10:14:13,308 INFO org.springframework.security.web.DefaultSecurityFilterChain [restartedMain] []: Will secure Ant [pattern='/configuration/ui'] with []
2022-03-15 10:14:13,308 INFO org.springframework.security.web.DefaultSecurityFilterChain [restartedMain] []: Will secure Ant [pattern='/swagger-resources/**'] with []
2022-03-15 10:14:13,308 INFO org.springframework.security.web.DefaultSecurityFilterChain [restartedMain] []: Will secure Ant [pattern='/configuration/**'] with []
2022-03-15 10:14:13,308 INFO org.springframework.security.web.DefaultSecurityFilterChain [restartedMain] []: Will secure Ant [pattern='/swagger-ui.html'] with []
2022-03-15 10:14:13,309 INFO org.springframework.security.web.DefaultSecurityFilterChain [restartedMain] []: Will secure Ant [pattern='/webjars/**'] with []
2022-03-15 10:14:13,333 INFO org.springframework.security.web.DefaultSecurityFilterChain [restartedMain] []: Will secure any request with [org.springframework.security.web.context.request.async.WebAsyncManagerIntegrationFilter@2997550, org.springframework.security.web.context.SecurityContextPersistenceFilter@1521977a, org.springframework.security.web.header.HeaderWriterFilter@73fcbd53, org.springframework.security.web.authentication.logout.LogoutFilter@7a75c0f7, com.account.filter.AuthorizationFilter@26917c81, org.springframework.security.web.savedrequest.RequestCacheAwareFilter@5d01b010, org.springframework.security.web.servletapi.SecurityContextHolderAwareRequestFilter@75831f74, org.springframework.security.web.authentication.AnonymousAuthenticationFilter@5ad8aa1e, org.springframework.security.web.session.SessionManagementFilter@6276cc79, org.springframework.security.web.access.ExceptionTranslationFilter@4bb62f7, org.springframework.security.web.access.intercept.FilterSecurityInterceptor@72f213d1]
2022-03-15 10:14:13,444 WARN org.springframework.boot.devtools.autoconfigure.OptionalLiveReloadServer [restartedMain] []: Unable to start LiveReload server
2022-03-15 10:14:13,616 INFO org.apache.juli.logging.DirectJDKLog [restartedMain] []: Starting ProtocolHandler ["http-nio-8091"]
2022-03-15 10:14:13,635 INFO org.springframework.boot.web.embedded.tomcat.TomcatWebServer [restartedMain] []: Tomcat started on port(s): 8091 (http) with context path ''
2022-03-15 10:14:13,636 INFO springfox.documentation.spring.web.plugins.DocumentationPluginsBootstrapper [restartedMain] []: Context refreshed
2022-03-15 10:14:13,650 INFO springfox.documentation.spring.web.plugins.DocumentationPluginsBootstrapper [restartedMain] []: Found 1 custom documentation plugin(s)
2022-03-15 10:14:13,698 INFO springfox.documentation.spring.web.scanners.ApiListingReferenceScanner [restartedMain] []: Scanning for api listing references
2022-03-15 10:14:14,158 INFO org.springframework.scheduling.annotation.ScheduledAnnotationBeanPostProcessor [restartedMain] []: No TaskScheduler/ScheduledExecutorService bean found for scheduled processing
2022-03-15 10:14:14,168 INFO org.springframework.boot.StartupInfoLogger [restartedMain] []: Started AccountServiceApplication in 6.614 seconds (JVM running for 7.609)
2022-03-15 10:14:35,105 INFO org.apache.juli.logging.DirectJDKLog [http-nio-8091-exec-1] []: Initializing Spring DispatcherServlet 'dispatcherServlet'
2022-03-15 10:14:35,105 INFO org.springframework.web.servlet.FrameworkServlet [http-nio-8091-exec-1] []: Initializing Servlet 'dispatcherServlet'
2022-03-15 10:14:35,106 INFO org.springframework.web.servlet.FrameworkServlet [http-nio-8091-exec-1] []: Completed initialization in 1 ms
2022-03-15 10:14:35,167 INFO com.account.service.AccountService [http-nio-8091-exec-1] []: get Account By Username admin
2022-03-15 10:14:35,265 INFO com.account.service.AccountService [http-nio-8091-exec-1] []: get Detail Permission In User
2022-03-15 10:15:52,896 INFO com.account.service.AccountService [http-nio-8091-exec-3] []: get Account By Username admin
2022-03-15 10:15:52,904 INFO com.account.service.AccountService [http-nio-8091-exec-3] []: get Detail Permission In User
2022-03-15 10:20:04,444 INFO org.springframework.orm.jpa.AbstractEntityManagerFactoryBean [SpringApplicationShutdownHook] []: Closing JPA EntityManagerFactory for persistence unit 'default'
2022-03-15 10:20:04,447 INFO com.zaxxer.hikari.HikariDataSource [SpringApplicationShutdownHook] []: HikariPool-1 - Shutdown initiated...
2022-03-15 10:20:04,453 INFO com.zaxxer.hikari.HikariDataSource [SpringApplicationShutdownHook] []: HikariPool-1 - Shutdown completed.
2022-03-15 10:24:07,364 INFO org.springframework.boot.StartupInfoLogger [restartedMain] []: Starting AccountServiceApplication using Java 11.0.11 on LAPTOP-BP05I3UL with PID 6992 (E:\spring-boot-training\StudentSystem-Microservice\account-service\target\classes started by hieu0 in E:\spring-boot-training\StudentSystem-Microservice\account-service)
2022-03-15 10:24:07,365 INFO org.hibernate.validator.internal.util.Version [background-preinit] []: HV000001: Hibernate Validator 6.2.0.Final
2022-03-15 10:24:07,368 INFO org.springframework.boot.SpringApplication [restartedMain] []: No active profile set, falling back to default profiles: default
2022-03-15 10:24:07,426 INFO org.springframework.boot.logging.DeferredLog [restartedMain] []: Devtools property defaults active! Set 'spring.devtools.add-properties' to 'false' to disable
2022-03-15 10:24:07,427 INFO org.springframework.boot.logging.DeferredLog [restartedMain] []: For additional web related logging consider setting the 'logging.level.web' property to 'DEBUG'
2022-03-15 10:24:08,467 INFO org.springframework.data.repository.config.RepositoryConfigurationDelegate [restartedMain] []: Bootstrapping Spring Data JPA repositories in DEFAULT mode.
2022-03-15 10:24:08,559 INFO org.springframework.data.repository.config.RepositoryConfigurationDelegate [restartedMain] []: Finished Spring Data repository scanning in 69 ms. Found 6 JPA repository interfaces.
2022-03-15 10:24:09,035 INFO org.springframework.context.support.PostProcessorRegistrationDelegate$BeanPostProcessorChecker [restartedMain] []: Bean 'org.springframework.ws.config.annotation.DelegatingWsConfiguration' of type [org.springframework.ws.config.annotation.DelegatingWsConfiguration$$EnhancerBySpringCGLIB$$26ebe58] is not eligible for getting processed by all BeanPostProcessors (for example: not eligible for auto-proxying)
2022-03-15 10:24:09,076 INFO org.springframework.ws.soap.addressing.server.AbstractAddressingEndpointMapping [restartedMain] []: Supporting [WS-Addressing August 2004, WS-Addressing 1.0]
2022-03-15 10:24:09,641 INFO org.springframework.boot.web.embedded.tomcat.TomcatWebServer [restartedMain] []: Tomcat initialized with port(s): 8091 (http)
2022-03-15 10:24:09,655 INFO org.apache.juli.logging.DirectJDKLog [restartedMain] []: Initializing ProtocolHandler ["http-nio-8091"]
2022-03-15 10:24:09,656 INFO org.apache.juli.logging.DirectJDKLog [restartedMain] []: Starting service [Tomcat]
2022-03-15 10:24:09,657 INFO org.apache.juli.logging.DirectJDKLog [restartedMain] []: Starting Servlet engine: [Apache Tomcat/9.0.54]
2022-03-15 10:24:09,779 INFO org.apache.juli.logging.DirectJDKLog [restartedMain] []: Initializing Spring embedded WebApplicationContext
2022-03-15 10:24:09,779 INFO org.springframework.boot.web.servlet.context.ServletWebServerApplicationContext [restartedMain] []: Root WebApplicationContext: initialization completed in 2352 ms
2022-03-15 10:24:09,911 INFO com.zaxxer.hikari.HikariDataSource [restartedMain] []: HikariPool-1 - Starting...
2022-03-15 10:24:10,131 INFO com.zaxxer.hikari.HikariDataSource [restartedMain] []: HikariPool-1 - Start completed.
2022-03-15 10:24:10,236 INFO org.hibernate.jpa.internal.util.LogHelper [restartedMain] []: HHH000204: Processing PersistenceUnitInfo [name: default]
2022-03-15 10:24:10,299 INFO org.hibernate.Version [restartedMain] []: HHH000412: Hibernate ORM core version 5.4.32.Final
2022-03-15 10:24:10,726 INFO org.hibernate.annotations.common.reflection.java.JavaReflectionManager [restartedMain] []: HCANN000001: Hibernate Commons Annotations {5.1.2.Final}
2022-03-15 10:24:10,843 INFO org.hibernate.dialect.Dialect [restartedMain] []: HHH000400: Using dialect: org.hibernate.dialect.PostgreSQLDialect
2022-03-15 10:24:12,201 WARN org.hibernate.tool.schema.internal.ExceptionHandlerLoggedImpl [restartedMain] []: GenerationTarget encountered exception accepting command : Error executing DDL "alter table accounts add constraint FKqgnsd0v3la0gyituldqo2mca6 foreign key (company_id) references company" via JDBC Statement
org.hibernate.tool.schema.spi.CommandAcceptanceException: Error executing DDL "alter table accounts add constraint FKqgnsd0v3la0gyituldqo2mca6 foreign key (company_id) references company" via JDBC Statement
	at org.hibernate.tool.schema.internal.exec.GenerationTargetToDatabase.accept(GenerationTargetToDatabase.java:67)
	at org.hibernate.tool.schema.internal.AbstractSchemaMigrator.applySqlString(AbstractSchemaMigrator.java:562)
	at org.hibernate.tool.schema.internal.AbstractSchemaMigrator.applySqlStrings(AbstractSchemaMigrator.java:507)
	at org.hibernate.tool.schema.internal.AbstractSchemaMigrator.applyForeignKeys(AbstractSchemaMigrator.java:433)
	at org.hibernate.tool.schema.internal.AbstractSchemaMigrator.performMigration(AbstractSchemaMigrator.java:249)
	at org.hibernate.tool.schema.internal.AbstractSchemaMigrator.doMigration(AbstractSchemaMigrator.java:114)
	at org.hibernate.tool.schema.spi.SchemaManagementToolCoordinator.performDatabaseAction(SchemaManagementToolCoordinator.java:184)
	at org.hibernate.tool.schema.spi.SchemaManagementToolCoordinator.process(SchemaManagementToolCoordinator.java:73)
	at org.hibernate.internal.SessionFactoryImpl.<init>(SessionFactoryImpl.java:318)
	at org.hibernate.boot.internal.SessionFactoryBuilderImpl.build(SessionFactoryBuilderImpl.java:468)
	at org.hibernate.jpa.boot.internal.EntityManagerFactoryBuilderImpl.build(EntityManagerFactoryBuilderImpl.java:1259)
	at org.springframework.orm.jpa.vendor.SpringHibernateJpaPersistenceProvider.createContainerEntityManagerFactory(SpringHibernateJpaPersistenceProvider.java:58)
	at org.springframework.orm.jpa.LocalContainerEntityManagerFactoryBean.createNativeEntityManagerFactory(LocalContainerEntityManagerFactoryBean.java:365)
	at org.springframework.orm.jpa.AbstractEntityManagerFactoryBean.buildNativeEntityManagerFactory(AbstractEntityManagerFactoryBean.java:409)
	at org.springframework.orm.jpa.AbstractEntityManagerFactoryBean.afterPropertiesSet(AbstractEntityManagerFactoryBean.java:396)
	at org.springframework.orm.jpa.LocalContainerEntityManagerFactoryBean.afterPropertiesSet(LocalContainerEntityManagerFactoryBean.java:341)
	at org.springframework.beans.factory.support.AbstractAutowireCapableBeanFactory.invokeInitMethods(AbstractAutowireCapableBeanFactory.java:1863)
	at org.springframework.beans.factory.support.AbstractAutowireCapableBeanFactory.initializeBean(AbstractAutowireCapableBeanFactory.java:1800)
	at org.springframework.beans.factory.support.AbstractAutowireCapableBeanFactory.doCreateBean(AbstractAutowireCapableBeanFactory.java:620)
	at org.springframework.beans.factory.support.AbstractAutowireCapableBeanFactory.createBean(AbstractAutowireCapableBeanFactory.java:542)
	at org.springframework.beans.factory.support.AbstractBeanFactory.lambda$doGetBean$0(AbstractBeanFactory.java:335)
	at org.springframework.beans.factory.support.DefaultSingletonBeanRegistry.getSingleton(DefaultSingletonBeanRegistry.java:234)
	at org.springframework.beans.factory.support.AbstractBeanFactory.doGetBean(AbstractBeanFactory.java:333)
	at org.springframework.beans.factory.support.AbstractBeanFactory.getBean(AbstractBeanFactory.java:233)
	at org.springframework.beans.factory.support.DefaultListableBeanFactory.resolveNamedBean(DefaultListableBeanFactory.java:1273)
	at org.springframework.beans.factory.support.DefaultListableBeanFactory.resolveNamedBean(DefaultListableBeanFactory.java:1234)
	at org.springframework.beans.factory.support.DefaultListableBeanFactory.resolveBean(DefaultListableBeanFactory.java:494)
	at org.springframework.beans.factory.support.DefaultListableBeanFactory.getBean(DefaultListableBeanFactory.java:349)
	at org.springframework.beans.factory.support.DefaultListableBeanFactory.getBean(DefaultListableBeanFactory.java:342)
	at org.springframework.orm.jpa.EntityManagerFactoryUtils.findEntityManagerFactory(EntityManagerFactoryUtils.java:121)
	at org.springframework.orm.jpa.JpaTransactionManager.setBeanFactory(JpaTransactionManager.java:333)
	at org.springframework.beans.factory.support.AbstractAutowireCapableBeanFactory.invokeAwareMethods(AbstractAutowireCapableBeanFactory.java:1826)
	at org.springframework.beans.factory.support.AbstractAutowireCapableBeanFactory.initializeBean(AbstractAutowireCapableBeanFactory.java:1791)
	at org.springframework.beans.factory.support.AbstractAutowireCapableBeanFactory.doCreateBean(AbstractAutowireCapableBeanFactory.java:620)
	at org.springframework.beans.factory.support.AbstractAutowireCapableBeanFactory.createBean(AbstractAutowireCapableBeanFactory.java:542)
	at org.springframework.beans.factory.support.AbstractBeanFactory.lambda$doGetBean$0(AbstractBeanFactory.java:335)
	at org.springframework.beans.factory.support.DefaultSingletonBeanRegistry.getSingleton(DefaultSingletonBeanRegistry.java:234)
	at org.springframework.beans.factory.support.AbstractBeanFactory.doGetBean(AbstractBeanFactory.java:333)
	at org.springframework.beans.factory.support.AbstractBeanFactory.getBean(AbstractBeanFactory.java:208)
	at org.springframework.beans.factory.config.DependencyDescriptor.resolveCandidate(DependencyDescriptor.java:276)
	at org.springframework.beans.factory.support.DefaultListableBeanFactory.doResolveDependency(DefaultListableBeanFactory.java:1380)
	at org.springframework.beans.factory.support.DefaultListableBeanFactory.resolveDependency(DefaultListableBeanFactory.java:1300)
	at org.springframework.beans.factory.annotation.AutowiredAnnotationBeanPostProcessor$AutowiredMethodElement.resolveMethodArguments(AutowiredAnnotationBeanPostProcessor.java:759)
	at org.springframework.beans.factory.annotation.AutowiredAnnotationBeanPostProcessor$AutowiredMethodElement.inject(AutowiredAnnotationBeanPostProcessor.java:719)
	at org.springframework.beans.factory.annotation.InjectionMetadata.inject(InjectionMetadata.java:119)
	at org.springframework.beans.factory.annotation.AutowiredAnnotationBeanPostProcessor.postProcessProperties(AutowiredAnnotationBeanPostProcessor.java:399)
	at org.springframework.beans.factory.support.AbstractAutowireCapableBeanFactory.populateBean(AbstractAutowireCapableBeanFactory.java:1431)
	at org.springframework.beans.factory.support.AbstractAutowireCapableBeanFactory.doCreateBean(AbstractAutowireCapableBeanFactory.java:619)
	at org.springframework.beans.factory.support.AbstractAutowireCapableBeanFactory.createBean(AbstractAutowireCapableBeanFactory.java:542)
	at org.springframework.beans.factory.support.AbstractBeanFactory.lambda$doGetBean$0(AbstractBeanFactory.java:335)
	at org.springframework.beans.factory.support.DefaultSingletonBeanRegistry.getSingleton(DefaultSingletonBeanRegistry.java:234)
	at org.springframework.beans.factory.support.AbstractBeanFactory.doGetBean(AbstractBeanFactory.java:333)
	at org.springframework.beans.factory.support.AbstractBeanFactory.getBean(AbstractBeanFactory.java:208)
	at org.springframework.beans.factory.support.ConstructorResolver.instantiateUsingFactoryMethod(ConstructorResolver.java:410)
	at org.springframework.beans.factory.support.AbstractAutowireCapableBeanFactory.instantiateUsingFactoryMethod(AbstractAutowireCapableBeanFactory.java:1352)
	at org.springframework.beans.factory.support.AbstractAutowireCapableBeanFactory.createBeanInstance(AbstractAutowireCapableBeanFactory.java:1195)
	at org.springframework.beans.factory.support.AbstractAutowireCapableBeanFactory.doCreateBean(AbstractAutowireCapableBeanFactory.java:582)
	at org.springframework.beans.factory.support.AbstractAutowireCapableBeanFactory.createBean(AbstractAutowireCapableBeanFactory.java:542)
	at org.springframework.beans.factory.support.AbstractBeanFactory.lambda$doGetBean$0(AbstractBeanFactory.java:335)
	at org.springframework.beans.factory.support.DefaultSingletonBeanRegistry.getSingleton(DefaultSingletonBeanRegistry.java:234)
	at org.springframework.beans.factory.support.AbstractBeanFactory.doGetBean(AbstractBeanFactory.java:333)
	at org.springframework.beans.factory.support.AbstractBeanFactory.getBean(AbstractBeanFactory.java:208)
	at org.springframework.beans.factory.config.DependencyDescriptor.resolveCandidate(DependencyDescriptor.java:276)
	at org.springframework.beans.factory.support.DefaultListableBeanFactory.doResolveDependency(DefaultListableBeanFactory.java:1380)
	at org.springframework.beans.factory.support.DefaultListableBeanFactory.resolveDependency(DefaultListableBeanFactory.java:1300)
	at org.springframework.beans.factory.support.ConstructorResolver.resolveAutowiredArgument(ConstructorResolver.java:887)
	at org.springframework.beans.factory.support.ConstructorResolver.createArgumentArray(ConstructorResolver.java:791)
	at org.springframework.beans.factory.support.ConstructorResolver.instantiateUsingFactoryMethod(ConstructorResolver.java:541)
	at org.springframework.beans.factory.support.AbstractAutowireCapableBeanFactory.instantiateUsingFactoryMethod(AbstractAutowireCapableBeanFactory.java:1352)
	at org.springframework.beans.factory.support.AbstractAutowireCapableBeanFactory.createBeanInstance(AbstractAutowireCapableBeanFactory.java:1195)
	at org.springframework.beans.factory.support.AbstractAutowireCapableBeanFactory.doCreateBean(AbstractAutowireCapableBeanFactory.java:582)
	at org.springframework.beans.factory.support.AbstractAutowireCapableBeanFactory.createBean(AbstractAutowireCapableBeanFactory.java:542)
	at org.springframework.beans.factory.support.AbstractBeanFactory.lambda$doGetBean$0(AbstractBeanFactory.java:335)
	at org.springframework.beans.factory.support.DefaultSingletonBeanRegistry.getSingleton(DefaultSingletonBeanRegistry.java:234)
	at org.springframework.beans.factory.support.AbstractBeanFactory.doGetBean(AbstractBeanFactory.java:333)
	at org.springframework.beans.factory.support.AbstractBeanFactory.getBean(AbstractBeanFactory.java:213)
	at org.springframework.boot.web.servlet.ServletContextInitializerBeans.getOrderedBeansOfType(ServletContextInitializerBeans.java:212)
	at org.springframework.boot.web.servlet.ServletContextInitializerBeans.getOrderedBeansOfType(ServletContextInitializerBeans.java:203)
	at org.springframework.boot.web.servlet.ServletContextInitializerBeans.addServletContextInitializerBeans(ServletContextInitializerBeans.java:97)
	at org.springframework.boot.web.servlet.ServletContextInitializerBeans.<init>(ServletContextInitializerBeans.java:86)
	at org.springframework.boot.web.servlet.context.ServletWebServerApplicationContext.getServletContextInitializerBeans(ServletWebServerApplicationContext.java:260)
	at org.springframework.boot.web.servlet.context.ServletWebServerApplicationContext.selfInitialize(ServletWebServerApplicationContext.java:234)
	at org.springframework.boot.web.embedded.tomcat.TomcatStarter.onStartup(TomcatStarter.java:53)
	at org.apache.catalina.core.StandardContext.startInternal(StandardContext.java:5219)
	at org.apache.catalina.util.LifecycleBase.start(LifecycleBase.java:183)
	at org.apache.catalina.core.ContainerBase$StartChild.call(ContainerBase.java:1396)
	at org.apache.catalina.core.ContainerBase$StartChild.call(ContainerBase.java:1386)
	at java.base/java.util.concurrent.FutureTask.run(FutureTask.java:264)
	at org.apache.tomcat.util.threads.InlineExecutorService.execute(InlineExecutorService.java:75)
	at java.base/java.util.concurrent.AbstractExecutorService.submit(AbstractExecutorService.java:140)
	at org.apache.catalina.core.ContainerBase.startInternal(ContainerBase.java:919)
	at org.apache.catalina.core.StandardHost.startInternal(StandardHost.java:835)
	at org.apache.catalina.util.LifecycleBase.start(LifecycleBase.java:183)
	at org.apache.catalina.core.ContainerBase$StartChild.call(ContainerBase.java:1396)
	at org.apache.catalina.core.ContainerBase$StartChild.call(ContainerBase.java:1386)
	at java.base/java.util.concurrent.FutureTask.run(FutureTask.java:264)
	at org.apache.tomcat.util.threads.InlineExecutorService.execute(InlineExecutorService.java:75)
	at java.base/java.util.concurrent.AbstractExecutorService.submit(AbstractExecutorService.java:140)
	at org.apache.catalina.core.ContainerBase.startInternal(ContainerBase.java:919)
	at org.apache.catalina.core.StandardEngine.startInternal(StandardEngine.java:263)
	at org.apache.catalina.util.LifecycleBase.start(LifecycleBase.java:183)
	at org.apache.catalina.core.StandardService.startInternal(StandardService.java:432)
	at org.apache.catalina.util.LifecycleBase.start(LifecycleBase.java:183)
	at org.apache.catalina.core.StandardServer.startInternal(StandardServer.java:927)
	at org.apache.catalina.util.LifecycleBase.start(LifecycleBase.java:183)
	at org.apache.catalina.startup.Tomcat.start(Tomcat.java:486)
	at org.springframework.boot.web.embedded.tomcat.TomcatWebServer.initialize(TomcatWebServer.java:123)
	at org.springframework.boot.web.embedded.tomcat.TomcatWebServer.<init>(TomcatWebServer.java:104)
	at org.springframework.boot.web.embedded.tomcat.TomcatServletWebServerFactory.getTomcatWebServer(TomcatServletWebServerFactory.java:450)
	at org.springframework.boot.web.embedded.tomcat.TomcatServletWebServerFactory.getWebServer(TomcatServletWebServerFactory.java:199)
	at org.springframework.boot.web.servlet.context.ServletWebServerApplicationContext.createWebServer(ServletWebServerApplicationContext.java:182)
	at org.springframework.boot.web.servlet.context.ServletWebServerApplicationContext.onRefresh(ServletWebServerApplicationContext.java:160)
	at org.springframework.context.support.AbstractApplicationContext.refresh(AbstractApplicationContext.java:577)
	at org.springframework.boot.web.servlet.context.ServletWebServerApplicationContext.refresh(ServletWebServerApplicationContext.java:145)
	at org.springframework.boot.SpringApplication.refresh(SpringApplication.java:754)
	at org.springframework.boot.SpringApplication.refreshContext(SpringApplication.java:434)
	at org.springframework.boot.SpringApplication.run(SpringApplication.java:338)
	at org.springframework.boot.SpringApplication.run(SpringApplication.java:1343)
	at org.springframework.boot.SpringApplication.run(SpringApplication.java:1332)
	at com.account.AccountServiceApplication.main(AccountServiceApplication.java:20)
	at java.base/jdk.internal.reflect.NativeMethodAccessorImpl.invoke0(Native Method)
	at java.base/jdk.internal.reflect.NativeMethodAccessorImpl.invoke(NativeMethodAccessorImpl.java:62)
	at java.base/jdk.internal.reflect.DelegatingMethodAccessorImpl.invoke(DelegatingMethodAccessorImpl.java:43)
	at java.base/java.lang.reflect.Method.invoke(Method.java:566)
	at org.springframework.boot.devtools.restart.RestartLauncher.run(RestartLauncher.java:49)
Caused by: org.postgresql.util.PSQLException: ERROR: foreign key constraint "fkqgnsd0v3la0gyituldqo2mca6" cannot be implemented
  Detail: Key columns "company_id" and "id" are of incompatible types: character varying and bigint.
	at org.postgresql.core.v3.QueryExecutorImpl.receiveErrorResponse(QueryExecutorImpl.java:2565)
	at org.postgresql.core.v3.QueryExecutorImpl.processResults(QueryExecutorImpl.java:2297)
	at org.postgresql.core.v3.QueryExecutorImpl.execute(QueryExecutorImpl.java:322)
	at org.postgresql.jdbc.PgStatement.executeInternal(PgStatement.java:481)
	at org.postgresql.jdbc.PgStatement.execute(PgStatement.java:401)
	at org.postgresql.jdbc.PgStatement.executeWithFlags(PgStatement.java:322)
	at org.postgresql.jdbc.PgStatement.executeCachedSql(PgStatement.java:308)
	at org.postgresql.jdbc.PgStatement.executeWithFlags(PgStatement.java:284)
	at org.postgresql.jdbc.PgStatement.execute(PgStatement.java:279)
	at com.zaxxer.hikari.pool.ProxyStatement.execute(ProxyStatement.java:94)
	at com.zaxxer.hikari.pool.HikariProxyStatement.execute(HikariProxyStatement.java)
	at org.hibernate.tool.schema.internal.exec.GenerationTargetToDatabase.accept(GenerationTargetToDatabase.java:54)
	... 124 common frames omitted
2022-03-15 10:24:12,252 INFO org.hibernate.engine.transaction.jta.platform.internal.JtaPlatformInitiator [restartedMain] []: HHH000490: Using JtaPlatform implementation: [org.hibernate.engine.transaction.jta.platform.internal.NoJtaPlatform]
2022-03-15 10:24:12,259 INFO org.springframework.orm.jpa.AbstractEntityManagerFactoryBean [restartedMain] []: Initialized JPA EntityManagerFactory for persistence unit 'default'
2022-03-15 10:24:12,926 WARN org.springframework.boot.autoconfigure.orm.jpa.JpaBaseConfiguration$JpaWebConfiguration [restartedMain] []: spring.jpa.open-in-view is enabled by default. Therefore, database queries may be performed during view rendering. Explicitly configure spring.jpa.open-in-view to disable this warning
2022-03-15 10:24:13,501 INFO springfox.documentation.spring.web.PropertySourcedRequestMappingHandlerMapping [restartedMain] []: Mapped URL path [/v2/api-docs] onto method [springfox.documentation.swagger2.web.Swagger2Controller#getDocumentation(String, HttpServletRequest)]
2022-03-15 10:24:13,624 INFO org.springframework.security.web.DefaultSecurityFilterChain [restartedMain] []: Will secure Ant [pattern='/v2/api-docs'] with []
2022-03-15 10:24:13,624 INFO org.springframework.security.web.DefaultSecurityFilterChain [restartedMain] []: Will secure Ant [pattern='/configuration/ui'] with []
2022-03-15 10:24:13,624 INFO org.springframework.security.web.DefaultSecurityFilterChain [restartedMain] []: Will secure Ant [pattern='/swagger-resources/**'] with []
2022-03-15 10:24:13,624 INFO org.springframework.security.web.DefaultSecurityFilterChain [restartedMain] []: Will secure Ant [pattern='/configuration/**'] with []
2022-03-15 10:24:13,624 INFO org.springframework.security.web.DefaultSecurityFilterChain [restartedMain] []: Will secure Ant [pattern='/swagger-ui.html'] with []
2022-03-15 10:24:13,625 INFO org.springframework.security.web.DefaultSecurityFilterChain [restartedMain] []: Will secure Ant [pattern='/webjars/**'] with []
2022-03-15 10:24:13,658 INFO org.springframework.security.web.DefaultSecurityFilterChain [restartedMain] []: Will secure any request with [org.springframework.security.web.context.request.async.WebAsyncManagerIntegrationFilter@223491d3, org.springframework.security.web.context.SecurityContextPersistenceFilter@6937f32d, org.springframework.security.web.header.HeaderWriterFilter@3c8fb70c, org.springframework.security.web.authentication.logout.LogoutFilter@c7d216f, com.account.filter.AuthorizationFilter@4aad6f31, org.springframework.security.web.savedrequest.RequestCacheAwareFilter@1948a3d7, org.springframework.security.web.servletapi.SecurityContextHolderAwareRequestFilter@285ceb35, org.springframework.security.web.authentication.AnonymousAuthenticationFilter@79303663, org.springframework.security.web.session.SessionManagementFilter@37e827c2, org.springframework.security.web.access.ExceptionTranslationFilter@754f9b6c, org.springframework.security.web.access.intercept.FilterSecurityInterceptor@3481ef7a]
2022-03-15 10:24:13,808 WARN org.springframework.boot.devtools.autoconfigure.OptionalLiveReloadServer [restartedMain] []: Unable to start LiveReload server
2022-03-15 10:24:14,018 INFO org.apache.juli.logging.DirectJDKLog [restartedMain] []: Starting ProtocolHandler ["http-nio-8091"]
2022-03-15 10:24:14,044 INFO org.springframework.boot.web.embedded.tomcat.TomcatWebServer [restartedMain] []: Tomcat started on port(s): 8091 (http) with context path ''
2022-03-15 10:24:14,045 INFO springfox.documentation.spring.web.plugins.DocumentationPluginsBootstrapper [restartedMain] []: Context refreshed
2022-03-15 10:24:14,066 INFO springfox.documentation.spring.web.plugins.DocumentationPluginsBootstrapper [restartedMain] []: Found 1 custom documentation plugin(s)
2022-03-15 10:24:14,131 INFO springfox.documentation.spring.web.scanners.ApiListingReferenceScanner [restartedMain] []: Scanning for api listing references
2022-03-15 10:24:14,742 INFO org.springframework.scheduling.annotation.ScheduledAnnotationBeanPostProcessor [restartedMain] []: No TaskScheduler/ScheduledExecutorService bean found for scheduled processing
2022-03-15 10:24:14,755 INFO org.springframework.boot.StartupInfoLogger [restartedMain] []: Started AccountServiceApplication in 7.932 seconds (JVM running for 8.858)
2022-03-15 10:24:30,178 INFO org.apache.juli.logging.DirectJDKLog [http-nio-8091-exec-1] []: Initializing Spring DispatcherServlet 'dispatcherServlet'
2022-03-15 10:24:30,179 INFO org.springframework.web.servlet.FrameworkServlet [http-nio-8091-exec-1] []: Initializing Servlet 'dispatcherServlet'
2022-03-15 10:24:30,182 INFO org.springframework.web.servlet.FrameworkServlet [http-nio-8091-exec-1] []: Completed initialization in 2 ms
2022-03-15 10:24:30,270 INFO com.account.service.AccountService [http-nio-8091-exec-1] []: get Account By Username admin
2022-03-15 10:24:30,420 INFO com.account.service.AccountService [http-nio-8091-exec-1] []: get Detail Permission In User
2022-03-15 10:24:43,125 INFO org.springframework.orm.jpa.AbstractEntityManagerFactoryBean [SpringApplicationShutdownHook] []: Closing JPA EntityManagerFactory for persistence unit 'default'
2022-03-15 10:24:43,129 INFO com.zaxxer.hikari.HikariDataSource [SpringApplicationShutdownHook] []: HikariPool-1 - Shutdown initiated...
2022-03-15 10:24:43,136 INFO com.zaxxer.hikari.HikariDataSource [SpringApplicationShutdownHook] []: HikariPool-1 - Shutdown completed.
