2022-05-13 08:46:21,758 INFO org.springframework.boot.StartupInfoLogger [restartedMain] []: Starting AccountServiceApplication using Java 11.0.11 on LAPTOP-BP05I3UL with PID 15988 (E:\spring-boot-training\StudentSystem-Microservice\account-service\target\classes started by hieu0 in E:\spring-boot-training\StudentSystem-Microservice\account-service)
2022-05-13 08:46:21,758 INFO org.hibernate.validator.internal.util.Version [background-preinit] []: HV000001: Hibernate Validator 6.2.0.Final
2022-05-13 08:46:21,766 INFO org.springframework.boot.SpringApplication [restartedMain] []: No active profile set, falling back to default profiles: default
2022-05-13 08:46:21,938 INFO org.springframework.boot.logging.DeferredLog [restartedMain] []: Devtools property defaults active! Set 'spring.devtools.add-properties' to 'false' to disable
2022-05-13 08:46:21,939 INFO org.springframework.boot.logging.DeferredLog [restartedMain] []: For additional web related logging consider setting the 'logging.level.web' property to 'DEBUG'
2022-05-13 08:46:23,584 INFO org.springframework.data.repository.config.RepositoryConfigurationDelegate [restartedMain] []: Bootstrapping Spring Data JPA repositories in DEFAULT mode.
2022-05-13 08:46:23,694 INFO org.springframework.data.repository.config.RepositoryConfigurationDelegate [restartedMain] []: Finished Spring Data repository scanning in 93 ms. Found 6 JPA repository interfaces.
2022-05-13 08:46:24,319 INFO org.springframework.context.support.PostProcessorRegistrationDelegate$BeanPostProcessorChecker [restartedMain] []: Bean 'org.springframework.ws.config.annotation.DelegatingWsConfiguration' of type [org.springframework.ws.config.annotation.DelegatingWsConfiguration$$EnhancerBySpringCGLIB$$53f9c502] is not eligible for getting processed by all BeanPostProcessors (for example: not eligible for auto-proxying)
2022-05-13 08:46:24,375 INFO org.springframework.ws.soap.addressing.server.AbstractAddressingEndpointMapping [restartedMain] []: Supporting [WS-Addressing August 2004, WS-Addressing 1.0]
2022-05-13 08:46:25,174 INFO org.springframework.boot.web.embedded.tomcat.TomcatWebServer [restartedMain] []: Tomcat initialized with port(s): 8091 (http)
2022-05-13 08:46:25,188 INFO org.apache.juli.logging.DirectJDKLog [restartedMain] []: Initializing ProtocolHandler ["http-nio-8091"]
2022-05-13 08:46:25,189 INFO org.apache.juli.logging.DirectJDKLog [restartedMain] []: Starting service [Tomcat]
2022-05-13 08:46:25,189 INFO org.apache.juli.logging.DirectJDKLog [restartedMain] []: Starting Servlet engine: [Apache Tomcat/9.0.54]
2022-05-13 08:46:25,320 INFO org.apache.juli.logging.DirectJDKLog [restartedMain] []: Initializing Spring embedded WebApplicationContext
2022-05-13 08:46:25,320 INFO org.springframework.boot.web.servlet.context.ServletWebServerApplicationContext [restartedMain] []: Root WebApplicationContext: initialization completed in 3380 ms
2022-05-13 08:46:25,464 INFO com.zaxxer.hikari.HikariDataSource [restartedMain] []: HikariPool-1 - Starting...
2022-05-13 08:46:25,694 INFO com.zaxxer.hikari.HikariDataSource [restartedMain] []: HikariPool-1 - Start completed.
2022-05-13 08:46:25,796 INFO org.hibernate.jpa.internal.util.LogHelper [restartedMain] []: HHH000204: Processing PersistenceUnitInfo [name: default]
2022-05-13 08:46:25,855 INFO org.hibernate.Version [restartedMain] []: HHH000412: Hibernate ORM core version 5.4.32.Final
2022-05-13 08:46:26,022 INFO org.hibernate.annotations.common.reflection.java.JavaReflectionManager [restartedMain] []: HCANN000001: Hibernate Commons Annotations {5.1.2.Final}
2022-05-13 08:46:26,205 INFO org.hibernate.dialect.Dialect [restartedMain] []: HHH000400: Using dialect: org.hibernate.dialect.PostgreSQLDialect
2022-05-13 08:46:27,558 WARN org.hibernate.tool.schema.internal.ExceptionHandlerLoggedImpl [restartedMain] []: GenerationTarget encountered exception accepting command : Error executing DDL "alter table accounts add constraint FKqgnsd0v3la0gyituldqo2mca6 foreign key (company_id) references company" via JDBC Statement
org.hibernate.tool.schema.spi.CommandAcceptanceException: Error executing DDL "alter table accounts add constraint FKqgnsd0v3la0gyituldqo2mca6 foreign key (company_id) references company" via JDBC Statement
	at org.hibernate.tool.schema.internal.exec.GenerationTargetToDatabase.accept(GenerationTargetToDatabase.java:67)
	at org.hibernate.tool.schema.internal.AbstractSchemaMigrator.applySqlString(AbstractSchemaMigrator.java:562)
	at org.hibernate.tool.schema.internal.AbstractSchemaMigrator.applySqlStrings(AbstractSchemaMigrator.java:507)
	at org.hibernate.tool.schema.internal.AbstractSchemaMigrator.applyForeignKeys(AbstractSchemaMigrator.java:433)
	at org.hibernate.tool.schema.internal.AbstractSchemaMigrator.performMigration(AbstractSchemaMigrator.java:249)
	at org.hibernate.tool.schema.internal.AbstractSchemaMigrator.doMigration(AbstractSchemaMigrator.java:114)
	at org.hibernate.tool.schema.spi.SchemaManagementToolCoordinator.performDatabaseAction(SchemaManagementToolCoordinator.java:184)
	at org.hibernate.tool.schema.spi.SchemaManagementToolCoordinator.process(SchemaManagementToolCoordinator.java:73)
	at org.hibernate.internal.SessionFactoryImpl.<init>(SessionFactoryImpl.java:318)
	at org.hibernate.boot.internal.SessionFactoryBuilderImpl.build(SessionFactoryBuilderImpl.java:468)
	at org.hibernate.jpa.boot.internal.EntityManagerFactoryBuilderImpl.build(EntityManagerFactoryBuilderImpl.java:1259)
	at org.springframework.orm.jpa.vendor.SpringHibernateJpaPersistenceProvider.createContainerEntityManagerFactory(SpringHibernateJpaPersistenceProvider.java:58)
	at org.springframework.orm.jpa.LocalContainerEntityManagerFactoryBean.createNativeEntityManagerFactory(LocalContainerEntityManagerFactoryBean.java:365)
	at org.springframework.orm.jpa.AbstractEntityManagerFactoryBean.buildNativeEntityManagerFactory(AbstractEntityManagerFactoryBean.java:409)
	at org.springframework.orm.jpa.AbstractEntityManagerFactoryBean.afterPropertiesSet(AbstractEntityManagerFactoryBean.java:396)
	at org.springframework.orm.jpa.LocalContainerEntityManagerFactoryBean.afterPropertiesSet(LocalContainerEntityManagerFactoryBean.java:341)
	at org.springframework.beans.factory.support.AbstractAutowireCapableBeanFactory.invokeInitMethods(AbstractAutowireCapableBeanFactory.java:1863)
	at org.springframework.beans.factory.support.AbstractAutowireCapableBeanFactory.initializeBean(AbstractAutowireCapableBeanFactory.java:1800)
	at org.springframework.beans.factory.support.AbstractAutowireCapableBeanFactory.doCreateBean(AbstractAutowireCapableBeanFactory.java:620)
	at org.springframework.beans.factory.support.AbstractAutowireCapableBeanFactory.createBean(AbstractAutowireCapableBeanFactory.java:542)
	at org.springframework.beans.factory.support.AbstractBeanFactory.lambda$doGetBean$0(AbstractBeanFactory.java:335)
	at org.springframework.beans.factory.support.DefaultSingletonBeanRegistry.getSingleton(DefaultSingletonBeanRegistry.java:234)
	at org.springframework.beans.factory.support.AbstractBeanFactory.doGetBean(AbstractBeanFactory.java:333)
	at org.springframework.beans.factory.support.AbstractBeanFactory.getBean(AbstractBeanFactory.java:233)
	at org.springframework.beans.factory.support.DefaultListableBeanFactory.resolveNamedBean(DefaultListableBeanFactory.java:1273)
	at org.springframework.beans.factory.support.DefaultListableBeanFactory.resolveNamedBean(DefaultListableBeanFactory.java:1234)
	at org.springframework.beans.factory.support.DefaultListableBeanFactory.resolveBean(DefaultListableBeanFactory.java:494)
	at org.springframework.beans.factory.support.DefaultListableBeanFactory.getBean(DefaultListableBeanFactory.java:349)
	at org.springframework.beans.factory.support.DefaultListableBeanFactory.getBean(DefaultListableBeanFactory.java:342)
	at org.springframework.orm.jpa.EntityManagerFactoryUtils.findEntityManagerFactory(EntityManagerFactoryUtils.java:121)
	at org.springframework.orm.jpa.JpaTransactionManager.setBeanFactory(JpaTransactionManager.java:333)
	at org.springframework.beans.factory.support.AbstractAutowireCapableBeanFactory.invokeAwareMethods(AbstractAutowireCapableBeanFactory.java:1826)
	at org.springframework.beans.factory.support.AbstractAutowireCapableBeanFactory.initializeBean(AbstractAutowireCapableBeanFactory.java:1791)
	at org.springframework.beans.factory.support.AbstractAutowireCapableBeanFactory.doCreateBean(AbstractAutowireCapableBeanFactory.java:620)
	at org.springframework.beans.factory.support.AbstractAutowireCapableBeanFactory.createBean(AbstractAutowireCapableBeanFactory.java:542)
	at org.springframework.beans.factory.support.AbstractBeanFactory.lambda$doGetBean$0(AbstractBeanFactory.java:335)
	at org.springframework.beans.factory.support.DefaultSingletonBeanRegistry.getSingleton(DefaultSingletonBeanRegistry.java:234)
	at org.springframework.beans.factory.support.AbstractBeanFactory.doGetBean(AbstractBeanFactory.java:333)
	at org.springframework.beans.factory.support.AbstractBeanFactory.getBean(AbstractBeanFactory.java:208)
	at org.springframework.beans.factory.config.DependencyDescriptor.resolveCandidate(DependencyDescriptor.java:276)
	at org.springframework.beans.factory.support.DefaultListableBeanFactory.doResolveDependency(DefaultListableBeanFactory.java:1380)
	at org.springframework.beans.factory.support.DefaultListableBeanFactory.resolveDependency(DefaultListableBeanFactory.java:1300)
	at org.springframework.beans.factory.annotation.AutowiredAnnotationBeanPostProcessor$AutowiredMethodElement.resolveMethodArguments(AutowiredAnnotationBeanPostProcessor.java:759)
	at org.springframework.beans.factory.annotation.AutowiredAnnotationBeanPostProcessor$AutowiredMethodElement.inject(AutowiredAnnotationBeanPostProcessor.java:719)
	at org.springframework.beans.factory.annotation.InjectionMetadata.inject(InjectionMetadata.java:119)
	at org.springframework.beans.factory.annotation.AutowiredAnnotationBeanPostProcessor.postProcessProperties(AutowiredAnnotationBeanPostProcessor.java:399)
	at org.springframework.beans.factory.support.AbstractAutowireCapableBeanFactory.populateBean(AbstractAutowireCapableBeanFactory.java:1431)
	at org.springframework.beans.factory.support.AbstractAutowireCapableBeanFactory.doCreateBean(AbstractAutowireCapableBeanFactory.java:619)
	at org.springframework.beans.factory.support.AbstractAutowireCapableBeanFactory.createBean(AbstractAutowireCapableBeanFactory.java:542)
	at org.springframework.beans.factory.support.AbstractBeanFactory.lambda$doGetBean$0(AbstractBeanFactory.java:335)
	at org.springframework.beans.factory.support.DefaultSingletonBeanRegistry.getSingleton(DefaultSingletonBeanRegistry.java:234)
	at org.springframework.beans.factory.support.AbstractBeanFactory.doGetBean(AbstractBeanFactory.java:333)
	at org.springframework.beans.factory.support.AbstractBeanFactory.getBean(AbstractBeanFactory.java:208)
	at org.springframework.beans.factory.support.ConstructorResolver.instantiateUsingFactoryMethod(ConstructorResolver.java:410)
	at org.springframework.beans.factory.support.AbstractAutowireCapableBeanFactory.instantiateUsingFactoryMethod(AbstractAutowireCapableBeanFactory.java:1352)
	at org.springframework.beans.factory.support.AbstractAutowireCapableBeanFactory.createBeanInstance(AbstractAutowireCapableBeanFactory.java:1195)
	at org.springframework.beans.factory.support.AbstractAutowireCapableBeanFactory.doCreateBean(AbstractAutowireCapableBeanFactory.java:582)
	at org.springframework.beans.factory.support.AbstractAutowireCapableBeanFactory.createBean(AbstractAutowireCapableBeanFactory.java:542)
	at org.springframework.beans.factory.support.AbstractBeanFactory.lambda$doGetBean$0(AbstractBeanFactory.java:335)
	at org.springframework.beans.factory.support.DefaultSingletonBeanRegistry.getSingleton(DefaultSingletonBeanRegistry.java:234)
	at org.springframework.beans.factory.support.AbstractBeanFactory.doGetBean(AbstractBeanFactory.java:333)
	at org.springframework.beans.factory.support.AbstractBeanFactory.getBean(AbstractBeanFactory.java:208)
	at org.springframework.beans.factory.config.DependencyDescriptor.resolveCandidate(DependencyDescriptor.java:276)
	at org.springframework.beans.factory.support.DefaultListableBeanFactory.doResolveDependency(DefaultListableBeanFactory.java:1380)
	at org.springframework.beans.factory.support.DefaultListableBeanFactory.resolveDependency(DefaultListableBeanFactory.java:1300)
	at org.springframework.beans.factory.support.ConstructorResolver.resolveAutowiredArgument(ConstructorResolver.java:887)
	at org.springframework.beans.factory.support.ConstructorResolver.createArgumentArray(ConstructorResolver.java:791)
	at org.springframework.beans.factory.support.ConstructorResolver.instantiateUsingFactoryMethod(ConstructorResolver.java:541)
	at org.springframework.beans.factory.support.AbstractAutowireCapableBeanFactory.instantiateUsingFactoryMethod(AbstractAutowireCapableBeanFactory.java:1352)
	at org.springframework.beans.factory.support.AbstractAutowireCapableBeanFactory.createBeanInstance(AbstractAutowireCapableBeanFactory.java:1195)
	at org.springframework.beans.factory.support.AbstractAutowireCapableBeanFactory.doCreateBean(AbstractAutowireCapableBeanFactory.java:582)
	at org.springframework.beans.factory.support.AbstractAutowireCapableBeanFactory.createBean(AbstractAutowireCapableBeanFactory.java:542)
	at org.springframework.beans.factory.support.AbstractBeanFactory.lambda$doGetBean$0(AbstractBeanFactory.java:335)
	at org.springframework.beans.factory.support.DefaultSingletonBeanRegistry.getSingleton(DefaultSingletonBeanRegistry.java:234)
	at org.springframework.beans.factory.support.AbstractBeanFactory.doGetBean(AbstractBeanFactory.java:333)
	at org.springframework.beans.factory.support.AbstractBeanFactory.getBean(AbstractBeanFactory.java:213)
	at org.springframework.boot.web.servlet.ServletContextInitializerBeans.getOrderedBeansOfType(ServletContextInitializerBeans.java:212)
	at org.springframework.boot.web.servlet.ServletContextInitializerBeans.getOrderedBeansOfType(ServletContextInitializerBeans.java:203)
	at org.springframework.boot.web.servlet.ServletContextInitializerBeans.addServletContextInitializerBeans(ServletContextInitializerBeans.java:97)
	at org.springframework.boot.web.servlet.ServletContextInitializerBeans.<init>(ServletContextInitializerBeans.java:86)
	at org.springframework.boot.web.servlet.context.ServletWebServerApplicationContext.getServletContextInitializerBeans(ServletWebServerApplicationContext.java:260)
	at org.springframework.boot.web.servlet.context.ServletWebServerApplicationContext.selfInitialize(ServletWebServerApplicationContext.java:234)
	at org.springframework.boot.web.embedded.tomcat.TomcatStarter.onStartup(TomcatStarter.java:53)
	at org.apache.catalina.core.StandardContext.startInternal(StandardContext.java:5219)
	at org.apache.catalina.util.LifecycleBase.start(LifecycleBase.java:183)
	at org.apache.catalina.core.ContainerBase$StartChild.call(ContainerBase.java:1396)
	at org.apache.catalina.core.ContainerBase$StartChild.call(ContainerBase.java:1386)
	at java.base/java.util.concurrent.FutureTask.run(FutureTask.java:264)
	at org.apache.tomcat.util.threads.InlineExecutorService.execute(InlineExecutorService.java:75)
	at java.base/java.util.concurrent.AbstractExecutorService.submit(AbstractExecutorService.java:140)
	at org.apache.catalina.core.ContainerBase.startInternal(ContainerBase.java:919)
	at org.apache.catalina.core.StandardHost.startInternal(StandardHost.java:835)
	at org.apache.catalina.util.LifecycleBase.start(LifecycleBase.java:183)
	at org.apache.catalina.core.ContainerBase$StartChild.call(ContainerBase.java:1396)
	at org.apache.catalina.core.ContainerBase$StartChild.call(ContainerBase.java:1386)
	at java.base/java.util.concurrent.FutureTask.run(FutureTask.java:264)
	at org.apache.tomcat.util.threads.InlineExecutorService.execute(InlineExecutorService.java:75)
	at java.base/java.util.concurrent.AbstractExecutorService.submit(AbstractExecutorService.java:140)
	at org.apache.catalina.core.ContainerBase.startInternal(ContainerBase.java:919)
	at org.apache.catalina.core.StandardEngine.startInternal(StandardEngine.java:263)
	at org.apache.catalina.util.LifecycleBase.start(LifecycleBase.java:183)
	at org.apache.catalina.core.StandardService.startInternal(StandardService.java:432)
	at org.apache.catalina.util.LifecycleBase.start(LifecycleBase.java:183)
	at org.apache.catalina.core.StandardServer.startInternal(StandardServer.java:927)
	at org.apache.catalina.util.LifecycleBase.start(LifecycleBase.java:183)
	at org.apache.catalina.startup.Tomcat.start(Tomcat.java:486)
	at org.springframework.boot.web.embedded.tomcat.TomcatWebServer.initialize(TomcatWebServer.java:123)
	at org.springframework.boot.web.embedded.tomcat.TomcatWebServer.<init>(TomcatWebServer.java:104)
	at org.springframework.boot.web.embedded.tomcat.TomcatServletWebServerFactory.getTomcatWebServer(TomcatServletWebServerFactory.java:450)
	at org.springframework.boot.web.embedded.tomcat.TomcatServletWebServerFactory.getWebServer(TomcatServletWebServerFactory.java:199)
	at org.springframework.boot.web.servlet.context.ServletWebServerApplicationContext.createWebServer(ServletWebServerApplicationContext.java:182)
	at org.springframework.boot.web.servlet.context.ServletWebServerApplicationContext.onRefresh(ServletWebServerApplicationContext.java:160)
	at org.springframework.context.support.AbstractApplicationContext.refresh(AbstractApplicationContext.java:577)
	at org.springframework.boot.web.servlet.context.ServletWebServerApplicationContext.refresh(ServletWebServerApplicationContext.java:145)
	at org.springframework.boot.SpringApplication.refresh(SpringApplication.java:754)
	at org.springframework.boot.SpringApplication.refreshContext(SpringApplication.java:434)
	at org.springframework.boot.SpringApplication.run(SpringApplication.java:338)
	at org.springframework.boot.SpringApplication.run(SpringApplication.java:1343)
	at org.springframework.boot.SpringApplication.run(SpringApplication.java:1332)
	at com.account.AccountServiceApplication.main(AccountServiceApplication.java:26)
	at java.base/jdk.internal.reflect.NativeMethodAccessorImpl.invoke0(Native Method)
	at java.base/jdk.internal.reflect.NativeMethodAccessorImpl.invoke(NativeMethodAccessorImpl.java:62)
	at java.base/jdk.internal.reflect.DelegatingMethodAccessorImpl.invoke(DelegatingMethodAccessorImpl.java:43)
	at java.base/java.lang.reflect.Method.invoke(Method.java:566)
	at org.springframework.boot.devtools.restart.RestartLauncher.run(RestartLauncher.java:49)
Caused by: org.postgresql.util.PSQLException: ERROR: foreign key constraint "fkqgnsd0v3la0gyituldqo2mca6" cannot be implemented
  Detail: Key columns "company_id" and "id" are of incompatible types: character varying and bigint.
	at org.postgresql.core.v3.QueryExecutorImpl.receiveErrorResponse(QueryExecutorImpl.java:2565)
	at org.postgresql.core.v3.QueryExecutorImpl.processResults(QueryExecutorImpl.java:2297)
	at org.postgresql.core.v3.QueryExecutorImpl.execute(QueryExecutorImpl.java:322)
	at org.postgresql.jdbc.PgStatement.executeInternal(PgStatement.java:481)
	at org.postgresql.jdbc.PgStatement.execute(PgStatement.java:401)
	at org.postgresql.jdbc.PgStatement.executeWithFlags(PgStatement.java:322)
	at org.postgresql.jdbc.PgStatement.executeCachedSql(PgStatement.java:308)
	at org.postgresql.jdbc.PgStatement.executeWithFlags(PgStatement.java:284)
	at org.postgresql.jdbc.PgStatement.execute(PgStatement.java:279)
	at com.zaxxer.hikari.pool.ProxyStatement.execute(ProxyStatement.java:94)
	at com.zaxxer.hikari.pool.HikariProxyStatement.execute(HikariProxyStatement.java)
	at org.hibernate.tool.schema.internal.exec.GenerationTargetToDatabase.accept(GenerationTargetToDatabase.java:54)
	... 124 common frames omitted
2022-05-13 08:46:27,618 INFO org.hibernate.engine.transaction.jta.platform.internal.JtaPlatformInitiator [restartedMain] []: HHH000490: Using JtaPlatform implementation: [org.hibernate.engine.transaction.jta.platform.internal.NoJtaPlatform]
2022-05-13 08:46:27,625 INFO org.springframework.orm.jpa.AbstractEntityManagerFactoryBean [restartedMain] []: Initialized JPA EntityManagerFactory for persistence unit 'default'
2022-05-13 08:46:28,287 WARN org.springframework.boot.autoconfigure.orm.jpa.JpaBaseConfiguration$JpaWebConfiguration [restartedMain] []: spring.jpa.open-in-view is enabled by default. Therefore, database queries may be performed during view rendering. Explicitly configure spring.jpa.open-in-view to disable this warning
2022-05-13 08:46:28,851 INFO springfox.documentation.spring.web.PropertySourcedRequestMappingHandlerMapping [restartedMain] []: Mapped URL path [/v2/api-docs] onto method [springfox.documentation.swagger2.web.Swagger2Controller#getDocumentation(String, HttpServletRequest)]
2022-05-13 08:46:28,955 INFO org.springframework.security.web.DefaultSecurityFilterChain [restartedMain] []: Will secure Ant [pattern='/v2/api-docs'] with []
2022-05-13 08:46:28,955 INFO org.springframework.security.web.DefaultSecurityFilterChain [restartedMain] []: Will secure Ant [pattern='/configuration/ui'] with []
2022-05-13 08:46:28,956 INFO org.springframework.security.web.DefaultSecurityFilterChain [restartedMain] []: Will secure Ant [pattern='/swagger-resources/**'] with []
2022-05-13 08:46:28,956 INFO org.springframework.security.web.DefaultSecurityFilterChain [restartedMain] []: Will secure Ant [pattern='/configuration/**'] with []
2022-05-13 08:46:28,956 INFO org.springframework.security.web.DefaultSecurityFilterChain [restartedMain] []: Will secure Ant [pattern='/swagger-ui.html'] with []
2022-05-13 08:46:28,956 INFO org.springframework.security.web.DefaultSecurityFilterChain [restartedMain] []: Will secure Ant [pattern='/webjars/**'] with []
2022-05-13 08:46:28,985 INFO org.springframework.security.web.DefaultSecurityFilterChain [restartedMain] []: Will secure any request with [org.springframework.security.web.context.request.async.WebAsyncManagerIntegrationFilter@2183bc9d, org.springframework.security.web.context.SecurityContextPersistenceFilter@30684d96, org.springframework.security.web.header.HeaderWriterFilter@40f7536f, org.springframework.security.web.authentication.logout.LogoutFilter@352e6731, com.account.filter.AuthorizationFilter@57aec34e, org.springframework.security.web.savedrequest.RequestCacheAwareFilter@6ea06a71, org.springframework.security.web.servletapi.SecurityContextHolderAwareRequestFilter@49aa8835, org.springframework.security.web.authentication.AnonymousAuthenticationFilter@3b225747, org.springframework.security.web.session.SessionManagementFilter@6b6b0b58, org.springframework.security.web.access.ExceptionTranslationFilter@5a67aaa8, org.springframework.security.web.access.intercept.FilterSecurityInterceptor@e17b998]
2022-05-13 08:46:29,111 WARN org.springframework.boot.devtools.autoconfigure.OptionalLiveReloadServer [restartedMain] []: Unable to start LiveReload server
2022-05-13 08:46:29,299 INFO org.apache.juli.logging.DirectJDKLog [restartedMain] []: Starting ProtocolHandler ["http-nio-8091"]
2022-05-13 08:46:29,318 INFO org.springframework.boot.web.embedded.tomcat.TomcatWebServer [restartedMain] []: Tomcat started on port(s): 8091 (http) with context path ''
2022-05-13 08:46:29,319 INFO springfox.documentation.spring.web.plugins.DocumentationPluginsBootstrapper [restartedMain] []: Context refreshed
2022-05-13 08:46:29,336 INFO springfox.documentation.spring.web.plugins.DocumentationPluginsBootstrapper [restartedMain] []: Found 1 custom documentation plugin(s)
2022-05-13 08:46:29,398 INFO springfox.documentation.spring.web.scanners.ApiListingReferenceScanner [restartedMain] []: Scanning for api listing references
2022-05-13 08:46:29,910 INFO org.springframework.scheduling.annotation.ScheduledAnnotationBeanPostProcessor [restartedMain] []: No TaskScheduler/ScheduledExecutorService bean found for scheduled processing
2022-05-13 08:46:29,920 INFO org.springframework.boot.StartupInfoLogger [restartedMain] []: Started AccountServiceApplication in 8.825 seconds (JVM running for 10.459)
2022-05-13 09:00:43,729 INFO org.apache.juli.logging.DirectJDKLog [http-nio-8091-exec-1] []: Initializing Spring DispatcherServlet 'dispatcherServlet'
2022-05-13 09:00:43,730 INFO org.springframework.web.servlet.FrameworkServlet [http-nio-8091-exec-1] []: Initializing Servlet 'dispatcherServlet'
2022-05-13 09:00:43,731 INFO org.springframework.web.servlet.FrameworkServlet [http-nio-8091-exec-1] []: Completed initialization in 1 ms
2022-05-13 09:00:44,103 INFO com.account.service.AccountService [http-nio-8091-exec-2] []: get Account By Username admin
2022-05-13 09:00:44,907 INFO com.account.service.AccountService [http-nio-8091-exec-4] []: update user abc
2022-05-13 09:00:44,913 INFO com.account.service.AccountService [http-nio-8091-exec-4] []: update user abc
2022-05-13 09:00:44,916 INFO com.account.service.AccountService [http-nio-8091-exec-4] []: update user abc
2022-05-13 09:00:44,924 INFO com.account.service.AccountService [http-nio-8091-exec-4] []: update user Nguyễn Văn A
2022-05-13 09:00:44,927 INFO com.account.service.AccountService [http-nio-8091-exec-4] []: update user abcdee
2022-05-13 09:00:44,930 INFO com.account.service.AccountService [http-nio-8091-exec-4] []: update user xyz
2022-05-13 09:00:44,932 INFO com.account.service.AccountService [http-nio-8091-exec-4] []: update user xyz
2022-05-13 09:00:44,935 INFO com.account.service.AccountService [http-nio-8091-exec-4] []: update user xyz
2022-05-13 09:00:44,937 INFO com.account.service.AccountService [http-nio-8091-exec-4] []: update user abc
2022-05-13 09:00:44,939 INFO com.account.service.AccountService [http-nio-8091-exec-4] []: update user xyz
2022-05-13 09:16:28,280 INFO com.account.service.AccountService [http-nio-8091-exec-6] []: get Account By Username admin
2022-05-13 09:16:28,639 INFO com.account.service.AccountService [http-nio-8091-exec-7] []: update user abc
2022-05-13 09:16:28,641 INFO com.account.service.AccountService [http-nio-8091-exec-7] []: update user abc
2022-05-13 09:16:28,643 INFO com.account.service.AccountService [http-nio-8091-exec-7] []: update user abc
2022-05-13 09:16:28,644 INFO com.account.service.AccountService [http-nio-8091-exec-7] []: update user Nguyễn Văn A
2022-05-13 09:16:28,648 INFO com.account.service.AccountService [http-nio-8091-exec-7] []: update user abcdee
2022-05-13 09:16:28,650 INFO com.account.service.AccountService [http-nio-8091-exec-7] []: update user xyz
2022-05-13 09:16:28,652 INFO com.account.service.AccountService [http-nio-8091-exec-7] []: update user xyz
2022-05-13 09:16:28,653 INFO com.account.service.AccountService [http-nio-8091-exec-7] []: update user xyz
2022-05-13 09:16:28,654 INFO com.account.service.AccountService [http-nio-8091-exec-7] []: update user abc
2022-05-13 09:16:28,656 INFO com.account.service.AccountService [http-nio-8091-exec-7] []: update user xyz
2022-05-13 09:17:01,465 INFO com.account.service.AccountService [http-nio-8091-exec-9] []: update user xyz
2022-05-13 09:17:03,582 INFO com.account.service.AccountService [http-nio-8091-exec-10] []: update user abc
2022-05-13 09:17:03,584 INFO com.account.service.AccountService [http-nio-8091-exec-10] []: update user abc
2022-05-13 09:17:03,585 INFO com.account.service.AccountService [http-nio-8091-exec-10] []: update user abc
2022-05-13 09:17:03,586 INFO com.account.service.AccountService [http-nio-8091-exec-10] []: update user Nguyễn Văn A
2022-05-13 09:17:03,588 INFO com.account.service.AccountService [http-nio-8091-exec-10] []: update user abcdee
2022-05-13 09:17:03,589 INFO com.account.service.AccountService [http-nio-8091-exec-10] []: update user xyz
2022-05-13 09:17:03,590 INFO com.account.service.AccountService [http-nio-8091-exec-10] []: update user xyz
2022-05-13 09:17:03,592 INFO com.account.service.AccountService [http-nio-8091-exec-10] []: update user xyz
2022-05-13 09:17:03,593 INFO com.account.service.AccountService [http-nio-8091-exec-10] []: update user abc
2022-05-13 09:17:03,594 INFO com.account.service.AccountService [http-nio-8091-exec-10] []: update user xyz
2022-05-13 09:23:52,022 INFO com.account.service.AccountService [http-nio-8091-exec-2] []: update user abc
2022-05-13 09:23:52,023 INFO com.account.service.AccountService [http-nio-8091-exec-2] []: update user abc
2022-05-13 09:23:52,025 INFO com.account.service.AccountService [http-nio-8091-exec-2] []: update user abc
2022-05-13 09:23:52,026 INFO com.account.service.AccountService [http-nio-8091-exec-2] []: update user Nguyễn Văn A
2022-05-13 09:23:52,027 INFO com.account.service.AccountService [http-nio-8091-exec-2] []: update user abcdee
2022-05-13 09:23:52,028 INFO com.account.service.AccountService [http-nio-8091-exec-2] []: update user xyz
2022-05-13 09:23:52,029 INFO com.account.service.AccountService [http-nio-8091-exec-2] []: update user xyz
2022-05-13 09:23:52,031 INFO com.account.service.AccountService [http-nio-8091-exec-2] []: update user xyz
2022-05-13 09:23:52,032 INFO com.account.service.AccountService [http-nio-8091-exec-2] []: update user abc
2022-05-13 09:23:52,033 INFO com.account.service.AccountService [http-nio-8091-exec-2] []: update user xyz
2022-05-13 09:24:06,871 INFO com.account.service.AccountService [http-nio-8091-exec-4] []: update user xyz
2022-05-13 09:24:36,656 INFO com.account.service.AccountService [http-nio-8091-exec-6] []: update user abc
2022-05-13 09:24:36,657 INFO com.account.service.AccountService [http-nio-8091-exec-6] []: update user abc
2022-05-13 09:24:36,658 INFO com.account.service.AccountService [http-nio-8091-exec-6] []: update user abc
2022-05-13 09:24:36,659 INFO com.account.service.AccountService [http-nio-8091-exec-6] []: update user Nguyễn Văn A
2022-05-13 09:24:36,660 INFO com.account.service.AccountService [http-nio-8091-exec-6] []: update user abcdee
2022-05-13 09:24:36,661 INFO com.account.service.AccountService [http-nio-8091-exec-6] []: update user xyz
2022-05-13 09:24:36,662 INFO com.account.service.AccountService [http-nio-8091-exec-6] []: update user xyz
2022-05-13 09:24:36,663 INFO com.account.service.AccountService [http-nio-8091-exec-6] []: update user xyz
2022-05-13 09:24:36,664 INFO com.account.service.AccountService [http-nio-8091-exec-6] []: update user abc
2022-05-13 09:24:36,666 INFO com.account.service.AccountService [http-nio-8091-exec-6] []: update user xyz
2022-05-13 11:04:21,330 INFO com.account.service.AccountService [http-nio-8091-exec-9] []: update user abc
2022-05-13 11:04:21,336 INFO com.account.service.AccountService [http-nio-8091-exec-9] []: update user abc
2022-05-13 11:04:21,337 INFO com.account.service.AccountService [http-nio-8091-exec-9] []: update user abc
2022-05-13 11:04:21,338 INFO com.account.service.AccountService [http-nio-8091-exec-9] []: update user Nguyễn Văn A
2022-05-13 11:04:21,339 INFO com.account.service.AccountService [http-nio-8091-exec-9] []: update user abcdee
2022-05-13 11:04:21,340 INFO com.account.service.AccountService [http-nio-8091-exec-9] []: update user xyz
2022-05-13 11:04:21,341 INFO com.account.service.AccountService [http-nio-8091-exec-9] []: update user xyz
2022-05-13 11:04:21,342 INFO com.account.service.AccountService [http-nio-8091-exec-9] []: update user xyz
2022-05-13 11:04:21,343 INFO com.account.service.AccountService [http-nio-8091-exec-9] []: update user abc
2022-05-13 11:04:21,344 INFO com.account.service.AccountService [http-nio-8091-exec-9] []: update user xyz
2022-05-13 11:20:44,098 INFO com.account.service.AccountService [http-nio-8091-exec-1] []: update user abc
2022-05-13 11:20:44,100 INFO com.account.service.AccountService [http-nio-8091-exec-1] []: update user abc
2022-05-13 11:20:44,102 INFO com.account.service.AccountService [http-nio-8091-exec-1] []: update user abc
2022-05-13 11:20:44,103 INFO com.account.service.AccountService [http-nio-8091-exec-1] []: update user Nguyễn Văn A
2022-05-13 11:20:44,105 INFO com.account.service.AccountService [http-nio-8091-exec-1] []: update user abcdee
2022-05-13 11:20:44,106 INFO com.account.service.AccountService [http-nio-8091-exec-1] []: update user xyz
2022-05-13 11:20:44,115 INFO com.account.service.AccountService [http-nio-8091-exec-1] []: update user xyz
2022-05-13 11:20:44,119 INFO com.account.service.AccountService [http-nio-8091-exec-1] []: update user xyz
2022-05-13 11:20:44,121 INFO com.account.service.AccountService [http-nio-8091-exec-1] []: update user abc
2022-05-13 11:20:44,122 INFO com.account.service.AccountService [http-nio-8091-exec-1] []: update user xyz
2022-05-13 12:02:21,957 INFO org.springframework.orm.jpa.AbstractEntityManagerFactoryBean [SpringApplicationShutdownHook] []: Closing JPA EntityManagerFactory for persistence unit 'default'
2022-05-13 12:02:21,963 INFO com.zaxxer.hikari.HikariDataSource [SpringApplicationShutdownHook] []: HikariPool-1 - Shutdown initiated...
2022-05-13 12:02:21,973 INFO com.zaxxer.hikari.HikariDataSource [SpringApplicationShutdownHook] []: HikariPool-1 - Shutdown completed.
2022-05-13 14:28:13,770 INFO org.springframework.boot.StartupInfoLogger [restartedMain] []: Starting AccountServiceApplication using Java 11.0.11 on LAPTOP-BP05I3UL with PID 5916 (E:\spring-boot-training\StudentSystem-Microservice\account-service\target\classes started by hieu0 in E:\spring-boot-training\StudentSystem-Microservice\account-service)
2022-05-13 14:28:13,771 INFO org.hibernate.validator.internal.util.Version [background-preinit] []: HV000001: Hibernate Validator 6.2.0.Final
2022-05-13 14:28:13,774 INFO org.springframework.boot.SpringApplication [restartedMain] []: No active profile set, falling back to default profiles: default
2022-05-13 14:28:13,873 INFO org.springframework.boot.logging.DeferredLog [restartedMain] []: Devtools property defaults active! Set 'spring.devtools.add-properties' to 'false' to disable
2022-05-13 14:28:13,874 INFO org.springframework.boot.logging.DeferredLog [restartedMain] []: For additional web related logging consider setting the 'logging.level.web' property to 'DEBUG'
2022-05-13 14:28:15,031 INFO org.springframework.data.repository.config.RepositoryConfigurationDelegate [restartedMain] []: Bootstrapping Spring Data JPA repositories in DEFAULT mode.
2022-05-13 14:28:15,106 INFO org.springframework.data.repository.config.RepositoryConfigurationDelegate [restartedMain] []: Finished Spring Data repository scanning in 65 ms. Found 6 JPA repository interfaces.
2022-05-13 14:28:15,519 INFO org.springframework.context.support.PostProcessorRegistrationDelegate$BeanPostProcessorChecker [restartedMain] []: Bean 'org.springframework.ws.config.annotation.DelegatingWsConfiguration' of type [org.springframework.ws.config.annotation.DelegatingWsConfiguration$$EnhancerBySpringCGLIB$$dc50615] is not eligible for getting processed by all BeanPostProcessors (for example: not eligible for auto-proxying)
2022-05-13 14:28:15,564 INFO org.springframework.ws.soap.addressing.server.AbstractAddressingEndpointMapping [restartedMain] []: Supporting [WS-Addressing August 2004, WS-Addressing 1.0]
2022-05-13 14:28:16,074 INFO org.springframework.boot.web.embedded.tomcat.TomcatWebServer [restartedMain] []: Tomcat initialized with port(s): 8091 (http)
2022-05-13 14:28:16,084 INFO org.apache.juli.logging.DirectJDKLog [restartedMain] []: Initializing ProtocolHandler ["http-nio-8091"]
2022-05-13 14:28:16,085 INFO org.apache.juli.logging.DirectJDKLog [restartedMain] []: Starting service [Tomcat]
2022-05-13 14:28:16,085 INFO org.apache.juli.logging.DirectJDKLog [restartedMain] []: Starting Servlet engine: [Apache Tomcat/9.0.54]
2022-05-13 14:28:16,193 INFO org.apache.juli.logging.DirectJDKLog [restartedMain] []: Initializing Spring embedded WebApplicationContext
2022-05-13 14:28:16,194 INFO org.springframework.boot.web.servlet.context.ServletWebServerApplicationContext [restartedMain] []: Root WebApplicationContext: initialization completed in 2319 ms
2022-05-13 14:28:16,301 INFO com.zaxxer.hikari.HikariDataSource [restartedMain] []: HikariPool-1 - Starting...
2022-05-13 14:28:16,500 INFO com.zaxxer.hikari.HikariDataSource [restartedMain] []: HikariPool-1 - Start completed.
2022-05-13 14:28:16,593 INFO org.hibernate.jpa.internal.util.LogHelper [restartedMain] []: HHH000204: Processing PersistenceUnitInfo [name: default]
2022-05-13 14:28:16,645 INFO org.hibernate.Version [restartedMain] []: HHH000412: Hibernate ORM core version 5.4.32.Final
2022-05-13 14:28:16,792 INFO org.hibernate.annotations.common.reflection.java.JavaReflectionManager [restartedMain] []: HCANN000001: Hibernate Commons Annotations {5.1.2.Final}
2022-05-13 14:28:16,924 INFO org.hibernate.dialect.Dialect [restartedMain] []: HHH000400: Using dialect: org.hibernate.dialect.PostgreSQLDialect
2022-05-13 14:28:18,231 WARN org.hibernate.tool.schema.internal.ExceptionHandlerLoggedImpl [restartedMain] []: GenerationTarget encountered exception accepting command : Error executing DDL "alter table accounts add constraint FKqgnsd0v3la0gyituldqo2mca6 foreign key (company_id) references company" via JDBC Statement
org.hibernate.tool.schema.spi.CommandAcceptanceException: Error executing DDL "alter table accounts add constraint FKqgnsd0v3la0gyituldqo2mca6 foreign key (company_id) references company" via JDBC Statement
	at org.hibernate.tool.schema.internal.exec.GenerationTargetToDatabase.accept(GenerationTargetToDatabase.java:67)
	at org.hibernate.tool.schema.internal.AbstractSchemaMigrator.applySqlString(AbstractSchemaMigrator.java:562)
	at org.hibernate.tool.schema.internal.AbstractSchemaMigrator.applySqlStrings(AbstractSchemaMigrator.java:507)
	at org.hibernate.tool.schema.internal.AbstractSchemaMigrator.applyForeignKeys(AbstractSchemaMigrator.java:433)
	at org.hibernate.tool.schema.internal.AbstractSchemaMigrator.performMigration(AbstractSchemaMigrator.java:249)
	at org.hibernate.tool.schema.internal.AbstractSchemaMigrator.doMigration(AbstractSchemaMigrator.java:114)
	at org.hibernate.tool.schema.spi.SchemaManagementToolCoordinator.performDatabaseAction(SchemaManagementToolCoordinator.java:184)
	at org.hibernate.tool.schema.spi.SchemaManagementToolCoordinator.process(SchemaManagementToolCoordinator.java:73)
	at org.hibernate.internal.SessionFactoryImpl.<init>(SessionFactoryImpl.java:318)
	at org.hibernate.boot.internal.SessionFactoryBuilderImpl.build(SessionFactoryBuilderImpl.java:468)
	at org.hibernate.jpa.boot.internal.EntityManagerFactoryBuilderImpl.build(EntityManagerFactoryBuilderImpl.java:1259)
	at org.springframework.orm.jpa.vendor.SpringHibernateJpaPersistenceProvider.createContainerEntityManagerFactory(SpringHibernateJpaPersistenceProvider.java:58)
	at org.springframework.orm.jpa.LocalContainerEntityManagerFactoryBean.createNativeEntityManagerFactory(LocalContainerEntityManagerFactoryBean.java:365)
	at org.springframework.orm.jpa.AbstractEntityManagerFactoryBean.buildNativeEntityManagerFactory(AbstractEntityManagerFactoryBean.java:409)
	at org.springframework.orm.jpa.AbstractEntityManagerFactoryBean.afterPropertiesSet(AbstractEntityManagerFactoryBean.java:396)
	at org.springframework.orm.jpa.LocalContainerEntityManagerFactoryBean.afterPropertiesSet(LocalContainerEntityManagerFactoryBean.java:341)
	at org.springframework.beans.factory.support.AbstractAutowireCapableBeanFactory.invokeInitMethods(AbstractAutowireCapableBeanFactory.java:1863)
	at org.springframework.beans.factory.support.AbstractAutowireCapableBeanFactory.initializeBean(AbstractAutowireCapableBeanFactory.java:1800)
	at org.springframework.beans.factory.support.AbstractAutowireCapableBeanFactory.doCreateBean(AbstractAutowireCapableBeanFactory.java:620)
	at org.springframework.beans.factory.support.AbstractAutowireCapableBeanFactory.createBean(AbstractAutowireCapableBeanFactory.java:542)
	at org.springframework.beans.factory.support.AbstractBeanFactory.lambda$doGetBean$0(AbstractBeanFactory.java:335)
	at org.springframework.beans.factory.support.DefaultSingletonBeanRegistry.getSingleton(DefaultSingletonBeanRegistry.java:234)
	at org.springframework.beans.factory.support.AbstractBeanFactory.doGetBean(AbstractBeanFactory.java:333)
	at org.springframework.beans.factory.support.AbstractBeanFactory.getBean(AbstractBeanFactory.java:233)
	at org.springframework.beans.factory.support.DefaultListableBeanFactory.resolveNamedBean(DefaultListableBeanFactory.java:1273)
	at org.springframework.beans.factory.support.DefaultListableBeanFactory.resolveNamedBean(DefaultListableBeanFactory.java:1234)
	at org.springframework.beans.factory.support.DefaultListableBeanFactory.resolveBean(DefaultListableBeanFactory.java:494)
	at org.springframework.beans.factory.support.DefaultListableBeanFactory.getBean(DefaultListableBeanFactory.java:349)
	at org.springframework.beans.factory.support.DefaultListableBeanFactory.getBean(DefaultListableBeanFactory.java:342)
	at org.springframework.orm.jpa.EntityManagerFactoryUtils.findEntityManagerFactory(EntityManagerFactoryUtils.java:121)
	at org.springframework.orm.jpa.JpaTransactionManager.setBeanFactory(JpaTransactionManager.java:333)
	at org.springframework.beans.factory.support.AbstractAutowireCapableBeanFactory.invokeAwareMethods(AbstractAutowireCapableBeanFactory.java:1826)
	at org.springframework.beans.factory.support.AbstractAutowireCapableBeanFactory.initializeBean(AbstractAutowireCapableBeanFactory.java:1791)
	at org.springframework.beans.factory.support.AbstractAutowireCapableBeanFactory.doCreateBean(AbstractAutowireCapableBeanFactory.java:620)
	at org.springframework.beans.factory.support.AbstractAutowireCapableBeanFactory.createBean(AbstractAutowireCapableBeanFactory.java:542)
	at org.springframework.beans.factory.support.AbstractBeanFactory.lambda$doGetBean$0(AbstractBeanFactory.java:335)
	at org.springframework.beans.factory.support.DefaultSingletonBeanRegistry.getSingleton(DefaultSingletonBeanRegistry.java:234)
	at org.springframework.beans.factory.support.AbstractBeanFactory.doGetBean(AbstractBeanFactory.java:333)
	at org.springframework.beans.factory.support.AbstractBeanFactory.getBean(AbstractBeanFactory.java:208)
	at org.springframework.beans.factory.config.DependencyDescriptor.resolveCandidate(DependencyDescriptor.java:276)
	at org.springframework.beans.factory.support.DefaultListableBeanFactory.doResolveDependency(DefaultListableBeanFactory.java:1380)
	at org.springframework.beans.factory.support.DefaultListableBeanFactory.resolveDependency(DefaultListableBeanFactory.java:1300)
	at org.springframework.beans.factory.annotation.AutowiredAnnotationBeanPostProcessor$AutowiredMethodElement.resolveMethodArguments(AutowiredAnnotationBeanPostProcessor.java:759)
	at org.springframework.beans.factory.annotation.AutowiredAnnotationBeanPostProcessor$AutowiredMethodElement.inject(AutowiredAnnotationBeanPostProcessor.java:719)
	at org.springframework.beans.factory.annotation.InjectionMetadata.inject(InjectionMetadata.java:119)
	at org.springframework.beans.factory.annotation.AutowiredAnnotationBeanPostProcessor.postProcessProperties(AutowiredAnnotationBeanPostProcessor.java:399)
	at org.springframework.beans.factory.support.AbstractAutowireCapableBeanFactory.populateBean(AbstractAutowireCapableBeanFactory.java:1431)
	at org.springframework.beans.factory.support.AbstractAutowireCapableBeanFactory.doCreateBean(AbstractAutowireCapableBeanFactory.java:619)
	at org.springframework.beans.factory.support.AbstractAutowireCapableBeanFactory.createBean(AbstractAutowireCapableBeanFactory.java:542)
	at org.springframework.beans.factory.support.AbstractBeanFactory.lambda$doGetBean$0(AbstractBeanFactory.java:335)
	at org.springframework.beans.factory.support.DefaultSingletonBeanRegistry.getSingleton(DefaultSingletonBeanRegistry.java:234)
	at org.springframework.beans.factory.support.AbstractBeanFactory.doGetBean(AbstractBeanFactory.java:333)
	at org.springframework.beans.factory.support.AbstractBeanFactory.getBean(AbstractBeanFactory.java:208)
	at org.springframework.beans.factory.support.ConstructorResolver.instantiateUsingFactoryMethod(ConstructorResolver.java:410)
	at org.springframework.beans.factory.support.AbstractAutowireCapableBeanFactory.instantiateUsingFactoryMethod(AbstractAutowireCapableBeanFactory.java:1352)
	at org.springframework.beans.factory.support.AbstractAutowireCapableBeanFactory.createBeanInstance(AbstractAutowireCapableBeanFactory.java:1195)
	at org.springframework.beans.factory.support.AbstractAutowireCapableBeanFactory.doCreateBean(AbstractAutowireCapableBeanFactory.java:582)
	at org.springframework.beans.factory.support.AbstractAutowireCapableBeanFactory.createBean(AbstractAutowireCapableBeanFactory.java:542)
	at org.springframework.beans.factory.support.AbstractBeanFactory.lambda$doGetBean$0(AbstractBeanFactory.java:335)
	at org.springframework.beans.factory.support.DefaultSingletonBeanRegistry.getSingleton(DefaultSingletonBeanRegistry.java:234)
	at org.springframework.beans.factory.support.AbstractBeanFactory.doGetBean(AbstractBeanFactory.java:333)
	at org.springframework.beans.factory.support.AbstractBeanFactory.getBean(AbstractBeanFactory.java:208)
	at org.springframework.beans.factory.config.DependencyDescriptor.resolveCandidate(DependencyDescriptor.java:276)
	at org.springframework.beans.factory.support.DefaultListableBeanFactory.doResolveDependency(DefaultListableBeanFactory.java:1380)
	at org.springframework.beans.factory.support.DefaultListableBeanFactory.resolveDependency(DefaultListableBeanFactory.java:1300)
	at org.springframework.beans.factory.support.ConstructorResolver.resolveAutowiredArgument(ConstructorResolver.java:887)
	at org.springframework.beans.factory.support.ConstructorResolver.createArgumentArray(ConstructorResolver.java:791)
	at org.springframework.beans.factory.support.ConstructorResolver.instantiateUsingFactoryMethod(ConstructorResolver.java:541)
	at org.springframework.beans.factory.support.AbstractAutowireCapableBeanFactory.instantiateUsingFactoryMethod(AbstractAutowireCapableBeanFactory.java:1352)
	at org.springframework.beans.factory.support.AbstractAutowireCapableBeanFactory.createBeanInstance(AbstractAutowireCapableBeanFactory.java:1195)
	at org.springframework.beans.factory.support.AbstractAutowireCapableBeanFactory.doCreateBean(AbstractAutowireCapableBeanFactory.java:582)
	at org.springframework.beans.factory.support.AbstractAutowireCapableBeanFactory.createBean(AbstractAutowireCapableBeanFactory.java:542)
	at org.springframework.beans.factory.support.AbstractBeanFactory.lambda$doGetBean$0(AbstractBeanFactory.java:335)
	at org.springframework.beans.factory.support.DefaultSingletonBeanRegistry.getSingleton(DefaultSingletonBeanRegistry.java:234)
	at org.springframework.beans.factory.support.AbstractBeanFactory.doGetBean(AbstractBeanFactory.java:333)
	at org.springframework.beans.factory.support.AbstractBeanFactory.getBean(AbstractBeanFactory.java:213)
	at org.springframework.boot.web.servlet.ServletContextInitializerBeans.getOrderedBeansOfType(ServletContextInitializerBeans.java:212)
	at org.springframework.boot.web.servlet.ServletContextInitializerBeans.getOrderedBeansOfType(ServletContextInitializerBeans.java:203)
	at org.springframework.boot.web.servlet.ServletContextInitializerBeans.addServletContextInitializerBeans(ServletContextInitializerBeans.java:97)
	at org.springframework.boot.web.servlet.ServletContextInitializerBeans.<init>(ServletContextInitializerBeans.java:86)
	at org.springframework.boot.web.servlet.context.ServletWebServerApplicationContext.getServletContextInitializerBeans(ServletWebServerApplicationContext.java:260)
	at org.springframework.boot.web.servlet.context.ServletWebServerApplicationContext.selfInitialize(ServletWebServerApplicationContext.java:234)
	at org.springframework.boot.web.embedded.tomcat.TomcatStarter.onStartup(TomcatStarter.java:53)
	at org.apache.catalina.core.StandardContext.startInternal(StandardContext.java:5219)
	at org.apache.catalina.util.LifecycleBase.start(LifecycleBase.java:183)
	at org.apache.catalina.core.ContainerBase$StartChild.call(ContainerBase.java:1396)
	at org.apache.catalina.core.ContainerBase$StartChild.call(ContainerBase.java:1386)
	at java.base/java.util.concurrent.FutureTask.run(FutureTask.java:264)
	at org.apache.tomcat.util.threads.InlineExecutorService.execute(InlineExecutorService.java:75)
	at java.base/java.util.concurrent.AbstractExecutorService.submit(AbstractExecutorService.java:140)
	at org.apache.catalina.core.ContainerBase.startInternal(ContainerBase.java:919)
	at org.apache.catalina.core.StandardHost.startInternal(StandardHost.java:835)
	at org.apache.catalina.util.LifecycleBase.start(LifecycleBase.java:183)
	at org.apache.catalina.core.ContainerBase$StartChild.call(ContainerBase.java:1396)
	at org.apache.catalina.core.ContainerBase$StartChild.call(ContainerBase.java:1386)
	at java.base/java.util.concurrent.FutureTask.run(FutureTask.java:264)
	at org.apache.tomcat.util.threads.InlineExecutorService.execute(InlineExecutorService.java:75)
	at java.base/java.util.concurrent.AbstractExecutorService.submit(AbstractExecutorService.java:140)
	at org.apache.catalina.core.ContainerBase.startInternal(ContainerBase.java:919)
	at org.apache.catalina.core.StandardEngine.startInternal(StandardEngine.java:263)
	at org.apache.catalina.util.LifecycleBase.start(LifecycleBase.java:183)
	at org.apache.catalina.core.StandardService.startInternal(StandardService.java:432)
	at org.apache.catalina.util.LifecycleBase.start(LifecycleBase.java:183)
	at org.apache.catalina.core.StandardServer.startInternal(StandardServer.java:927)
	at org.apache.catalina.util.LifecycleBase.start(LifecycleBase.java:183)
	at org.apache.catalina.startup.Tomcat.start(Tomcat.java:486)
	at org.springframework.boot.web.embedded.tomcat.TomcatWebServer.initialize(TomcatWebServer.java:123)
	at org.springframework.boot.web.embedded.tomcat.TomcatWebServer.<init>(TomcatWebServer.java:104)
	at org.springframework.boot.web.embedded.tomcat.TomcatServletWebServerFactory.getTomcatWebServer(TomcatServletWebServerFactory.java:450)
	at org.springframework.boot.web.embedded.tomcat.TomcatServletWebServerFactory.getWebServer(TomcatServletWebServerFactory.java:199)
	at org.springframework.boot.web.servlet.context.ServletWebServerApplicationContext.createWebServer(ServletWebServerApplicationContext.java:182)
	at org.springframework.boot.web.servlet.context.ServletWebServerApplicationContext.onRefresh(ServletWebServerApplicationContext.java:160)
	at org.springframework.context.support.AbstractApplicationContext.refresh(AbstractApplicationContext.java:577)
	at org.springframework.boot.web.servlet.context.ServletWebServerApplicationContext.refresh(ServletWebServerApplicationContext.java:145)
	at org.springframework.boot.SpringApplication.refresh(SpringApplication.java:754)
	at org.springframework.boot.SpringApplication.refreshContext(SpringApplication.java:434)
	at org.springframework.boot.SpringApplication.run(SpringApplication.java:338)
	at org.springframework.boot.SpringApplication.run(SpringApplication.java:1343)
	at org.springframework.boot.SpringApplication.run(SpringApplication.java:1332)
	at com.account.AccountServiceApplication.main(AccountServiceApplication.java:26)
	at java.base/jdk.internal.reflect.NativeMethodAccessorImpl.invoke0(Native Method)
	at java.base/jdk.internal.reflect.NativeMethodAccessorImpl.invoke(NativeMethodAccessorImpl.java:62)
	at java.base/jdk.internal.reflect.DelegatingMethodAccessorImpl.invoke(DelegatingMethodAccessorImpl.java:43)
	at java.base/java.lang.reflect.Method.invoke(Method.java:566)
	at org.springframework.boot.devtools.restart.RestartLauncher.run(RestartLauncher.java:49)
Caused by: org.postgresql.util.PSQLException: ERROR: foreign key constraint "fkqgnsd0v3la0gyituldqo2mca6" cannot be implemented
  Detail: Key columns "company_id" and "id" are of incompatible types: character varying and bigint.
	at org.postgresql.core.v3.QueryExecutorImpl.receiveErrorResponse(QueryExecutorImpl.java:2565)
	at org.postgresql.core.v3.QueryExecutorImpl.processResults(QueryExecutorImpl.java:2297)
	at org.postgresql.core.v3.QueryExecutorImpl.execute(QueryExecutorImpl.java:322)
	at org.postgresql.jdbc.PgStatement.executeInternal(PgStatement.java:481)
	at org.postgresql.jdbc.PgStatement.execute(PgStatement.java:401)
	at org.postgresql.jdbc.PgStatement.executeWithFlags(PgStatement.java:322)
	at org.postgresql.jdbc.PgStatement.executeCachedSql(PgStatement.java:308)
	at org.postgresql.jdbc.PgStatement.executeWithFlags(PgStatement.java:284)
	at org.postgresql.jdbc.PgStatement.execute(PgStatement.java:279)
	at com.zaxxer.hikari.pool.ProxyStatement.execute(ProxyStatement.java:94)
	at com.zaxxer.hikari.pool.HikariProxyStatement.execute(HikariProxyStatement.java)
	at org.hibernate.tool.schema.internal.exec.GenerationTargetToDatabase.accept(GenerationTargetToDatabase.java:54)
	... 124 common frames omitted
2022-05-13 14:28:18,294 INFO org.hibernate.engine.transaction.jta.platform.internal.JtaPlatformInitiator [restartedMain] []: HHH000490: Using JtaPlatform implementation: [org.hibernate.engine.transaction.jta.platform.internal.NoJtaPlatform]
2022-05-13 14:28:18,301 INFO org.springframework.orm.jpa.AbstractEntityManagerFactoryBean [restartedMain] []: Initialized JPA EntityManagerFactory for persistence unit 'default'
2022-05-13 14:28:19,014 WARN org.springframework.boot.autoconfigure.orm.jpa.JpaBaseConfiguration$JpaWebConfiguration [restartedMain] []: spring.jpa.open-in-view is enabled by default. Therefore, database queries may be performed during view rendering. Explicitly configure spring.jpa.open-in-view to disable this warning
2022-05-13 14:28:19,573 INFO springfox.documentation.spring.web.PropertySourcedRequestMappingHandlerMapping [restartedMain] []: Mapped URL path [/v2/api-docs] onto method [springfox.documentation.swagger2.web.Swagger2Controller#getDocumentation(String, HttpServletRequest)]
2022-05-13 14:28:19,692 INFO org.springframework.security.web.DefaultSecurityFilterChain [restartedMain] []: Will secure Ant [pattern='/v2/api-docs'] with []
2022-05-13 14:28:19,692 INFO org.springframework.security.web.DefaultSecurityFilterChain [restartedMain] []: Will secure Ant [pattern='/configuration/ui'] with []
2022-05-13 14:28:19,692 INFO org.springframework.security.web.DefaultSecurityFilterChain [restartedMain] []: Will secure Ant [pattern='/swagger-resources/**'] with []
2022-05-13 14:28:19,692 INFO org.springframework.security.web.DefaultSecurityFilterChain [restartedMain] []: Will secure Ant [pattern='/configuration/**'] with []
2022-05-13 14:28:19,693 INFO org.springframework.security.web.DefaultSecurityFilterChain [restartedMain] []: Will secure Ant [pattern='/swagger-ui.html'] with []
2022-05-13 14:28:19,693 INFO org.springframework.security.web.DefaultSecurityFilterChain [restartedMain] []: Will secure Ant [pattern='/webjars/**'] with []
2022-05-13 14:28:19,723 INFO org.springframework.security.web.DefaultSecurityFilterChain [restartedMain] []: Will secure any request with [org.springframework.security.web.context.request.async.WebAsyncManagerIntegrationFilter@68ab49ee, org.springframework.security.web.context.SecurityContextPersistenceFilter@fa342fb, org.springframework.security.web.header.HeaderWriterFilter@1e87bcab, org.springframework.security.web.authentication.logout.LogoutFilter@6a043bca, com.account.filter.AuthorizationFilter@6e83b33c, org.springframework.security.web.savedrequest.RequestCacheAwareFilter@6b5ad914, org.springframework.security.web.servletapi.SecurityContextHolderAwareRequestFilter@12b99675, org.springframework.security.web.authentication.AnonymousAuthenticationFilter@1e36ccbe, org.springframework.security.web.session.SessionManagementFilter@5a59fcd6, org.springframework.security.web.access.ExceptionTranslationFilter@4767e621, org.springframework.security.web.access.intercept.FilterSecurityInterceptor@265dccd5]
2022-05-13 14:28:19,836 INFO org.springframework.boot.devtools.autoconfigure.OptionalLiveReloadServer [restartedMain] []: LiveReload server is running on port 35729
2022-05-13 14:28:20,043 INFO org.apache.juli.logging.DirectJDKLog [restartedMain] []: Starting ProtocolHandler ["http-nio-8091"]
2022-05-13 14:28:20,070 INFO org.springframework.boot.web.embedded.tomcat.TomcatWebServer [restartedMain] []: Tomcat started on port(s): 8091 (http) with context path ''
2022-05-13 14:28:20,071 INFO springfox.documentation.spring.web.plugins.DocumentationPluginsBootstrapper [restartedMain] []: Context refreshed
2022-05-13 14:28:20,099 INFO springfox.documentation.spring.web.plugins.DocumentationPluginsBootstrapper [restartedMain] []: Found 1 custom documentation plugin(s)
2022-05-13 14:28:20,168 INFO springfox.documentation.spring.web.scanners.ApiListingReferenceScanner [restartedMain] []: Scanning for api listing references
2022-05-13 14:28:20,679 INFO org.springframework.scheduling.annotation.ScheduledAnnotationBeanPostProcessor [restartedMain] []: No TaskScheduler/ScheduledExecutorService bean found for scheduled processing
2022-05-13 14:28:20,689 INFO org.springframework.boot.StartupInfoLogger [restartedMain] []: Started AccountServiceApplication in 7.44 seconds (JVM running for 8.397)
2022-05-13 14:43:45,587 INFO org.apache.juli.logging.DirectJDKLog [http-nio-8091-exec-1] []: Initializing Spring DispatcherServlet 'dispatcherServlet'
2022-05-13 14:43:45,587 INFO org.springframework.web.servlet.FrameworkServlet [http-nio-8091-exec-1] []: Initializing Servlet 'dispatcherServlet'
2022-05-13 14:43:45,589 INFO org.springframework.web.servlet.FrameworkServlet [http-nio-8091-exec-1] []: Completed initialization in 2 ms
2022-05-13 14:43:45,978 INFO com.account.service.AccountService [http-nio-8091-exec-2] []: get Account By Username admin
2022-05-13 14:43:46,587 INFO com.account.service.AccountService [http-nio-8091-exec-4] []: update user abc
2022-05-13 14:43:46,592 INFO com.account.service.AccountService [http-nio-8091-exec-4] []: update user abc
2022-05-13 14:43:46,594 INFO com.account.service.AccountService [http-nio-8091-exec-4] []: update user abc
2022-05-13 14:43:46,596 INFO com.account.service.AccountService [http-nio-8091-exec-4] []: update user Nguyễn Văn A
2022-05-13 14:43:46,599 INFO com.account.service.AccountService [http-nio-8091-exec-4] []: update user abcdee
2022-05-13 14:43:46,601 INFO com.account.service.AccountService [http-nio-8091-exec-4] []: update user xyz
2022-05-13 14:43:46,603 INFO com.account.service.AccountService [http-nio-8091-exec-4] []: update user xyz
2022-05-13 14:43:46,606 INFO com.account.service.AccountService [http-nio-8091-exec-4] []: update user xyz
2022-05-13 14:43:46,609 INFO com.account.service.AccountService [http-nio-8091-exec-4] []: update user abc
2022-05-13 14:43:46,611 INFO com.account.service.AccountService [http-nio-8091-exec-4] []: update user xyz
2022-05-13 14:43:59,796 INFO com.account.service.AccountService [http-nio-8091-exec-9] []: update user abc
2022-05-13 14:43:59,797 INFO com.account.service.AccountService [http-nio-8091-exec-9] []: update user abc
2022-05-13 14:43:59,799 INFO com.account.service.AccountService [http-nio-8091-exec-9] []: update user abc
2022-05-13 14:43:59,800 INFO com.account.service.AccountService [http-nio-8091-exec-9] []: update user Nguyễn Văn A
2022-05-13 14:43:59,802 INFO com.account.service.AccountService [http-nio-8091-exec-9] []: update user abcdee
2022-05-13 14:43:59,805 INFO com.account.service.AccountService [http-nio-8091-exec-9] []: update user xyz
2022-05-13 14:43:59,806 INFO com.account.service.AccountService [http-nio-8091-exec-9] []: update user xyz
2022-05-13 14:43:59,808 INFO com.account.service.AccountService [http-nio-8091-exec-9] []: update user xyz
2022-05-13 14:43:59,809 INFO com.account.service.AccountService [http-nio-8091-exec-9] []: update user abc
2022-05-13 14:43:59,811 INFO com.account.service.AccountService [http-nio-8091-exec-9] []: update user xyz
2022-05-13 14:44:10,366 INFO com.account.service.AccountService [http-nio-8091-exec-1] []: get Account By Username admin123
2022-05-13 14:44:10,995 INFO com.account.service.AccountService [http-nio-8091-exec-2] []: update user abc
2022-05-13 14:44:10,996 INFO com.account.service.AccountService [http-nio-8091-exec-2] []: update user abc
2022-05-13 14:44:10,998 INFO com.account.service.AccountService [http-nio-8091-exec-2] []: update user abc
2022-05-13 14:44:10,999 INFO com.account.service.AccountService [http-nio-8091-exec-2] []: update user Nguyễn Văn A
2022-05-13 14:44:11,000 INFO com.account.service.AccountService [http-nio-8091-exec-2] []: update user abcdee
2022-05-13 14:44:11,001 INFO com.account.service.AccountService [http-nio-8091-exec-2] []: update user xyz
2022-05-13 14:44:11,003 INFO com.account.service.AccountService [http-nio-8091-exec-2] []: update user xyz
2022-05-13 14:44:11,004 INFO com.account.service.AccountService [http-nio-8091-exec-2] []: update user xyz
2022-05-13 14:44:11,005 INFO com.account.service.AccountService [http-nio-8091-exec-2] []: update user abc
2022-05-13 14:44:11,007 INFO com.account.service.AccountService [http-nio-8091-exec-2] []: update user xyz
2022-05-13 14:44:23,623 INFO com.account.service.AccountService [http-nio-8091-exec-6] []: update user abc
2022-05-13 14:44:23,624 INFO com.account.service.AccountService [http-nio-8091-exec-6] []: update user abc
2022-05-13 14:44:23,626 INFO com.account.service.AccountService [http-nio-8091-exec-6] []: update user abc
2022-05-13 14:44:23,627 INFO com.account.service.AccountService [http-nio-8091-exec-6] []: update user Nguyễn Văn A
2022-05-13 14:44:23,628 INFO com.account.service.AccountService [http-nio-8091-exec-6] []: update user abcdee
2022-05-13 14:44:23,629 INFO com.account.service.AccountService [http-nio-8091-exec-6] []: update user xyz
2022-05-13 14:44:23,630 INFO com.account.service.AccountService [http-nio-8091-exec-6] []: update user xyz
2022-05-13 14:44:23,632 INFO com.account.service.AccountService [http-nio-8091-exec-6] []: update user xyz
2022-05-13 14:44:23,633 INFO com.account.service.AccountService [http-nio-8091-exec-6] []: update user abc
2022-05-13 14:44:23,634 INFO com.account.service.AccountService [http-nio-8091-exec-6] []: update user xyz
2022-05-13 14:49:04,317 INFO com.account.service.AccountService [http-nio-8091-exec-10] []: get account by id
2022-05-13 14:49:04,321 INFO com.account.service.AccountService [http-nio-8091-exec-10] []: get Account By Id 
2022-05-13 14:49:21,951 INFO com.account.service.AccountService [http-nio-8091-exec-2] []: get Account By Username admin
2022-05-13 14:49:22,277 INFO com.account.service.AccountService [http-nio-8091-exec-3] []: update user abc
2022-05-13 14:49:22,278 INFO com.account.service.AccountService [http-nio-8091-exec-3] []: update user abc
2022-05-13 14:49:22,279 INFO com.account.service.AccountService [http-nio-8091-exec-3] []: update user abc
2022-05-13 14:49:22,280 INFO com.account.service.AccountService [http-nio-8091-exec-3] []: update user Nguyễn Văn A
2022-05-13 14:49:22,281 INFO com.account.service.AccountService [http-nio-8091-exec-3] []: update user abcdee
2022-05-13 14:49:22,282 INFO com.account.service.AccountService [http-nio-8091-exec-3] []: update user xyz
2022-05-13 14:49:22,283 INFO com.account.service.AccountService [http-nio-8091-exec-3] []: update user xyz
2022-05-13 14:49:22,284 INFO com.account.service.AccountService [http-nio-8091-exec-3] []: update user xyz
2022-05-13 14:49:22,285 INFO com.account.service.AccountService [http-nio-8091-exec-3] []: update user abc
2022-05-13 14:49:22,286 INFO com.account.service.AccountService [http-nio-8091-exec-3] []: update user xyz
2022-05-13 15:13:31,079 INFO com.account.service.AccountService [http-nio-8091-exec-5] []: get Account By Username admin
2022-05-13 15:13:31,780 INFO com.account.service.AccountService [http-nio-8091-exec-6] []: update user abc
2022-05-13 15:13:31,781 INFO com.account.service.AccountService [http-nio-8091-exec-6] []: update user abc
2022-05-13 15:13:31,782 INFO com.account.service.AccountService [http-nio-8091-exec-6] []: update user abc
2022-05-13 15:13:31,783 INFO com.account.service.AccountService [http-nio-8091-exec-6] []: update user Nguyễn Văn A
2022-05-13 15:13:31,784 INFO com.account.service.AccountService [http-nio-8091-exec-6] []: update user abcdee
2022-05-13 15:13:31,785 INFO com.account.service.AccountService [http-nio-8091-exec-6] []: update user xyz
2022-05-13 15:13:31,786 INFO com.account.service.AccountService [http-nio-8091-exec-6] []: update user xyz
2022-05-13 15:13:31,787 INFO com.account.service.AccountService [http-nio-8091-exec-6] []: update user xyz
2022-05-13 15:13:31,788 INFO com.account.service.AccountService [http-nio-8091-exec-6] []: update user abc
2022-05-13 15:13:31,789 INFO com.account.service.AccountService [http-nio-8091-exec-6] []: update user xyz
2022-05-13 15:16:12,643 INFO com.account.service.AccountService [http-nio-8091-exec-4] []: get Account By Username admin123
2022-05-13 15:16:13,307 INFO com.account.service.AccountService [http-nio-8091-exec-5] []: update user abc
2022-05-13 15:16:13,309 INFO com.account.service.AccountService [http-nio-8091-exec-5] []: update user abc
2022-05-13 15:16:13,311 INFO com.account.service.AccountService [http-nio-8091-exec-5] []: update user abc
2022-05-13 15:16:13,312 INFO com.account.service.AccountService [http-nio-8091-exec-5] []: update user Nguyễn Văn A
2022-05-13 15:16:13,314 INFO com.account.service.AccountService [http-nio-8091-exec-5] []: update user abcdee
2022-05-13 15:16:13,316 INFO com.account.service.AccountService [http-nio-8091-exec-5] []: update user xyz
2022-05-13 15:16:13,318 INFO com.account.service.AccountService [http-nio-8091-exec-5] []: update user xyz
2022-05-13 15:16:13,319 INFO com.account.service.AccountService [http-nio-8091-exec-5] []: update user xyz
2022-05-13 15:16:13,320 INFO com.account.service.AccountService [http-nio-8091-exec-5] []: update user abc
2022-05-13 15:16:13,321 INFO com.account.service.AccountService [http-nio-8091-exec-5] []: update user xyz
2022-05-13 15:16:22,921 INFO com.account.service.AccountService [http-nio-8091-exec-8] []: update user abc
2022-05-13 15:16:22,922 INFO com.account.service.AccountService [http-nio-8091-exec-8] []: update user abc
2022-05-13 15:16:22,923 INFO com.account.service.AccountService [http-nio-8091-exec-8] []: update user abc
2022-05-13 15:16:22,924 INFO com.account.service.AccountService [http-nio-8091-exec-8] []: update user Nguyễn Văn A
2022-05-13 15:16:22,925 INFO com.account.service.AccountService [http-nio-8091-exec-8] []: update user abcdee
2022-05-13 15:16:22,926 INFO com.account.service.AccountService [http-nio-8091-exec-8] []: update user xyz
2022-05-13 15:16:22,927 INFO com.account.service.AccountService [http-nio-8091-exec-8] []: update user xyz
2022-05-13 15:16:22,929 INFO com.account.service.AccountService [http-nio-8091-exec-8] []: update user xyz
2022-05-13 15:16:22,929 INFO com.account.service.AccountService [http-nio-8091-exec-8] []: update user abc
2022-05-13 15:16:22,930 INFO com.account.service.AccountService [http-nio-8091-exec-8] []: update user xyz
2022-05-13 15:16:31,611 INFO com.account.service.AccountService [http-nio-8091-exec-10] []: get Account By Username admin
2022-05-13 15:16:31,873 INFO com.account.service.AccountService [http-nio-8091-exec-1] []: update user abc
2022-05-13 15:16:31,876 INFO com.account.service.AccountService [http-nio-8091-exec-1] []: update user abc
2022-05-13 15:16:31,878 INFO com.account.service.AccountService [http-nio-8091-exec-1] []: update user abc
2022-05-13 15:16:31,881 INFO com.account.service.AccountService [http-nio-8091-exec-1] []: update user Nguyễn Văn A
2022-05-13 15:16:31,883 INFO com.account.service.AccountService [http-nio-8091-exec-1] []: update user abcdee
2022-05-13 15:16:31,884 INFO com.account.service.AccountService [http-nio-8091-exec-1] []: update user xyz
2022-05-13 15:16:31,885 INFO com.account.service.AccountService [http-nio-8091-exec-1] []: update user xyz
2022-05-13 15:16:31,887 INFO com.account.service.AccountService [http-nio-8091-exec-1] []: update user xyz
2022-05-13 15:16:31,888 INFO com.account.service.AccountService [http-nio-8091-exec-1] []: update user abc
2022-05-13 15:16:31,889 INFO com.account.service.AccountService [http-nio-8091-exec-1] []: update user xyz
2022-05-13 15:39:35,908 INFO org.springframework.orm.jpa.AbstractEntityManagerFactoryBean [SpringApplicationShutdownHook] []: Closing JPA EntityManagerFactory for persistence unit 'default'
2022-05-13 15:39:35,914 INFO com.zaxxer.hikari.HikariDataSource [SpringApplicationShutdownHook] []: HikariPool-1 - Shutdown initiated...
2022-05-13 15:39:35,918 INFO com.zaxxer.hikari.HikariDataSource [SpringApplicationShutdownHook] []: HikariPool-1 - Shutdown completed.
